Copyright 1986-2022 Xilinx, Inc. All Rights Reserved. Copyright 2022-2025 Advanced Micro Devices, Inc. All Rights Reserved.
--------------------------------------------------------------------------------------------------------------------------------------------------
| Tool Version      : Vivado v.2025.2 (win64) Build 6299465 Fri Nov 14 19:35:11 GMT 2025
| Date              : Fri Jun 12 02:15:18 2026
| Host              : LAPTOP-MHFLAL5K running 64-bit major release  (build 9200)
| Command           : report_timing_summary -file C:/SRIP/reports2/timing_summary_P14E1.rpt
| Design            : fft16_top_fused
| Device            : xczu5ev-sfvc784
| Speed File        : -3  PRODUCTION 1.30 05-15-2022
| Design State      : Routed
| Temperature Grade : E
--------------------------------------------------------------------------------------------------------------------------------------------------

Timing Summary Report

------------------------------------------------------------------------------------------------
| Timer Settings
| --------------
------------------------------------------------------------------------------------------------

  Enable Multi Corner Analysis               :  Yes
  Enable Pessimism Removal                   :  Yes
  Pessimism Removal Resolution               :  Nearest Common Node
  Enable Input Delay Default Clock           :  No
  Enable Preset / Clear Arcs                 :  No
  Disable Flight Delays                      :  No
  Ignore I/O Paths                           :  No
  Timing Early Launch at Borrowing Latches   :  No
  Borrow Time for Max Delay Exceptions       :  Yes
  Merge Timing Exceptions                    :  Yes
  Inter-SLR Compensation                     :  Conservative

  Corner  Analyze    Analyze    
  Name    Max Paths  Min Paths  
  ------  ---------  ---------  
  Slow    Yes        Yes        
  Fast    Yes        Yes        


------------------------------------------------------------------------------------------------
| Report Methodology
| ------------------
------------------------------------------------------------------------------------------------

Rule       Severity  Description                                 Violations  
---------  --------  ------------------------------------------  ----------  
SYNTH-6    Warning   Timing of a RAM block might be sub-optimal  2           
TIMING-18  Warning   Missing input or output delay               80          

Note: This report is based on the most recent report_methodology run and may not be up-to-date. Run report_methodology on the current design for the latest report.



check_timing report

Table of Contents
-----------------
1. checking no_clock (0)
2. checking constant_clock (0)
3. checking pulse_width_clock (0)
4. checking unconstrained_internal_endpoints (0)
5. checking no_input_delay (52)
6. checking no_output_delay (29)
7. checking multiple_clock (0)
8. checking generated_clocks (0)
9. checking loops (0)
10. checking partial_input_delay (0)
11. checking partial_output_delay (0)
12. checking latch_loops (0)

1. checking no_clock (0)
------------------------
 There are 0 register/latch pins with no clock.


2. checking constant_clock (0)
------------------------------
 There are 0 register/latch pins with constant_clock.


3. checking pulse_width_clock (0)
---------------------------------
 There are 0 register/latch pins which need pulse_width check


4. checking unconstrained_internal_endpoints (0)
------------------------------------------------
 There are 0 pins that are not constrained for maximum delay.

 There are 0 pins that are not constrained for maximum delay due to constant clock.


5. checking no_input_delay (52)
-------------------------------
 There are 51 input ports with no input delay specified. (HIGH)

 There is 1 input port with no input delay but user has a false path constraint. (MEDIUM)


6. checking no_output_delay (29)
--------------------------------
 There are 29 ports with no output delay specified. (HIGH)

 There are 0 ports with no output delay but user has a false path constraint

 There are 0 ports with no output delay but with a timing clock defined on it or propagating through it


7. checking multiple_clock (0)
------------------------------
 There are 0 register/latch pins with multiple clocks.


8. checking generated_clocks (0)
--------------------------------
 There are 0 generated clocks that are not connected to a clock source.


9. checking loops (0)
---------------------
 There are 0 combinational loops in the design.


10. checking partial_input_delay (0)
------------------------------------
 There are 0 input ports with partial input delay specified.


11. checking partial_output_delay (0)
-------------------------------------
 There are 0 ports with partial output delay specified.


12. checking latch_loops (0)
----------------------------
 There are 0 combinational latch loops in the design through latch input



------------------------------------------------------------------------------------------------
| Design Timing Summary
| ---------------------
------------------------------------------------------------------------------------------------

    WNS(ns)      TNS(ns)  TNS Failing Endpoints  TNS Total Endpoints      WHS(ns)      THS(ns)  THS Failing Endpoints  THS Total Endpoints     WPWS(ns)     TPWS(ns)  TPWS Failing Endpoints  TPWS Total Endpoints  
    -------      -------  ---------------------  -------------------      -------      -------  ---------------------  -------------------     --------     --------  ----------------------  --------------------  
     76.273        0.000                      0                  453        0.027        0.000                      0                  453        4.505        0.000                       0                   180  


All user specified timing constraints are met.


------------------------------------------------------------------------------------------------
| Clock Summary
| -------------
------------------------------------------------------------------------------------------------

Clock    Waveform(ns)         Period(ns)      Frequency(MHz)
-----    ------------         ----------      --------------
sys_clk  {0.000 5.000}        100.000         10.000          


------------------------------------------------------------------------------------------------
| Intra Clock Table
| -----------------
------------------------------------------------------------------------------------------------

Clock             WNS(ns)      TNS(ns)  TNS Failing Endpoints  TNS Total Endpoints      WHS(ns)      THS(ns)  THS Failing Endpoints  THS Total Endpoints     WPWS(ns)     TPWS(ns)  TPWS Failing Endpoints  TPWS Total Endpoints  
-----             -------      -------  ---------------------  -------------------      -------      -------  ---------------------  -------------------     --------     --------  ----------------------  --------------------  
sys_clk            76.273        0.000                      0                  453        0.027        0.000                      0                  453        4.505        0.000                       0                   180  


------------------------------------------------------------------------------------------------
| Inter Clock Table
| -----------------
------------------------------------------------------------------------------------------------

From Clock    To Clock          WNS(ns)      TNS(ns)  TNS Failing Endpoints  TNS Total Endpoints      WHS(ns)      THS(ns)  THS Failing Endpoints  THS Total Endpoints  
----------    --------          -------      -------  ---------------------  -------------------      -------      -------  ---------------------  -------------------  


------------------------------------------------------------------------------------------------
| Other Path Groups Table
| -----------------------
------------------------------------------------------------------------------------------------

Path Group    From Clock    To Clock          WNS(ns)      TNS(ns)  TNS Failing Endpoints  TNS Total Endpoints      WHS(ns)      THS(ns)  THS Failing Endpoints  THS Total Endpoints  
----------    ----------    --------          -------      -------  ---------------------  -------------------      -------      -------  ---------------------  -------------------  


------------------------------------------------------------------------------------------------
| Timing Details
| --------------
------------------------------------------------------------------------------------------------


---------------------------------------------------------------------------------------------------
From Clock:  sys_clk
  To Clock:  sys_clk

Setup :            0  Failing Endpoints,  Worst Slack       76.273ns,  Total Violation        0.000ns
Hold  :            0  Failing Endpoints,  Worst Slack        0.027ns,  Total Violation        0.000ns
PW    :            0  Failing Endpoints,  Worst Slack        4.505ns,  Total Violation        0.000ns
---------------------------------------------------------------------------------------------------


Max Delay Paths
--------------------------------------------------------------------------------------
Slack (MET) :             76.273ns  (required time - arrival time)
  Source:                 tw_addr_r_reg[6]/C
                            (rising edge-triggered cell FDCE clocked by sys_clk  {rise@0.000ns fall@5.000ns period=100.000ns})
  Destination:            y1i_r_reg[9]/D
                            (rising edge-triggered cell FDCE clocked by sys_clk  {rise@0.000ns fall@5.000ns period=100.000ns})
  Path Group:             sys_clk
  Path Type:              Setup (Max at Slow Process Corner)
  Requirement:            100.000ns  (sys_clk rise@100.000ns - sys_clk rise@0.000ns)
  Data Path Delay:        23.535ns  (logic 6.605ns (28.065%)  route 16.930ns (71.935%))
  Logic Levels:           64  (CARRY8=7 LUT2=2 LUT3=8 LUT4=10 LUT5=17 LUT6=18 MUXF7=2)
  Clock Path Skew:        -0.180ns (DCD - SCD + CPR)
    Destination Clock Delay (DCD):    1.127ns = ( 101.127 - 100.000 ) 
    Source Clock Delay      (SCD):    1.569ns
    Clock Pessimism Removal (CPR):    0.262ns
  Clock Uncertainty:      0.035ns  ((TSJ^2 + TIJ^2)^1/2 + DJ) / 2 + PE
    Total System Jitter     (TSJ):    0.071ns
    Total Input Jitter      (TIJ):    0.000ns
    Discrete Jitter          (DJ):    0.000ns
    Phase Error              (PE):    0.000ns
  Clock Net Delay (Source):      0.769ns (routing 0.001ns, distribution 0.768ns)
  Clock Net Delay (Destination): 0.570ns (routing 0.001ns, distribution 0.569ns)

    Location             Delay type                Incr(ns)  Path(ns)    Netlist Resource(s)
  -------------------------------------------------------------------    -------------------
                         (clock sys_clk rise edge)    0.000     0.000 r  
    E5                                                0.000     0.000 r  clk (IN)
                         net (fo=0)                   0.000     0.000    clk_IBUF_inst/I
    E5                   INBUF (Prop_INBUF_HPIOB_M_PAD_O)
                                                      0.458     0.458 r  clk_IBUF_inst/INBUF_INST/O
                         net (fo=1, routed)           0.000     0.458    clk_IBUF_inst/OUT
    E5                   IBUFCTRL (Prop_IBUFCTRL_HPIOB_M_I_O)
                                                      0.000     0.458 r  clk_IBUF_inst/IBUFCTRL_INST/O
                         net (fo=1, routed)           0.314     0.772    clk_IBUF
    BUFGCE_X0Y90         BUFGCE (Prop_BUFCE_BUFGCE_I_O)
                                                      0.028     0.800 r  clk_IBUF_BUFG_inst/O
    X1Y3 (CLOCK_ROOT)    net (fo=179, routed)         0.769     1.569    clk_IBUF_BUFG
    SLICE_X19Y197        FDCE                                         r  tw_addr_r_reg[6]/C
  -------------------------------------------------------------------    -------------------
    SLICE_X19Y197        FDCE (Prop_EFF_SLICEL_C_Q)
                                                      0.070     1.639 r  tw_addr_r_reg[6]/Q
                         net (fo=42, routed)          0.864     2.503    TW/y0i_r[13]_i_481_0[6]
    SLICE_X13Y194        MUXF7 (Prop_F7MUX_CD_SLICEM_S_O)
                                                      0.068     2.571 f  TW/y1r_r_reg[13]_i_216/O
                         net (fo=1, routed)           0.210     2.781    TW/y1r_r_reg[13]_i_216_n_0
    SLICE_X13Y194        LUT6 (Prop_F6LUT_SLICEM_I5_O)
                                                      0.134     2.915 f  TW/y1r_r[13]_i_73/O
                         net (fo=30, routed)          0.562     3.477    TW/wi[2]
    SLICE_X11Y201        LUT4 (Prop_D6LUT_SLICEL_I1_O)
                                                      0.133     3.610 r  TW/y0r_r[13]_i_775/O
                         net (fo=5, routed)           0.092     3.702    TW/y0r_r[13]_i_775_n_0
    SLICE_X11Y203        LUT4 (Prop_C6LUT_SLICEL_I0_O)
                                                      0.081     3.783 r  TW/y1r_r[13]_i_888/O
                         net (fo=5, routed)           0.446     4.229    TW/y1r_r[13]_i_888_n_0
    SLICE_X10Y204        LUT5 (Prop_C6LUT_SLICEM_I2_O)
                                                      0.081     4.310 r  TW/y1r_r[13]_i_886/O
                         net (fo=1, routed)           0.025     4.335    TW/y1r_r[13]_i_886_n_0
    SLICE_X10Y204        MUXF7 (Prop_F7MUX_CD_SLICEM_I1_O)
                                                      0.059     4.394 r  TW/y1r_r_reg[13]_i_766/O
                         net (fo=28, routed)          0.658     5.052    BF/M3/f_wi[5]
    SLICE_X17Y210        LUT2 (Prop_D5LUT_SLICEM_I1_O)
                                                      0.061     5.113 f  BF/M3/y0i_r[13]_i_990/O
                         net (fo=3, routed)           0.381     5.494    BF/M3/br_r_reg[12]_32
    SLICE_X11Y210        LUT3 (Prop_G6LUT_SLICEL_I1_O)
                                                      0.082     5.576 r  BF/M3/y0i_r[13]_i_778/O
                         net (fo=1, routed)           0.288     5.864    BF/M3/y0i_r[13]_i_778_n_0
    SLICE_X12Y210        CARRY8 (Prop_CARRY8_SLICEM_DI[0]_O[1])
                                                      0.070     5.934 r  BF/M3/y0i_r_reg[13]_i_656/O[1]
                         net (fo=3, routed)           0.404     6.338    BF/M3/y0i_r_reg[13]_i_656_n_14
    SLICE_X16Y211        LUT3 (Prop_G6LUT_SLICEL_I2_O)
                                                      0.134     6.472 r  BF/M3/y0i_r[13]_i_661/O
                         net (fo=2, routed)           0.362     6.834    BF/M3/y0i_r[13]_i_661_n_0
    SLICE_X16Y211        LUT4 (Prop_F5LUT_SLICEL_I0_O)
                                                      0.095     6.929 r  BF/M3/y0i_r[13]_i_489/O
                         net (fo=2, routed)           0.253     7.182    BF/M3/y0i_r[13]_i_489_n_0
    SLICE_X15Y211        LUT5 (Prop_C6LUT_SLICEL_I0_O)
                                                      0.088     7.270 r  BF/M3/y0i_r[13]_i_497/O
                         net (fo=1, routed)           0.013     7.283    BF/M3/y0i_r[13]_i_497_n_0
    SLICE_X15Y211        CARRY8 (Prop_CARRY8_SLICEL_S[2]_O[7])
                                                      0.175     7.458 r  BF/M3/y0i_r_reg[13]_i_274/O[7]
                         net (fo=11, routed)          0.279     7.737    TW/y0i_r[13]_i_325_0[14]
    SLICE_X13Y203        LUT5 (Prop_C6LUT_SLICEM_I4_O)
                                                      0.031     7.768 r  TW/y0i_r[13]_i_481/O
                         net (fo=2, routed)           0.305     8.073    TW/y0i_r[13]_i_481_n_0
    SLICE_X19Y203        LUT6 (Prop_G6LUT_SLICEL_I0_O)
                                                      0.114     8.187 r  TW/y0i_r[13]_i_261/O
                         net (fo=7, routed)           0.430     8.617    TW/BF/scm3[2]
    SLICE_X18Y210        LUT5 (Prop_D6LUT_SLICEM_I0_O)
                                                      0.047     8.664 r  TW/y0i_r[13]_i_122/O
                         net (fo=5, routed)           0.196     8.860    TW/y0i_r[13]_i_122_n_0
    SLICE_X19Y216        LUT3 (Prop_B6LUT_SLICEL_I0_O)
                                                      0.090     8.950 r  TW/y0i_r[13]_i_115/O
                         net (fo=1, routed)           0.012     8.962    TW/y0i_r[13]_i_115_n_0
    SLICE_X19Y216        CARRY8 (Prop_CARRY8_SLICEL_S[1]_CO[3])
                                                      0.162     9.124 r  TW/y0i_r_reg[13]_i_37/CO[3]
                         net (fo=8, routed)           0.127     9.250    TW/BF/ADD_Ti/sign_l20_in
    SLICE_X18Y216        LUT3 (Prop_D5LUT_SLICEM_I0_O)
                                                      0.085     9.335 r  TW/y0i_r[13]_i_607/O
                         net (fo=2, routed)           0.270     9.605    TW/y0i_r[13]_i_607_n_0
    SLICE_X18Y217        LUT6 (Prop_G6LUT_SLICEM_I4_O)
                                                      0.114     9.719 f  TW/y0i_r[13]_i_458/O
                         net (fo=19, routed)          0.571    10.290    TW/y0i_r[13]_i_458_n_0
    SLICE_X15Y223        LUT4 (Prop_D5LUT_SLICEL_I3_O)
                                                      0.061    10.351 r  TW/y0i_r[13]_i_472/O
                         net (fo=1, routed)           0.250    10.601    TW/y0i_r[13]_i_472_n_0
    SLICE_X14Y219        LUT4 (Prop_D6LUT_SLICEL_I1_O)
                                                      0.114    10.715 r  TW/y0i_r[13]_i_255/O
                         net (fo=6, routed)           0.206    10.922    TW/y0i_r[13]_i_255_n_0
    SLICE_X15Y223        LUT5 (Prop_A6LUT_SLICEL_I4_O)
                                                      0.135    11.057 r  TW/y0i_r[13]_i_106/O
                         net (fo=4, routed)           0.013    11.070    TW/y0i_r[13]_i_381_n_0
    SLICE_X15Y223        CARRY8 (Prop_CARRY8_SLICEL_S[0]_O[5])
                                                      0.212    11.282 r  TW/y0i_r_reg[13]_i_194/O[5]
                         net (fo=30, routed)          0.229    11.511    TW/BF/ADD_Ti/p_1_in
    SLICE_X16Y222        LUT4 (Prop_C5LUT_SLICEL_I2_O)
                                                      0.143    11.654 r  TW/y0i_r[13]_i_572/O
                         net (fo=4, routed)           0.212    11.866    TW/y0i_r[13]_i_572_n_0
    SLICE_X16Y222        LUT5 (Prop_E6LUT_SLICEL_I2_O)
                                                      0.047    11.913 r  TW/y0i_r[13]_i_391/O
                         net (fo=10, routed)          0.047    11.960    TW/y0i_r[13]_i_391_n_0
    SLICE_X16Y222        LUT5 (Prop_D5LUT_SLICEL_I2_O)
                                                      0.086    12.046 r  TW/y0i_r[13]_i_530/O
                         net (fo=1, routed)           0.249    12.295    TW/y0i_r[13]_i_530_n_0
    SLICE_X16Y222        LUT6 (Prop_G6LUT_SLICEL_I4_O)
                                                      0.114    12.409 f  TW/y0i_r[13]_i_327/O
                         net (fo=2, routed)           0.345    12.754    TW/y0i_r[13]_i_327_n_0
    SLICE_X18Y218        LUT4 (Prop_D5LUT_SLICEM_I3_O)
                                                      0.140    12.894 r  TW/y0i_r[13]_i_393/O
                         net (fo=3, routed)           0.171    13.064    TW/y0i_r[13]_i_393_n_0
    SLICE_X19Y219        LUT5 (Prop_D5LUT_SLICEL_I1_O)
                                                      0.086    13.150 f  TW/y0i_r[13]_i_383/O
                         net (fo=5, routed)           0.122    13.273    TW/y0i_r[13]_i_383_n_0
    SLICE_X20Y218        LUT6 (Prop_G6LUT_SLICEM_I5_O)
                                                      0.031    13.304 r  TW/y0i_r[13]_i_205/O
                         net (fo=13, routed)          0.179    13.482    TW/y0i_r[13]_i_205_n_0
    SLICE_X20Y219        LUT4 (Prop_D6LUT_SLICEM_I2_O)
                                                      0.047    13.529 r  TW/y0i_r[13]_i_235/O
                         net (fo=2, routed)           0.042    13.571    TW/y0i_r[13]_i_235_n_0
    SLICE_X20Y219        LUT6 (Prop_B6LUT_SLICEM_I3_O)
                                                      0.047    13.618 r  TW/y0i_r[13]_i_306/O
                         net (fo=7, routed)           0.213    13.831    TW/y0i_r[13]_i_306_n_0
    SLICE_X19Y220        LUT2 (Prop_D5LUT_SLICEL_I1_O)
                                                      0.086    13.917 f  TW/y0i_r[13]_i_332/O
                         net (fo=8, routed)           0.176    14.093    TW/y0i_r[13]_i_332_n_0
    SLICE_X17Y220        LUT6 (Prop_F6LUT_SLICEM_I1_O)
                                                      0.114    14.207 f  TW/y0i_r[13]_i_353/O
                         net (fo=1, routed)           0.139    14.346    TW/y0i_r[13]_i_353_n_0
    SLICE_X16Y220        LUT6 (Prop_H6LUT_SLICEL_I0_O)
                                                      0.090    14.436 f  TW/y0i_r[13]_i_180/O
                         net (fo=14, routed)          1.159    15.596    TW/BF/m_ti[2]
    SLICE_X27Y213        LUT5 (Prop_A6LUT_SLICEL_I4_O)
                                                      0.135    15.731 r  TW/y1i_r[13]_i_54/O
                         net (fo=1, routed)           0.013    15.744    TW/y1i_r[13]_i_54_n_0
    SLICE_X27Y213        CARRY8 (Prop_CARRY8_SLICEL_S[0]_CO[5])
                                                      0.178    15.922 r  TW/y1i_r_reg[13]_i_13/CO[5]
                         net (fo=2, routed)           0.463    16.384    TW/BF/SUB_y1i/sign_l3
    SLICE_X24Y210        LUT6 (Prop_G6LUT_SLICEM_I4_O)
                                                      0.047    16.431 r  TW/y1i_r[13]_i_5/O
                         net (fo=65, routed)          0.930    17.361    TW/y1i_r[13]_i_5_n_0
    SLICE_X25Y207        LUT6 (Prop_B6LUT_SLICEM_I3_O)
                                                      0.114    17.475 r  TW/y1i_r[13]_i_92/O
                         net (fo=2, routed)           0.054    17.529    TW/y1i_r[13]_i_92_n_0
    SLICE_X25Y207        LUT6 (Prop_H6LUT_SLICEM_I2_O)
                                                      0.090    17.619 r  TW/y1i_r[13]_i_65/O
                         net (fo=4, routed)           0.257    17.876    TW/y1i_r[13]_i_65_n_0
    SLICE_X25Y207        LUT5 (Prop_E6LUT_SLICEM_I1_O)
                                                      0.114    17.990 r  TW/y1i_r[13]_i_25/O
                         net (fo=10, routed)          0.524    18.513    TW/y1i_r[13]_i_25_n_0
    SLICE_X28Y206        LUT5 (Prop_A6LUT_SLICEM_I1_O)
                                                      0.136    18.649 r  TW/y1i_r[13]_i_30/O
                         net (fo=3, routed)           0.016    18.665    TW/y1i_r[5]_i_94_n_0
    SLICE_X28Y206        CARRY8 (Prop_CARRY8_SLICEM_S[0]_CO[7])
                                                      0.173    18.838 r  TW/y1i_r_reg[5]_i_56/CO[7]
                         net (fo=1, routed)           0.023    18.861    TW/y1i_r_reg[5]_i_56_n_0
    SLICE_X28Y207        CARRY8 (Prop_CARRY8_SLICEM_CI_O[5])
                                                      0.103    18.964 r  TW/y1i_r_reg[12]_i_49/O[5]
                         net (fo=18, routed)          0.431    19.396    TW/BF/SUB_y1i/p_1_in
    SLICE_X29Y204        LUT4 (Prop_C6LUT_SLICEM_I2_O)
                                                      0.047    19.443 r  TW/y1i_r[12]_i_81/O
                         net (fo=3, routed)           0.103    19.546    TW/y1i_r[12]_i_81_n_0
    SLICE_X29Y204        LUT5 (Prop_D6LUT_SLICEM_I2_O)
                                                      0.133    19.679 r  TW/y1i_r[12]_i_53/O
                         net (fo=14, routed)          0.102    19.781    TW/y1i_r[12]_i_53_n_0
    SLICE_X29Y203        LUT5 (Prop_D5LUT_SLICEM_I2_O)
                                                      0.061    19.842 f  TW/y1i_r[12]_i_94/O
                         net (fo=1, routed)           0.205    20.047    TW/y1i_r[12]_i_94_n_0
    SLICE_X29Y203        LUT3 (Prop_E6LUT_SLICEM_I1_O)
                                                      0.135    20.182 r  TW/y1i_r[12]_i_85/O
                         net (fo=2, routed)           0.059    20.241    TW/y1i_r[12]_i_85_n_0
    SLICE_X29Y203        LUT5 (Prop_F6LUT_SLICEM_I4_O)
                                                      0.134    20.375 f  TW/y1i_r[12]_i_60/O
                         net (fo=3, routed)           0.228    20.603    TW/y1i_r[12]_i_60_n_0
    SLICE_X27Y203        LUT6 (Prop_F6LUT_SLICEL_I3_O)
                                                      0.088    20.691 r  TW/y1i_r[1]_i_8/O
                         net (fo=2, routed)           0.272    20.963    TW/y1i_r[1]_i_8_n_0
    SLICE_X25Y204        LUT3 (Prop_C6LUT_SLICEM_I0_O)
                                                      0.081    21.044 f  TW/y1i_r[12]_i_52/O
                         net (fo=4, routed)           0.099    21.143    TW/y1i_r[12]_i_52_n_0
    SLICE_X25Y205        LUT6 (Prop_F6LUT_SLICEM_I4_O)
                                                      0.114    21.257 r  TW/y1i_r[12]_i_38/O
                         net (fo=12, routed)          0.106    21.364    TW/y1i_r[12]_i_38_n_0
    SLICE_X25Y204        LUT3 (Prop_C5LUT_SLICEM_I2_O)
                                                      0.121    21.485 r  TW/y1i_r[9]_i_41/O
                         net (fo=16, routed)          0.507    21.992    TW/y1i_r[9]_i_41_n_0
    SLICE_X30Y205        LUT5 (Prop_B6LUT_SLICEL_I1_O)
                                                      0.114    22.106 f  TW/y1i_r[9]_i_44/O
                         net (fo=2, routed)           0.197    22.303    TW/y1i_r[9]_i_44_n_0
    SLICE_X30Y204        LUT3 (Prop_B5LUT_SLICEL_I0_O)
                                                      0.093    22.396 f  TW/y1i_r[9]_i_33/O
                         net (fo=1, routed)           0.337    22.733    TW/y1i_r[9]_i_33_n_0
    SLICE_X31Y204        LUT6 (Prop_E6LUT_SLICEM_I1_O)
                                                      0.088    22.821 f  TW/y1i_r[9]_i_24/O
                         net (fo=6, routed)           0.301    23.122    TW/BF/m_y1i[11]
    SLICE_X32Y210        LUT6 (Prop_H6LUT_SLICEM_I0_O)
                                                      0.082    23.204 f  TW/y1i_r[5]_i_26/O
                         net (fo=2, routed)           0.249    23.453    TW/y1i_r[5]_i_26_n_0
    SLICE_X31Y211        LUT6 (Prop_H6LUT_SLICEM_I4_O)
                                                      0.138    23.591 f  TW/y1i_r[5]_i_13/O
                         net (fo=11, routed)          0.222    23.813    TW/y1i_r[5]_i_13_n_0
    SLICE_X30Y212        LUT5 (Prop_A5LUT_SLICEL_I3_O)
                                                      0.101    23.914 r  TW/y1i_r[7]_i_6/O
                         net (fo=5, routed)           0.130    24.044    TW/y1i_r[7]_i_6_n_0
    SLICE_X30Y213        LUT6 (Prop_F6LUT_SLICEL_I1_O)
                                                      0.088    24.132 r  TW/y1i_r[9]_i_7/O
                         net (fo=2, routed)           0.105    24.237    TW/y1i_r[9]_i_7_n_0
    SLICE_X30Y213        LUT6 (Prop_C6LUT_SLICEL_I3_O)
                                                      0.133    24.370 r  TW/y1i_r[8]_i_3/O
                         net (fo=4, routed)           0.313    24.683    TW/y1i_r[8]_i_3_n_0
    SLICE_X28Y213        LUT4 (Prop_A5LUT_SLICEM_I0_O)
                                                      0.123    24.806 r  TW/y1i_r[9]_i_2/O
                         net (fo=1, routed)           0.124    24.930    TW/y1i_r[9]_i_2_n_0
    SLICE_X28Y212        LUT5 (Prop_B6LUT_SLICEM_I3_O)
                                                      0.114    25.044 r  TW/y1i_r[9]_i_1/O
                         net (fo=1, routed)           0.059    25.103    y1i[9]
    SLICE_X28Y212        FDCE                                         r  y1i_r_reg[9]/D
  -------------------------------------------------------------------    -------------------

                         (clock sys_clk rise edge)  100.000   100.000 r  
    E5                                                0.000   100.000 r  clk (IN)
                         net (fo=0)                   0.000   100.000    clk_IBUF_inst/I
    E5                   INBUF (Prop_INBUF_HPIOB_M_PAD_O)
                                                      0.255   100.255 r  clk_IBUF_inst/INBUF_INST/O
                         net (fo=1, routed)           0.000   100.255    clk_IBUF_inst/OUT
    E5                   IBUFCTRL (Prop_IBUFCTRL_HPIOB_M_I_O)
                                                      0.000   100.255 r  clk_IBUF_inst/IBUFCTRL_INST/O
                         net (fo=1, routed)           0.278   100.533    clk_IBUF
    BUFGCE_X0Y90         BUFGCE (Prop_BUFCE_BUFGCE_I_O)
                                                      0.024   100.557 r  clk_IBUF_BUFG_inst/O
    X1Y3 (CLOCK_ROOT)    net (fo=179, routed)         0.570   101.127    clk_IBUF_BUFG
    SLICE_X28Y212        FDCE                                         r  y1i_r_reg[9]/C
                         clock pessimism              0.262   101.389    
                         clock uncertainty           -0.035   101.353    
    SLICE_X28Y212        FDCE (Setup_BFF_SLICEM_C_D)
                                                      0.023   101.376    y1i_r_reg[9]
  -------------------------------------------------------------------
                         required time                        101.376    
                         arrival time                         -25.103    
  -------------------------------------------------------------------
                         slack                                 76.273    





Min Delay Paths
--------------------------------------------------------------------------------------
Slack (MET) :             0.027ns  (arrival time - required time)
  Source:                 y1i_r_reg[0]/C
                            (rising edge-triggered cell FDCE clocked by sys_clk  {rise@0.000ns fall@5.000ns period=100.000ns})
  Destination:            RAM/imag_mem_reg_bram_0/DINADIN[0]
                            (rising edge-triggered cell RAMB18E2 clocked by sys_clk  {rise@0.000ns fall@5.000ns period=100.000ns})
  Path Group:             sys_clk
  Path Type:              Hold (Min at Fast Process Corner)
  Requirement:            0.000ns  (sys_clk rise@0.000ns - sys_clk rise@0.000ns)
  Data Path Delay:        0.120ns  (logic 0.038ns (31.667%)  route 0.082ns (68.333%))
  Logic Levels:           0  
  Clock Path Skew:        0.113ns (DCD - SCD - CPR)
    Destination Clock Delay (DCD):    1.082ns
    Source Clock Delay      (SCD):    0.733ns
    Clock Pessimism Removal (CPR):    0.237ns
  Clock Net Delay (Source):      0.413ns (routing 0.000ns, distribution 0.413ns)
  Clock Net Delay (Destination): 0.538ns (routing 0.001ns, distribution 0.537ns)

    Location             Delay type                Incr(ns)  Path(ns)    Netlist Resource(s)
  -------------------------------------------------------------------    -------------------
                         (clock sys_clk rise edge)    0.000     0.000 r  
    E5                                                0.000     0.000 r  clk (IN)
                         net (fo=0)                   0.000     0.000    clk_IBUF_inst/I
    E5                   INBUF (Prop_INBUF_HPIOB_M_PAD_O)
                                                      0.159     0.159 r  clk_IBUF_inst/INBUF_INST/O
                         net (fo=1, routed)           0.000     0.159    clk_IBUF_inst/OUT
    E5                   IBUFCTRL (Prop_IBUFCTRL_HPIOB_M_I_O)
                                                      0.000     0.159 r  clk_IBUF_inst/IBUFCTRL_INST/O
                         net (fo=1, routed)           0.144     0.303    clk_IBUF
    BUFGCE_X0Y90         BUFGCE (Prop_BUFCE_BUFGCE_I_O)
                                                      0.017     0.320 r  clk_IBUF_BUFG_inst/O
    X1Y3 (CLOCK_ROOT)    net (fo=179, routed)         0.413     0.733    clk_IBUF_BUFG
    SLICE_X28Y212        FDCE                                         r  y1i_r_reg[0]/C
  -------------------------------------------------------------------    -------------------
    SLICE_X28Y212        FDCE (Prop_CFF_SLICEM_C_Q)
                                                      0.038     0.771 r  y1i_r_reg[0]/Q
                         net (fo=1, routed)           0.082     0.853    RAM/imag_mem_reg_bram_0_2[0]
    RAMB18_X0Y84         RAMB18E2                                     r  RAM/imag_mem_reg_bram_0/DINADIN[0]
  -------------------------------------------------------------------    -------------------

                         (clock sys_clk rise edge)    0.000     0.000 r  
    E5                                                0.000     0.000 r  clk (IN)
                         net (fo=0)                   0.000     0.000    clk_IBUF_inst/I
    E5                   INBUF (Prop_INBUF_HPIOB_M_PAD_O)
                                                      0.344     0.344 r  clk_IBUF_inst/INBUF_INST/O
                         net (fo=1, routed)           0.000     0.344    clk_IBUF_inst/OUT
    E5                   IBUFCTRL (Prop_IBUFCTRL_HPIOB_M_I_O)
                                                      0.000     0.344 r  clk_IBUF_inst/IBUFCTRL_INST/O
                         net (fo=1, routed)           0.181     0.525    clk_IBUF
    BUFGCE_X0Y90         BUFGCE (Prop_BUFCE_BUFGCE_I_O)
                                                      0.019     0.544 r  clk_IBUF_BUFG_inst/O
    X1Y3 (CLOCK_ROOT)    net (fo=179, routed)         0.538     1.082    RAM/CLK
    RAMB18_X0Y84         RAMB18E2                                     r  RAM/imag_mem_reg_bram_0/CLKARDCLK
                         clock pessimism             -0.237     0.845    
    RAMB18_X0Y84         RAMB18E2 (Hold_RAMB18E2_L_RAMB180_CLKARDCLK_DINADIN[0])
                                                     -0.020     0.825    RAM/imag_mem_reg_bram_0
  -------------------------------------------------------------------
                         required time                         -0.825    
                         arrival time                           0.853    
  -------------------------------------------------------------------
                         slack                                  0.027    





Pulse Width Checks
--------------------------------------------------------------------------------------
Clock Name:         sys_clk
Waveform(ns):       { 0.000 5.000 }
Period(ns):         100.000
Sources:            { clk }

Check Type        Corner  Lib Pin             Reference Pin  Required(ns)  Actual(ns)  Slack(ns)  Location      Pin
Min Period        n/a     RAMB18E2/CLKARDCLK  n/a            1.392         100.000     98.608     RAMB18_X0Y84  RAM/imag_mem_reg_bram_0/CLKARDCLK
Low Pulse Width   Slow    RAMB18E2/CLKARDCLK  n/a            0.495         95.000      94.505     RAMB18_X0Y84  RAM/imag_mem_reg_bram_0/CLKARDCLK
High Pulse Width  Slow    RAMB18E2/CLKARDCLK  n/a            0.495         5.000       4.505      RAMB18_X0Y84  RAM/imag_mem_reg_bram_0/CLKARDCLK



