Copyright 1986-2022 Xilinx, Inc. All Rights Reserved. Copyright 2022-2025 Advanced Micro Devices, Inc. All Rights Reserved.
--------------------------------------------------------------------------------------------------------------------------------------------------
| Tool Version      : Vivado v.2025.2 (win64) Build 6299465 Fri Nov 14 19:35:11 GMT 2025
| Date              : Fri Jun 12 03:07:15 2026
| Host              : LAPTOP-MHFLAL5K running 64-bit major release  (build 9200)
| Command           : report_timing_summary -file C:/SRIP/reports2/timing_summary_P9E1.rpt
| Design            : fft16_top_fused
| Device            : xczu5ev-sfvc784
| Speed File        : -3  PRODUCTION 1.30 05-15-2022
| Design State      : Routed
| Temperature Grade : E
--------------------------------------------------------------------------------------------------------------------------------------------------

Timing Summary Report

------------------------------------------------------------------------------------------------
| Timer Settings
| --------------
------------------------------------------------------------------------------------------------

  Enable Multi Corner Analysis               :  Yes
  Enable Pessimism Removal                   :  Yes
  Pessimism Removal Resolution               :  Nearest Common Node
  Enable Input Delay Default Clock           :  No
  Enable Preset / Clear Arcs                 :  No
  Disable Flight Delays                      :  No
  Ignore I/O Paths                           :  No
  Timing Early Launch at Borrowing Latches   :  No
  Borrow Time for Max Delay Exceptions       :  Yes
  Merge Timing Exceptions                    :  Yes
  Inter-SLR Compensation                     :  Conservative

  Corner  Analyze    Analyze    
  Name    Max Paths  Min Paths  
  ------  ---------  ---------  
  Slow    Yes        Yes        
  Fast    Yes        Yes        


------------------------------------------------------------------------------------------------
| Report Methodology
| ------------------
------------------------------------------------------------------------------------------------

Rule       Severity  Description                                 Violations  
---------  --------  ------------------------------------------  ----------  
SYNTH-6    Warning   Timing of a RAM block might be sub-optimal  2           
TIMING-18  Warning   Missing input or output delay               60          

Note: This report is based on the most recent report_methodology run and may not be up-to-date. Run report_methodology on the current design for the latest report.



check_timing report

Table of Contents
-----------------
1. checking no_clock (0)
2. checking constant_clock (0)
3. checking pulse_width_clock (0)
4. checking unconstrained_internal_endpoints (0)
5. checking no_input_delay (42)
6. checking no_output_delay (19)
7. checking multiple_clock (0)
8. checking generated_clocks (0)
9. checking loops (0)
10. checking partial_input_delay (0)
11. checking partial_output_delay (0)
12. checking latch_loops (0)

1. checking no_clock (0)
------------------------
 There are 0 register/latch pins with no clock.


2. checking constant_clock (0)
------------------------------
 There are 0 register/latch pins with constant_clock.


3. checking pulse_width_clock (0)
---------------------------------
 There are 0 register/latch pins which need pulse_width check


4. checking unconstrained_internal_endpoints (0)
------------------------------------------------
 There are 0 pins that are not constrained for maximum delay.

 There are 0 pins that are not constrained for maximum delay due to constant clock.


5. checking no_input_delay (42)
-------------------------------
 There are 41 input ports with no input delay specified. (HIGH)

 There is 1 input port with no input delay but user has a false path constraint. (MEDIUM)


6. checking no_output_delay (19)
--------------------------------
 There are 19 ports with no output delay specified. (HIGH)

 There are 0 ports with no output delay but user has a false path constraint

 There are 0 ports with no output delay but with a timing clock defined on it or propagating through it


7. checking multiple_clock (0)
------------------------------
 There are 0 register/latch pins with multiple clocks.


8. checking generated_clocks (0)
--------------------------------
 There are 0 generated clocks that are not connected to a clock source.


9. checking loops (0)
---------------------
 There are 0 combinational loops in the design.


10. checking partial_input_delay (0)
------------------------------------
 There are 0 input ports with partial input delay specified.


11. checking partial_output_delay (0)
-------------------------------------
 There are 0 ports with partial output delay specified.


12. checking latch_loops (0)
----------------------------
 There are 0 combinational latch loops in the design through latch input



------------------------------------------------------------------------------------------------
| Design Timing Summary
| ---------------------
------------------------------------------------------------------------------------------------

    WNS(ns)      TNS(ns)  TNS Failing Endpoints  TNS Total Endpoints      WHS(ns)      THS(ns)  THS Failing Endpoints  THS Total Endpoints     WPWS(ns)     TPWS(ns)  TPWS Failing Endpoints  TPWS Total Endpoints  
    -------      -------  ---------------------  -------------------      -------      -------  ---------------------  -------------------     --------     --------  ----------------------  --------------------  
     81.089        0.000                      0                  353        0.048        0.000                      0                  353        4.505        0.000                       0                   140  


All user specified timing constraints are met.


------------------------------------------------------------------------------------------------
| Clock Summary
| -------------
------------------------------------------------------------------------------------------------

Clock    Waveform(ns)         Period(ns)      Frequency(MHz)
-----    ------------         ----------      --------------
sys_clk  {0.000 5.000}        100.000         10.000          


------------------------------------------------------------------------------------------------
| Intra Clock Table
| -----------------
------------------------------------------------------------------------------------------------

Clock             WNS(ns)      TNS(ns)  TNS Failing Endpoints  TNS Total Endpoints      WHS(ns)      THS(ns)  THS Failing Endpoints  THS Total Endpoints     WPWS(ns)     TPWS(ns)  TPWS Failing Endpoints  TPWS Total Endpoints  
-----             -------      -------  ---------------------  -------------------      -------      -------  ---------------------  -------------------     --------     --------  ----------------------  --------------------  
sys_clk            81.089        0.000                      0                  353        0.048        0.000                      0                  353        4.505        0.000                       0                   140  


------------------------------------------------------------------------------------------------
| Inter Clock Table
| -----------------
------------------------------------------------------------------------------------------------

From Clock    To Clock          WNS(ns)      TNS(ns)  TNS Failing Endpoints  TNS Total Endpoints      WHS(ns)      THS(ns)  THS Failing Endpoints  THS Total Endpoints  
----------    --------          -------      -------  ---------------------  -------------------      -------      -------  ---------------------  -------------------  


------------------------------------------------------------------------------------------------
| Other Path Groups Table
| -----------------------
------------------------------------------------------------------------------------------------

Path Group    From Clock    To Clock          WNS(ns)      TNS(ns)  TNS Failing Endpoints  TNS Total Endpoints      WHS(ns)      THS(ns)  THS Failing Endpoints  THS Total Endpoints  
----------    ----------    --------          -------      -------  ---------------------  -------------------      -------      -------  ---------------------  -------------------  


------------------------------------------------------------------------------------------------
| Timing Details
| --------------
------------------------------------------------------------------------------------------------


---------------------------------------------------------------------------------------------------
From Clock:  sys_clk
  To Clock:  sys_clk

Setup :            0  Failing Endpoints,  Worst Slack       81.089ns,  Total Violation        0.000ns
Hold  :            0  Failing Endpoints,  Worst Slack        0.048ns,  Total Violation        0.000ns
PW    :            0  Failing Endpoints,  Worst Slack        4.505ns,  Total Violation        0.000ns
---------------------------------------------------------------------------------------------------


Max Delay Paths
--------------------------------------------------------------------------------------
Slack (MET) :             81.089ns  (required time - arrival time)
  Source:                 tw_addr_r_reg_rep[5]/C
                            (rising edge-triggered cell FDCE clocked by sys_clk  {rise@0.000ns fall@5.000ns period=100.000ns})
  Destination:            y0i_r_reg[0]/D
                            (rising edge-triggered cell FDCE clocked by sys_clk  {rise@0.000ns fall@5.000ns period=100.000ns})
  Path Group:             sys_clk
  Path Type:              Setup (Max at Slow Process Corner)
  Requirement:            100.000ns  (sys_clk rise@100.000ns - sys_clk rise@0.000ns)
  Data Path Delay:        18.816ns  (logic 5.925ns (31.489%)  route 12.891ns (68.511%))
  Logic Levels:           57  (CARRY8=7 LUT2=7 LUT3=7 LUT4=4 LUT5=13 LUT6=18 MUXF7=1)
  Clock Path Skew:        -0.082ns (DCD - SCD + CPR)
    Destination Clock Delay (DCD):    1.213ns = ( 101.213 - 100.000 ) 
    Source Clock Delay      (SCD):    1.559ns
    Clock Pessimism Removal (CPR):    0.264ns
  Clock Uncertainty:      0.035ns  ((TSJ^2 + TIJ^2)^1/2 + DJ) / 2 + PE
    Total System Jitter     (TSJ):    0.071ns
    Total Input Jitter      (TIJ):    0.000ns
    Discrete Jitter          (DJ):    0.000ns
    Phase Error              (PE):    0.000ns
  Clock Net Delay (Source):      0.759ns (routing 0.001ns, distribution 0.758ns)
  Clock Net Delay (Destination): 0.656ns (routing 0.001ns, distribution 0.655ns)

    Location             Delay type                Incr(ns)  Path(ns)    Netlist Resource(s)
  -------------------------------------------------------------------    -------------------
                         (clock sys_clk rise edge)    0.000     0.000 r  
    E5                                                0.000     0.000 r  clk (IN)
                         net (fo=0)                   0.000     0.000    clk_IBUF_inst/I
    E5                   INBUF (Prop_INBUF_HPIOB_M_PAD_O)
                                                      0.458     0.458 r  clk_IBUF_inst/INBUF_INST/O
                         net (fo=1, routed)           0.000     0.458    clk_IBUF_inst/OUT
    E5                   IBUFCTRL (Prop_IBUFCTRL_HPIOB_M_I_O)
                                                      0.000     0.458 r  clk_IBUF_inst/IBUFCTRL_INST/O
                         net (fo=1, routed)           0.314     0.772    clk_IBUF
    BUFGCE_X0Y90         BUFGCE (Prop_BUFCE_BUFGCE_I_O)
                                                      0.028     0.800 r  clk_IBUF_BUFG_inst/O
    X1Y3 (CLOCK_ROOT)    net (fo=139, routed)         0.759     1.559    clk_IBUF_BUFG
    SLICE_X14Y212        FDCE                                         r  tw_addr_r_reg_rep[5]/C
  -------------------------------------------------------------------    -------------------
    SLICE_X14Y212        FDCE (Prop_HFF_SLICEL_C_Q)
                                                      0.070     1.629 f  tw_addr_r_reg_rep[5]/Q
                         net (fo=47, routed)          0.512     2.140    TW/y0r_r[8]_i_607_0[5]
    SLICE_X16Y214        LUT6 (Prop_C6LUT_SLICEL_I5_O)
                                                      0.113     2.253 f  TW/y0r_r[8]_i_525/O
                         net (fo=1, routed)           0.013     2.266    TW/y0r_r[8]_i_525_n_0
    SLICE_X16Y214        MUXF7 (Prop_F7MUX_CD_SLICEL_I1_O)
                                                      0.055     2.321 f  TW/y0r_r_reg[8]_i_389/O
                         net (fo=1, routed)           0.142     2.463    TW/y0r_r_reg[8]_i_389_n_0
    SLICE_X17Y214        LUT6 (Prop_G6LUT_SLICEM_I0_O)
                                                      0.135     2.598 f  TW/y0r_r[8]_i_212/O
                         net (fo=23, routed)          0.286     2.884    TW/wr[0]
    SLICE_X17Y217        LUT2 (Prop_B5LUT_SLICEM_I1_O)
                                                      0.126     3.010 r  TW/y0r_r[8]_i_87/O
                         net (fo=2, routed)           0.168     3.178    TW/y0r_r[8]_i_87_n_0
    SLICE_X17Y217        LUT3 (Prop_C5LUT_SLICEM_I1_O)
                                                      0.098     3.276 r  TW/y0r_r[8]_i_735/O
                         net (fo=6, routed)           0.192     3.468    TW/y0r_r[8]_i_735_n_0
    SLICE_X16Y217        LUT5 (Prop_B6LUT_SLICEL_I2_O)
                                                      0.082     3.550 r  TW/y0r_r[8]_i_711/O
                         net (fo=1, routed)           0.089     3.639    TW/y0r_r[8]_i_711_n_0
    SLICE_X16Y217        LUT5 (Prop_C6LUT_SLICEL_I0_O)
                                                      0.047     3.686 r  TW/y0r_r[8]_i_638/O
                         net (fo=20, routed)          0.288     3.973    TW/BF/f_wr[5]
    SLICE_X20Y215        LUT4 (Prop_D6LUT_SLICEM_I0_O)
                                                      0.088     4.061 f  TW/y0i_r[8]_i_656/O
                         net (fo=3, routed)           0.135     4.196    TW/y0i_r[8]_i_656_n_0
    SLICE_X20Y216        LUT5 (Prop_F6LUT_SLICEM_I2_O)
                                                      0.031     4.227 r  TW/y0i_r[8]_i_626/O
                         net (fo=2, routed)           0.192     4.419    TW/y0i_r[8]_i_626_n_0
    SLICE_X20Y217        CARRY8 (Prop_CARRY8_SLICEM_DI[4]_O[5])
                                                      0.073     4.492 r  TW/y0i_r_reg[8]_i_584/O[5]
                         net (fo=2, routed)           0.192     4.684    TW/y0i_r_reg[8]_i_584_n_10
    SLICE_X21Y218        LUT3 (Prop_H6LUT_SLICEM_I0_O)
                                                      0.032     4.716 r  TW/y0i_r[8]_i_495/O
                         net (fo=2, routed)           0.161     4.877    TW/y0i_r[8]_i_495_n_0
    SLICE_X22Y218        LUT4 (Prop_F6LUT_SLICEL_I0_O)
                                                      0.114     4.991 r  TW/y0i_r[8]_i_502/O
                         net (fo=1, routed)           0.014     5.005    TW/y0i_r[8]_i_502_n_0
    SLICE_X22Y218        CARRY8 (Prop_CARRY8_SLICEL_S[5]_CO[7])
                                                      0.134     5.139 r  TW/y0i_r_reg[8]_i_360/CO[7]
                         net (fo=1, routed)           0.023     5.162    TW/y0i_r_reg[8]_i_360_n_0
    SLICE_X22Y219        CARRY8 (Prop_CARRY8_SLICEL_CI_O[1])
                                                      0.067     5.229 r  TW/y0i_r_reg[8]_i_359/O[1]
                         net (fo=12, routed)          0.313     5.542    TW/BF/M4/data3[13]
    SLICE_X19Y219        LUT4 (Prop_D6LUT_SLICEL_I3_O)
                                                      0.133     5.675 r  TW/y0i_r[8]_i_315/O
                         net (fo=14, routed)          0.457     6.132    TW/BF/scm4[0]
    SLICE_X19Y226        LUT2 (Prop_C6LUT_SLICEL_I1_O)
                                                      0.133     6.265 f  TW/y0i_r[8]_i_147/O
                         net (fo=40, routed)          0.149     6.414    TW/y0i_r[8]_i_147_n_0
    SLICE_X19Y223        LUT2 (Prop_A6LUT_SLICEL_I1_O)
                                                      0.114     6.528 r  TW/y0i_r[8]_i_288/O
                         net (fo=1, routed)           0.013     6.541    TW/y0i_r[8]_i_288_n_0
    SLICE_X19Y223        CARRY8 (Prop_CARRY8_SLICEL_S[0]_CO[3])
                                                      0.166     6.707 r  TW/y0i_r_reg[8]_i_139/CO[3]
                         net (fo=19, routed)          0.153     6.860    TW/BF/ADD_Ti/sign_l20_in
    SLICE_X20Y223        LUT6 (Prop_F6LUT_SLICEM_I0_O)
                                                      0.134     6.994 r  TW/y0i_r[8]_i_61/O
                         net (fo=60, routed)          0.413     7.408    TW/y0i_r[8]_i_61_n_0
    SLICE_X18Y227        LUT3 (Prop_B5LUT_SLICEM_I0_O)
                                                      0.148     7.556 r  TW/y0i_r[8]_i_326/O
                         net (fo=11, routed)          0.483     8.038    TW/y0i_r[8]_i_326_n_0
    SLICE_X19Y222        LUT6 (Prop_G6LUT_SLICEL_I5_O)
                                                      0.031     8.069 r  TW/y0i_r[8]_i_320/O
                         net (fo=9, routed)           0.150     8.219    TW/y0i_r[8]_i_320_n_0
    SLICE_X19Y225        LUT6 (Prop_H6LUT_SLICEL_I1_O)
                                                      0.049     8.268 r  TW/y0i_r[8]_i_149/O
                         net (fo=17, routed)          0.342     8.610    TW/y0i_r[8]_i_149_n_0
    SLICE_X17Y226        LUT5 (Prop_C6LUT_SLICEM_I1_O)
                                                      0.113     8.723 r  TW/y0i_r[8]_i_487/O
                         net (fo=1, routed)           0.025     8.748    TW/y0i_r[8]_i_487_n_0
    SLICE_X17Y226        CARRY8 (Prop_CARRY8_SLICEM_S[2]_O[5])
                                                      0.177     8.925 f  TW/y0i_r_reg[8]_i_358/O[5]
                         net (fo=8, routed)           0.494     9.419    TW/y0i_r_reg[8]_i_358_n_10
    SLICE_X17Y229        LUT5 (Prop_B6LUT_SLICEM_I4_O)
                                                      0.047     9.466 f  TW/y0i_r[8]_i_551/O
                         net (fo=3, routed)           0.092     9.558    TW/y0i_r[8]_i_551_n_0
    SLICE_X17Y229        LUT5 (Prop_C5LUT_SLICEM_I2_O)
                                                      0.062     9.620 r  TW/y0i_r[8]_i_534/O
                         net (fo=2, routed)           0.225     9.845    TW/y0i_r[8]_i_534_n_0
    SLICE_X17Y229        LUT6 (Prop_H6LUT_SLICEM_I2_O)
                                                      0.082     9.927 r  TW/y0i_r[8]_i_388/O
                         net (fo=6, routed)           0.348    10.275    TW/y0i_r[8]_i_388_n_0
    SLICE_X20Y227        LUT6 (Prop_G6LUT_SLICEM_I2_O)
                                                      0.135    10.410 r  TW/y0i_r[8]_i_606/O
                         net (fo=1, routed)           0.149    10.559    TW/y0i_r[8]_i_606_n_0
    SLICE_X20Y228        LUT6 (Prop_G6LUT_SLICEM_I4_O)
                                                      0.089    10.648 r  TW/y0i_r[8]_i_536/O
                         net (fo=2, routed)           0.091    10.739    TW/y0i_r[8]_i_536_n_0
    SLICE_X19Y228        LUT5 (Prop_E6LUT_SLICEL_I0_O)
                                                      0.082    10.821 r  TW/y0i_r[8]_i_389/O
                         net (fo=10, routed)          0.095    10.917    TW/y0i_r[8]_i_389_n_0
    SLICE_X19Y227        LUT3 (Prop_C6LUT_SLICEL_I2_O)
                                                      0.047    10.964 r  TW/y0i_r[8]_i_278/O
                         net (fo=11, routed)          0.359    11.323    TW/y0i_r[8]_i_278_n_0
    SLICE_X15Y227        LUT6 (Prop_H6LUT_SLICEL_I2_O)
                                                      0.114    11.437 f  TW/y0i_r[8]_i_530/O
                         net (fo=1, routed)           0.054    11.491    TW/y0i_r[8]_i_530_n_0
    SLICE_X15Y227        LUT2 (Prop_B5LUT_SLICEL_I0_O)
                                                      0.149    11.640 f  TW/y0i_r[8]_i_380/O
                         net (fo=2, routed)           0.163    11.803    TW/y0i_r[8]_i_380_n_0
    SLICE_X16Y229        LUT6 (Prop_C6LUT_SLICEL_I0_O)
                                                      0.113    11.916 r  TW/y0i_r[8]_i_187/O
                         net (fo=13, routed)          0.431    12.347    TW/BF/m_ti[7]
    SLICE_X15Y230        LUT4 (Prop_C6LUT_SLICEL_I1_O)
                                                      0.081    12.428 r  TW/y0i_r[8]_i_135/O
                         net (fo=1, routed)           0.013    12.441    TW/y0i_r[8]_i_135_n_0
    SLICE_X15Y230        CARRY8 (Prop_CARRY8_SLICEL_S[2]_CO[3])
                                                      0.128    12.569 r  TW/y0i_r_reg[8]_i_59/CO[3]
                         net (fo=10, routed)          0.430    12.999    TW/BF/ADD_y0i/sign_l3
    SLICE_X17Y234        LUT6 (Prop_H6LUT_SLICEM_I5_O)
                                                      0.138    13.137 r  TW/y0i_r[8]_i_21/O
                         net (fo=55, routed)          0.479    13.616    TW/y0i_r[8]_i_21_n_0
    SLICE_X18Y230        LUT6 (Prop_H6LUT_SLICEM_I3_O)
                                                      0.138    13.754 r  TW/y0i_r[8]_i_189/O
                         net (fo=10, routed)          0.443    14.197    TW/y0i_r[8]_i_189_n_0
    SLICE_X17Y233        LUT6 (Prop_H6LUT_SLICEM_I4_O)
                                                      0.082    14.279 r  TW/y0i_r[8]_i_177/O
                         net (fo=3, routed)           0.206    14.485    TW/y0i_r[8]_i_177_n_0
    SLICE_X16Y232        LUT6 (Prop_C6LUT_SLICEL_I3_O)
                                                      0.031    14.516 r  TW/y0i_r[8]_i_75/O
                         net (fo=3, routed)           0.166    14.682    TW/y0i_r[8]_i_75_n_0
    SLICE_X17Y232        LUT2 (Prop_B6LUT_SLICEM_I0_O)
                                                      0.136    14.818 r  TW/y0i_r[8]_i_233/O
                         net (fo=1, routed)           0.169    14.987    TW/y0i_r[8]_i_233_n_0
    SLICE_X17Y231        CARRY8 (Prop_CARRY8_SLICEM_DI[2]_O[6])
                                                      0.152    15.139 f  TW/y0i_r_reg[8]_i_99/O[6]
                         net (fo=6, routed)           0.288    15.427    TW/y0i_r_reg[8]_i_99_n_9
    SLICE_X14Y229        LUT3 (Prop_D5LUT_SLICEL_I0_O)
                                                      0.141    15.568 f  TW/y0i_r[8]_i_249/O
                         net (fo=2, routed)           0.217    15.785    TW/y0i_r[8]_i_249_n_0
    SLICE_X14Y229        LUT5 (Prop_E6LUT_SLICEL_I3_O)
                                                      0.134    15.919 r  TW/y0i_r[8]_i_402/O
                         net (fo=1, routed)           0.095    16.014    TW/y0i_r[8]_i_402_n_0
    SLICE_X14Y229        LUT5 (Prop_F6LUT_SLICEL_I3_O)
                                                      0.114    16.128 r  TW/y0i_r[8]_i_216/O
                         net (fo=5, routed)           0.267    16.395    TW/y0i_r[8]_i_216_n_0
    SLICE_X15Y232        LUT6 (Prop_E6LUT_SLICEL_I4_O)
                                                      0.134    16.529 f  TW/y0i_r[8]_i_406/O
                         net (fo=3, routed)           0.237    16.766    TW/y0i_r[8]_i_406_n_0
    SLICE_X14Y233        LUT3 (Prop_B5LUT_SLICEL_I1_O)
                                                      0.126    16.892 f  TW/y0i_r[8]_i_219/O
                         net (fo=1, routed)           0.179    17.071    TW/y0i_r[8]_i_219_n_0
    SLICE_X14Y233        LUT5 (Prop_F6LUT_SLICEL_I3_O)
                                                      0.088    17.159 r  TW/y0i_r[8]_i_90/O
                         net (fo=14, routed)          0.090    17.249    TW/y0i_r[8]_i_90_n_0
    SLICE_X14Y232        LUT5 (Prop_D6LUT_SLICEL_I4_O)
                                                      0.114    17.363 r  TW/y0i_r[5]_i_94/O
                         net (fo=4, routed)           0.183    17.546    TW/y0i_r[5]_i_94_n_0
    SLICE_X13Y231        LUT6 (Prop_F6LUT_SLICEM_I2_O)
                                                      0.081    17.627 f  TW/y0i_r[5]_i_79/O
                         net (fo=2, routed)           0.133    17.760    TW/y0i_r[5]_i_79_n_0
    SLICE_X13Y232        LUT2 (Prop_C5LUT_SLICEM_I1_O)
                                                      0.062    17.822 f  TW/y0i_r[5]_i_57/O
                         net (fo=1, routed)           0.264    18.086    TW/y0i_r[5]_i_57_n_0
    SLICE_X13Y232        LUT6 (Prop_H6LUT_SLICEM_I1_O)
                                                      0.138    18.224 f  TW/y0i_r[5]_i_42/O
                         net (fo=6, routed)           0.546    18.770    TW/BF/m_y0i[7]
    SLICE_X16Y222        LUT3 (Prop_F6LUT_SLICEL_I1_O)
                                                      0.081    18.851 r  TW/y0i_r[5]_i_39/O
                         net (fo=1, routed)           0.093    18.944    TW/y0i_r[5]_i_39_n_0
    SLICE_X16Y222        LUT6 (Prop_D6LUT_SLICEL_I1_O)
                                                      0.114    19.058 f  TW/y0i_r[5]_i_14/O
                         net (fo=1, routed)           0.143    19.201    TW/y0i_r[5]_i_14_n_0
    SLICE_X16Y221        LUT5 (Prop_F6LUT_SLICEL_I2_O)
                                                      0.114    19.315 r  TW/y0i_r[5]_i_5/O
                         net (fo=10, routed)          0.300    19.614    TW/y0i_r[5]_i_5_n_0
    SLICE_X18Y221        LUT2 (Prop_G5LUT_SLICEM_I1_O)
                                                      0.088    19.702 r  TW/y0i_r[1]_i_3/O
                         net (fo=2, routed)           0.192    19.894    TW/y0i_r[1]_i_3_n_0
    SLICE_X18Y221        LUT5 (Prop_F5LUT_SLICEM_I4_O)
                                                      0.127    20.021 r  TW/y0i_r[0]_i_1/O
                         net (fo=1, routed)           0.353    20.374    y0i[0]
    SLICE_X18Y215        FDCE                                         r  y0i_r_reg[0]/D
  -------------------------------------------------------------------    -------------------

                         (clock sys_clk rise edge)  100.000   100.000 r  
    E5                                                0.000   100.000 r  clk (IN)
                         net (fo=0)                   0.000   100.000    clk_IBUF_inst/I
    E5                   INBUF (Prop_INBUF_HPIOB_M_PAD_O)
                                                      0.255   100.255 r  clk_IBUF_inst/INBUF_INST/O
                         net (fo=1, routed)           0.000   100.255    clk_IBUF_inst/OUT
    E5                   IBUFCTRL (Prop_IBUFCTRL_HPIOB_M_I_O)
                                                      0.000   100.255 r  clk_IBUF_inst/IBUFCTRL_INST/O
                         net (fo=1, routed)           0.278   100.533    clk_IBUF
    BUFGCE_X0Y90         BUFGCE (Prop_BUFCE_BUFGCE_I_O)
                                                      0.024   100.557 r  clk_IBUF_BUFG_inst/O
    X1Y3 (CLOCK_ROOT)    net (fo=139, routed)         0.656   101.213    clk_IBUF_BUFG
    SLICE_X18Y215        FDCE                                         r  y0i_r_reg[0]/C
                         clock pessimism              0.264   101.476    
                         clock uncertainty           -0.035   101.441    
    SLICE_X18Y215        FDCE (Setup_EFF_SLICEM_C_D)
                                                      0.023   101.464    y0i_r_reg[0]
  -------------------------------------------------------------------
                         required time                        101.464    
                         arrival time                         -20.374    
  -------------------------------------------------------------------
                         slack                                 81.089    





Min Delay Paths
--------------------------------------------------------------------------------------
Slack (MET) :             0.048ns  (arrival time - required time)
  Source:                 state_reg[1]/C
                            (rising edge-triggered cell FDCE clocked by sys_clk  {rise@0.000ns fall@5.000ns period=100.000ns})
  Destination:            state_reg[3]/D
                            (rising edge-triggered cell FDCE clocked by sys_clk  {rise@0.000ns fall@5.000ns period=100.000ns})
  Path Group:             sys_clk
  Path Type:              Hold (Min at Fast Process Corner)
  Requirement:            0.000ns  (sys_clk rise@0.000ns - sys_clk rise@0.000ns)
  Data Path Delay:        0.110ns  (logic 0.063ns (57.320%)  route 0.047ns (42.680%))
  Logic Levels:           1  (LUT5=1)
  Clock Path Skew:        0.015ns (DCD - SCD - CPR)
    Destination Clock Delay (DCD):    1.095ns
    Source Clock Delay      (SCD):    0.801ns
    Clock Pessimism Removal (CPR):    0.279ns
  Clock Net Delay (Source):      0.482ns (routing 0.000ns, distribution 0.482ns)
  Clock Net Delay (Destination): 0.551ns (routing 0.001ns, distribution 0.550ns)

    Location             Delay type                Incr(ns)  Path(ns)    Netlist Resource(s)
  -------------------------------------------------------------------    -------------------
                         (clock sys_clk rise edge)    0.000     0.000 r  
    E5                                                0.000     0.000 r  clk (IN)
                         net (fo=0)                   0.000     0.000    clk_IBUF_inst/I
    E5                   INBUF (Prop_INBUF_HPIOB_M_PAD_O)
                                                      0.159     0.159 r  clk_IBUF_inst/INBUF_INST/O
                         net (fo=1, routed)           0.000     0.159    clk_IBUF_inst/OUT
    E5                   IBUFCTRL (Prop_IBUFCTRL_HPIOB_M_I_O)
                                                      0.000     0.159 r  clk_IBUF_inst/IBUFCTRL_INST/O
                         net (fo=1, routed)           0.144     0.303    clk_IBUF
    BUFGCE_X0Y90         BUFGCE (Prop_BUFCE_BUFGCE_I_O)
                                                      0.017     0.320 r  clk_IBUF_BUFG_inst/O
    X1Y3 (CLOCK_ROOT)    net (fo=139, routed)         0.482     0.801    clk_IBUF_BUFG
    SLICE_X17Y208        FDCE                                         r  state_reg[1]/C
  -------------------------------------------------------------------    -------------------
    SLICE_X17Y208        FDCE (Prop_GFF_SLICEM_C_Q)
                                                      0.039     0.840 r  state_reg[1]/Q
                         net (fo=23, routed)          0.038     0.878    state_reg_n_0_[1]
    SLICE_X17Y208        LUT5 (Prop_D5LUT_SLICEM_I2_O)
                                                      0.024     0.902 r  state[3]_i_2/O
                         net (fo=1, routed)           0.009     0.911    state[3]_i_2_n_0
    SLICE_X17Y208        FDCE                                         r  state_reg[3]/D
  -------------------------------------------------------------------    -------------------

                         (clock sys_clk rise edge)    0.000     0.000 r  
    E5                                                0.000     0.000 r  clk (IN)
                         net (fo=0)                   0.000     0.000    clk_IBUF_inst/I
    E5                   INBUF (Prop_INBUF_HPIOB_M_PAD_O)
                                                      0.344     0.344 r  clk_IBUF_inst/INBUF_INST/O
                         net (fo=1, routed)           0.000     0.344    clk_IBUF_inst/OUT
    E5                   IBUFCTRL (Prop_IBUFCTRL_HPIOB_M_I_O)
                                                      0.000     0.344 r  clk_IBUF_inst/IBUFCTRL_INST/O
                         net (fo=1, routed)           0.181     0.525    clk_IBUF
    BUFGCE_X0Y90         BUFGCE (Prop_BUFCE_BUFGCE_I_O)
                                                      0.019     0.544 r  clk_IBUF_BUFG_inst/O
    X1Y3 (CLOCK_ROOT)    net (fo=139, routed)         0.551     1.095    clk_IBUF_BUFG
    SLICE_X17Y208        FDCE                                         r  state_reg[3]/C
                         clock pessimism             -0.279     0.816    
    SLICE_X17Y208        FDCE (Hold_DFF2_SLICEM_C_D)
                                                      0.047     0.863    state_reg[3]
  -------------------------------------------------------------------
                         required time                         -0.863    
                         arrival time                           0.911    
  -------------------------------------------------------------------
                         slack                                  0.048    





Pulse Width Checks
--------------------------------------------------------------------------------------
Clock Name:         sys_clk
Waveform(ns):       { 0.000 5.000 }
Period(ns):         100.000
Sources:            { clk }

Check Type        Corner  Lib Pin             Reference Pin  Required(ns)  Actual(ns)  Slack(ns)  Location      Pin
Min Period        n/a     RAMB18E2/CLKARDCLK  n/a            1.392         100.000     98.608     RAMB18_X0Y84  RAM/imag_mem_reg_bram_0/CLKARDCLK
Low Pulse Width   Slow    RAMB18E2/CLKARDCLK  n/a            0.495         95.000      94.505     RAMB18_X0Y84  RAM/imag_mem_reg_bram_0/CLKARDCLK
High Pulse Width  Slow    RAMB18E2/CLKARDCLK  n/a            0.495         5.000       4.505      RAMB18_X0Y84  RAM/imag_mem_reg_bram_0/CLKARDCLK



