Copyright 1986-2022 Xilinx, Inc. All Rights Reserved. Copyright 2022-2025 Advanced Micro Devices, Inc. All Rights Reserved.
--------------------------------------------------------------------------------------------------------------------------------------------------
| Tool Version      : Vivado v.2025.2 (win64) Build 6299465 Fri Nov 14 19:35:11 GMT 2025
| Date              : Fri Jun 12 02:29:03 2026
| Host              : LAPTOP-MHFLAL5K running 64-bit major release  (build 9200)
| Command           : report_timing_summary -file C:/SRIP/reports2/timing_summary_P16E1.rpt
| Design            : fft16_top_fused
| Device            : xczu5ev-sfvc784
| Speed File        : -3  PRODUCTION 1.30 05-15-2022
| Design State      : Routed
| Temperature Grade : E
--------------------------------------------------------------------------------------------------------------------------------------------------

Timing Summary Report

------------------------------------------------------------------------------------------------
| Timer Settings
| --------------
------------------------------------------------------------------------------------------------

  Enable Multi Corner Analysis               :  Yes
  Enable Pessimism Removal                   :  Yes
  Pessimism Removal Resolution               :  Nearest Common Node
  Enable Input Delay Default Clock           :  No
  Enable Preset / Clear Arcs                 :  No
  Disable Flight Delays                      :  No
  Ignore I/O Paths                           :  No
  Timing Early Launch at Borrowing Latches   :  No
  Borrow Time for Max Delay Exceptions       :  Yes
  Merge Timing Exceptions                    :  Yes
  Inter-SLR Compensation                     :  Conservative

  Corner  Analyze    Analyze    
  Name    Max Paths  Min Paths  
  ------  ---------  ---------  
  Slow    Yes        Yes        
  Fast    Yes        Yes        


------------------------------------------------------------------------------------------------
| Report Methodology
| ------------------
------------------------------------------------------------------------------------------------

Rule       Severity  Description                                 Violations  
---------  --------  ------------------------------------------  ----------  
SYNTH-6    Warning   Timing of a RAM block might be sub-optimal  2           
TIMING-18  Warning   Missing input or output delay               88          

Note: This report is based on the most recent report_methodology run and may not be up-to-date. Run report_methodology on the current design for the latest report.



check_timing report

Table of Contents
-----------------
1. checking no_clock (0)
2. checking constant_clock (0)
3. checking pulse_width_clock (0)
4. checking unconstrained_internal_endpoints (0)
5. checking no_input_delay (56)
6. checking no_output_delay (33)
7. checking multiple_clock (0)
8. checking generated_clocks (0)
9. checking loops (0)
10. checking partial_input_delay (0)
11. checking partial_output_delay (0)
12. checking latch_loops (0)

1. checking no_clock (0)
------------------------
 There are 0 register/latch pins with no clock.


2. checking constant_clock (0)
------------------------------
 There are 0 register/latch pins with constant_clock.


3. checking pulse_width_clock (0)
---------------------------------
 There are 0 register/latch pins which need pulse_width check


4. checking unconstrained_internal_endpoints (0)
------------------------------------------------
 There are 0 pins that are not constrained for maximum delay.

 There are 0 pins that are not constrained for maximum delay due to constant clock.


5. checking no_input_delay (56)
-------------------------------
 There are 55 input ports with no input delay specified. (HIGH)

 There is 1 input port with no input delay but user has a false path constraint. (MEDIUM)


6. checking no_output_delay (33)
--------------------------------
 There are 33 ports with no output delay specified. (HIGH)

 There are 0 ports with no output delay but user has a false path constraint

 There are 0 ports with no output delay but with a timing clock defined on it or propagating through it


7. checking multiple_clock (0)
------------------------------
 There are 0 register/latch pins with multiple clocks.


8. checking generated_clocks (0)
--------------------------------
 There are 0 generated clocks that are not connected to a clock source.


9. checking loops (0)
---------------------
 There are 0 combinational loops in the design.


10. checking partial_input_delay (0)
------------------------------------
 There are 0 input ports with partial input delay specified.


11. checking partial_output_delay (0)
-------------------------------------
 There are 0 ports with partial output delay specified.


12. checking latch_loops (0)
----------------------------
 There are 0 combinational latch loops in the design through latch input



------------------------------------------------------------------------------------------------
| Design Timing Summary
| ---------------------
------------------------------------------------------------------------------------------------

    WNS(ns)      TNS(ns)  TNS Failing Endpoints  TNS Total Endpoints      WHS(ns)      THS(ns)  THS Failing Endpoints  THS Total Endpoints     WPWS(ns)     TPWS(ns)  TPWS Failing Endpoints  TPWS Total Endpoints  
    -------      -------  ---------------------  -------------------      -------      -------  ---------------------  -------------------     --------     --------  ----------------------  --------------------  
     72.958        0.000                      0                  493        0.041        0.000                      0                  493        4.505        0.000                       0                   196  


All user specified timing constraints are met.


------------------------------------------------------------------------------------------------
| Clock Summary
| -------------
------------------------------------------------------------------------------------------------

Clock    Waveform(ns)         Period(ns)      Frequency(MHz)
-----    ------------         ----------      --------------
sys_clk  {0.000 5.000}        100.000         10.000          


------------------------------------------------------------------------------------------------
| Intra Clock Table
| -----------------
------------------------------------------------------------------------------------------------

Clock             WNS(ns)      TNS(ns)  TNS Failing Endpoints  TNS Total Endpoints      WHS(ns)      THS(ns)  THS Failing Endpoints  THS Total Endpoints     WPWS(ns)     TPWS(ns)  TPWS Failing Endpoints  TPWS Total Endpoints  
-----             -------      -------  ---------------------  -------------------      -------      -------  ---------------------  -------------------     --------     --------  ----------------------  --------------------  
sys_clk            72.958        0.000                      0                  493        0.041        0.000                      0                  493        4.505        0.000                       0                   196  


------------------------------------------------------------------------------------------------
| Inter Clock Table
| -----------------
------------------------------------------------------------------------------------------------

From Clock    To Clock          WNS(ns)      TNS(ns)  TNS Failing Endpoints  TNS Total Endpoints      WHS(ns)      THS(ns)  THS Failing Endpoints  THS Total Endpoints  
----------    --------          -------      -------  ---------------------  -------------------      -------      -------  ---------------------  -------------------  


------------------------------------------------------------------------------------------------
| Other Path Groups Table
| -----------------------
------------------------------------------------------------------------------------------------

Path Group    From Clock    To Clock          WNS(ns)      TNS(ns)  TNS Failing Endpoints  TNS Total Endpoints      WHS(ns)      THS(ns)  THS Failing Endpoints  THS Total Endpoints  
----------    ----------    --------          -------      -------  ---------------------  -------------------      -------      -------  ---------------------  -------------------  


------------------------------------------------------------------------------------------------
| Timing Details
| --------------
------------------------------------------------------------------------------------------------


---------------------------------------------------------------------------------------------------
From Clock:  sys_clk
  To Clock:  sys_clk

Setup :            0  Failing Endpoints,  Worst Slack       72.958ns,  Total Violation        0.000ns
Hold  :            0  Failing Endpoints,  Worst Slack        0.041ns,  Total Violation        0.000ns
PW    :            0  Failing Endpoints,  Worst Slack        4.505ns,  Total Violation        0.000ns
---------------------------------------------------------------------------------------------------


Max Delay Paths
--------------------------------------------------------------------------------------
Slack (MET) :             72.958ns  (required time - arrival time)
  Source:                 tw_addr_r_reg[5]/C
                            (rising edge-triggered cell FDCE clocked by sys_clk  {rise@0.000ns fall@5.000ns period=100.000ns})
  Destination:            y1r_r_reg[14]/D
                            (rising edge-triggered cell FDCE clocked by sys_clk  {rise@0.000ns fall@5.000ns period=100.000ns})
  Path Group:             sys_clk
  Path Type:              Setup (Max at Slow Process Corner)
  Requirement:            100.000ns  (sys_clk rise@100.000ns - sys_clk rise@0.000ns)
  Data Path Delay:        26.910ns  (logic 7.038ns (26.154%)  route 19.872ns (73.846%))
  Logic Levels:           71  (CARRY8=9 LUT2=2 LUT3=10 LUT4=8 LUT5=9 LUT6=32 MUXF7=1)
  Clock Path Skew:        -0.120ns (DCD - SCD + CPR)
    Destination Clock Delay (DCD):    1.482ns = ( 101.482 - 100.000 ) 
    Source Clock Delay      (SCD):    1.861ns
    Clock Pessimism Removal (CPR):    0.259ns
  Clock Uncertainty:      0.035ns  ((TSJ^2 + TIJ^2)^1/2 + DJ) / 2 + PE
    Total System Jitter     (TSJ):    0.071ns
    Total Input Jitter      (TIJ):    0.000ns
    Discrete Jitter          (DJ):    0.000ns
    Phase Error              (PE):    0.000ns
  Clock Net Delay (Source):      1.036ns (routing 0.156ns, distribution 0.880ns)
  Clock Net Delay (Destination): 0.901ns (routing 0.141ns, distribution 0.760ns)

    Location             Delay type                Incr(ns)  Path(ns)    Netlist Resource(s)
  -------------------------------------------------------------------    -------------------
                         (clock sys_clk rise edge)    0.000     0.000 r  
    C3                                                0.000     0.000 r  clk (IN)
                         net (fo=0)                   0.000     0.000    clk_IBUF_inst/I
    C3                   INBUF (Prop_INBUF_HPIOB_M_PAD_O)
                                                      0.472     0.472 r  clk_IBUF_inst/INBUF_INST/O
                         net (fo=1, routed)           0.000     0.472    clk_IBUF_inst/OUT
    C3                   IBUFCTRL (Prop_IBUFCTRL_HPIOB_M_I_O)
                                                      0.000     0.472 r  clk_IBUF_inst/IBUFCTRL_INST/O
                         net (fo=1, routed)           0.325     0.797    clk_IBUF
    BUFGCE_X0Y90         BUFGCE (Prop_BUFCE_BUFGCE_I_O)
                                                      0.028     0.825 r  clk_IBUF_BUFG_inst/O
    X1Y3 (CLOCK_ROOT)    net (fo=195, routed)         1.036     1.861    clk_IBUF_BUFG
    SLICE_X24Y174        FDCE                                         r  tw_addr_r_reg[5]/C
  -------------------------------------------------------------------    -------------------
    SLICE_X24Y174        FDCE (Prop_FFF2_SLICEM_C_Q)
                                                      0.069     1.930 r  tw_addr_r_reg[5]/Q
                         net (fo=99, routed)          0.998     2.927    BF/M3/y0r_r[15]_i_286[5]
    SLICE_X27Y164        LUT6 (Prop_H6LUT_SLICEL_I5_O)
                                                      0.082     3.009 r  BF/M3/g4_b0__0/O
                         net (fo=1, routed)           0.013     3.022    BF/M3/g4_b0__0_n_0
    SLICE_X27Y164        MUXF7 (Prop_F7MUX_GH_SLICEL_I0_O)
                                                      0.055     3.077 r  BF/M3/y0r_r_reg[15]_i_417/O
                         net (fo=1, routed)           0.224     3.301    BF/M3/y0r_r_reg[15]_i_417_n_0
    SLICE_X27Y164        LUT6 (Prop_D6LUT_SLICEL_I1_O)
                                                      0.133     3.434 r  BF/M3/y0r_r[15]_i_186/O
                         net (fo=16, routed)          0.356     3.790    BF/M3/tw_addr_r_reg[8]_3[0]
    SLICE_X24Y166        LUT5 (Prop_G6LUT_SLICEM_I0_O)
                                                      0.089     3.879 f  BF/M3/y0r_r[15]_i_1141/O
                         net (fo=12, routed)          0.288     4.168    BF/M3/y0r_r[15]_i_1141_n_0
    SLICE_X25Y163        LUT6 (Prop_F6LUT_SLICEM_I3_O)
                                                      0.088     4.256 f  BF/M3/y0r_r[15]_i_816/O
                         net (fo=15, routed)          0.315     4.571    BF/M3/tw_addr_r_reg[8]_2
    SLICE_X23Y164        LUT6 (Prop_G6LUT_SLICEL_I1_O)
                                                      0.134     4.705 f  BF/M3/y0r_r[15]_i_1146/O
                         net (fo=13, routed)          0.261     4.966    BF/M3/y0r_r[15]_i_1146_n_0
    SLICE_X24Y162        LUT3 (Prop_D5LUT_SLICEM_I2_O)
                                                      0.119     5.085 r  BF/M3/y0r_r[15]_i_835/O
                         net (fo=4, routed)           0.169     5.254    BF/M3/y0r_r[15]_i_1146_0
    SLICE_X24Y162        LUT6 (Prop_B6LUT_SLICEM_I5_O)
                                                      0.031     5.285 r  BF/M3/y0r_r[15]_i_806/O
                         net (fo=19, routed)          1.596     6.881    BF/M3/tw_addr_r_reg[8]_1
    SLICE_X22Y162        LUT6 (Prop_H6LUT_SLICEL_I5_O)
                                                      0.049     6.930 r  BF/M3/y0r_r[15]_i_1548/O
                         net (fo=36, routed)          1.024     7.955    BF/M2/f_wi[3]
    SLICE_X14Y154        LUT2 (Prop_A6LUT_SLICEL_I1_O)
                                                      0.135     8.090 f  BF/M2/y0r_r[15]_i_1543/O
                         net (fo=3, routed)           0.157     8.247    BF/M2/y0r_r[15]_i_1543_n_0
    SLICE_X14Y158        LUT3 (Prop_H6LUT_SLICEL_I2_O)
                                                      0.135     8.382 r  BF/M2/y0r_r[15]_i_1224/O
                         net (fo=1, routed)           0.349     8.731    BF/M2/y0r_r[15]_i_1224_n_0
    SLICE_X13Y156        CARRY8 (Prop_CARRY8_SLICEM_DI[5]_CO[7])
                                                      0.067     8.798 r  BF/M2/y0r_r_reg[15]_i_900/CO[7]
                         net (fo=1, routed)           0.023     8.821    BF/M2/y0r_r_reg[15]_i_900_n_0
    SLICE_X13Y157        CARRY8 (Prop_CARRY8_SLICEM_CI_O[0])
                                                      0.050     8.871 r  BF/M2/y0r_r_reg[15]_i_972/O[0]
                         net (fo=3, routed)           0.258     9.129    BF/M2/y0r_r_reg[15]_i_972_n_15
    SLICE_X15Y157        LUT3 (Prop_A6LUT_SLICEL_I0_O)
                                                      0.082     9.211 r  BF/M2/y0r_r[15]_i_980/O
                         net (fo=2, routed)           0.171     9.382    BF/M2/y0r_r[15]_i_980_n_0
    SLICE_X15Y157        LUT5 (Prop_G5LUT_SLICEL_I1_O)
                                                      0.143     9.525 r  BF/M2/y0r_r[15]_i_736/O
                         net (fo=2, routed)           0.222     9.747    BF/M2/y0r_r[15]_i_736_n_0
    SLICE_X14Y157        LUT6 (Prop_B6LUT_SLICEL_I0_O)
                                                      0.090     9.837 r  BF/M2/y0r_r[15]_i_744/O
                         net (fo=1, routed)           0.012     9.849    BF/M2/y0r_r[15]_i_744_n_0
    SLICE_X14Y157        CARRY8 (Prop_CARRY8_SLICEL_S[1]_CO[7])
                                                      0.166    10.015 r  BF/M2/y0r_r_reg[15]_i_449/CO[7]
                         net (fo=1, routed)           0.023    10.038    BF/M2/y0r_r_reg[15]_i_449_n_0
    SLICE_X14Y158        CARRY8 (Prop_CARRY8_SLICEL_CI_O[3])
                                                      0.072    10.110 r  BF/M2/y0r_r_reg[15]_i_520/O[3]
                         net (fo=6, routed)           0.474    10.584    BF/M2/y0r_r_reg[15]_i_520_n_12
    SLICE_X20Y174        LUT2 (Prop_C5LUT_SLICEM_I1_O)
                                                      0.098    10.682 r  BF/M2/y0r_r[15]_i_366/O
                         net (fo=20, routed)          0.519    11.201    BF/M2/y0r_r[15]_i_366_n_0
    SLICE_X14Y172        LUT4 (Prop_D6LUT_SLICEL_I1_O)
                                                      0.089    11.290 r  BF/M2/y0r_r[15]_i_216/O
                         net (fo=8, routed)           0.250    11.541    BF/M2/mm2[7]
    SLICE_X16Y173        LUT4 (Prop_D6LUT_SLICEL_I0_O)
                                                      0.133    11.674 r  BF/M2/y0r_r[15]_i_299/O
                         net (fo=1, routed)           0.012    11.686    BF/M1/y0r_r[15]_i_37[3]
    SLICE_X16Y173        CARRY8 (Prop_CARRY8_SLICEL_S[3]_CO[7])
                                                      0.143    11.829 f  BF/M1/y0r_r_reg[15]_i_111/CO[7]
                         net (fo=2, routed)           0.321    12.150    BF/M2/y0r_r[15]_i_223_0[0]
    SLICE_X19Y174        LUT6 (Prop_H6LUT_SLICEL_I4_O)
                                                      0.082    12.232 r  BF/M2/y0r_r[15]_i_37/O
                         net (fo=58, routed)          0.566    12.797    BF/M2/y0r_r[15]_i_112_0
    SLICE_X19Y175        LUT5 (Prop_D5LUT_SLICEL_I2_O)
                                                      0.120    12.917 r  BF/M2/y0r_r[15]_i_225/O
                         net (fo=1, routed)           0.210    13.127    BF/M2/y0r_r[15]_i_225_n_0
    SLICE_X19Y175        LUT6 (Prop_E6LUT_SLICEL_I0_O)
                                                      0.134    13.261 r  BF/M2/y0r_r[15]_i_80/O
                         net (fo=55, routed)          0.317    13.578    BF/M2/y0r_r[15]_i_229_0
    SLICE_X14Y176        LUT6 (Prop_G6LUT_SLICEL_I0_O)
                                                      0.134    13.712 r  BF/M2/y0r_r[15]_i_652/O
                         net (fo=2, routed)           0.134    13.846    BF/M2/SUB_Tr/mant_s[9]
    SLICE_X15Y177        LUT4 (Prop_B6LUT_SLICEL_I0_O)
                                                      0.114    13.960 r  BF/M2/y0r_r[15]_i_584/O
                         net (fo=1, routed)           0.012    13.972    BF/M1/y0r_r[15]_i_853_1[1]
    SLICE_X15Y177        CARRY8 (Prop_CARRY8_SLICEL_S[1]_O[5])
                                                      0.208    14.180 r  BF/M1/y0r_r_reg[15]_i_332/O[5]
                         net (fo=8, routed)           0.514    14.694    BF/M1/y0r_r_reg[15]_i_332_n_10
    SLICE_X13Y178        LUT5 (Prop_C5LUT_SLICEM_I1_O)
                                                      0.121    14.815 r  BF/M1/y0r_r[15]_i_881/O
                         net (fo=5, routed)           0.136    14.951    BF/M1/y0r_r[15]_i_881_n_0
    SLICE_X13Y177        LUT6 (Prop_G6LUT_SLICEM_I3_O)
                                                      0.047    14.998 r  BF/M1/y0r_r[15]_i_859/O
                         net (fo=3, routed)           0.157    15.155    BF/M1/y0r_r[15]_i_859_n_0
    SLICE_X13Y178        LUT5 (Prop_D5LUT_SLICEM_I2_O)
                                                      0.061    15.216 r  BF/M1/y0r_r[15]_i_575/O
                         net (fo=2, routed)           0.128    15.344    BF/M1/y0r_r[15]_i_575_n_0
    SLICE_X13Y177        LUT3 (Prop_C5LUT_SLICEM_I1_O)
                                                      0.098    15.442 f  BF/M1/y0r_r[15]_i_330/O
                         net (fo=8, routed)           0.136    15.578    BF/M1/y0r_r[15]_i_330_n_0
    SLICE_X13Y178        LUT3 (Prop_E6LUT_SLICEM_I0_O)
                                                      0.081    15.659 r  BF/M1/y0r_r[15]_i_611/O
                         net (fo=6, routed)           0.404    16.063    BF/M1/y0r_r[15]_i_611_n_0
    SLICE_X18Y178        LUT6 (Prop_H6LUT_SLICEM_I0_O)
                                                      0.082    16.145 r  BF/M1/y0r_r[15]_i_860/O
                         net (fo=1, routed)           0.040    16.185    BF/M1/y0r_r[15]_i_860_n_0
    SLICE_X18Y178        LUT3 (Prop_F6LUT_SLICEM_I1_O)
                                                      0.081    16.266 r  BF/M1/y0r_r[15]_i_577/O
                         net (fo=1, routed)           0.081    16.347    BF/M1/y0r_r[15]_i_577_n_0
    SLICE_X19Y178        LUT6 (Prop_G6LUT_SLICEL_I2_O)
                                                      0.089    16.436 r  BF/M1/y0r_r[15]_i_331/O
                         net (fo=16, routed)          0.336    16.772    BF/M1/y1r_r[15]_i_88
    SLICE_X16Y179        LUT3 (Prop_G6LUT_SLICEL_I1_O)
                                                      0.114    16.886 r  BF/M1/y0r_r[15]_i_363/O
                         net (fo=19, routed)          0.366    17.252    BF/M1/y0r_r[15]_i_363_n_0
    SLICE_X13Y180        LUT4 (Prop_C5LUT_SLICEM_I1_O)
                                                      0.121    17.373 f  BF/M1/y0r_r[15]_i_921/O
                         net (fo=1, routed)           0.193    17.566    BF/M1/y0r_r[15]_i_921_n_0
    SLICE_X13Y180        LUT6 (Prop_G6LUT_SLICEM_I5_O)
                                                      0.047    17.613 f  BF/M1/y0r_r[15]_i_668/O
                         net (fo=2, routed)           0.288    17.901    BF/M1/y0r_r[15]_i_668_n_0
    SLICE_X14Y179        LUT6 (Prop_E6LUT_SLICEL_I0_O)
                                                      0.047    17.948 r  BF/M1/y0r_r[15]_i_378/O
                         net (fo=13, routed)          0.468    18.416    BF/M1/m_tr[8]
    SLICE_X17Y188        LUT4 (Prop_D6LUT_SLICEM_I2_O)
                                                      0.113    18.529 r  BF/M1/y1r_r[15]_i_139/O
                         net (fo=1, routed)           0.029    18.558    BF/M1/y1r_r[15]_i_139_n_0
    SLICE_X17Y188        CARRY8 (Prop_CARRY8_SLICEM_S[3]_CO[6])
                                                      0.141    18.699 f  BF/M1/y1r_r_reg[15]_i_91/CO[6]
                         net (fo=1, routed)           0.360    19.059    BF/M2/y1r_r[15]_i_10_0[0]
    SLICE_X19Y179        LUT6 (Prop_F6LUT_SLICEL_I5_O)
                                                      0.088    19.147 r  BF/M2/y1r_r[15]_i_33/O
                         net (fo=1, routed)           0.357    19.504    BF/M1/y1r_r[14]_i_35
    SLICE_X14Y186        LUT6 (Prop_H6LUT_SLICEL_I3_O)
                                                      0.032    19.536 r  BF/M1/y1r_r[15]_i_10/O
                         net (fo=60, routed)          0.313    19.849    BF/M1/y1r_r[15]_i_35_0
    SLICE_X17Y189        LUT3 (Prop_C5LUT_SLICEM_I2_O)
                                                      0.121    19.970 r  BF/M1/y1r_r[15]_i_95/O
                         net (fo=11, routed)          0.253    20.222    BF/M1/y1r_r[15]_i_95_n_0
    SLICE_X15Y187        LUT4 (Prop_B5LUT_SLICEL_I1_O)
                                                      0.105    20.327 r  BF/M1/y1r_r[15]_i_73/O
                         net (fo=21, routed)          0.200    20.527    BF/M1/y1r_r[15]_i_73_n_0
    SLICE_X15Y189        LUT6 (Prop_C6LUT_SLICEL_I4_O)
                                                      0.133    20.660 r  BF/M1/y1r_r[15]_i_43/O
                         net (fo=2, routed)           0.275    20.935    BF/M1/y1r_r[15]_i_43_n_0
    SLICE_X15Y189        LUT6 (Prop_H6LUT_SLICEL_I1_O)
                                                      0.114    21.049 r  BF/M1/y1r_r[15]_i_13/O
                         net (fo=6, routed)           0.150    21.198    BF/M1/y1r_r[15]_i_13_n_0
    SLICE_X14Y188        LUT6 (Prop_B6LUT_SLICEL_I1_O)
                                                      0.135    21.333 r  BF/M1/y1r_r[14]_i_125/O
                         net (fo=1, routed)           0.152    21.485    BF/M1/y1r_r[14]_i_125_n_0
    SLICE_X15Y190        CARRY8 (Prop_CARRY8_SLICEL_DI[2]_CO[7])
                                                      0.089    21.574 r  BF/M1/y1r_r_reg[14]_i_71/CO[7]
                         net (fo=1, routed)           0.023    21.597    BF/M1/y1r_r_reg[14]_i_71_n_0
    SLICE_X15Y191        CARRY8 (Prop_CARRY8_SLICEL_CI_O[3])
                                                      0.072    21.669 f  BF/M1/y1r_r_reg[14]_i_45/O[3]
                         net (fo=6, routed)           0.486    22.156    BF/M1/y1r_r_reg[14]_i_45_n_12
    SLICE_X20Y191        LUT5 (Prop_C6LUT_SLICEM_I0_O)
                                                      0.047    22.203 f  BF/M1/y1r_r[14]_i_137/O
                         net (fo=7, routed)           0.202    22.405    BF/M1/y1r_r[14]_i_137_n_0
    SLICE_X20Y191        LUT5 (Prop_D5LUT_SLICEM_I3_O)
                                                      0.119    22.524 f  BF/M1/y1r_r[14]_i_163/O
                         net (fo=1, routed)           0.233    22.757    BF/M1/y1r_r[14]_i_163_n_0
    SLICE_X19Y192        LUT6 (Prop_G6LUT_SLICEL_I0_O)
                                                      0.134    22.891 f  BF/M1/y1r_r[14]_i_143/O
                         net (fo=1, routed)           0.041    22.932    BF/M1/y1r_r[14]_i_143_n_0
    SLICE_X19Y192        LUT6 (Prop_F6LUT_SLICEL_I5_O)
                                                      0.088    23.020 r  BF/M1/y1r_r[14]_i_95/O
                         net (fo=2, routed)           0.135    23.155    BF/M1/y1r_r[14]_i_95_n_0
    SLICE_X20Y192        LUT3 (Prop_C6LUT_SLICEM_I2_O)
                                                      0.047    23.202 r  BF/M1/y1r_r[14]_i_55/O
                         net (fo=7, routed)           0.176    23.378    BF/M1/y1r_r[14]_i_55_n_0
    SLICE_X18Y190        LUT6 (Prop_H6LUT_SLICEM_I5_O)
                                                      0.138    23.516 r  BF/M1/y1r_r[14]_i_97/O
                         net (fo=2, routed)           0.158    23.674    BF/M1/y1r_r[14]_i_97_n_0
    SLICE_X19Y190        LUT3 (Prop_D5LUT_SLICEL_I0_O)
                                                      0.061    23.735 f  BF/M1/y1r_r[14]_i_57/O
                         net (fo=1, routed)           0.177    23.912    BF/M1/y1r_r[14]_i_57_n_0
    SLICE_X19Y190        LUT6 (Prop_G6LUT_SLICEL_I1_O)
                                                      0.134    24.046 r  BF/M1/y1r_r[14]_i_26/O
                         net (fo=8, routed)           0.149    24.195    BF/M1/y1r_r[14]_i_26_n_0
    SLICE_X19Y191        LUT4 (Prop_D5LUT_SLICEL_I2_O)
                                                      0.086    24.281 f  BF/M1/y1r_r[14]_i_32/O
                         net (fo=13, routed)          0.318    24.599    BF/M1/y1r_r[14]_i_32_n_0
    SLICE_X17Y191        LUT6 (Prop_G6LUT_SLICEM_I1_O)
                                                      0.031    24.630 r  BF/M1/y1r_r[14]_i_36/O
                         net (fo=1, routed)           0.085    24.715    BF/M1/y1r_r[14]_i_36_n_0
    SLICE_X17Y192        LUT4 (Prop_G6LUT_SLICEM_I2_O)
                                                      0.047    24.762 f  BF/M1/y1r_r[14]_i_13/O
                         net (fo=25, routed)          0.468    25.230    BF/M1/sc_y1r[6]
    SLICE_X21Y194        LUT5 (Prop_B6LUT_SLICEM_I0_O)
                                                      0.114    25.344 r  BF/M1/y1r_r[1]_i_11/O
                         net (fo=28, routed)          0.435    25.779    BF/M1/y1r_r[1]_i_11_n_0
    SLICE_X19Y197        LUT6 (Prop_G6LUT_SLICEL_I5_O)
                                                      0.089    25.868 r  BF/M1/y1r_r[3]_i_19/O
                         net (fo=2, routed)           0.136    26.004    BF/M1/y1r_r[3]_i_19_n_0
    SLICE_X19Y196        LUT6 (Prop_E6LUT_SLICEL_I5_O)
                                                      0.089    26.093 r  BF/M1/y1r_r[3]_i_6/O
                         net (fo=11, routed)          1.216    27.309    BF/M1/y1r_r[3]_i_6_n_0
    SLICE_X21Y195        LUT6 (Prop_H6LUT_SLICEM_I2_O)
                                                      0.115    27.424 r  BF/M1/y1r_r[11]_i_12/O
                         net (fo=1, routed)           0.374    27.798    BF/M1/y1r_r[11]_i_12_n_0
    SLICE_X23Y196        LUT6 (Prop_E6LUT_SLICEL_I4_O)
                                                      0.082    27.880 f  BF/M1/y1r_r[11]_i_9/O
                         net (fo=1, routed)           0.054    27.934    BF/M1/y1r_r[11]_i_9_n_0
    SLICE_X23Y196        LUT6 (Prop_F6LUT_SLICEL_I0_O)
                                                      0.133    28.067 f  BF/M1/y1r_r[11]_i_7/O
                         net (fo=2, routed)           0.101    28.168    BF/M1/y1r_r[11]_i_7_n_0
    SLICE_X24Y196        LUT6 (Prop_D6LUT_SLICEM_I3_O)
                                                      0.113    28.281 r  BF/M1/y1r_r[11]_i_2/O
                         net (fo=4, routed)           0.187    28.468    BF/M1/y1r_r[11]_i_2_n_0
    SLICE_X24Y194        LUT5 (Prop_E6LUT_SLICEM_I2_O)
                                                      0.114    28.582 r  BF/M1/y1r_r[14]_i_2/O
                         net (fo=1, routed)           0.043    28.625    BF/M1/y1r_r[14]_i_2_n_0
    SLICE_X24Y194        LUT6 (Prop_C6LUT_SLICEM_I1_O)
                                                      0.081    28.706 r  BF/M1/y1r_r[14]_i_1/O
                         net (fo=1, routed)           0.065    28.771    y1r[14]
    SLICE_X24Y194        FDCE                                         r  y1r_r_reg[14]/D
  -------------------------------------------------------------------    -------------------

                         (clock sys_clk rise edge)  100.000   100.000 r  
    C3                                                0.000   100.000 r  clk (IN)
                         net (fo=0)                   0.000   100.000    clk_IBUF_inst/I
    C3                   INBUF (Prop_INBUF_HPIOB_M_PAD_O)
                                                      0.268   100.268 r  clk_IBUF_inst/INBUF_INST/O
                         net (fo=1, routed)           0.000   100.268    clk_IBUF_inst/OUT
    C3                   IBUFCTRL (Prop_IBUFCTRL_HPIOB_M_I_O)
                                                      0.000   100.268 r  clk_IBUF_inst/IBUFCTRL_INST/O
                         net (fo=1, routed)           0.288   100.556    clk_IBUF
    BUFGCE_X0Y90         BUFGCE (Prop_BUFCE_BUFGCE_I_O)
                                                      0.024   100.580 r  clk_IBUF_BUFG_inst/O
    X1Y3 (CLOCK_ROOT)    net (fo=195, routed)         0.901   101.482    clk_IBUF_BUFG
    SLICE_X24Y194        FDCE                                         r  y1r_r_reg[14]/C
                         clock pessimism              0.259   101.741    
                         clock uncertainty           -0.035   101.705    
    SLICE_X24Y194        FDCE (Setup_CFF_SLICEM_C_D)
                                                      0.023   101.728    y1r_r_reg[14]
  -------------------------------------------------------------------
                         required time                        101.728    
                         arrival time                         -28.771    
  -------------------------------------------------------------------
                         slack                                 72.958    





Min Delay Paths
--------------------------------------------------------------------------------------
Slack (MET) :             0.041ns  (arrival time - required time)
  Source:                 stage_reg[7]/C
                            (rising edge-triggered cell FDCE clocked by sys_clk  {rise@0.000ns fall@5.000ns period=100.000ns})
  Destination:            stage_reg[8]/D
                            (rising edge-triggered cell FDCE clocked by sys_clk  {rise@0.000ns fall@5.000ns period=100.000ns})
  Path Group:             sys_clk
  Path Type:              Hold (Min at Fast Process Corner)
  Requirement:            0.000ns  (sys_clk rise@0.000ns - sys_clk rise@0.000ns)
  Data Path Delay:        0.094ns  (logic 0.060ns (64.046%)  route 0.034ns (35.954%))
  Logic Levels:           1  (LUT5=1)
  Clock Path Skew:        0.006ns (DCD - SCD - CPR)
    Destination Clock Delay (DCD):    1.310ns
    Source Clock Delay      (SCD):    0.992ns
    Clock Pessimism Removal (CPR):    0.312ns
  Clock Net Delay (Source):      0.652ns (routing 0.096ns, distribution 0.556ns)
  Clock Net Delay (Destination): 0.744ns (routing 0.108ns, distribution 0.636ns)

    Location             Delay type                Incr(ns)  Path(ns)    Netlist Resource(s)
  -------------------------------------------------------------------    -------------------
                         (clock sys_clk rise edge)    0.000     0.000 r  
    C3                                                0.000     0.000 r  clk (IN)
                         net (fo=0)                   0.000     0.000    clk_IBUF_inst/I
    C3                   INBUF (Prop_INBUF_HPIOB_M_PAD_O)
                                                      0.172     0.172 r  clk_IBUF_inst/INBUF_INST/O
                         net (fo=1, routed)           0.000     0.172    clk_IBUF_inst/OUT
    C3                   IBUFCTRL (Prop_IBUFCTRL_HPIOB_M_I_O)
                                                      0.000     0.172 r  clk_IBUF_inst/IBUFCTRL_INST/O
                         net (fo=1, routed)           0.151     0.323    clk_IBUF
    BUFGCE_X0Y90         BUFGCE (Prop_BUFCE_BUFGCE_I_O)
                                                      0.017     0.340 r  clk_IBUF_BUFG_inst/O
    X1Y3 (CLOCK_ROOT)    net (fo=195, routed)         0.652     0.992    clk_IBUF_BUFG
    SLICE_X26Y185        FDCE                                         r  stage_reg[7]/C
  -------------------------------------------------------------------    -------------------
    SLICE_X26Y185        FDCE (Prop_BFF_SLICEL_C_Q)
                                                      0.039     1.031 r  stage_reg[7]/Q
                         net (fo=4, routed)           0.027     1.058    stage_reg_n_0_[7]
    SLICE_X26Y185        LUT5 (Prop_B5LUT_SLICEL_I2_O)
                                                      0.021     1.079 r  stage[8]_i_1/O
                         net (fo=1, routed)           0.007     1.086    stage[8]_i_1_n_0
    SLICE_X26Y185        FDCE                                         r  stage_reg[8]/D
  -------------------------------------------------------------------    -------------------

                         (clock sys_clk rise edge)    0.000     0.000 r  
    C3                                                0.000     0.000 r  clk (IN)
                         net (fo=0)                   0.000     0.000    clk_IBUF_inst/I
    C3                   INBUF (Prop_INBUF_HPIOB_M_PAD_O)
                                                      0.358     0.358 r  clk_IBUF_inst/INBUF_INST/O
                         net (fo=1, routed)           0.000     0.358    clk_IBUF_inst/OUT
    C3                   IBUFCTRL (Prop_IBUFCTRL_HPIOB_M_I_O)
                                                      0.000     0.358 r  clk_IBUF_inst/IBUFCTRL_INST/O
                         net (fo=1, routed)           0.189     0.547    clk_IBUF
    BUFGCE_X0Y90         BUFGCE (Prop_BUFCE_BUFGCE_I_O)
                                                      0.019     0.566 r  clk_IBUF_BUFG_inst/O
    X1Y3 (CLOCK_ROOT)    net (fo=195, routed)         0.744     1.310    clk_IBUF_BUFG
    SLICE_X26Y185        FDCE                                         r  stage_reg[8]/C
                         clock pessimism             -0.312     0.998    
    SLICE_X26Y185        FDCE (Hold_BFF2_SLICEL_C_D)
                                                      0.047     1.045    stage_reg[8]
  -------------------------------------------------------------------
                         required time                         -1.045    
                         arrival time                           1.086    
  -------------------------------------------------------------------
                         slack                                  0.041    





Pulse Width Checks
--------------------------------------------------------------------------------------
Clock Name:         sys_clk
Waveform(ns):       { 0.000 5.000 }
Period(ns):         100.000
Sources:            { clk }

Check Type        Corner  Lib Pin             Reference Pin  Required(ns)  Actual(ns)  Slack(ns)  Location      Pin
Min Period        n/a     RAMB18E2/CLKARDCLK  n/a            1.392         100.000     98.608     RAMB18_X0Y80  RAM/imag_mem_reg_bram_0/CLKARDCLK
Low Pulse Width   Slow    RAMB18E2/CLKARDCLK  n/a            0.495         95.000      94.505     RAMB18_X0Y80  RAM/imag_mem_reg_bram_0/CLKARDCLK
High Pulse Width  Slow    RAMB18E2/CLKARDCLK  n/a            0.495         5.000       4.505      RAMB18_X0Y80  RAM/imag_mem_reg_bram_0/CLKARDCLK



