Copyright 1986-2022 Xilinx, Inc. All Rights Reserved. Copyright 2022-2025 Advanced Micro Devices, Inc. All Rights Reserved.
--------------------------------------------------------------------------------------------------------------------------------------------------
| Tool Version      : Vivado v.2025.2 (win64) Build 6299465 Fri Nov 14 19:35:11 GMT 2025
| Date              : Fri Jun 12 02:02:36 2026
| Host              : LAPTOP-MHFLAL5K running 64-bit major release  (build 9200)
| Command           : report_timing_summary -file C:/SRIP/reports2/timing_summary_P12E1.rpt
| Design            : fft16_top_fused
| Device            : xczu5ev-sfvc784
| Speed File        : -3  PRODUCTION 1.30 05-15-2022
| Design State      : Routed
| Temperature Grade : E
--------------------------------------------------------------------------------------------------------------------------------------------------

Timing Summary Report

------------------------------------------------------------------------------------------------
| Timer Settings
| --------------
------------------------------------------------------------------------------------------------

  Enable Multi Corner Analysis               :  Yes
  Enable Pessimism Removal                   :  Yes
  Pessimism Removal Resolution               :  Nearest Common Node
  Enable Input Delay Default Clock           :  No
  Enable Preset / Clear Arcs                 :  No
  Disable Flight Delays                      :  No
  Ignore I/O Paths                           :  No
  Timing Early Launch at Borrowing Latches   :  No
  Borrow Time for Max Delay Exceptions       :  Yes
  Merge Timing Exceptions                    :  Yes
  Inter-SLR Compensation                     :  Conservative

  Corner  Analyze    Analyze    
  Name    Max Paths  Min Paths  
  ------  ---------  ---------  
  Slow    Yes        Yes        
  Fast    Yes        Yes        


------------------------------------------------------------------------------------------------
| Report Methodology
| ------------------
------------------------------------------------------------------------------------------------

Rule       Severity  Description                                 Violations  
---------  --------  ------------------------------------------  ----------  
SYNTH-6    Warning   Timing of a RAM block might be sub-optimal  2           
TIMING-18  Warning   Missing input or output delay               72          

Note: This report is based on the most recent report_methodology run and may not be up-to-date. Run report_methodology on the current design for the latest report.



check_timing report

Table of Contents
-----------------
1. checking no_clock (0)
2. checking constant_clock (0)
3. checking pulse_width_clock (0)
4. checking unconstrained_internal_endpoints (0)
5. checking no_input_delay (48)
6. checking no_output_delay (25)
7. checking multiple_clock (0)
8. checking generated_clocks (0)
9. checking loops (0)
10. checking partial_input_delay (0)
11. checking partial_output_delay (0)
12. checking latch_loops (0)

1. checking no_clock (0)
------------------------
 There are 0 register/latch pins with no clock.


2. checking constant_clock (0)
------------------------------
 There are 0 register/latch pins with constant_clock.


3. checking pulse_width_clock (0)
---------------------------------
 There are 0 register/latch pins which need pulse_width check


4. checking unconstrained_internal_endpoints (0)
------------------------------------------------
 There are 0 pins that are not constrained for maximum delay.

 There are 0 pins that are not constrained for maximum delay due to constant clock.


5. checking no_input_delay (48)
-------------------------------
 There are 47 input ports with no input delay specified. (HIGH)

 There is 1 input port with no input delay but user has a false path constraint. (MEDIUM)


6. checking no_output_delay (25)
--------------------------------
 There are 25 ports with no output delay specified. (HIGH)

 There are 0 ports with no output delay but user has a false path constraint

 There are 0 ports with no output delay but with a timing clock defined on it or propagating through it


7. checking multiple_clock (0)
------------------------------
 There are 0 register/latch pins with multiple clocks.


8. checking generated_clocks (0)
--------------------------------
 There are 0 generated clocks that are not connected to a clock source.


9. checking loops (0)
---------------------
 There are 0 combinational loops in the design.


10. checking partial_input_delay (0)
------------------------------------
 There are 0 input ports with partial input delay specified.


11. checking partial_output_delay (0)
-------------------------------------
 There are 0 ports with partial output delay specified.


12. checking latch_loops (0)
----------------------------
 There are 0 combinational latch loops in the design through latch input



------------------------------------------------------------------------------------------------
| Design Timing Summary
| ---------------------
------------------------------------------------------------------------------------------------

    WNS(ns)      TNS(ns)  TNS Failing Endpoints  TNS Total Endpoints      WHS(ns)      THS(ns)  THS Failing Endpoints  THS Total Endpoints     WPWS(ns)     TPWS(ns)  TPWS Failing Endpoints  TPWS Total Endpoints  
    -------      -------  ---------------------  -------------------      -------      -------  ---------------------  -------------------     --------     --------  ----------------------  --------------------  
     77.372        0.000                      0                  413        0.046        0.000                      0                  413        4.505        0.000                       0                   164  


All user specified timing constraints are met.


------------------------------------------------------------------------------------------------
| Clock Summary
| -------------
------------------------------------------------------------------------------------------------

Clock    Waveform(ns)         Period(ns)      Frequency(MHz)
-----    ------------         ----------      --------------
sys_clk  {0.000 5.000}        100.000         10.000          


------------------------------------------------------------------------------------------------
| Intra Clock Table
| -----------------
------------------------------------------------------------------------------------------------

Clock             WNS(ns)      TNS(ns)  TNS Failing Endpoints  TNS Total Endpoints      WHS(ns)      THS(ns)  THS Failing Endpoints  THS Total Endpoints     WPWS(ns)     TPWS(ns)  TPWS Failing Endpoints  TPWS Total Endpoints  
-----             -------      -------  ---------------------  -------------------      -------      -------  ---------------------  -------------------     --------     --------  ----------------------  --------------------  
sys_clk            77.372        0.000                      0                  413        0.046        0.000                      0                  413        4.505        0.000                       0                   164  


------------------------------------------------------------------------------------------------
| Inter Clock Table
| -----------------
------------------------------------------------------------------------------------------------

From Clock    To Clock          WNS(ns)      TNS(ns)  TNS Failing Endpoints  TNS Total Endpoints      WHS(ns)      THS(ns)  THS Failing Endpoints  THS Total Endpoints  
----------    --------          -------      -------  ---------------------  -------------------      -------      -------  ---------------------  -------------------  


------------------------------------------------------------------------------------------------
| Other Path Groups Table
| -----------------------
------------------------------------------------------------------------------------------------

Path Group    From Clock    To Clock          WNS(ns)      TNS(ns)  TNS Failing Endpoints  TNS Total Endpoints      WHS(ns)      THS(ns)  THS Failing Endpoints  THS Total Endpoints  
----------    ----------    --------          -------      -------  ---------------------  -------------------      -------      -------  ---------------------  -------------------  


------------------------------------------------------------------------------------------------
| Timing Details
| --------------
------------------------------------------------------------------------------------------------


---------------------------------------------------------------------------------------------------
From Clock:  sys_clk
  To Clock:  sys_clk

Setup :            0  Failing Endpoints,  Worst Slack       77.372ns,  Total Violation        0.000ns
Hold  :            0  Failing Endpoints,  Worst Slack        0.046ns,  Total Violation        0.000ns
PW    :            0  Failing Endpoints,  Worst Slack        4.505ns,  Total Violation        0.000ns
---------------------------------------------------------------------------------------------------


Max Delay Paths
--------------------------------------------------------------------------------------
Slack (MET) :             77.372ns  (required time - arrival time)
  Source:                 tw_addr_r_reg[3]/C
                            (rising edge-triggered cell FDCE clocked by sys_clk  {rise@0.000ns fall@5.000ns period=100.000ns})
  Destination:            y1r_r_reg[9]/D
                            (rising edge-triggered cell FDCE clocked by sys_clk  {rise@0.000ns fall@5.000ns period=100.000ns})
  Path Group:             sys_clk
  Path Type:              Setup (Max at Slow Process Corner)
  Requirement:            100.000ns  (sys_clk rise@100.000ns - sys_clk rise@0.000ns)
  Data Path Delay:        22.556ns  (logic 5.939ns (26.330%)  route 16.617ns (73.670%))
  Logic Levels:           59  (CARRY8=7 LUT2=5 LUT3=5 LUT4=5 LUT5=14 LUT6=22 MUXF7=1)
  Clock Path Skew:        -0.060ns (DCD - SCD + CPR)
    Destination Clock Delay (DCD):    1.158ns = ( 101.158 - 100.000 ) 
    Source Clock Delay      (SCD):    1.480ns
    Clock Pessimism Removal (CPR):    0.261ns
  Clock Uncertainty:      0.035ns  ((TSJ^2 + TIJ^2)^1/2 + DJ) / 2 + PE
    Total System Jitter     (TSJ):    0.071ns
    Total Input Jitter      (TIJ):    0.000ns
    Discrete Jitter          (DJ):    0.000ns
    Phase Error              (PE):    0.000ns
  Clock Net Delay (Source):      0.655ns (routing 0.001ns, distribution 0.654ns)
  Clock Net Delay (Destination): 0.578ns (routing 0.001ns, distribution 0.577ns)

    Location             Delay type                Incr(ns)  Path(ns)    Netlist Resource(s)
  -------------------------------------------------------------------    -------------------
                         (clock sys_clk rise edge)    0.000     0.000 r  
    C3                                                0.000     0.000 r  clk (IN)
                         net (fo=0)                   0.000     0.000    clk_IBUF_inst/I
    C3                   INBUF (Prop_INBUF_HPIOB_M_PAD_O)
                                                      0.472     0.472 r  clk_IBUF_inst/INBUF_INST/O
                         net (fo=1, routed)           0.000     0.472    clk_IBUF_inst/OUT
    C3                   IBUFCTRL (Prop_IBUFCTRL_HPIOB_M_I_O)
                                                      0.000     0.472 r  clk_IBUF_inst/IBUFCTRL_INST/O
                         net (fo=1, routed)           0.325     0.797    clk_IBUF
    BUFGCE_X0Y90         BUFGCE (Prop_BUFCE_BUFGCE_I_O)
                                                      0.028     0.825 r  clk_IBUF_BUFG_inst/O
    X1Y3 (CLOCK_ROOT)    net (fo=163, routed)         0.655     1.480    clk_IBUF_BUFG
    SLICE_X26Y206        FDCE                                         r  tw_addr_r_reg[3]/C
  -------------------------------------------------------------------    -------------------
    SLICE_X26Y206        FDCE (Prop_EFF2_SLICEL_C_Q)
                                                      0.071     1.551 r  tw_addr_r_reg[3]/Q
                         net (fo=67, routed)          0.579     2.130    BF/M3/y0r_r[11]_i_1083[3]
    SLICE_X28Y208        LUT6 (Prop_C6LUT_SLICEM_I3_O)
                                                      0.081     2.211 r  BF/M3/g7_b2/O
                         net (fo=1, routed)           0.025     2.236    BF/M3/g7_b2_n_0
    SLICE_X28Y208        MUXF7 (Prop_F7MUX_CD_SLICEM_I1_O)
                                                      0.059     2.295 r  BF/M3/y0r_r_reg[11]_i_604/O
                         net (fo=1, routed)           0.178     2.473    BF/M3/y0r_r_reg[11]_i_604_n_0
    SLICE_X28Y208        LUT6 (Prop_F6LUT_SLICEM_I0_O)
                                                      0.114     2.587 r  BF/M3/y0r_r[11]_i_335/O
                         net (fo=30, routed)          0.872     3.459    BF/M3/wi[2]
    SLICE_X26Y217        LUT5 (Prop_B5LUT_SLICEL_I2_O)
                                                      0.149     3.608 r  BF/M3/y0r_r[11]_i_1253/O
                         net (fo=4, routed)           0.289     3.898    BF/M3/y0r_r[11]_i_1253_n_0
    SLICE_X26Y214        LUT5 (Prop_E6LUT_SLICEL_I4_O)
                                                      0.047     3.945 r  BF/M3/y0r_r[11]_i_1246/O
                         net (fo=1, routed)           0.099     4.044    BF/M3/y0r_r[11]_i_1246_n_0
    SLICE_X26Y215        LUT6 (Prop_H6LUT_SLICEL_I0_O)
                                                      0.135     4.179 r  BF/M3/y0r_r[11]_i_1191/O
                         net (fo=28, routed)          0.761     4.940    BF/M2/y0r_r_reg[11]_i_907_0[3]
    SLICE_X26Y228        LUT6 (Prop_F6LUT_SLICEL_I4_O)
                                                      0.088     5.028 r  BF/M2/y0r_r[11]_i_1093/O
                         net (fo=1, routed)           0.285     5.313    BF/M2/y0r_r[11]_i_1093_n_0
    SLICE_X26Y226        CARRY8 (Prop_CARRY8_SLICEL_DI[2]_O[3])
                                                      0.077     5.390 r  BF/M2/y0r_r_reg[11]_i_907/O[3]
                         net (fo=3, routed)           0.230     5.620    BF/M2/y0r_r_reg[11]_i_907_n_12
    SLICE_X25Y227        LUT3 (Prop_B6LUT_SLICEM_I1_O)
                                                      0.136     5.756 r  BF/M2/y0r_r[11]_i_973/O
                         net (fo=3, routed)           0.112     5.868    BF/M2/y0r_r[11]_i_973_n_0
    SLICE_X25Y227        LUT5 (Prop_A6LUT_SLICEM_I1_O)
                                                      0.136     6.004 r  BF/M2/y0r_r[11]_i_764/O
                         net (fo=2, routed)           0.478     6.482    BF/M2/y0r_r[11]_i_764_n_0
    SLICE_X25Y225        CARRY8 (Prop_CARRY8_SLICEM_DI[4]_CO[7])
                                                      0.081     6.563 r  BF/M2/y0r_r_reg[11]_i_524/CO[7]
                         net (fo=1, routed)           0.023     6.586    BF/M2/y0r_r_reg[11]_i_524_n_0
    SLICE_X25Y226        CARRY8 (Prop_CARRY8_SLICEM_CI_O[3])
                                                      0.072     6.658 r  BF/M2/y0r_r_reg[11]_i_376/O[3]
                         net (fo=37, routed)          1.202     7.860    BF/M2/scale_o1[1]
    SLICE_X21Y215        LUT4 (Prop_D6LUT_SLICEM_I0_O)
                                                      0.088     7.948 r  BF/M2/y0r_r[11]_i_346/O
                         net (fo=12, routed)          0.611     8.559    TW/scm2[0]
    SLICE_X19Y206        LUT2 (Prop_D6LUT_SLICEL_I1_O)
                                                      0.133     8.692 r  TW/y0r_r[11]_i_153/O
                         net (fo=49, routed)          0.402     9.094    TW/y0r_r[11]_i_153_n_0
    SLICE_X16Y208        LUT3 (Prop_D5LUT_SLICEL_I2_O)
                                                      0.086     9.180 f  TW/y0r_r[11]_i_54/O
                         net (fo=7, routed)           0.299     9.479    TW/y0r_r[11]_i_54_n_0
    SLICE_X17Y210        LUT6 (Prop_H6LUT_SLICEM_I1_O)
                                                      0.138     9.617 r  TW/y0r_r[11]_i_21/O
                         net (fo=59, routed)          0.336     9.953    BF/M2/y0r_r[11]_i_287
    SLICE_X22Y210        LUT6 (Prop_A6LUT_SLICEL_I1_O)
                                                      0.114    10.067 f  BF/M2/y0r_r[11]_i_780/O
                         net (fo=2, routed)           0.377    10.444    BF/M2/y0r_r[11]_i_780_n_0
    SLICE_X21Y209        LUT6 (Prop_C6LUT_SLICEM_I5_O)
                                                      0.113    10.557 r  BF/M2/y0r_r[11]_i_527/O
                         net (fo=8, routed)           0.565    11.122    TW/y0r_r_reg[11]_i_691_0
    SLICE_X19Y209        LUT5 (Prop_F6LUT_SLICEL_I0_O)
                                                      0.047    11.169 r  TW/y0r_r[11]_i_957/O
                         net (fo=1, routed)           0.124    11.293    TW/y0r_r[11]_i_957_n_0
    SLICE_X18Y207        LUT5 (Prop_F6LUT_SLICEM_I1_O)
                                                      0.031    11.324 r  TW/y0r_r[11]_i_717/O
                         net (fo=1, routed)           0.026    11.350    BF/M2/S[5]
    SLICE_X18Y207        CARRY8 (Prop_CARRY8_SLICEM_S[5]_CO[7])
                                                      0.137    11.487 r  BF/M2/y0r_r_reg[11]_i_448/CO[7]
                         net (fo=1, routed)           0.023    11.510    BF/M2/y0r_r_reg[11]_i_448_n_0
    SLICE_X18Y208        CARRY8 (Prop_CARRY8_SLICEM_CI_O[2])
                                                      0.061    11.571 r  BF/M2/y0r_r_reg[11]_i_232/O[2]
                         net (fo=6, routed)           0.393    11.964    BF/M2/y0r_r[11]_i_452[2]
    SLICE_X16Y206        LUT5 (Prop_C5LUT_SLICEL_I3_O)
                                                      0.143    12.107 r  BF/M2/y0r_r[11]_i_958/O
                         net (fo=3, routed)           0.213    12.320    BF/M2/y0r_r[11]_i_958_n_0
    SLICE_X16Y206        LUT3 (Prop_D5LUT_SLICEL_I0_O)
                                                      0.120    12.440 r  BF/M2/y0r_r[11]_i_954/O
                         net (fo=1, routed)           0.154    12.594    BF/M2/y0r_r[11]_i_954_n_0
    SLICE_X16Y206        LUT6 (Prop_G6LUT_SLICEL_I0_O)
                                                      0.114    12.708 f  BF/M2/y0r_r[11]_i_700/O
                         net (fo=1, routed)           0.042    12.750    BF/M2/y0r_r[11]_i_700_n_0
    SLICE_X16Y206        LUT6 (Prop_H6LUT_SLICEL_I0_O)
                                                      0.049    12.799 r  BF/M2/y0r_r[11]_i_415/O
                         net (fo=2, routed)           0.154    12.953    TW/y0r_r[11]_i_72_0
    SLICE_X17Y206        LUT4 (Prop_D5LUT_SLICEM_I3_O)
                                                      0.140    13.093 f  TW/y0r_r[11]_i_469/O
                         net (fo=4, routed)           0.123    13.216    TW/y0r_r[11]_i_469_n_0
    SLICE_X17Y207        LUT5 (Prop_C5LUT_SLICEM_I3_O)
                                                      0.098    13.314 r  TW/y0r_r[11]_i_464/O
                         net (fo=1, routed)           0.181    13.495    TW/y0r_r[11]_i_464_n_0
    SLICE_X17Y207        LUT6 (Prop_G6LUT_SLICEM_I1_O)
                                                      0.114    13.609 f  TW/y0r_r[11]_i_242/O
                         net (fo=12, routed)          0.268    13.877    TW/y0r_r[11]_i_242_n_0
    SLICE_X18Y205        LUT4 (Prop_D6LUT_SLICEM_I0_O)
                                                      0.113    13.990 f  TW/y0r_r[11]_i_471/O
                         net (fo=5, routed)           0.096    14.086    TW/y0r_r[11]_i_471_n_0
    SLICE_X18Y205        LUT6 (Prop_H6LUT_SLICEM_I3_O)
                                                      0.082    14.168 f  TW/y0r_r[11]_i_434/O
                         net (fo=10, routed)          0.238    14.406    TW/y0r_r[11]_i_434_n_0
    SLICE_X17Y203        LUT2 (Prop_B6LUT_SLICEM_I1_O)
                                                      0.114    14.520 r  TW/y0r_r[11]_i_428/O
                         net (fo=4, routed)           0.161    14.681    TW/y0r_r[11]_i_428_n_0
    SLICE_X18Y204        LUT5 (Prop_H6LUT_SLICEM_I0_O)
                                                      0.090    14.771 r  TW/y0r_r[11]_i_418/O
                         net (fo=1, routed)           0.094    14.865    TW/y0r_r[11]_i_418_n_0
    SLICE_X18Y204        LUT6 (Prop_D6LUT_SLICEM_I1_O)
                                                      0.113    14.978 r  TW/y0r_r[11]_i_210/O
                         net (fo=7, routed)           0.566    15.544    TW/BF/m_tr[1]
    SLICE_X17Y194        LUT2 (Prop_B6LUT_SLICEM_I1_O)
                                                      0.047    15.591 f  TW/y0r_r[11]_i_103/O
                         net (fo=2, routed)           0.187    15.778    TW/y0r_r[11]_i_103_n_0
    SLICE_X18Y194        CARRY8 (Prop_CARRY8_SLICEM_CI_CO[4])
                                                      0.179    15.957 f  TW/y1r_r_reg[11]_i_13/CO[4]
                         net (fo=3, routed)           0.216    16.173    TW/BF/SUB_y1r/sign_l3
    SLICE_X19Y197        LUT3 (Prop_A5LUT_SLICEL_I0_O)
                                                      0.064    16.237 r  TW/y1r_r[4]_i_64/O
                         net (fo=12, routed)          0.171    16.408    TW/y1r_r[4]_i_64_n_0
    SLICE_X18Y196        LUT6 (Prop_F6LUT_SLICEM_I4_O)
                                                      0.088    16.496 r  TW/y1r_r[11]_i_98/O
                         net (fo=10, routed)          0.178    16.674    TW/y1r_r[11]_i_98_n_0
    SLICE_X19Y196        LUT6 (Prop_C6LUT_SLICEL_I4_O)
                                                      0.031    16.705 r  TW/y1r_r[11]_i_87/O
                         net (fo=23, routed)          0.456    17.161    TW/y1r_r[11]_i_87_n_0
    SLICE_X16Y192        LUT6 (Prop_E6LUT_SLICEL_I4_O)
                                                      0.134    17.295 r  TW/y1r_r[11]_i_81/O
                         net (fo=7, routed)           0.426    17.721    TW/y1r_r[11]_i_81_n_0
    SLICE_X18Y191        LUT3 (Prop_D5LUT_SLICEM_I2_O)
                                                      0.085    17.806 r  TW/y1r_r[11]_i_26/O
                         net (fo=3, routed)           0.228    18.034    TW/y1r_r[11]_i_26_n_0
    SLICE_X19Y192        LUT5 (Prop_C6LUT_SLICEL_I0_O)
                                                      0.081    18.115 r  TW/y1r_r[11]_i_9/O
                         net (fo=2, routed)           0.013    18.128    TW/y1r_r[10]_i_95_n_0
    SLICE_X19Y192        CARRY8 (Prop_CARRY8_SLICEL_S[2]_O[7])
                                                      0.175    18.303 f  TW/y1r_r_reg[10]_i_66/O[7]
                         net (fo=5, routed)           0.640    18.943    TW/y1r_r_reg[10]_i_66_n_8
    SLICE_X22Y192        LUT5 (Prop_C6LUT_SLICEL_I0_O)
                                                      0.047    18.990 f  TW/y1r_r[10]_i_79/O
                         net (fo=3, routed)           0.142    19.132    TW/y1r_r[10]_i_79_n_0
    SLICE_X22Y192        LUT4 (Prop_D5LUT_SLICEL_I1_O)
                                                      0.120    19.252 f  TW/y1r_r[8]_i_46/O
                         net (fo=1, routed)           0.204    19.456    TW/y1r_r[8]_i_46_n_0
    SLICE_X22Y192        LUT5 (Prop_E6LUT_SLICEL_I4_O)
                                                      0.114    19.570 r  TW/y1r_r[8]_i_45/O
                         net (fo=1, routed)           0.103    19.673    TW/y1r_r[8]_i_45_n_0
    SLICE_X22Y192        LUT6 (Prop_G6LUT_SLICEL_I0_O)
                                                      0.134    19.807 f  TW/y1r_r[8]_i_39/O
                         net (fo=2, routed)           0.107    19.914    TW/y1r_r[8]_i_39_n_0
    SLICE_X22Y194        LUT2 (Prop_B6LUT_SLICEL_I1_O)
                                                      0.135    20.049 r  TW/y1r_r[10]_i_64/O
                         net (fo=4, routed)           0.090    20.139    TW/y1r_r[10]_i_64_n_0
    SLICE_X22Y195        LUT5 (Prop_C5LUT_SLICEL_I3_O)
                                                      0.063    20.202 f  TW/y1r_r[10]_i_59/O
                         net (fo=1, routed)           0.206    20.408    TW/y1r_r[10]_i_59_n_0
    SLICE_X22Y195        LUT6 (Prop_G6LUT_SLICEL_I1_O)
                                                      0.114    20.522 r  TW/y1r_r[10]_i_39/O
                         net (fo=12, routed)          0.109    20.632    TW/y1r_r[10]_i_39_n_0
    SLICE_X22Y194        LUT6 (Prop_G6LUT_SLICEL_I3_O)
                                                      0.089    20.721 r  TW/y1r_r[10]_i_35/O
                         net (fo=3, routed)           0.146    20.866    TW/y1r_r[10]_i_35_n_0
    SLICE_X21Y195        LUT6 (Prop_H6LUT_SLICEM_I3_O)
                                                      0.032    20.898 r  TW/y1r_r[10]_i_16/O
                         net (fo=22, routed)          1.043    21.941    TW/BF/sc_y1r[4]
    SLICE_X26Y196        LUT5 (Prop_D6LUT_SLICEL_I4_O)
                                                      0.133    22.074 r  TW/y1r_r[10]_i_7/O
                         net (fo=8, routed)           0.186    22.260    TW/y1r_r[10]_i_7_n_0
    SLICE_X27Y196        LUT2 (Prop_H5LUT_SLICEL_I0_O)
                                                      0.086    22.346 r  TW/y1r_r[4]_i_18/O
                         net (fo=1, routed)           0.208    22.554    TW/y1r_r[4]_i_18_n_0
    SLICE_X26Y194        LUT6 (Prop_F6LUT_SLICEL_I5_O)
                                                      0.114    22.668 f  TW/y1r_r[4]_i_6/O
                         net (fo=11, routed)          0.449    23.117    TW/y1r_r[4]_i_6_n_0
    SLICE_X27Y196        LUT6 (Prop_F6LUT_SLICEL_I1_O)
                                                      0.047    23.164 r  TW/y1r_r[4]_i_2/O
                         net (fo=8, routed)           0.145    23.309    TW/y1r_r[4]_i_2_n_0
    SLICE_X28Y197        LUT5 (Prop_C5LUT_SLICEM_I0_O)
                                                      0.121    23.430 r  TW/y1r_r[7]_i_3/O
                         net (fo=4, routed)           0.247    23.676    TW/y1r_r[7]_i_3_n_0
    SLICE_X28Y198        LUT6 (Prop_C6LUT_SLICEM_I5_O)
                                                      0.133    23.809 r  TW/y1r_r[9]_i_2/O
                         net (fo=1, routed)           0.088    23.897    TW/y1r_r[9]_i_2_n_0
    SLICE_X27Y198        LUT4 (Prop_A6LUT_SLICEL_I2_O)
                                                      0.089    23.986 r  TW/y1r_r[9]_i_1/O
                         net (fo=1, routed)           0.049    24.035    y1r[9]
    SLICE_X27Y198        FDCE                                         r  y1r_r_reg[9]/D
  -------------------------------------------------------------------    -------------------

                         (clock sys_clk rise edge)  100.000   100.000 r  
    C3                                                0.000   100.000 r  clk (IN)
                         net (fo=0)                   0.000   100.000    clk_IBUF_inst/I
    C3                   INBUF (Prop_INBUF_HPIOB_M_PAD_O)
                                                      0.268   100.268 r  clk_IBUF_inst/INBUF_INST/O
                         net (fo=1, routed)           0.000   100.268    clk_IBUF_inst/OUT
    C3                   IBUFCTRL (Prop_IBUFCTRL_HPIOB_M_I_O)
                                                      0.000   100.268 r  clk_IBUF_inst/IBUFCTRL_INST/O
                         net (fo=1, routed)           0.288   100.556    clk_IBUF
    BUFGCE_X0Y90         BUFGCE (Prop_BUFCE_BUFGCE_I_O)
                                                      0.024   100.580 r  clk_IBUF_BUFG_inst/O
    X1Y3 (CLOCK_ROOT)    net (fo=163, routed)         0.578   101.158    clk_IBUF_BUFG
    SLICE_X27Y198        FDCE                                         r  y1r_r_reg[9]/C
                         clock pessimism              0.261   101.420    
                         clock uncertainty           -0.035   101.384    
    SLICE_X27Y198        FDCE (Setup_AFF_SLICEL_C_D)
                                                      0.023   101.407    y1r_r_reg[9]
  -------------------------------------------------------------------
                         required time                        101.407    
                         arrival time                         -24.035    
  -------------------------------------------------------------------
                         slack                                 77.372    





Min Delay Paths
--------------------------------------------------------------------------------------
Slack (MET) :             0.046ns  (arrival time - required time)
  Source:                 stage_reg[4]/C
                            (rising edge-triggered cell FDCE clocked by sys_clk  {rise@0.000ns fall@5.000ns period=100.000ns})
  Destination:            stage_reg[4]/D
                            (rising edge-triggered cell FDCE clocked by sys_clk  {rise@0.000ns fall@5.000ns period=100.000ns})
  Path Group:             sys_clk
  Path Type:              Hold (Min at Fast Process Corner)
  Requirement:            0.000ns  (sys_clk rise@0.000ns - sys_clk rise@0.000ns)
  Data Path Delay:        0.098ns  (logic 0.054ns (55.135%)  route 0.044ns (44.865%))
  Logic Levels:           1  (LUT6=1)
  Clock Path Skew:        0.006ns (DCD - SCD - CPR)
    Destination Clock Delay (DCD):    1.048ns
    Source Clock Delay      (SCD):    0.761ns
    Clock Pessimism Removal (CPR):    0.281ns
  Clock Net Delay (Source):      0.421ns (routing 0.000ns, distribution 0.421ns)
  Clock Net Delay (Destination): 0.482ns (routing 0.001ns, distribution 0.481ns)

    Location             Delay type                Incr(ns)  Path(ns)    Netlist Resource(s)
  -------------------------------------------------------------------    -------------------
                         (clock sys_clk rise edge)    0.000     0.000 r  
    C3                                                0.000     0.000 r  clk (IN)
                         net (fo=0)                   0.000     0.000    clk_IBUF_inst/I
    C3                   INBUF (Prop_INBUF_HPIOB_M_PAD_O)
                                                      0.172     0.172 r  clk_IBUF_inst/INBUF_INST/O
                         net (fo=1, routed)           0.000     0.172    clk_IBUF_inst/OUT
    C3                   IBUFCTRL (Prop_IBUFCTRL_HPIOB_M_I_O)
                                                      0.000     0.172 r  clk_IBUF_inst/IBUFCTRL_INST/O
                         net (fo=1, routed)           0.151     0.323    clk_IBUF
    BUFGCE_X0Y90         BUFGCE (Prop_BUFCE_BUFGCE_I_O)
                                                      0.017     0.340 r  clk_IBUF_BUFG_inst/O
    X1Y3 (CLOCK_ROOT)    net (fo=163, routed)         0.421     0.761    clk_IBUF_BUFG
    SLICE_X27Y199        FDCE                                         r  stage_reg[4]/C
  -------------------------------------------------------------------    -------------------
    SLICE_X27Y199        FDCE (Prop_HFF_SLICEL_C_Q)
                                                      0.039     0.800 r  stage_reg[4]/Q
                         net (fo=5, routed)           0.027     0.827    stage_reg_n_0_[4]
    SLICE_X27Y199        LUT6 (Prop_H6LUT_SLICEL_I5_O)
                                                      0.015     0.842 r  stage[4]_i_1/O
                         net (fo=1, routed)           0.017     0.859    stage[4]_i_1_n_0
    SLICE_X27Y199        FDCE                                         r  stage_reg[4]/D
  -------------------------------------------------------------------    -------------------

                         (clock sys_clk rise edge)    0.000     0.000 r  
    C3                                                0.000     0.000 r  clk (IN)
                         net (fo=0)                   0.000     0.000    clk_IBUF_inst/I
    C3                   INBUF (Prop_INBUF_HPIOB_M_PAD_O)
                                                      0.358     0.358 r  clk_IBUF_inst/INBUF_INST/O
                         net (fo=1, routed)           0.000     0.358    clk_IBUF_inst/OUT
    C3                   IBUFCTRL (Prop_IBUFCTRL_HPIOB_M_I_O)
                                                      0.000     0.358 r  clk_IBUF_inst/IBUFCTRL_INST/O
                         net (fo=1, routed)           0.189     0.547    clk_IBUF
    BUFGCE_X0Y90         BUFGCE (Prop_BUFCE_BUFGCE_I_O)
                                                      0.019     0.566 r  clk_IBUF_BUFG_inst/O
    X1Y3 (CLOCK_ROOT)    net (fo=163, routed)         0.482     1.048    clk_IBUF_BUFG
    SLICE_X27Y199        FDCE                                         r  stage_reg[4]/C
                         clock pessimism             -0.281     0.767    
    SLICE_X27Y199        FDCE (Hold_HFF_SLICEL_C_D)
                                                      0.046     0.813    stage_reg[4]
  -------------------------------------------------------------------
                         required time                         -0.813    
                         arrival time                           0.859    
  -------------------------------------------------------------------
                         slack                                  0.046    





Pulse Width Checks
--------------------------------------------------------------------------------------
Clock Name:         sys_clk
Waveform(ns):       { 0.000 5.000 }
Period(ns):         100.000
Sources:            { clk }

Check Type        Corner  Lib Pin             Reference Pin  Required(ns)  Actual(ns)  Slack(ns)  Location      Pin
Min Period        n/a     RAMB18E2/CLKARDCLK  n/a            1.392         100.000     98.608     RAMB18_X0Y84  RAM/imag_mem_reg_bram_0/CLKARDCLK
Low Pulse Width   Slow    RAMB18E2/CLKARDCLK  n/a            0.495         95.000      94.505     RAMB18_X0Y84  RAM/imag_mem_reg_bram_0/CLKARDCLK
High Pulse Width  Slow    RAMB18E2/CLKARDCLK  n/a            0.495         5.000       4.505      RAMB18_X0Y84  RAM/imag_mem_reg_bram_0/CLKARDCLK



