Copyright 1986-2022 Xilinx, Inc. All Rights Reserved. Copyright 2022-2025 Advanced Micro Devices, Inc. All Rights Reserved.
--------------------------------------------------------------------------------------------------------------------------------------------------
| Tool Version      : Vivado v.2025.2 (win64) Build 6299465 Fri Nov 14 19:35:11 GMT 2025
| Date              : Fri Jun 12 01:54:08 2026
| Host              : LAPTOP-MHFLAL5K running 64-bit major release  (build 9200)
| Command           : report_timing_summary -file C:/SRIP/reports2/timing_summary_P11E1.rpt
| Design            : fft16_top_fused
| Device            : xczu5ev-sfvc784
| Speed File        : -3  PRODUCTION 1.30 05-15-2022
| Design State      : Routed
| Temperature Grade : E
--------------------------------------------------------------------------------------------------------------------------------------------------

Timing Summary Report

------------------------------------------------------------------------------------------------
| Timer Settings
| --------------
------------------------------------------------------------------------------------------------

  Enable Multi Corner Analysis               :  Yes
  Enable Pessimism Removal                   :  Yes
  Pessimism Removal Resolution               :  Nearest Common Node
  Enable Input Delay Default Clock           :  No
  Enable Preset / Clear Arcs                 :  No
  Disable Flight Delays                      :  No
  Ignore I/O Paths                           :  No
  Timing Early Launch at Borrowing Latches   :  No
  Borrow Time for Max Delay Exceptions       :  Yes
  Merge Timing Exceptions                    :  Yes
  Inter-SLR Compensation                     :  Conservative

  Corner  Analyze    Analyze    
  Name    Max Paths  Min Paths  
  ------  ---------  ---------  
  Slow    Yes        Yes        
  Fast    Yes        Yes        


------------------------------------------------------------------------------------------------
| Report Methodology
| ------------------
------------------------------------------------------------------------------------------------

Rule       Severity  Description                                 Violations  
---------  --------  ------------------------------------------  ----------  
SYNTH-6    Warning   Timing of a RAM block might be sub-optimal  2           
TIMING-18  Warning   Missing input or output delay               68          

Note: This report is based on the most recent report_methodology run and may not be up-to-date. Run report_methodology on the current design for the latest report.



check_timing report

Table of Contents
-----------------
1. checking no_clock (0)
2. checking constant_clock (0)
3. checking pulse_width_clock (0)
4. checking unconstrained_internal_endpoints (0)
5. checking no_input_delay (46)
6. checking no_output_delay (23)
7. checking multiple_clock (0)
8. checking generated_clocks (0)
9. checking loops (0)
10. checking partial_input_delay (0)
11. checking partial_output_delay (0)
12. checking latch_loops (0)

1. checking no_clock (0)
------------------------
 There are 0 register/latch pins with no clock.


2. checking constant_clock (0)
------------------------------
 There are 0 register/latch pins with constant_clock.


3. checking pulse_width_clock (0)
---------------------------------
 There are 0 register/latch pins which need pulse_width check


4. checking unconstrained_internal_endpoints (0)
------------------------------------------------
 There are 0 pins that are not constrained for maximum delay.

 There are 0 pins that are not constrained for maximum delay due to constant clock.


5. checking no_input_delay (46)
-------------------------------
 There are 45 input ports with no input delay specified. (HIGH)

 There is 1 input port with no input delay but user has a false path constraint. (MEDIUM)


6. checking no_output_delay (23)
--------------------------------
 There are 23 ports with no output delay specified. (HIGH)

 There are 0 ports with no output delay but user has a false path constraint

 There are 0 ports with no output delay but with a timing clock defined on it or propagating through it


7. checking multiple_clock (0)
------------------------------
 There are 0 register/latch pins with multiple clocks.


8. checking generated_clocks (0)
--------------------------------
 There are 0 generated clocks that are not connected to a clock source.


9. checking loops (0)
---------------------
 There are 0 combinational loops in the design.


10. checking partial_input_delay (0)
------------------------------------
 There are 0 input ports with partial input delay specified.


11. checking partial_output_delay (0)
-------------------------------------
 There are 0 ports with partial output delay specified.


12. checking latch_loops (0)
----------------------------
 There are 0 combinational latch loops in the design through latch input



------------------------------------------------------------------------------------------------
| Design Timing Summary
| ---------------------
------------------------------------------------------------------------------------------------

    WNS(ns)      TNS(ns)  TNS Failing Endpoints  TNS Total Endpoints      WHS(ns)      THS(ns)  THS Failing Endpoints  THS Total Endpoints     WPWS(ns)     TPWS(ns)  TPWS Failing Endpoints  TPWS Total Endpoints  
    -------      -------  ---------------------  -------------------      -------      -------  ---------------------  -------------------     --------     --------  ----------------------  --------------------  
     77.261        0.000                      0                  393        0.047        0.000                      0                  393        4.505        0.000                       0                   156  


All user specified timing constraints are met.


------------------------------------------------------------------------------------------------
| Clock Summary
| -------------
------------------------------------------------------------------------------------------------

Clock    Waveform(ns)         Period(ns)      Frequency(MHz)
-----    ------------         ----------      --------------
sys_clk  {0.000 5.000}        100.000         10.000          


------------------------------------------------------------------------------------------------
| Intra Clock Table
| -----------------
------------------------------------------------------------------------------------------------

Clock             WNS(ns)      TNS(ns)  TNS Failing Endpoints  TNS Total Endpoints      WHS(ns)      THS(ns)  THS Failing Endpoints  THS Total Endpoints     WPWS(ns)     TPWS(ns)  TPWS Failing Endpoints  TPWS Total Endpoints  
-----             -------      -------  ---------------------  -------------------      -------      -------  ---------------------  -------------------     --------     --------  ----------------------  --------------------  
sys_clk            77.261        0.000                      0                  393        0.047        0.000                      0                  393        4.505        0.000                       0                   156  


------------------------------------------------------------------------------------------------
| Inter Clock Table
| -----------------
------------------------------------------------------------------------------------------------

From Clock    To Clock          WNS(ns)      TNS(ns)  TNS Failing Endpoints  TNS Total Endpoints      WHS(ns)      THS(ns)  THS Failing Endpoints  THS Total Endpoints  
----------    --------          -------      -------  ---------------------  -------------------      -------      -------  ---------------------  -------------------  


------------------------------------------------------------------------------------------------
| Other Path Groups Table
| -----------------------
------------------------------------------------------------------------------------------------

Path Group    From Clock    To Clock          WNS(ns)      TNS(ns)  TNS Failing Endpoints  TNS Total Endpoints      WHS(ns)      THS(ns)  THS Failing Endpoints  THS Total Endpoints  
----------    ----------    --------          -------      -------  ---------------------  -------------------      -------      -------  ---------------------  -------------------  


------------------------------------------------------------------------------------------------
| Timing Details
| --------------
------------------------------------------------------------------------------------------------


---------------------------------------------------------------------------------------------------
From Clock:  sys_clk
  To Clock:  sys_clk

Setup :            0  Failing Endpoints,  Worst Slack       77.261ns,  Total Violation        0.000ns
Hold  :            0  Failing Endpoints,  Worst Slack        0.047ns,  Total Violation        0.000ns
PW    :            0  Failing Endpoints,  Worst Slack        4.505ns,  Total Violation        0.000ns
---------------------------------------------------------------------------------------------------


Max Delay Paths
--------------------------------------------------------------------------------------
Slack (MET) :             77.261ns  (required time - arrival time)
  Source:                 tw_addr_r_reg_rep[7]/C
                            (rising edge-triggered cell FDCE clocked by sys_clk  {rise@0.000ns fall@5.000ns period=100.000ns})
  Destination:            y1r_r_reg[5]/D
                            (rising edge-triggered cell FDCE clocked by sys_clk  {rise@0.000ns fall@5.000ns period=100.000ns})
  Path Group:             sys_clk
  Path Type:              Setup (Max at Slow Process Corner)
  Requirement:            100.000ns  (sys_clk rise@100.000ns - sys_clk rise@0.000ns)
  Data Path Delay:        22.658ns  (logic 6.104ns (26.939%)  route 16.554ns (73.061%))
  Logic Levels:           61  (CARRY8=9 LUT2=2 LUT3=10 LUT4=6 LUT5=14 LUT6=20)
  Clock Path Skew:        -0.068ns (DCD - SCD + CPR)
    Destination Clock Delay (DCD):    1.150ns = ( 101.150 - 100.000 ) 
    Source Clock Delay      (SCD):    1.479ns
    Clock Pessimism Removal (CPR):    0.261ns
  Clock Uncertainty:      0.035ns  ((TSJ^2 + TIJ^2)^1/2 + DJ) / 2 + PE
    Total System Jitter     (TSJ):    0.071ns
    Total Input Jitter      (TIJ):    0.000ns
    Discrete Jitter          (DJ):    0.000ns
    Phase Error              (PE):    0.000ns
  Clock Net Delay (Source):      0.662ns (routing 0.001ns, distribution 0.661ns)
  Clock Net Delay (Destination): 0.577ns (routing 0.001ns, distribution 0.576ns)

    Location             Delay type                Incr(ns)  Path(ns)    Netlist Resource(s)
  -------------------------------------------------------------------    -------------------
                         (clock sys_clk rise edge)    0.000     0.000 r  
    D4                                                0.000     0.000 r  clk (IN)
                         net (fo=0)                   0.000     0.000    clk_IBUF_inst/I
    D4                   INBUF (Prop_INBUF_HPIOB_M_PAD_O)
                                                      0.464     0.464 r  clk_IBUF_inst/INBUF_INST/O
                         net (fo=1, routed)           0.000     0.464    clk_IBUF_inst/OUT
    D4                   IBUFCTRL (Prop_IBUFCTRL_HPIOB_M_I_O)
                                                      0.000     0.464 r  clk_IBUF_inst/IBUFCTRL_INST/O
                         net (fo=1, routed)           0.325     0.789    clk_IBUF
    BUFGCE_X0Y90         BUFGCE (Prop_BUFCE_BUFGCE_I_O)
                                                      0.028     0.817 r  clk_IBUF_BUFG_inst/O
    X1Y3 (CLOCK_ROOT)    net (fo=155, routed)         0.662     1.479    clk_IBUF_BUFG
    SLICE_X23Y183        FDCE                                         r  tw_addr_r_reg_rep[7]/C
  -------------------------------------------------------------------    -------------------
    SLICE_X23Y183        FDCE (Prop_FFF2_SLICEL_C_Q)
                                                      0.071     1.550 r  tw_addr_r_reg_rep[7]/Q
                         net (fo=15, routed)          1.687     3.237    TW/y0i_r[10]_i_20_0[7]
    SLICE_X21Y183        LUT6 (Prop_H6LUT_SLICEM_I4_O)
                                                      0.115     3.352 r  TW/y0r_r[10]_i_133/O
                         net (fo=21, routed)          0.606     3.958    TW/wr[3]
    SLICE_X20Y193        LUT6 (Prop_F6LUT_SLICEM_I1_O)
                                                      0.081     4.039 f  TW/y0r_r[10]_i_921/O
                         net (fo=9, routed)           0.167     4.206    TW/y0r_r[10]_i_921_n_0
    SLICE_X19Y192        LUT3 (Prop_D5LUT_SLICEL_I0_O)
                                                      0.120     4.326 f  TW/y0r_r[10]_i_682/O
                         net (fo=5, routed)           0.138     4.463    TW/y0r_r[10]_i_682_n_0
    SLICE_X18Y192        LUT3 (Prop_H5LUT_SLICEM_I0_O)
                                                      0.144     4.607 f  TW/y0r_r[10]_i_1007/O
                         net (fo=1, routed)           0.206     4.813    TW/y0r_r[10]_i_1007_n_0
    SLICE_X18Y192        LUT5 (Prop_B6LUT_SLICEM_I4_O)
                                                      0.031     4.844 f  TW/y0r_r[10]_i_848/O
                         net (fo=34, routed)          0.373     5.217    TW/BF/f_wr[7]
    SLICE_X17Y198        LUT2 (Prop_D5LUT_SLICEM_I1_O)
                                                      0.061     5.278 r  TW/y0r_r[10]_i_1003/O
                         net (fo=2, routed)           0.358     5.636    TW/y0r_r[10]_i_1003_n_0
    SLICE_X16Y195        LUT6 (Prop_D6LUT_SLICEL_I5_O)
                                                      0.133     5.769 r  TW/y0r_r[10]_i_844/O
                         net (fo=1, routed)           0.012     5.781    TW/y0r_r[10]_i_844_n_0
    SLICE_X16Y195        CARRY8 (Prop_CARRY8_SLICEL_S[3]_O[4])
                                                      0.126     5.907 r  TW/y0r_r_reg[10]_i_657/O[4]
                         net (fo=3, routed)           0.182     6.090    TW/y0r_r_reg[10]_i_657_n_11
    SLICE_X16Y192        LUT3 (Prop_A6LUT_SLICEL_I1_O)
                                                      0.135     6.225 r  TW/y0r_r[10]_i_401/O
                         net (fo=1, routed)           0.162     6.387    TW/y0r_r[10]_i_401_n_0
    SLICE_X16Y193        CARRY8 (Prop_CARRY8_SLICEL_DI[6]_CO[7])
                                                      0.048     6.435 r  TW/y0r_r_reg[10]_i_160/CO[7]
                         net (fo=1, routed)           0.023     6.458    TW/y0r_r_reg[10]_i_160_n_0
    SLICE_X16Y194        CARRY8 (Prop_CARRY8_SLICEL_CI_O[4])
                                                      0.076     6.534 r  TW/y0r_r_reg[10]_i_159/O[4]
                         net (fo=18, routed)          0.366     6.899    TW/BF/M1/data3[17]
    SLICE_X19Y193        LUT5 (Prop_A6LUT_SLICEL_I4_O)
                                                      0.135     7.034 r  TW/y0r_r[10]_i_789/O
                         net (fo=1, routed)           0.296     7.330    TW/y0r_r[10]_i_789_n_0
    SLICE_X14Y194        LUT5 (Prop_F6LUT_SLICEL_I2_O)
                                                      0.081     7.411 r  TW/y0r_r[10]_i_546/O
                         net (fo=3, routed)           0.140     7.552    TW/y0r_r[10]_i_546_n_0
    SLICE_X13Y195        LUT5 (Prop_G6LUT_SLICEM_I2_O)
                                                      0.031     7.583 r  TW/y0r_r[10]_i_317/O
                         net (fo=7, routed)           0.236     7.819    TW/y0r_r[10]_i_317_n_0
    SLICE_X13Y195        LUT3 (Prop_D5LUT_SLICEM_I0_O)
                                                      0.140     7.959 f  TW/y0r_r[10]_i_469/O
                         net (fo=5, routed)           0.142     8.101    TW/BF/scm1[5]
    SLICE_X13Y193        LUT4 (Prop_B5LUT_SLICEM_I2_O)
                                                      0.067     8.168 f  TW/y0r_r[10]_i_302/O
                         net (fo=1, routed)           0.252     8.420    TW/y0r_r[10]_i_302_n_0
    SLICE_X13Y194        CARRY8 (Prop_CARRY8_SLICEM_DI[2]_CO[3])
                                                      0.117     8.537 f  TW/y0r_r_reg[10]_i_124/CO[3]
                         net (fo=5, routed)           0.201     8.738    TW/BF/SUB_Tr/sign_l20_in
    SLICE_X13Y193        LUT6 (Prop_G6LUT_SLICEM_I0_O)
                                                      0.031     8.769 r  TW/y0r_r[10]_i_48/O
                         net (fo=55, routed)          0.433     9.202    TW/y0r_r[10]_i_48_n_0
    SLICE_X12Y192        LUT3 (Prop_C5LUT_SLICEM_I0_O)
                                                      0.142     9.344 f  TW/y0r_r[10]_i_444/O
                         net (fo=2, routed)           0.227     9.572    TW/y0r_r[10]_i_444_n_0
    SLICE_X11Y193        LUT6 (Prop_G6LUT_SLICEL_I5_O)
                                                      0.114     9.686 r  TW/y0r_r[10]_i_169/O
                         net (fo=1, routed)           0.185     9.871    TW/y0r_r[10]_i_169_n_0
    SLICE_X12Y193        LUT6 (Prop_F6LUT_SLICEM_I2_O)
                                                      0.047     9.918 f  TW/y0r_r[10]_i_69/O
                         net (fo=26, routed)          0.314    10.232    TW/y0r_r[10]_i_69_n_0
    SLICE_X13Y191        LUT4 (Prop_A5LUT_SLICEM_I3_O)
                                                      0.089    10.321 r  TW/y0r_r[10]_i_67/O
                         net (fo=4, routed)           0.172    10.493    TW/BF/SUB_Tr/mant_s[2]
    SLICE_X14Y191        LUT4 (Prop_C6LUT_SLICEL_I3_O)
                                                      0.047    10.540 r  TW/y0r_r[10]_i_28/O
                         net (fo=5, routed)           0.013    10.553    TW/y0r_r[10]_i_739_n_0
    SLICE_X14Y191        CARRY8 (Prop_CARRY8_SLICEL_S[2]_CO[7])
                                                      0.138    10.691 r  TW/y0r_r_reg[10]_i_492/CO[7]
                         net (fo=1, routed)           0.023    10.714    TW/y0r_r_reg[10]_i_492_n_0
    SLICE_X14Y192        CARRY8 (Prop_CARRY8_SLICEL_CI_O[1])
                                                      0.067    10.781 f  TW/y0r_r_reg[10]_i_266/O[1]
                         net (fo=6, routed)           0.380    11.161    TW/y0r_r_reg[10]_i_266_n_14
    SLICE_X14Y188        LUT5 (Prop_A5LUT_SLICEL_I3_O)
                                                      0.101    11.262 f  TW/y0r_r[10]_i_960/O
                         net (fo=2, routed)           0.155    11.417    TW/y0r_r[10]_i_960_n_0
    SLICE_X14Y188        LUT3 (Prop_B5LUT_SLICEL_I2_O)
                                                      0.126    11.543 r  TW/y0r_r[10]_i_954/O
                         net (fo=1, routed)           0.187    11.730    TW/y0r_r[10]_i_954_n_0
    SLICE_X14Y188        LUT5 (Prop_C5LUT_SLICEL_I4_O)
                                                      0.122    11.852 r  TW/y0r_r[10]_i_729/O
                         net (fo=1, routed)           0.178    12.030    TW/y0r_r[10]_i_729_n_0
    SLICE_X14Y188        LUT6 (Prop_G6LUT_SLICEL_I2_O)
                                                      0.047    12.077 f  TW/y0r_r[10]_i_480/O
                         net (fo=2, routed)           0.189    12.266    TW/y0r_r[10]_i_480_n_0
    SLICE_X13Y189        LUT4 (Prop_H5LUT_SLICEM_I2_O)
                                                      0.097    12.363 f  TW/y0r_r[10]_i_523/O
                         net (fo=7, routed)           0.126    12.489    TW/y0r_r[10]_i_523_n_0
    SLICE_X13Y188        LUT3 (Prop_A5LUT_SLICEM_I2_O)
                                                      0.100    12.589 f  TW/y0r_r[10]_i_957/O
                         net (fo=1, routed)           0.189    12.778    TW/y0r_r[10]_i_957_n_0
    SLICE_X13Y188        LUT6 (Prop_G6LUT_SLICEM_I3_O)
                                                      0.114    12.892 r  TW/y0r_r[10]_i_731/O
                         net (fo=3, routed)           0.134    13.026    TW/y0r_r[10]_i_731_n_0
    SLICE_X13Y189        LUT6 (Prop_C6LUT_SLICEM_I2_O)
                                                      0.081    13.107 f  TW/y0r_r[10]_i_494/O
                         net (fo=19, routed)          0.378    13.484    TW/y0r_r[10]_i_494_n_0
    SLICE_X13Y186        LUT4 (Prop_C6LUT_SLICEM_I2_O)
                                                      0.113    13.597 r  TW/y0r_r[10]_i_281/O
                         net (fo=1, routed)           0.138    13.735    TW/y0r_r[10]_i_281_n_0
    SLICE_X13Y186        LUT6 (Prop_H6LUT_SLICEM_I4_O)
                                                      0.032    13.767 r  TW/y0r_r[10]_i_118/O
                         net (fo=17, routed)          0.366    14.134    TW/BF/sc_tr[5]
    SLICE_X16Y181        LUT2 (Prop_B6LUT_SLICEL_I1_O)
                                                      0.048    14.182 r  TW/y0r_r[10]_i_44/O
                         net (fo=16, routed)          0.204    14.386    TW/y0r_r[10]_i_44_n_0
    SLICE_X13Y182        LUT5 (Prop_C5LUT_SLICEM_I4_O)
                                                      0.142    14.528 r  TW/y1r_r[10]_i_41/O
                         net (fo=1, routed)           0.000    14.528    TW/y1r_r[10]_i_41_n_0
    SLICE_X13Y182        CARRY8 (Prop_CARRY8_SLICEM_DI[2]_CO[3])
                                                      0.118    14.646 r  TW/y1r_r_reg[10]_i_13/CO[3]
                         net (fo=15, routed)          0.295    14.941    TW/BF/SUB_y1r/sign_l20_in
    SLICE_X16Y180        LUT3 (Prop_D6LUT_SLICEL_I0_O)
                                                      0.133    15.074 r  TW/y1r_r[10]_i_113/O
                         net (fo=9, routed)           0.231    15.304    TW/y1r_r[10]_i_113_n_0
    SLICE_X14Y181        LUT6 (Prop_E6LUT_SLICEL_I3_O)
                                                      0.114    15.418 r  TW/y1r_r[10]_i_73/O
                         net (fo=17, routed)          0.393    15.811    TW/y1r_r[10]_i_73_n_0
    SLICE_X15Y176        LUT6 (Prop_B6LUT_SLICEL_I2_O)
                                                      0.082    15.893 r  TW/y1r_r[10]_i_66/O
                         net (fo=3, routed)           0.150    16.043    TW/y1r_r[10]_i_66_n_0
    SLICE_X15Y177        LUT3 (Prop_D6LUT_SLICEL_I1_O)
                                                      0.081    16.124 r  TW/y1r_r[10]_i_23/O
                         net (fo=5, routed)           0.226    16.350    TW/y1r_r[10]_i_23_n_0
    SLICE_X14Y178        LUT6 (Prop_F6LUT_SLICEL_I0_O)
                                                      0.088    16.438 r  TW/y1r_r[9]_i_91/O
                         net (fo=1, routed)           0.328    16.766    TW/y1r_r[9]_i_91_n_0
    SLICE_X16Y177        CARRY8 (Prop_CARRY8_SLICEL_DI[2]_CO[7])
                                                      0.089    16.855 r  TW/y1r_r_reg[9]_i_69/CO[7]
                         net (fo=1, routed)           0.023    16.878    TW/y1r_r_reg[9]_i_69_n_0
    SLICE_X16Y178        CARRY8 (Prop_CARRY8_SLICEL_CI_O[2])
                                                      0.061    16.939 f  TW/y1r_r_reg[9]_i_38/O[2]
                         net (fo=14, routed)          0.343    17.283    TW/BF/SUB_y1r/p_1_in
    SLICE_X19Y178        LUT4 (Prop_C5LUT_SLICEL_I2_O)
                                                      0.143    17.426 f  TW/y1r_r[9]_i_79/O
                         net (fo=3, routed)           0.128    17.553    TW/y1r_r[9]_i_79_n_0
    SLICE_X18Y178        LUT5 (Prop_B5LUT_SLICEM_I2_O)
                                                      0.148    17.701 r  TW/y1r_r[9]_i_42/O
                         net (fo=12, routed)          0.221    17.923    TW/y1r_r[9]_i_42_n_0
    SLICE_X18Y178        LUT5 (Prop_A5LUT_SLICEM_I2_O)
                                                      0.100    18.023 r  TW/y1r_r[9]_i_87/O
                         net (fo=1, routed)           0.332    18.355    TW/y1r_r[9]_i_87_n_0
    SLICE_X18Y178        LUT6 (Prop_H6LUT_SLICEM_I2_O)
                                                      0.115    18.470 r  TW/y1r_r[9]_i_57/O
                         net (fo=6, routed)           0.229    18.699    TW/y1r_r[9]_i_57_n_0
    SLICE_X19Y180        LUT5 (Prop_E6LUT_SLICEL_I1_O)
                                                      0.134    18.833 f  TW/y1r_r[9]_i_85/O
                         net (fo=2, routed)           0.089    18.922    TW/y1r_r[9]_i_85_n_0
    SLICE_X19Y180        LUT6 (Prop_G6LUT_SLICEL_I2_O)
                                                      0.082    19.004 r  TW/y1r_r[9]_i_56/O
                         net (fo=4, routed)           0.278    19.282    TW/y1r_r[9]_i_56_n_0
    SLICE_X18Y179        LUT6 (Prop_H6LUT_SLICEM_I4_O)
                                                      0.138    19.420 r  TW/y1r_r[9]_i_28/O
                         net (fo=9, routed)           0.318    19.738    TW/y1r_r[9]_i_28_n_0
    SLICE_X19Y179        LUT5 (Prop_B6LUT_SLICEL_I1_O)
                                                      0.135    19.873 r  TW/y1r_r[9]_i_107/O
                         net (fo=14, routed)          0.215    20.088    TW/y1r_r[9]_i_107_n_0
    SLICE_X20Y177        LUT6 (Prop_D6LUT_SLICEM_I3_O)
                                                      0.133    20.221 r  TW/y1r_r[4]_i_35/O
                         net (fo=1, routed)           0.083    20.304    TW/y1r_r[4]_i_35_n_0
    SLICE_X20Y178        LUT6 (Prop_H6LUT_SLICEM_I3_O)
                                                      0.082    20.386 f  TW/y1r_r[4]_i_26/O
                         net (fo=6, routed)           1.101    21.487    TW/BF/m_y1r[5]
    SLICE_X21Y187        LUT6 (Prop_B6LUT_SLICEM_I4_O)
                                                      0.031    21.518 r  TW/y1r_r[2]_i_5/O
                         net (fo=1, routed)           0.141    21.659    TW/y1r_r[2]_i_5_n_0
    SLICE_X21Y188        LUT6 (Prop_H6LUT_SLICEM_I3_O)
                                                      0.115    21.774 r  TW/y1r_r[2]_i_4/O
                         net (fo=6, routed)           0.206    21.980    TW/y1r_r[2]_i_4_n_0
    SLICE_X21Y192        LUT5 (Prop_D5LUT_SLICEM_I3_O)
                                                      0.061    22.041 f  TW/y1r_r[2]_i_3/O
                         net (fo=2, routed)           0.933    22.974    TW/y1r_r[2]_i_3_n_0
    SLICE_X22Y192        LUT5 (Prop_D5LUT_SLICEL_I4_O)
                                                      0.141    23.115 r  TW/y1r_r[4]_i_2/O
                         net (fo=6, routed)           0.650    23.765    TW/y1r_r[4]_i_2_n_0
    SLICE_X26Y192        LUT3 (Prop_H6LUT_SLICEL_I1_O)
                                                      0.135    23.900 r  TW/y1r_r[5]_i_2/O
                         net (fo=1, routed)           0.054    23.954    TW/y1r_r[5]_i_2_n_0
    SLICE_X26Y192        LUT5 (Prop_B6LUT_SLICEL_I2_O)
                                                      0.135    24.089 r  TW/y1r_r[5]_i_1/O
                         net (fo=1, routed)           0.048    24.137    y1r[5]
    SLICE_X26Y192        FDCE                                         r  y1r_r_reg[5]/D
  -------------------------------------------------------------------    -------------------

                         (clock sys_clk rise edge)  100.000   100.000 r  
    D4                                                0.000   100.000 r  clk (IN)
                         net (fo=0)                   0.000   100.000    clk_IBUF_inst/I
    D4                   INBUF (Prop_INBUF_HPIOB_M_PAD_O)
                                                      0.261   100.261 r  clk_IBUF_inst/INBUF_INST/O
                         net (fo=1, routed)           0.000   100.261    clk_IBUF_inst/OUT
    D4                   IBUFCTRL (Prop_IBUFCTRL_HPIOB_M_I_O)
                                                      0.000   100.261 r  clk_IBUF_inst/IBUFCTRL_INST/O
                         net (fo=1, routed)           0.288   100.549    clk_IBUF
    BUFGCE_X0Y90         BUFGCE (Prop_BUFCE_BUFGCE_I_O)
                                                      0.024   100.573 r  clk_IBUF_BUFG_inst/O
    X1Y3 (CLOCK_ROOT)    net (fo=155, routed)         0.577   101.150    clk_IBUF_BUFG
    SLICE_X26Y192        FDCE                                         r  y1r_r_reg[5]/C
                         clock pessimism              0.261   101.411    
                         clock uncertainty           -0.035   101.376    
    SLICE_X26Y192        FDCE (Setup_BFF_SLICEL_C_D)
                                                      0.023   101.399    y1r_r_reg[5]
  -------------------------------------------------------------------
                         required time                        101.399    
                         arrival time                         -24.137    
  -------------------------------------------------------------------
                         slack                                 77.261    





Min Delay Paths
--------------------------------------------------------------------------------------
Slack (MET) :             0.047ns  (arrival time - required time)
  Source:                 state_reg[0]/C
                            (rising edge-triggered cell FDCE clocked by sys_clk  {rise@0.000ns fall@5.000ns period=100.000ns})
  Destination:            addr_a_r_reg[2]/D
                            (rising edge-triggered cell FDCE clocked by sys_clk  {rise@0.000ns fall@5.000ns period=100.000ns})
  Path Group:             sys_clk
  Path Type:              Hold (Min at Fast Process Corner)
  Requirement:            0.000ns  (sys_clk rise@0.000ns - sys_clk rise@0.000ns)
  Data Path Delay:        0.136ns  (logic 0.053ns (38.858%)  route 0.083ns (61.142%))
  Logic Levels:           1  (LUT6=1)
  Clock Path Skew:        0.044ns (DCD - SCD - CPR)
    Destination Clock Delay (DCD):    1.033ns
    Source Clock Delay      (SCD):    0.753ns
    Clock Pessimism Removal (CPR):    0.236ns
  Clock Net Delay (Source):      0.421ns (routing 0.000ns, distribution 0.421ns)
  Clock Net Delay (Destination): 0.475ns (routing 0.001ns, distribution 0.474ns)

    Location             Delay type                Incr(ns)  Path(ns)    Netlist Resource(s)
  -------------------------------------------------------------------    -------------------
                         (clock sys_clk rise edge)    0.000     0.000 r  
    D4                                                0.000     0.000 r  clk (IN)
                         net (fo=0)                   0.000     0.000    clk_IBUF_inst/I
    D4                   INBUF (Prop_INBUF_HPIOB_M_PAD_O)
                                                      0.165     0.165 r  clk_IBUF_inst/INBUF_INST/O
                         net (fo=1, routed)           0.000     0.165    clk_IBUF_inst/OUT
    D4                   IBUFCTRL (Prop_IBUFCTRL_HPIOB_M_I_O)
                                                      0.000     0.165 r  clk_IBUF_inst/IBUFCTRL_INST/O
                         net (fo=1, routed)           0.151     0.316    clk_IBUF
    BUFGCE_X0Y90         BUFGCE (Prop_BUFCE_BUFGCE_I_O)
                                                      0.017     0.333 r  clk_IBUF_BUFG_inst/O
    X1Y3 (CLOCK_ROOT)    net (fo=155, routed)         0.421     0.753    clk_IBUF_BUFG
    SLICE_X24Y186        FDCE                                         r  state_reg[0]/C
  -------------------------------------------------------------------    -------------------
    SLICE_X24Y186        FDCE (Prop_HFF_SLICEM_C_Q)
                                                      0.039     0.792 r  state_reg[0]/Q
                         net (fo=23, routed)          0.067     0.860    state_reg_n_0_[0]
    SLICE_X23Y186        LUT6 (Prop_G6LUT_SLICEL_I3_O)
                                                      0.014     0.874 r  addr_a_r[2]_i_1/O
                         net (fo=1, routed)           0.016     0.890    addr_a_r[2]_i_1_n_0
    SLICE_X23Y186        FDCE                                         r  addr_a_r_reg[2]/D
  -------------------------------------------------------------------    -------------------

                         (clock sys_clk rise edge)    0.000     0.000 r  
    D4                                                0.000     0.000 r  clk (IN)
                         net (fo=0)                   0.000     0.000    clk_IBUF_inst/I
    D4                   INBUF (Prop_INBUF_HPIOB_M_PAD_O)
                                                      0.350     0.350 r  clk_IBUF_inst/INBUF_INST/O
                         net (fo=1, routed)           0.000     0.350    clk_IBUF_inst/OUT
    D4                   IBUFCTRL (Prop_IBUFCTRL_HPIOB_M_I_O)
                                                      0.000     0.350 r  clk_IBUF_inst/IBUFCTRL_INST/O
                         net (fo=1, routed)           0.189     0.539    clk_IBUF
    BUFGCE_X0Y90         BUFGCE (Prop_BUFCE_BUFGCE_I_O)
                                                      0.019     0.558 r  clk_IBUF_BUFG_inst/O
    X1Y3 (CLOCK_ROOT)    net (fo=155, routed)         0.475     1.033    clk_IBUF_BUFG
    SLICE_X23Y186        FDCE                                         r  addr_a_r_reg[2]/C
                         clock pessimism             -0.236     0.797    
    SLICE_X23Y186        FDCE (Hold_GFF_SLICEL_C_D)
                                                      0.046     0.843    addr_a_r_reg[2]
  -------------------------------------------------------------------
                         required time                         -0.843    
                         arrival time                           0.890    
  -------------------------------------------------------------------
                         slack                                  0.047    





Pulse Width Checks
--------------------------------------------------------------------------------------
Clock Name:         sys_clk
Waveform(ns):       { 0.000 5.000 }
Period(ns):         100.000
Sources:            { clk }

Check Type        Corner  Lib Pin             Reference Pin  Required(ns)  Actual(ns)  Slack(ns)  Location      Pin
Min Period        n/a     RAMB18E2/CLKARDCLK  n/a            1.392         100.000     98.608     RAMB18_X0Y82  RAM/imag_mem_reg_bram_0/CLKARDCLK
Low Pulse Width   Slow    RAMB18E2/CLKARDCLK  n/a            0.495         95.000      94.505     RAMB18_X0Y82  RAM/imag_mem_reg_bram_0/CLKARDCLK
High Pulse Width  Slow    RAMB18E2/CLKARDCLK  n/a            0.495         5.000       4.505      RAMB18_X0Y82  RAM/imag_mem_reg_bram_0/CLKARDCLK



