Copyright 1986-2022 Xilinx, Inc. All Rights Reserved. Copyright 2022-2025 Advanced Micro Devices, Inc. All Rights Reserved.
--------------------------------------------------------------------------------------------------------------------------------------------------
| Tool Version      : Vivado v.2025.2 (win64) Build 6299465 Fri Nov 14 19:35:11 GMT 2025
| Date              : Fri Jun 12 02:40:58 2026
| Host              : LAPTOP-MHFLAL5K running 64-bit major release  (build 9200)
| Command           : report_timing_summary -file C:/SRIP/reports2/timing_summary_P6E1.rpt
| Design            : fft16_top_fused
| Device            : xczu5ev-sfvc784
| Speed File        : -3  PRODUCTION 1.30 05-15-2022
| Design State      : Routed
| Temperature Grade : E
--------------------------------------------------------------------------------------------------------------------------------------------------

Timing Summary Report

------------------------------------------------------------------------------------------------
| Timer Settings
| --------------
------------------------------------------------------------------------------------------------

  Enable Multi Corner Analysis               :  Yes
  Enable Pessimism Removal                   :  Yes
  Pessimism Removal Resolution               :  Nearest Common Node
  Enable Input Delay Default Clock           :  No
  Enable Preset / Clear Arcs                 :  No
  Disable Flight Delays                      :  No
  Ignore I/O Paths                           :  No
  Timing Early Launch at Borrowing Latches   :  No
  Borrow Time for Max Delay Exceptions       :  Yes
  Merge Timing Exceptions                    :  Yes
  Inter-SLR Compensation                     :  Conservative

  Corner  Analyze    Analyze    
  Name    Max Paths  Min Paths  
  ------  ---------  ---------  
  Slow    Yes        Yes        
  Fast    Yes        Yes        


------------------------------------------------------------------------------------------------
| Report Methodology
| ------------------
------------------------------------------------------------------------------------------------

Rule       Severity  Description                                 Violations  
---------  --------  ------------------------------------------  ----------  
SYNTH-6    Warning   Timing of a RAM block might be sub-optimal  2           
TIMING-18  Warning   Missing input or output delay               48          

Note: This report is based on the most recent report_methodology run and may not be up-to-date. Run report_methodology on the current design for the latest report.



check_timing report

Table of Contents
-----------------
1. checking no_clock (0)
2. checking constant_clock (0)
3. checking pulse_width_clock (0)
4. checking unconstrained_internal_endpoints (0)
5. checking no_input_delay (36)
6. checking no_output_delay (13)
7. checking multiple_clock (0)
8. checking generated_clocks (0)
9. checking loops (0)
10. checking partial_input_delay (0)
11. checking partial_output_delay (0)
12. checking latch_loops (0)

1. checking no_clock (0)
------------------------
 There are 0 register/latch pins with no clock.


2. checking constant_clock (0)
------------------------------
 There are 0 register/latch pins with constant_clock.


3. checking pulse_width_clock (0)
---------------------------------
 There are 0 register/latch pins which need pulse_width check


4. checking unconstrained_internal_endpoints (0)
------------------------------------------------
 There are 0 pins that are not constrained for maximum delay.

 There are 0 pins that are not constrained for maximum delay due to constant clock.


5. checking no_input_delay (36)
-------------------------------
 There are 35 input ports with no input delay specified. (HIGH)

 There is 1 input port with no input delay but user has a false path constraint. (MEDIUM)


6. checking no_output_delay (13)
--------------------------------
 There are 13 ports with no output delay specified. (HIGH)

 There are 0 ports with no output delay but user has a false path constraint

 There are 0 ports with no output delay but with a timing clock defined on it or propagating through it


7. checking multiple_clock (0)
------------------------------
 There are 0 register/latch pins with multiple clocks.


8. checking generated_clocks (0)
--------------------------------
 There are 0 generated clocks that are not connected to a clock source.


9. checking loops (0)
---------------------
 There are 0 combinational loops in the design.


10. checking partial_input_delay (0)
------------------------------------
 There are 0 input ports with partial input delay specified.


11. checking partial_output_delay (0)
-------------------------------------
 There are 0 ports with partial output delay specified.


12. checking latch_loops (0)
----------------------------
 There are 0 combinational latch loops in the design through latch input



------------------------------------------------------------------------------------------------
| Design Timing Summary
| ---------------------
------------------------------------------------------------------------------------------------

    WNS(ns)      TNS(ns)  TNS Failing Endpoints  TNS Total Endpoints      WHS(ns)      THS(ns)  THS Failing Endpoints  THS Total Endpoints     WPWS(ns)     TPWS(ns)  TPWS Failing Endpoints  TPWS Total Endpoints  
    -------      -------  ---------------------  -------------------      -------      -------  ---------------------  -------------------     --------     --------  ----------------------  --------------------  
     86.033        0.000                      0                  293        0.050        0.000                      0                  293        4.505        0.000                       0                   116  


All user specified timing constraints are met.


------------------------------------------------------------------------------------------------
| Clock Summary
| -------------
------------------------------------------------------------------------------------------------

Clock    Waveform(ns)         Period(ns)      Frequency(MHz)
-----    ------------         ----------      --------------
sys_clk  {0.000 5.000}        100.000         10.000          


------------------------------------------------------------------------------------------------
| Intra Clock Table
| -----------------
------------------------------------------------------------------------------------------------

Clock             WNS(ns)      TNS(ns)  TNS Failing Endpoints  TNS Total Endpoints      WHS(ns)      THS(ns)  THS Failing Endpoints  THS Total Endpoints     WPWS(ns)     TPWS(ns)  TPWS Failing Endpoints  TPWS Total Endpoints  
-----             -------      -------  ---------------------  -------------------      -------      -------  ---------------------  -------------------     --------     --------  ----------------------  --------------------  
sys_clk            86.033        0.000                      0                  293        0.050        0.000                      0                  293        4.505        0.000                       0                   116  


------------------------------------------------------------------------------------------------
| Inter Clock Table
| -----------------
------------------------------------------------------------------------------------------------

From Clock    To Clock          WNS(ns)      TNS(ns)  TNS Failing Endpoints  TNS Total Endpoints      WHS(ns)      THS(ns)  THS Failing Endpoints  THS Total Endpoints  
----------    --------          -------      -------  ---------------------  -------------------      -------      -------  ---------------------  -------------------  


------------------------------------------------------------------------------------------------
| Other Path Groups Table
| -----------------------
------------------------------------------------------------------------------------------------

Path Group    From Clock    To Clock          WNS(ns)      TNS(ns)  TNS Failing Endpoints  TNS Total Endpoints      WHS(ns)      THS(ns)  THS Failing Endpoints  THS Total Endpoints  
----------    ----------    --------          -------      -------  ---------------------  -------------------      -------      -------  ---------------------  -------------------  


------------------------------------------------------------------------------------------------
| Timing Details
| --------------
------------------------------------------------------------------------------------------------


---------------------------------------------------------------------------------------------------
From Clock:  sys_clk
  To Clock:  sys_clk

Setup :            0  Failing Endpoints,  Worst Slack       86.033ns,  Total Violation        0.000ns
Hold  :            0  Failing Endpoints,  Worst Slack        0.050ns,  Total Violation        0.000ns
PW    :            0  Failing Endpoints,  Worst Slack        4.505ns,  Total Violation        0.000ns
---------------------------------------------------------------------------------------------------


Max Delay Paths
--------------------------------------------------------------------------------------
Slack (MET) :             86.033ns  (required time - arrival time)
  Source:                 tw_addr_r_reg_rep[4]/C
                            (rising edge-triggered cell FDCE clocked by sys_clk  {rise@0.000ns fall@5.000ns period=100.000ns})
  Destination:            y0r_r_reg[0]/D
                            (rising edge-triggered cell FDCE clocked by sys_clk  {rise@0.000ns fall@5.000ns period=100.000ns})
  Path Group:             sys_clk
  Path Type:              Setup (Max at Slow Process Corner)
  Requirement:            100.000ns  (sys_clk rise@100.000ns - sys_clk rise@0.000ns)
  Data Path Delay:        13.869ns  (logic 3.808ns (27.458%)  route 10.061ns (72.542%))
  Logic Levels:           34  (CARRY8=2 LUT2=2 LUT3=2 LUT4=6 LUT5=5 LUT6=17)
  Clock Path Skew:        -0.087ns (DCD - SCD + CPR)
    Destination Clock Delay (DCD):    1.111ns = ( 101.111 - 100.000 ) 
    Source Clock Delay      (SCD):    1.459ns
    Clock Pessimism Removal (CPR):    0.260ns
  Clock Uncertainty:      0.035ns  ((TSJ^2 + TIJ^2)^1/2 + DJ) / 2 + PE
    Total System Jitter     (TSJ):    0.071ns
    Total Input Jitter      (TIJ):    0.000ns
    Discrete Jitter          (DJ):    0.000ns
    Phase Error              (PE):    0.000ns
  Clock Net Delay (Source):      0.659ns (routing 0.001ns, distribution 0.658ns)
  Clock Net Delay (Destination): 0.555ns (routing 0.001ns, distribution 0.554ns)

    Location             Delay type                Incr(ns)  Path(ns)    Netlist Resource(s)
  -------------------------------------------------------------------    -------------------
                         (clock sys_clk rise edge)    0.000     0.000 r  
    E5                                                0.000     0.000 r  clk (IN)
                         net (fo=0)                   0.000     0.000    clk_IBUF_inst/I
    E5                   INBUF (Prop_INBUF_HPIOB_M_PAD_O)
                                                      0.458     0.458 r  clk_IBUF_inst/INBUF_INST/O
                         net (fo=1, routed)           0.000     0.458    clk_IBUF_inst/OUT
    E5                   IBUFCTRL (Prop_IBUFCTRL_HPIOB_M_I_O)
                                                      0.000     0.458 r  clk_IBUF_inst/IBUFCTRL_INST/O
                         net (fo=1, routed)           0.314     0.772    clk_IBUF
    BUFGCE_X0Y90         BUFGCE (Prop_BUFCE_BUFGCE_I_O)
                                                      0.028     0.800 r  clk_IBUF_BUFG_inst/O
    X1Y3 (CLOCK_ROOT)    net (fo=115, routed)         0.659     1.459    clk_IBUF_BUFG
    SLICE_X26Y214        FDCE                                         r  tw_addr_r_reg_rep[4]/C
  -------------------------------------------------------------------    -------------------
    SLICE_X26Y214        FDCE (Prop_EFF2_SLICEL_C_Q)
                                                      0.071     1.530 r  tw_addr_r_reg_rep[4]/Q
                         net (fo=19, routed)          0.356     1.886    TW/y0r_r[5]_i_355_0[4]
    SLICE_X26Y216        LUT6 (Prop_H6LUT_SLICEL_I3_O)
                                                      0.114     2.000 r  TW/y0r_r[5]_i_156/O
                         net (fo=6, routed)           0.196     2.196    TW/y0r_r[5]_i_156_n_0
    SLICE_X27Y218        LUT4 (Prop_D5LUT_SLICEL_I1_O)
                                                      0.120     2.316 r  TW/y0r_r[5]_i_63/O
                         net (fo=12, routed)          0.612     2.928    TW/wr[5]
    SLICE_X26Y226        LUT6 (Prop_E6LUT_SLICEL_I2_O)
                                                      0.082     3.010 f  TW/y0r_r[5]_i_24/O
                         net (fo=4, routed)           0.086     3.095    TW/BF/z_wr
    SLICE_X25Y226        LUT4 (Prop_C5LUT_SLICEM_I0_O)
                                                      0.087     3.182 r  TW/y0r_r[5]_i_122/O
                         net (fo=21, routed)          0.456     3.638    TW/y0r_r[5]_i_122_n_0
    SLICE_X24Y227        LUT4 (Prop_A6LUT_SLICEM_I2_O)
                                                      0.136     3.774 r  TW/y0r_r[5]_i_241/O
                         net (fo=7, routed)           1.021     4.795    TW/BF/scm1[3]
    SLICE_X23Y222        LUT3 (Prop_B6LUT_SLICEL_I1_O)
                                                      0.135     4.930 r  TW/y0r_r[5]_i_235/O
                         net (fo=1, routed)           0.012     4.942    TW/y0r_r[5]_i_235_n_0
    SLICE_X23Y222        CARRY8 (Prop_CARRY8_SLICEL_S[1]_CO[3])
                                                      0.162     5.104 r  TW/y0r_r_reg[5]_i_116/CO[3]
                         net (fo=10, routed)          0.408     5.512    TW/BF/SUB_Tr/sign_l20_in
    SLICE_X25Y225        LUT6 (Prop_E6LUT_SLICEM_I1_O)
                                                      0.135     5.647 r  TW/y0r_r[5]_i_369/O
                         net (fo=1, routed)           0.284     5.931    TW/y0r_r[5]_i_369_n_0
    SLICE_X25Y225        LUT6 (Prop_H6LUT_SLICEM_I5_O)
                                                      0.032     5.963 f  TW/y0r_r[5]_i_304/O
                         net (fo=3, routed)           0.204     6.167    TW/y0r_r[5]_i_304_n_0
    SLICE_X25Y221        LUT6 (Prop_H6LUT_SLICEM_I1_O)
                                                      0.115     6.282 f  TW/y0r_r[5]_i_176/O
                         net (fo=1, routed)           0.040     6.322    TW/y0r_r[5]_i_176_n_0
    SLICE_X25Y221        LUT6 (Prop_F6LUT_SLICEM_I5_O)
                                                      0.081     6.403 r  TW/y0r_r[5]_i_70/O
                         net (fo=5, routed)           0.097     6.500    TW/y0r_r[5]_i_70_n_0
    SLICE_X26Y221        LUT6 (Prop_C6LUT_SLICEL_I0_O)
                                                      0.113     6.613 r  TW/y0r_r[5]_i_75/O
                         net (fo=3, routed)           0.204     6.817    TW/y0r_r[5]_i_75_n_0
    SLICE_X25Y222        LUT6 (Prop_H6LUT_SLICEM_I5_O)
                                                      0.115     6.932 f  TW/y0r_r[5]_i_30/O
                         net (fo=15, routed)          0.283     7.215    TW/y0r_r[5]_i_30_n_0
    SLICE_X24Y220        LUT4 (Prop_D5LUT_SLICEM_I3_O)
                                                      0.097     7.312 r  TW/y0r_r[5]_i_323/O
                         net (fo=2, routed)           0.178     7.490    TW/y0r_r[5]_i_323_n_0
    SLICE_X24Y220        LUT6 (Prop_E6LUT_SLICEM_I5_O)
                                                      0.135     7.625 r  TW/y0r_r[5]_i_254/O
                         net (fo=14, routed)          0.282     7.907    TW/y0r_r[5]_i_254_n_0
    SLICE_X24Y220        LUT6 (Prop_G6LUT_SLICEM_I1_O)
                                                      0.114     8.021 r  TW/y0r_r[1]_i_60/O
                         net (fo=1, routed)           0.151     8.172    TW/y0r_r[1]_i_60_n_0
    SLICE_X24Y222        LUT5 (Prop_F6LUT_SLICEM_I0_O)
                                                      0.114     8.286 r  TW/y0r_r[1]_i_34/O
                         net (fo=11, routed)          0.798     9.084    TW/BF/sc_tr[3]
    SLICE_X22Y214        LUT2 (Prop_C6LUT_SLICEL_I1_O)
                                                      0.088     9.172 r  TW/y0r_r[5]_i_132/O
                         net (fo=4, routed)           0.154     9.327    TW/y0r_r[5]_i_132_n_0
    SLICE_X21Y215        LUT5 (Prop_G6LUT_SLICEM_I4_O)
                                                      0.135     9.462 r  TW/y0r_r[5]_i_125/O
                         net (fo=1, routed)           0.291     9.753    TW/y0r_r[5]_i_125_n_0
    SLICE_X21Y215        CARRY8 (Prop_CARRY8_SLICEM_DI[1]_CO[3])
                                                      0.126     9.879 r  TW/y0r_r_reg[5]_i_50/CO[3]
                         net (fo=10, routed)          0.303    10.181    TW/BF/ADD_y0r/sign_l20_in
    SLICE_X18Y216        LUT4 (Prop_D6LUT_SLICEM_I0_O)
                                                      0.113    10.294 r  TW/y0r_r[5]_i_19/O
                         net (fo=37, routed)          0.110    10.404    TW/y0r_r[5]_i_19_n_0
    SLICE_X19Y216        LUT6 (Prop_H6LUT_SLICEL_I5_O)
                                                      0.090    10.494 f  TW/y0r_r[5]_i_200/O
                         net (fo=5, routed)           0.289    10.783    TW/y0r_r[5]_i_200_n_0
    SLICE_X21Y216        LUT5 (Prop_A5LUT_SLICEM_I3_O)
                                                      0.100    10.883 r  TW/y0r_r[5]_i_88/O
                         net (fo=1, routed)           0.262    11.145    TW/y0r_r[5]_i_88_n_0
    SLICE_X19Y216        LUT6 (Prop_C6LUT_SLICEL_I4_O)
                                                      0.113    11.258 r  TW/y0r_r[5]_i_33/O
                         net (fo=7, routed)           0.107    11.365    TW/y0r_r[5]_i_33_n_0
    SLICE_X19Y218        LUT4 (Prop_A5LUT_SLICEL_I0_O)
                                                      0.101    11.466 r  TW/y0r_r[5]_i_43/O
                         net (fo=9, routed)           0.312    11.779    TW/y0r_r[5]_i_43_n_0
    SLICE_X19Y218        LUT6 (Prop_H6LUT_SLICEL_I2_O)
                                                      0.114    11.893 f  TW/y0r_r[0]_i_25/O
                         net (fo=4, routed)           0.164    12.057    TW/y0r_r[0]_i_25_n_0
    SLICE_X20Y218        LUT6 (Prop_B6LUT_SLICEM_I4_O)
                                                      0.089    12.146 r  TW/y0r_r[1]_i_39/O
                         net (fo=4, routed)           0.176    12.322    TW/y0r_r[1]_i_39_n_0
    SLICE_X21Y218        LUT2 (Prop_H5LUT_SLICEM_I0_O)
                                                      0.060    12.382 r  TW/y0r_r[1]_i_45/O
                         net (fo=1, routed)           0.193    12.575    TW/y0r_r[1]_i_45_n_0
    SLICE_X21Y218        LUT6 (Prop_A6LUT_SLICEM_I4_O)
                                                      0.115    12.690 f  TW/y0r_r[1]_i_21/O
                         net (fo=3, routed)           0.280    12.970    TW/y0r_r[1]_i_21_n_0
    SLICE_X20Y219        LUT3 (Prop_A6LUT_SLICEM_I2_O)
                                                      0.136    13.106 r  TW/y0r_r[1]_i_7/O
                         net (fo=9, routed)           0.274    13.380    TW/BF/sc_y0r[4]
    SLICE_X21Y220        LUT5 (Prop_D5LUT_SLICEM_I2_O)
                                                      0.140    13.520 r  TW/y0r_r[4]_i_17/O
                         net (fo=2, routed)           0.220    13.741    TW/y0r_r[4]_i_17_n_0
    SLICE_X21Y220        LUT6 (Prop_G6LUT_SLICEM_I2_O)
                                                      0.135    13.876 r  TW/y0r_r[4]_i_8/O
                         net (fo=8, routed)           0.732    14.607    TW/y0r_r[4]_i_8_n_0
    SLICE_X22Y220        LUT6 (Prop_C6LUT_SLICEL_I0_O)
                                                      0.081    14.688 r  TW/y0r_r[0]_i_3/O
                         net (fo=1, routed)           0.046    14.734    TW/y0r_r[0]_i_3_n_0
    SLICE_X22Y219        LUT5 (Prop_H6LUT_SLICEL_I1_O)
                                                      0.114    14.848 r  TW/y0r_r[0]_i_1/O
                         net (fo=1, routed)           0.479    15.327    y0r[0]
    SLICE_X23Y214        FDCE                                         r  y0r_r_reg[0]/D
  -------------------------------------------------------------------    -------------------

                         (clock sys_clk rise edge)  100.000   100.000 r  
    E5                                                0.000   100.000 r  clk (IN)
                         net (fo=0)                   0.000   100.000    clk_IBUF_inst/I
    E5                   INBUF (Prop_INBUF_HPIOB_M_PAD_O)
                                                      0.255   100.255 r  clk_IBUF_inst/INBUF_INST/O
                         net (fo=1, routed)           0.000   100.255    clk_IBUF_inst/OUT
    E5                   IBUFCTRL (Prop_IBUFCTRL_HPIOB_M_I_O)
                                                      0.000   100.255 r  clk_IBUF_inst/IBUFCTRL_INST/O
                         net (fo=1, routed)           0.278   100.533    clk_IBUF
    BUFGCE_X0Y90         BUFGCE (Prop_BUFCE_BUFGCE_I_O)
                                                      0.024   100.557 r  clk_IBUF_BUFG_inst/O
    X1Y3 (CLOCK_ROOT)    net (fo=115, routed)         0.555   101.111    clk_IBUF_BUFG
    SLICE_X23Y214        FDCE                                         r  y0r_r_reg[0]/C
                         clock pessimism              0.260   101.371    
                         clock uncertainty           -0.035   101.336    
    SLICE_X23Y214        FDCE (Setup_GFF2_SLICEL_C_D)
                                                      0.024   101.360    y0r_r_reg[0]
  -------------------------------------------------------------------
                         required time                        101.360    
                         arrival time                         -15.327    
  -------------------------------------------------------------------
                         slack                                 86.033    





Min Delay Paths
--------------------------------------------------------------------------------------
Slack (MET) :             0.050ns  (arrival time - required time)
  Source:                 stage_reg[1]/C
                            (rising edge-triggered cell FDCE clocked by sys_clk  {rise@0.000ns fall@5.000ns period=100.000ns})
  Destination:            stage_reg[4]/D
                            (rising edge-triggered cell FDCE clocked by sys_clk  {rise@0.000ns fall@5.000ns period=100.000ns})
  Path Group:             sys_clk
  Path Type:              Hold (Min at Fast Process Corner)
  Requirement:            0.000ns  (sys_clk rise@0.000ns - sys_clk rise@0.000ns)
  Data Path Delay:        0.137ns  (logic 0.062ns (45.288%)  route 0.075ns (54.712%))
  Logic Levels:           1  (LUT6=1)
  Clock Path Skew:        0.041ns (DCD - SCD - CPR)
    Destination Clock Delay (DCD):    1.002ns
    Source Clock Delay      (SCD):    0.726ns
    Clock Pessimism Removal (CPR):    0.235ns
  Clock Net Delay (Source):      0.407ns (routing 0.000ns, distribution 0.407ns)
  Clock Net Delay (Destination): 0.458ns (routing 0.001ns, distribution 0.457ns)

    Location             Delay type                Incr(ns)  Path(ns)    Netlist Resource(s)
  -------------------------------------------------------------------    -------------------
                         (clock sys_clk rise edge)    0.000     0.000 r  
    E5                                                0.000     0.000 r  clk (IN)
                         net (fo=0)                   0.000     0.000    clk_IBUF_inst/I
    E5                   INBUF (Prop_INBUF_HPIOB_M_PAD_O)
                                                      0.159     0.159 r  clk_IBUF_inst/INBUF_INST/O
                         net (fo=1, routed)           0.000     0.159    clk_IBUF_inst/OUT
    E5                   IBUFCTRL (Prop_IBUFCTRL_HPIOB_M_I_O)
                                                      0.000     0.159 r  clk_IBUF_inst/IBUFCTRL_INST/O
                         net (fo=1, routed)           0.144     0.303    clk_IBUF
    BUFGCE_X0Y90         BUFGCE (Prop_BUFCE_BUFGCE_I_O)
                                                      0.017     0.320 r  clk_IBUF_BUFG_inst/O
    X1Y3 (CLOCK_ROOT)    net (fo=115, routed)         0.407     0.726    clk_IBUF_BUFG
    SLICE_X24Y211        FDCE                                         r  stage_reg[1]/C
  -------------------------------------------------------------------    -------------------
    SLICE_X24Y211        FDCE (Prop_BFF2_SLICEM_C_Q)
                                                      0.040     0.766 r  stage_reg[1]/Q
                         net (fo=41, routed)          0.059     0.825    stage_reg_n_0_[1]
    SLICE_X23Y211        LUT6 (Prop_D6LUT_SLICEL_I1_O)
                                                      0.022     0.847 r  stage[4]_i_1/O
                         net (fo=1, routed)           0.016     0.863    stage[4]_i_1_n_0
    SLICE_X23Y211        FDCE                                         r  stage_reg[4]/D
  -------------------------------------------------------------------    -------------------

                         (clock sys_clk rise edge)    0.000     0.000 r  
    E5                                                0.000     0.000 r  clk (IN)
                         net (fo=0)                   0.000     0.000    clk_IBUF_inst/I
    E5                   INBUF (Prop_INBUF_HPIOB_M_PAD_O)
                                                      0.344     0.344 r  clk_IBUF_inst/INBUF_INST/O
                         net (fo=1, routed)           0.000     0.344    clk_IBUF_inst/OUT
    E5                   IBUFCTRL (Prop_IBUFCTRL_HPIOB_M_I_O)
                                                      0.000     0.344 r  clk_IBUF_inst/IBUFCTRL_INST/O
                         net (fo=1, routed)           0.181     0.525    clk_IBUF
    BUFGCE_X0Y90         BUFGCE (Prop_BUFCE_BUFGCE_I_O)
                                                      0.019     0.544 r  clk_IBUF_BUFG_inst/O
    X1Y3 (CLOCK_ROOT)    net (fo=115, routed)         0.458     1.002    clk_IBUF_BUFG
    SLICE_X23Y211        FDCE                                         r  stage_reg[4]/C
                         clock pessimism             -0.235     0.767    
    SLICE_X23Y211        FDCE (Hold_DFF_SLICEL_C_D)
                                                      0.046     0.813    stage_reg[4]
  -------------------------------------------------------------------
                         required time                         -0.813    
                         arrival time                           0.863    
  -------------------------------------------------------------------
                         slack                                  0.050    





Pulse Width Checks
--------------------------------------------------------------------------------------
Clock Name:         sys_clk
Waveform(ns):       { 0.000 5.000 }
Period(ns):         100.000
Sources:            { clk }

Check Type        Corner  Lib Pin             Reference Pin  Required(ns)  Actual(ns)  Slack(ns)  Location      Pin
Min Period        n/a     RAMB18E2/CLKARDCLK  n/a            1.392         100.000     98.608     RAMB18_X0Y86  RAM/imag_mem_reg_bram_0/CLKARDCLK
Low Pulse Width   Slow    RAMB18E2/CLKARDCLK  n/a            0.495         95.000      94.505     RAMB18_X0Y86  RAM/imag_mem_reg_bram_0/CLKARDCLK
High Pulse Width  Slow    RAMB18E2/CLKARDCLK  n/a            0.495         5.000       4.505      RAMB18_X0Y86  RAM/imag_mem_reg_bram_0/CLKARDCLK



