Copyright 1986-2022 Xilinx, Inc. All Rights Reserved. Copyright 2022-2025 Advanced Micro Devices, Inc. All Rights Reserved.
--------------------------------------------------------------------------------------------------------------------------------------------------
| Tool Version      : Vivado v.2025.2 (win64) Build 6299465 Fri Nov 14 19:35:11 GMT 2025
| Date              : Fri Jun 12 02:36:38 2026
| Host              : LAPTOP-MHFLAL5K running 64-bit major release  (build 9200)
| Command           : report_timing_summary -file C:/SRIP/reports2/timing_summary_P5E1.rpt
| Design            : fft16_top_fused
| Device            : xczu5ev-sfvc784
| Speed File        : -3  PRODUCTION 1.30 05-15-2022
| Design State      : Routed
| Temperature Grade : E
--------------------------------------------------------------------------------------------------------------------------------------------------

Timing Summary Report

------------------------------------------------------------------------------------------------
| Timer Settings
| --------------
------------------------------------------------------------------------------------------------

  Enable Multi Corner Analysis               :  Yes
  Enable Pessimism Removal                   :  Yes
  Pessimism Removal Resolution               :  Nearest Common Node
  Enable Input Delay Default Clock           :  No
  Enable Preset / Clear Arcs                 :  No
  Disable Flight Delays                      :  No
  Ignore I/O Paths                           :  No
  Timing Early Launch at Borrowing Latches   :  No
  Borrow Time for Max Delay Exceptions       :  Yes
  Merge Timing Exceptions                    :  Yes
  Inter-SLR Compensation                     :  Conservative

  Corner  Analyze    Analyze    
  Name    Max Paths  Min Paths  
  ------  ---------  ---------  
  Slow    Yes        Yes        
  Fast    Yes        Yes        


------------------------------------------------------------------------------------------------
| Report Methodology
| ------------------
------------------------------------------------------------------------------------------------

Rule       Severity  Description                                 Violations  
---------  --------  ------------------------------------------  ----------  
SYNTH-6    Warning   Timing of a RAM block might be sub-optimal  2           
TIMING-18  Warning   Missing input or output delay               44          

Note: This report is based on the most recent report_methodology run and may not be up-to-date. Run report_methodology on the current design for the latest report.



check_timing report

Table of Contents
-----------------
1. checking no_clock (0)
2. checking constant_clock (0)
3. checking pulse_width_clock (0)
4. checking unconstrained_internal_endpoints (0)
5. checking no_input_delay (34)
6. checking no_output_delay (11)
7. checking multiple_clock (0)
8. checking generated_clocks (0)
9. checking loops (0)
10. checking partial_input_delay (0)
11. checking partial_output_delay (0)
12. checking latch_loops (0)

1. checking no_clock (0)
------------------------
 There are 0 register/latch pins with no clock.


2. checking constant_clock (0)
------------------------------
 There are 0 register/latch pins with constant_clock.


3. checking pulse_width_clock (0)
---------------------------------
 There are 0 register/latch pins which need pulse_width check


4. checking unconstrained_internal_endpoints (0)
------------------------------------------------
 There are 0 pins that are not constrained for maximum delay.

 There are 0 pins that are not constrained for maximum delay due to constant clock.


5. checking no_input_delay (34)
-------------------------------
 There are 33 input ports with no input delay specified. (HIGH)

 There is 1 input port with no input delay but user has a false path constraint. (MEDIUM)


6. checking no_output_delay (11)
--------------------------------
 There are 11 ports with no output delay specified. (HIGH)

 There are 0 ports with no output delay but user has a false path constraint

 There are 0 ports with no output delay but with a timing clock defined on it or propagating through it


7. checking multiple_clock (0)
------------------------------
 There are 0 register/latch pins with multiple clocks.


8. checking generated_clocks (0)
--------------------------------
 There are 0 generated clocks that are not connected to a clock source.


9. checking loops (0)
---------------------
 There are 0 combinational loops in the design.


10. checking partial_input_delay (0)
------------------------------------
 There are 0 input ports with partial input delay specified.


11. checking partial_output_delay (0)
-------------------------------------
 There are 0 ports with partial output delay specified.


12. checking latch_loops (0)
----------------------------
 There are 0 combinational latch loops in the design through latch input



------------------------------------------------------------------------------------------------
| Design Timing Summary
| ---------------------
------------------------------------------------------------------------------------------------

    WNS(ns)      TNS(ns)  TNS Failing Endpoints  TNS Total Endpoints      WHS(ns)      THS(ns)  THS Failing Endpoints  THS Total Endpoints     WPWS(ns)     TPWS(ns)  TPWS Failing Endpoints  TPWS Total Endpoints  
    -------      -------  ---------------------  -------------------      -------      -------  ---------------------  -------------------     --------     --------  ----------------------  --------------------  
     87.526        0.000                      0                  273        0.041        0.000                      0                  273        4.505        0.000                       0                   108  


All user specified timing constraints are met.


------------------------------------------------------------------------------------------------
| Clock Summary
| -------------
------------------------------------------------------------------------------------------------

Clock    Waveform(ns)         Period(ns)      Frequency(MHz)
-----    ------------         ----------      --------------
sys_clk  {0.000 5.000}        100.000         10.000          


------------------------------------------------------------------------------------------------
| Intra Clock Table
| -----------------
------------------------------------------------------------------------------------------------

Clock             WNS(ns)      TNS(ns)  TNS Failing Endpoints  TNS Total Endpoints      WHS(ns)      THS(ns)  THS Failing Endpoints  THS Total Endpoints     WPWS(ns)     TPWS(ns)  TPWS Failing Endpoints  TPWS Total Endpoints  
-----             -------      -------  ---------------------  -------------------      -------      -------  ---------------------  -------------------     --------     --------  ----------------------  --------------------  
sys_clk            87.526        0.000                      0                  273        0.041        0.000                      0                  273        4.505        0.000                       0                   108  


------------------------------------------------------------------------------------------------
| Inter Clock Table
| -----------------
------------------------------------------------------------------------------------------------

From Clock    To Clock          WNS(ns)      TNS(ns)  TNS Failing Endpoints  TNS Total Endpoints      WHS(ns)      THS(ns)  THS Failing Endpoints  THS Total Endpoints  
----------    --------          -------      -------  ---------------------  -------------------      -------      -------  ---------------------  -------------------  


------------------------------------------------------------------------------------------------
| Other Path Groups Table
| -----------------------
------------------------------------------------------------------------------------------------

Path Group    From Clock    To Clock          WNS(ns)      TNS(ns)  TNS Failing Endpoints  TNS Total Endpoints      WHS(ns)      THS(ns)  THS Failing Endpoints  THS Total Endpoints  
----------    ----------    --------          -------      -------  ---------------------  -------------------      -------      -------  ---------------------  -------------------  


------------------------------------------------------------------------------------------------
| Timing Details
| --------------
------------------------------------------------------------------------------------------------


---------------------------------------------------------------------------------------------------
From Clock:  sys_clk
  To Clock:  sys_clk

Setup :            0  Failing Endpoints,  Worst Slack       87.526ns,  Total Violation        0.000ns
Hold  :            0  Failing Endpoints,  Worst Slack        0.041ns,  Total Violation        0.000ns
PW    :            0  Failing Endpoints,  Worst Slack        4.505ns,  Total Violation        0.000ns
---------------------------------------------------------------------------------------------------


Max Delay Paths
--------------------------------------------------------------------------------------
Slack (MET) :             87.526ns  (required time - arrival time)
  Source:                 tw_addr_r_reg_rep[2]/C
                            (rising edge-triggered cell FDCE clocked by sys_clk  {rise@0.000ns fall@5.000ns period=100.000ns})
  Destination:            y0i_r_reg[1]/D
                            (rising edge-triggered cell FDCE clocked by sys_clk  {rise@0.000ns fall@5.000ns period=100.000ns})
  Path Group:             sys_clk
  Path Type:              Setup (Max at Slow Process Corner)
  Requirement:            100.000ns  (sys_clk rise@100.000ns - sys_clk rise@0.000ns)
  Data Path Delay:        12.478ns  (logic 3.480ns (27.890%)  route 8.998ns (72.110%))
  Logic Levels:           32  (CARRY8=2 LUT2=1 LUT3=2 LUT4=3 LUT5=5 LUT6=19)
  Clock Path Skew:        0.016ns (DCD - SCD + CPR)
    Destination Clock Delay (DCD):    1.209ns = ( 101.209 - 100.000 ) 
    Source Clock Delay      (SCD):    1.455ns
    Clock Pessimism Removal (CPR):    0.262ns
  Clock Uncertainty:      0.035ns  ((TSJ^2 + TIJ^2)^1/2 + DJ) / 2 + PE
    Total System Jitter     (TSJ):    0.071ns
    Total Input Jitter      (TIJ):    0.000ns
    Discrete Jitter          (DJ):    0.000ns
    Phase Error              (PE):    0.000ns
  Clock Net Delay (Source):      0.655ns (routing 0.001ns, distribution 0.654ns)
  Clock Net Delay (Destination): 0.652ns (routing 0.001ns, distribution 0.651ns)

    Location             Delay type                Incr(ns)  Path(ns)    Netlist Resource(s)
  -------------------------------------------------------------------    -------------------
                         (clock sys_clk rise edge)    0.000     0.000 r  
    E5                                                0.000     0.000 r  clk (IN)
                         net (fo=0)                   0.000     0.000    clk_IBUF_inst/I
    E5                   INBUF (Prop_INBUF_HPIOB_M_PAD_O)
                                                      0.458     0.458 r  clk_IBUF_inst/INBUF_INST/O
                         net (fo=1, routed)           0.000     0.458    clk_IBUF_inst/OUT
    E5                   IBUFCTRL (Prop_IBUFCTRL_HPIOB_M_I_O)
                                                      0.000     0.458 r  clk_IBUF_inst/IBUFCTRL_INST/O
                         net (fo=1, routed)           0.314     0.772    clk_IBUF
    BUFGCE_X0Y90         BUFGCE (Prop_BUFCE_BUFGCE_I_O)
                                                      0.028     0.800 r  clk_IBUF_BUFG_inst/O
    X1Y3 (CLOCK_ROOT)    net (fo=107, routed)         0.655     1.455    clk_IBUF_BUFG
    SLICE_X25Y224        FDCE                                         r  tw_addr_r_reg_rep[2]/C
  -------------------------------------------------------------------    -------------------
    SLICE_X25Y224        FDCE (Prop_EFF2_SLICEM_C_Q)
                                                      0.069     1.524 r  tw_addr_r_reg_rep[2]/Q
                         net (fo=13, routed)          0.372     1.896    TW/y0i_r[4]_i_231_0[2]
    SLICE_X28Y226        LUT6 (Prop_F6LUT_SLICEM_I3_O)
                                                      0.134     2.030 f  TW/y0i_r[4]_i_104/O
                         net (fo=1, routed)           0.266     2.296    TW/y0i_r[4]_i_104_n_0
    SLICE_X28Y226        LUT6 (Prop_E6LUT_SLICEM_I2_O)
                                                      0.135     2.431 f  TW/y0i_r[4]_i_40/O
                         net (fo=11, routed)          0.172     2.603    TW/wr[2]
    SLICE_X28Y224        LUT6 (Prop_H6LUT_SLICEM_I1_O)
                                                      0.115     2.718 r  TW/y0i_r[4]_i_66/O
                         net (fo=4, routed)           0.253     2.971    TW/BF/M4/sign_o1
    SLICE_X27Y226        LUT2 (Prop_H5LUT_SLICEL_I0_O)
                                                      0.119     3.090 f  TW/y0i_r[4]_i_78/O
                         net (fo=13, routed)          0.272     3.362    TW/y0i_r[4]_i_78_n_0
    SLICE_X26Y224        LUT6 (Prop_H6LUT_SLICEL_I3_O)
                                                      0.114     3.476 f  TW/y0i_r[4]_i_168/O
                         net (fo=6, routed)           0.353     3.829    TW/BF/scm4[3]
    SLICE_X26Y228        LUT4 (Prop_E6LUT_SLICEL_I3_O)
                                                      0.114     3.943 r  TW/y0i_r[4]_i_160/O
                         net (fo=1, routed)           0.112     4.055    TW/y0i_r[4]_i_160_n_0
    SLICE_X26Y228        CARRY8 (Prop_CARRY8_SLICEL_DI[1]_CO[3])
                                                      0.124     4.179 r  TW/y0i_r_reg[4]_i_70/CO[3]
                         net (fo=1, routed)           0.245     4.424    TW/BF/ADD_Ti/sign_l20_in
    SLICE_X26Y228        LUT6 (Prop_F6LUT_SLICEL_I2_O)
                                                      0.031     4.455 r  TW/y0i_r[4]_i_24/O
                         net (fo=20, routed)          0.256     4.711    TW/y0i_r[4]_i_24_n_0
    SLICE_X23Y227        LUT3 (Prop_D5LUT_SLICEL_I1_O)
                                                      0.120     4.831 f  TW/y0i_r[4]_i_276/O
                         net (fo=2, routed)           0.217     5.048    TW/y0i_r[4]_i_276_n_0
    SLICE_X24Y227        LUT5 (Prop_C5LUT_SLICEM_I1_O)
                                                      0.142     5.190 f  TW/y0i_r[4]_i_189/O
                         net (fo=1, routed)           0.127     5.317    TW/y0i_r[4]_i_189_n_0
    SLICE_X24Y228        LUT6 (Prop_G6LUT_SLICEM_I1_O)
                                                      0.114     5.431 f  TW/y0i_r[4]_i_81/O
                         net (fo=10, routed)          0.168     5.599    TW/y0i_r[4]_i_81_n_0
    SLICE_X25Y229        LUT4 (Prop_C6LUT_SLICEM_I2_O)
                                                      0.113     5.712 r  TW/y0i_r[4]_i_236/O
                         net (fo=6, routed)           0.356     6.069    TW/y0i_r[4]_i_236_n_0
    SLICE_X23Y228        LUT6 (Prop_H6LUT_SLICEL_I5_O)
                                                      0.135     6.204 f  TW/y0i_r[4]_i_126/O
                         net (fo=9, routed)           0.225     6.429    TW/y0i_r[4]_i_126_n_0
    SLICE_X24Y230        LUT6 (Prop_A6LUT_SLICEM_I3_O)
                                                      0.136     6.565 f  TW/y0i_r[4]_i_226/O
                         net (fo=4, routed)           0.218     6.783    TW/y0i_r[4]_i_226_n_0
    SLICE_X23Y230        LUT6 (Prop_B6LUT_SLICEL_I5_O)
                                                      0.082     6.865 r  TW/y0i_r[4]_i_123/O
                         net (fo=2, routed)           0.047     6.912    TW/y0i_r[4]_i_123_n_0
    SLICE_X23Y230        LUT6 (Prop_G6LUT_SLICEL_I3_O)
                                                      0.089     7.001 f  TW/y0i_r[4]_i_55/O
                         net (fo=11, routed)          1.526     8.528    TW/BF/sc_ti[3]
    SLICE_X22Y237        LUT6 (Prop_H6LUT_SLICEL_I5_O)
                                                      0.135     8.663 r  TW/y0i_r[4]_i_107/O
                         net (fo=1, routed)           0.083     8.746    TW/y0i_r[4]_i_107_n_0
    SLICE_X22Y237        LUT3 (Prop_E6LUT_SLICEL_I0_O)
                                                      0.031     8.777 r  TW/y0i_r[4]_i_44/O
                         net (fo=2, routed)           0.286     9.062    TW/y0i_r[4]_i_44_n_0
    SLICE_X22Y235        CARRY8 (Prop_CARRY8_SLICEL_DI[1]_CO[3])
                                                      0.124     9.186 r  TW/y0i_r_reg[4]_i_16/CO[3]
                         net (fo=9, routed)           0.224     9.410    TW/BF/ADD_y0i/sign_l20_in
    SLICE_X21Y237        LUT6 (Prop_D6LUT_SLICEM_I0_O)
                                                      0.113     9.523 r  TW/y0i_r[4]_i_6/O
                         net (fo=26, routed)          0.233     9.756    TW/y0i_r[4]_i_6_n_0
    SLICE_X18Y235        LUT5 (Prop_D5LUT_SLICEM_I0_O)
                                                      0.085     9.841 r  TW/y0i_r[4]_i_209/O
                         net (fo=1, routed)           0.249    10.090    TW/y0i_r[4]_i_209_n_0
    SLICE_X21Y236        LUT6 (Prop_G6LUT_SLICEM_I3_O)
                                                      0.082    10.172 f  TW/y0i_r[4]_i_95/O
                         net (fo=6, routed)           0.326    10.498    TW/y0i_r[4]_i_95_n_0
    SLICE_X18Y237        LUT6 (Prop_H6LUT_SLICEM_I3_O)
                                                      0.138    10.636 r  TW/y0i_r[3]_i_51/O
                         net (fo=2, routed)           0.152    10.788    TW/y0i_r[3]_i_51_n_0
    SLICE_X18Y236        LUT4 (Prop_D5LUT_SLICEM_I3_O)
                                                      0.085    10.873 r  TW/y0i_r[3]_i_92/O
                         net (fo=7, routed)           0.448    11.321    TW/y0i_r[3]_i_92_n_0
    SLICE_X18Y233        LUT6 (Prop_H6LUT_SLICEM_I3_O)
                                                      0.090    11.411 r  TW/y0i_r[3]_i_52/O
                         net (fo=8, routed)           0.373    11.784    TW/y0i_r[3]_i_52_n_0
    SLICE_X19Y232        LUT5 (Prop_C5LUT_SLICEL_I4_O)
                                                      0.099    11.883 f  TW/y0i_r[3]_i_82/O
                         net (fo=1, routed)           0.221    12.104    TW/y0i_r[3]_i_82_n_0
    SLICE_X19Y232        LUT6 (Prop_H6LUT_SLICEL_I0_O)
                                                      0.135    12.239 r  TW/y0i_r[3]_i_42/O
                         net (fo=12, routed)          0.103    12.342    TW/y0i_r[3]_i_42_n_0
    SLICE_X18Y232        LUT6 (Prop_E6LUT_SLICEM_I5_O)
                                                      0.031    12.373 f  TW/y0i_r[3]_i_75/O
                         net (fo=1, routed)           0.209    12.582    TW/y0i_r[3]_i_75_n_0
    SLICE_X18Y232        LUT6 (Prop_G6LUT_SLICEM_I2_O)
                                                      0.082    12.664 r  TW/y0i_r[3]_i_37/O
                         net (fo=10, routed)          0.384    13.048    TW/BF/m_y0i[2]
    SLICE_X19Y229        LUT5 (Prop_D5LUT_SLICEL_I3_O)
                                                      0.141    13.189 r  TW/y0i_r[1]_i_6/O
                         net (fo=1, routed)           0.215    13.404    TW/y0i_r[1]_i_6_n_0
    SLICE_X19Y229        LUT6 (Prop_H6LUT_SLICEL_I0_O)
                                                      0.135    13.539 r  TW/y0i_r[1]_i_3/O
                         net (fo=1, routed)           0.255    13.794    TW/y0i_r[1]_i_3_n_0
    SLICE_X22Y229        LUT5 (Prop_C6LUT_SLICEL_I3_O)
                                                      0.088    13.882 r  TW/y0i_r[1]_i_1/O
                         net (fo=1, routed)           0.050    13.932    y0i[1]
    SLICE_X22Y229        FDCE                                         r  y0i_r_reg[1]/D
  -------------------------------------------------------------------    -------------------

                         (clock sys_clk rise edge)  100.000   100.000 r  
    E5                                                0.000   100.000 r  clk (IN)
                         net (fo=0)                   0.000   100.000    clk_IBUF_inst/I
    E5                   INBUF (Prop_INBUF_HPIOB_M_PAD_O)
                                                      0.255   100.255 r  clk_IBUF_inst/INBUF_INST/O
                         net (fo=1, routed)           0.000   100.255    clk_IBUF_inst/OUT
    E5                   IBUFCTRL (Prop_IBUFCTRL_HPIOB_M_I_O)
                                                      0.000   100.255 r  clk_IBUF_inst/IBUFCTRL_INST/O
                         net (fo=1, routed)           0.278   100.533    clk_IBUF
    BUFGCE_X0Y90         BUFGCE (Prop_BUFCE_BUFGCE_I_O)
                                                      0.024   100.557 r  clk_IBUF_BUFG_inst/O
    X1Y3 (CLOCK_ROOT)    net (fo=107, routed)         0.652   101.209    clk_IBUF_BUFG
    SLICE_X22Y229        FDCE                                         r  y0i_r_reg[1]/C
                         clock pessimism              0.262   101.470    
                         clock uncertainty           -0.035   101.435    
    SLICE_X22Y229        FDCE (Setup_CFF_SLICEL_C_D)
                                                      0.023   101.458    y0i_r_reg[1]
  -------------------------------------------------------------------
                         required time                        101.458    
                         arrival time                         -13.932    
  -------------------------------------------------------------------
                         slack                                 87.526    





Min Delay Paths
--------------------------------------------------------------------------------------
Slack (MET) :             0.041ns  (arrival time - required time)
  Source:                 state_reg[0]/C
                            (rising edge-triggered cell FDCE clocked by sys_clk  {rise@0.000ns fall@5.000ns period=100.000ns})
  Destination:            addr_a_r_reg[2]/D
                            (rising edge-triggered cell FDCE clocked by sys_clk  {rise@0.000ns fall@5.000ns period=100.000ns})
  Path Group:             sys_clk
  Path Type:              Hold (Min at Fast Process Corner)
  Requirement:            0.000ns  (sys_clk rise@0.000ns - sys_clk rise@0.000ns)
  Data Path Delay:        0.131ns  (logic 0.053ns (40.454%)  route 0.078ns (59.546%))
  Logic Levels:           1  (LUT6=1)
  Clock Path Skew:        0.044ns (DCD - SCD - CPR)
    Destination Clock Delay (DCD):    1.007ns
    Source Clock Delay      (SCD):    0.728ns
    Clock Pessimism Removal (CPR):    0.235ns
  Clock Net Delay (Source):      0.408ns (routing 0.000ns, distribution 0.408ns)
  Clock Net Delay (Destination): 0.463ns (routing 0.001ns, distribution 0.462ns)

    Location             Delay type                Incr(ns)  Path(ns)    Netlist Resource(s)
  -------------------------------------------------------------------    -------------------
                         (clock sys_clk rise edge)    0.000     0.000 r  
    E5                                                0.000     0.000 r  clk (IN)
                         net (fo=0)                   0.000     0.000    clk_IBUF_inst/I
    E5                   INBUF (Prop_INBUF_HPIOB_M_PAD_O)
                                                      0.159     0.159 r  clk_IBUF_inst/INBUF_INST/O
                         net (fo=1, routed)           0.000     0.159    clk_IBUF_inst/OUT
    E5                   IBUFCTRL (Prop_IBUFCTRL_HPIOB_M_I_O)
                                                      0.000     0.159 r  clk_IBUF_inst/IBUFCTRL_INST/O
                         net (fo=1, routed)           0.144     0.303    clk_IBUF
    BUFGCE_X0Y90         BUFGCE (Prop_BUFCE_BUFGCE_I_O)
                                                      0.017     0.320 r  clk_IBUF_BUFG_inst/O
    X1Y3 (CLOCK_ROOT)    net (fo=107, routed)         0.408     0.728    clk_IBUF_BUFG
    SLICE_X24Y218        FDCE                                         r  state_reg[0]/C
  -------------------------------------------------------------------    -------------------
    SLICE_X24Y218        FDCE (Prop_DFF_SLICEM_C_Q)
                                                      0.039     0.767 r  state_reg[0]/Q
                         net (fo=23, routed)          0.061     0.828    state_reg_n_0_[0]
    SLICE_X23Y218        LUT6 (Prop_C6LUT_SLICEL_I3_O)
                                                      0.014     0.842 r  addr_a_r[2]_i_1/O
                         net (fo=1, routed)           0.017     0.859    addr_a_r[2]_i_1_n_0
    SLICE_X23Y218        FDCE                                         r  addr_a_r_reg[2]/D
  -------------------------------------------------------------------    -------------------

                         (clock sys_clk rise edge)    0.000     0.000 r  
    E5                                                0.000     0.000 r  clk (IN)
                         net (fo=0)                   0.000     0.000    clk_IBUF_inst/I
    E5                   INBUF (Prop_INBUF_HPIOB_M_PAD_O)
                                                      0.344     0.344 r  clk_IBUF_inst/INBUF_INST/O
                         net (fo=1, routed)           0.000     0.344    clk_IBUF_inst/OUT
    E5                   IBUFCTRL (Prop_IBUFCTRL_HPIOB_M_I_O)
                                                      0.000     0.344 r  clk_IBUF_inst/IBUFCTRL_INST/O
                         net (fo=1, routed)           0.181     0.525    clk_IBUF
    BUFGCE_X0Y90         BUFGCE (Prop_BUFCE_BUFGCE_I_O)
                                                      0.019     0.544 r  clk_IBUF_BUFG_inst/O
    X1Y3 (CLOCK_ROOT)    net (fo=107, routed)         0.463     1.007    clk_IBUF_BUFG
    SLICE_X23Y218        FDCE                                         r  addr_a_r_reg[2]/C
                         clock pessimism             -0.235     0.772    
    SLICE_X23Y218        FDCE (Hold_CFF_SLICEL_C_D)
                                                      0.046     0.818    addr_a_r_reg[2]
  -------------------------------------------------------------------
                         required time                         -0.818    
                         arrival time                           0.859    
  -------------------------------------------------------------------
                         slack                                  0.041    





Pulse Width Checks
--------------------------------------------------------------------------------------
Clock Name:         sys_clk
Waveform(ns):       { 0.000 5.000 }
Period(ns):         100.000
Sources:            { clk }

Check Type        Corner  Lib Pin             Reference Pin  Required(ns)  Actual(ns)  Slack(ns)  Location      Pin
Min Period        n/a     RAMB18E2/CLKARDCLK  n/a            1.392         100.000     98.608     RAMB18_X0Y88  RAM/imag_mem_reg_bram_0/CLKARDCLK
Low Pulse Width   Slow    RAMB18E2/CLKARDCLK  n/a            0.495         95.000      94.505     RAMB18_X0Y88  RAM/imag_mem_reg_bram_0/CLKARDCLK
High Pulse Width  Slow    RAMB18E2/CLKARDCLK  n/a            0.495         5.000       4.505      RAMB18_X0Y88  RAM/imag_mem_reg_bram_0/CLKARDCLK



