Copyright 1986-2022 Xilinx, Inc. All Rights Reserved. Copyright 2022-2025 Advanced Micro Devices, Inc. All Rights Reserved.
--------------------------------------------------------------------------------------------------------------------------------------------------
| Tool Version      : Vivado v.2025.2 (win64) Build 6299465 Fri Nov 14 19:35:11 GMT 2025
| Date              : Fri Jun 12 02:08:46 2026
| Host              : LAPTOP-MHFLAL5K running 64-bit major release  (build 9200)
| Command           : report_timing_summary -file C:/SRIP/reports2/timing_summary_P13E1.rpt
| Design            : fft16_top_fused
| Device            : xczu5ev-sfvc784
| Speed File        : -3  PRODUCTION 1.30 05-15-2022
| Design State      : Routed
| Temperature Grade : E
--------------------------------------------------------------------------------------------------------------------------------------------------

Timing Summary Report

------------------------------------------------------------------------------------------------
| Timer Settings
| --------------
------------------------------------------------------------------------------------------------

  Enable Multi Corner Analysis               :  Yes
  Enable Pessimism Removal                   :  Yes
  Pessimism Removal Resolution               :  Nearest Common Node
  Enable Input Delay Default Clock           :  No
  Enable Preset / Clear Arcs                 :  No
  Disable Flight Delays                      :  No
  Ignore I/O Paths                           :  No
  Timing Early Launch at Borrowing Latches   :  No
  Borrow Time for Max Delay Exceptions       :  Yes
  Merge Timing Exceptions                    :  Yes
  Inter-SLR Compensation                     :  Conservative

  Corner  Analyze    Analyze    
  Name    Max Paths  Min Paths  
  ------  ---------  ---------  
  Slow    Yes        Yes        
  Fast    Yes        Yes        


------------------------------------------------------------------------------------------------
| Report Methodology
| ------------------
------------------------------------------------------------------------------------------------

Rule       Severity  Description                                 Violations  
---------  --------  ------------------------------------------  ----------  
SYNTH-6    Warning   Timing of a RAM block might be sub-optimal  2           
TIMING-18  Warning   Missing input or output delay               76          

Note: This report is based on the most recent report_methodology run and may not be up-to-date. Run report_methodology on the current design for the latest report.



check_timing report

Table of Contents
-----------------
1. checking no_clock (0)
2. checking constant_clock (0)
3. checking pulse_width_clock (0)
4. checking unconstrained_internal_endpoints (0)
5. checking no_input_delay (50)
6. checking no_output_delay (27)
7. checking multiple_clock (0)
8. checking generated_clocks (0)
9. checking loops (0)
10. checking partial_input_delay (0)
11. checking partial_output_delay (0)
12. checking latch_loops (0)

1. checking no_clock (0)
------------------------
 There are 0 register/latch pins with no clock.


2. checking constant_clock (0)
------------------------------
 There are 0 register/latch pins with constant_clock.


3. checking pulse_width_clock (0)
---------------------------------
 There are 0 register/latch pins which need pulse_width check


4. checking unconstrained_internal_endpoints (0)
------------------------------------------------
 There are 0 pins that are not constrained for maximum delay.

 There are 0 pins that are not constrained for maximum delay due to constant clock.


5. checking no_input_delay (50)
-------------------------------
 There are 49 input ports with no input delay specified. (HIGH)

 There is 1 input port with no input delay but user has a false path constraint. (MEDIUM)


6. checking no_output_delay (27)
--------------------------------
 There are 27 ports with no output delay specified. (HIGH)

 There are 0 ports with no output delay but user has a false path constraint

 There are 0 ports with no output delay but with a timing clock defined on it or propagating through it


7. checking multiple_clock (0)
------------------------------
 There are 0 register/latch pins with multiple clocks.


8. checking generated_clocks (0)
--------------------------------
 There are 0 generated clocks that are not connected to a clock source.


9. checking loops (0)
---------------------
 There are 0 combinational loops in the design.


10. checking partial_input_delay (0)
------------------------------------
 There are 0 input ports with partial input delay specified.


11. checking partial_output_delay (0)
-------------------------------------
 There are 0 ports with partial output delay specified.


12. checking latch_loops (0)
----------------------------
 There are 0 combinational latch loops in the design through latch input



------------------------------------------------------------------------------------------------
| Design Timing Summary
| ---------------------
------------------------------------------------------------------------------------------------

    WNS(ns)      TNS(ns)  TNS Failing Endpoints  TNS Total Endpoints      WHS(ns)      THS(ns)  THS Failing Endpoints  THS Total Endpoints     WPWS(ns)     TPWS(ns)  TPWS Failing Endpoints  TPWS Total Endpoints  
    -------      -------  ---------------------  -------------------      -------      -------  ---------------------  -------------------     --------     --------  ----------------------  --------------------  
     74.752        0.000                      0                  433        0.032        0.000                      0                  433        4.505        0.000                       0                   172  


All user specified timing constraints are met.


------------------------------------------------------------------------------------------------
| Clock Summary
| -------------
------------------------------------------------------------------------------------------------

Clock    Waveform(ns)         Period(ns)      Frequency(MHz)
-----    ------------         ----------      --------------
sys_clk  {0.000 5.000}        100.000         10.000          


------------------------------------------------------------------------------------------------
| Intra Clock Table
| -----------------
------------------------------------------------------------------------------------------------

Clock             WNS(ns)      TNS(ns)  TNS Failing Endpoints  TNS Total Endpoints      WHS(ns)      THS(ns)  THS Failing Endpoints  THS Total Endpoints     WPWS(ns)     TPWS(ns)  TPWS Failing Endpoints  TPWS Total Endpoints  
-----             -------      -------  ---------------------  -------------------      -------      -------  ---------------------  -------------------     --------     --------  ----------------------  --------------------  
sys_clk            74.752        0.000                      0                  433        0.032        0.000                      0                  433        4.505        0.000                       0                   172  


------------------------------------------------------------------------------------------------
| Inter Clock Table
| -----------------
------------------------------------------------------------------------------------------------

From Clock    To Clock          WNS(ns)      TNS(ns)  TNS Failing Endpoints  TNS Total Endpoints      WHS(ns)      THS(ns)  THS Failing Endpoints  THS Total Endpoints  
----------    --------          -------      -------  ---------------------  -------------------      -------      -------  ---------------------  -------------------  


------------------------------------------------------------------------------------------------
| Other Path Groups Table
| -----------------------
------------------------------------------------------------------------------------------------

Path Group    From Clock    To Clock          WNS(ns)      TNS(ns)  TNS Failing Endpoints  TNS Total Endpoints      WHS(ns)      THS(ns)  THS Failing Endpoints  THS Total Endpoints  
----------    ----------    --------          -------      -------  ---------------------  -------------------      -------      -------  ---------------------  -------------------  


------------------------------------------------------------------------------------------------
| Timing Details
| --------------
------------------------------------------------------------------------------------------------


---------------------------------------------------------------------------------------------------
From Clock:  sys_clk
  To Clock:  sys_clk

Setup :            0  Failing Endpoints,  Worst Slack       74.752ns,  Total Violation        0.000ns
Hold  :            0  Failing Endpoints,  Worst Slack        0.032ns,  Total Violation        0.000ns
PW    :            0  Failing Endpoints,  Worst Slack        4.505ns,  Total Violation        0.000ns
---------------------------------------------------------------------------------------------------


Max Delay Paths
--------------------------------------------------------------------------------------
Slack (MET) :             74.752ns  (required time - arrival time)
  Source:                 tw_addr_r_reg_rep[4]/C
                            (rising edge-triggered cell FDCE clocked by sys_clk  {rise@0.000ns fall@5.000ns period=100.000ns})
  Destination:            y1i_r_reg[11]/D
                            (rising edge-triggered cell FDCE clocked by sys_clk  {rise@0.000ns fall@5.000ns period=100.000ns})
  Path Group:             sys_clk
  Path Type:              Setup (Max at Slow Process Corner)
  Requirement:            100.000ns  (sys_clk rise@100.000ns - sys_clk rise@0.000ns)
  Data Path Delay:        25.147ns  (logic 6.861ns (27.284%)  route 18.286ns (72.716%))
  Logic Levels:           67  (CARRY8=8 LUT2=4 LUT3=6 LUT4=8 LUT5=10 LUT6=30 MUXF7=1)
  Clock Path Skew:        -0.089ns (DCD - SCD + CPR)
    Destination Clock Delay (DCD):    1.157ns = ( 101.157 - 100.000 ) 
    Source Clock Delay      (SCD):    1.508ns
    Clock Pessimism Removal (CPR):    0.261ns
  Clock Uncertainty:      0.035ns  ((TSJ^2 + TIJ^2)^1/2 + DJ) / 2 + PE
    Total System Jitter     (TSJ):    0.071ns
    Total Input Jitter      (TIJ):    0.000ns
    Discrete Jitter          (DJ):    0.000ns
    Phase Error              (PE):    0.000ns
  Clock Net Delay (Source):      0.683ns (routing 0.001ns, distribution 0.682ns)
  Clock Net Delay (Destination): 0.577ns (routing 0.001ns, distribution 0.576ns)

    Location             Delay type                Incr(ns)  Path(ns)    Netlist Resource(s)
  -------------------------------------------------------------------    -------------------
                         (clock sys_clk rise edge)    0.000     0.000 r  
    C3                                                0.000     0.000 r  clk (IN)
                         net (fo=0)                   0.000     0.000    clk_IBUF_inst/I
    C3                   INBUF (Prop_INBUF_HPIOB_M_PAD_O)
                                                      0.472     0.472 r  clk_IBUF_inst/INBUF_INST/O
                         net (fo=1, routed)           0.000     0.472    clk_IBUF_inst/OUT
    C3                   IBUFCTRL (Prop_IBUFCTRL_HPIOB_M_I_O)
                                                      0.000     0.472 r  clk_IBUF_inst/IBUFCTRL_INST/O
                         net (fo=1, routed)           0.325     0.797    clk_IBUF
    BUFGCE_X0Y90         BUFGCE (Prop_BUFCE_BUFGCE_I_O)
                                                      0.028     0.825 r  clk_IBUF_BUFG_inst/O
    X1Y3 (CLOCK_ROOT)    net (fo=171, routed)         0.683     1.508    clk_IBUF_BUFG
    SLICE_X29Y189        FDCE                                         r  tw_addr_r_reg_rep[4]/C
  -------------------------------------------------------------------    -------------------
    SLICE_X29Y189        FDCE (Prop_EFF_SLICEM_C_Q)
                                                      0.066     1.574 r  tw_addr_r_reg_rep[4]/Q
                         net (fo=77, routed)          0.654     2.227    TW/y0i_r[12]_i_18_0[4]
    SLICE_X29Y184        LUT6 (Prop_D6LUT_SLICEM_I1_O)
                                                      0.133     2.360 r  TW/y0r_r[0]_i_123/O
                         net (fo=1, routed)           0.029     2.389    TW/y0r_r[0]_i_123_n_0
    SLICE_X29Y184        MUXF7 (Prop_F7MUX_CD_SLICEM_I0_O)
                                                      0.061     2.450 r  TW/y0r_r_reg[0]_i_53/O
                         net (fo=1, routed)           0.225     2.675    TW/y0r_r_reg[0]_i_53_n_0
    SLICE_X28Y184        LUT6 (Prop_F6LUT_SLICEM_I0_O)
                                                      0.081     2.756 r  TW/y0r_r[0]_i_24/O
                         net (fo=36, routed)          0.658     3.415    TW/wr[0]
    SLICE_X30Y196        LUT4 (Prop_C5LUT_SLICEL_I1_O)
                                                      0.099     3.514 r  TW/y0r_r[12]_i_1543/O
                         net (fo=14, routed)          0.490     4.004    TW/y0r_r[12]_i_1543_n_0
    SLICE_X31Y199        LUT6 (Prop_C6LUT_SLICEM_I0_O)
                                                      0.133     4.137 r  TW/y0r_r[12]_i_1498/O
                         net (fo=1, routed)           0.253     4.390    TW/y0r_r[12]_i_1498_n_0
    SLICE_X31Y199        LUT3 (Prop_H5LUT_SLICEM_I2_O)
                                                      0.086     4.476 r  TW/y0r_r[12]_i_1394/O
                         net (fo=1, routed)           0.154     4.630    TW/y0r_r[12]_i_1394_n_0
    SLICE_X31Y199        LUT5 (Prop_B6LUT_SLICEM_I4_O)
                                                      0.081     4.711 r  TW/y0r_r[12]_i_1223/O
                         net (fo=32, routed)          0.403     5.114    BF/M4/f_wr[3]
    SLICE_X30Y206        LUT2 (Prop_B5LUT_SLICEL_I1_O)
                                                      0.149     5.263 f  BF/M4/y0i_r[12]_i_916/O
                         net (fo=2, routed)           0.200     5.463    BF/M4/bi_r_reg[11]_14
    SLICE_X29Y209        LUT5 (Prop_G6LUT_SLICEM_I0_O)
                                                      0.089     5.552 r  BF/M4/y0i_r[12]_i_811/O
                         net (fo=2, routed)           0.172     5.724    TW/y0i_r_reg[12]_i_656[2]
    SLICE_X29Y207        LUT6 (Prop_C6LUT_SLICEM_I2_O)
                                                      0.133     5.857 r  TW/y0i_r[12]_i_819/O
                         net (fo=1, routed)           0.025     5.882    BF/M4/y0i_r[12]_i_616_1[2]
    SLICE_X29Y207        CARRY8 (Prop_CARRY8_SLICEM_S[2]_O[6])
                                                      0.166     6.048 r  BF/M4/y0i_r_reg[12]_i_656/O[6]
                         net (fo=2, routed)           0.289     6.337    BF/M4/y0i_r_reg[12]_i_656_n_9
    SLICE_X28Y209        LUT3 (Prop_G5LUT_SLICEM_I2_O)
                                                      0.088     6.425 r  BF/M4/y0i_r[12]_i_610/O
                         net (fo=2, routed)           0.247     6.671    BF/M4/y0i_r[12]_i_610_n_0
    SLICE_X28Y209        LUT4 (Prop_H6LUT_SLICEM_I3_O)
                                                      0.082     6.753 r  BF/M4/y0i_r[12]_i_618/O
                         net (fo=1, routed)           0.019     6.772    BF/M4/y0i_r[12]_i_618_n_0
    SLICE_X28Y209        CARRY8 (Prop_CARRY8_SLICEM_S[7]_CO[7])
                                                      0.099     6.871 r  BF/M4/y0i_r_reg[12]_i_515/CO[7]
                         net (fo=1, routed)           0.048     6.919    BF/M4/y0i_r_reg[12]_i_515_n_0
    SLICE_X28Y210        CARRY8 (Prop_CARRY8_SLICEM_CI_O[5])
                                                      0.103     7.022 r  BF/M4/y0i_r_reg[12]_i_453/O[5]
                         net (fo=18, routed)          0.816     7.838    TW/y0i_r[12]_i_365_1[0]
    SLICE_X26Y200        LUT5 (Prop_B6LUT_SLICEL_I4_O)
                                                      0.135     7.973 r  TW/y0i_r[12]_i_406/O
                         net (fo=3, routed)           0.316     8.289    TW/y0i_r[12]_i_406_n_0
    SLICE_X24Y203        LUT5 (Prop_D6LUT_SLICEM_I2_O)
                                                      0.133     8.422 r  TW/y0i_r[12]_i_353/O
                         net (fo=3, routed)           0.048     8.470    TW/y0i_r[12]_i_353_n_0
    SLICE_X24Y203        LUT5 (Prop_B6LUT_SLICEM_I2_O)
                                                      0.047     8.517 r  TW/y0i_r[12]_i_234/O
                         net (fo=7, routed)           0.348     8.865    TW/y0i_r[12]_i_234_n_0
    SLICE_X23Y218        LUT3 (Prop_D6LUT_SLICEL_I0_O)
                                                      0.081     8.946 r  TW/y0i_r[12]_i_131/O
                         net (fo=6, routed)           0.179     9.125    TW/BF/scm4[5]
    SLICE_X24Y218        LUT4 (Prop_H6LUT_SLICEM_I2_O)
                                                      0.082     9.207 f  TW/y0i_r[12]_i_399/O
                         net (fo=1, routed)           0.225     9.432    TW/y0i_r[12]_i_399_n_0
    SLICE_X24Y218        CARRY8 (Prop_CARRY8_SLICEM_DI[2]_CO[3])
                                                      0.117     9.549 f  TW/y0i_r_reg[12]_i_261/CO[3]
                         net (fo=7, routed)           0.242     9.791    TW/BF/ADD_Ti/sign_l20_in
    SLICE_X24Y219        LUT6 (Prop_H6LUT_SLICEM_I0_O)
                                                      0.115     9.906 r  TW/y0i_r[12]_i_140/O
                         net (fo=52, routed)          0.492    10.398    TW/y0i_r[12]_i_266_0
    SLICE_X23Y221        LUT3 (Prop_C5LUT_SLICEL_I1_O)
                                                      0.063    10.461 r  TW/y0i_r[12]_i_381/O
                         net (fo=1, routed)           0.561    11.022    TW/y0i_r[12]_i_381_n_0
    SLICE_X23Y221        LUT6 (Prop_G6LUT_SLICEL_I3_O)
                                                      0.047    11.069 f  TW/y0i_r[12]_i_245/O
                         net (fo=23, routed)          0.155    11.224    TW/y0i_r[12]_i_383_0
    SLICE_X24Y220        LUT5 (Prop_D6LUT_SLICEM_I4_O)
                                                      0.133    11.357 r  TW/y0i_r[12]_i_239/O
                         net (fo=23, routed)          0.212    11.569    BF/M3/y0i_r[12]_i_50_1
    SLICE_X25Y221        LUT5 (Prop_B6LUT_SLICEM_I1_O)
                                                      0.114    11.683 r  BF/M3/y0i_r[12]_i_462/O
                         net (fo=1, routed)           0.020    11.703    BF/M3/y0i_r[12]_i_462_n_0
    SLICE_X25Y221        CARRY8 (Prop_CARRY8_SLICEM_S[1]_CO[7])
                                                      0.170    11.873 r  BF/M3/y0i_r_reg[12]_i_314/CO[7]
                         net (fo=1, routed)           0.023    11.896    BF/M3/y0i_r_reg[12]_i_314_n_0
    SLICE_X25Y222        CARRY8 (Prop_CARRY8_SLICEM_CI_O[3])
                                                      0.072    11.968 f  BF/M3/y0i_r_reg[12]_i_191/O[3]
                         net (fo=7, routed)           0.473    12.441    BF/M3/y0i_r_reg[12]_i_191_n_12
    SLICE_X25Y224        LUT6 (Prop_G6LUT_SLICEM_I2_O)
                                                      0.135    12.576 f  BF/M3/y0i_r[12]_i_549/O
                         net (fo=4, routed)           0.091    12.667    BF/M3/y0i_r[12]_i_549_n_0
    SLICE_X25Y224        LUT2 (Prop_D5LUT_SLICEM_I1_O)
                                                      0.061    12.728 f  BF/M3/y0i_r[12]_i_657/O
                         net (fo=1, routed)           0.135    12.863    BF/M3/y0i_r[12]_i_657_n_0
    SLICE_X26Y224        LUT6 (Prop_G6LUT_SLICEL_I5_O)
                                                      0.134    12.997 r  BF/M3/y0i_r[12]_i_580/O
                         net (fo=1, routed)           0.042    13.039    BF/M3/y0i_r[12]_i_580_n_0
    SLICE_X26Y224        LUT6 (Prop_H6LUT_SLICEL_I5_O)
                                                      0.049    13.088 f  BF/M3/y0i_r[12]_i_454/O
                         net (fo=3, routed)           0.096    13.184    BF/M3/y0i_r[12]_i_454_n_0
    SLICE_X25Y225        LUT5 (Prop_B6LUT_SLICEM_I0_O)
                                                      0.081    13.265 f  BF/M3/y0i_r[12]_i_313/O
                         net (fo=5, routed)           0.178    13.443    TW/y0i_r[12]_i_293_0
    SLICE_X24Y225        LUT6 (Prop_G6LUT_SLICEM_I0_O)
                                                      0.082    13.525 f  TW/y0i_r[12]_i_499/O
                         net (fo=1, routed)           0.185    13.710    TW/y0i_r[12]_i_499_n_0
    SLICE_X24Y225        LUT2 (Prop_D5LUT_SLICEM_I1_O)
                                                      0.061    13.771 r  TW/y0i_r[12]_i_356/O
                         net (fo=1, routed)           0.174    13.945    TW/y0i_r[12]_i_356_n_0
    SLICE_X23Y225        LUT6 (Prop_G6LUT_SLICEL_I3_O)
                                                      0.047    13.992 r  TW/y0i_r[12]_i_226/O
                         net (fo=12, routed)          0.262    14.254    TW/y0i_r[12]_i_226_n_0
    SLICE_X24Y224        LUT4 (Prop_H6LUT_SLICEM_I2_O)
                                                      0.049    14.303 f  TW/y0i_r[12]_i_341/O
                         net (fo=16, routed)          0.279    14.582    TW/y0i_r[12]_i_441
    SLICE_X26Y227        LUT4 (Prop_B6LUT_SLICEL_I0_O)
                                                      0.135    14.717 f  TW/y0i_r[0]_i_147/O
                         net (fo=2, routed)           0.146    14.863    TW/y0i_r[0]_i_147_n_0
    SLICE_X24Y227        LUT6 (Prop_D6LUT_SLICEM_I4_O)
                                                      0.081    14.944 r  TW/y0i_r[0]_i_107/O
                         net (fo=8, routed)           1.460    16.403    TW/BF/m_ti[0]
    SLICE_X22Y233        LUT2 (Prop_H5LUT_SLICEL_I0_O)
                                                      0.142    16.545 f  TW/y1i_r[12]_i_131/O
                         net (fo=1, routed)           0.207    16.752    BF/M3/y1i_r[12]_i_43
    SLICE_X22Y232        CARRY8 (Prop_CARRY8_SLICEL_CI_CO[5])
                                                      0.167    16.919 f  BF/M3/y1i_r_reg[12]_i_89/CO[5]
                         net (fo=1, routed)           0.125    17.044    TW/y1i_r[12]_i_15_0[0]
    SLICE_X22Y229        LUT5 (Prop_E6LUT_SLICEL_I0_O)
                                                      0.082    17.126 r  TW/y1i_r[12]_i_43/O
                         net (fo=1, routed)           0.054    17.180    TW/y1i_r[12]_i_43_n_0
    SLICE_X22Y229        LUT6 (Prop_F6LUT_SLICEL_I5_O)
                                                      0.133    17.313 r  TW/y1i_r[12]_i_15/O
                         net (fo=59, routed)          0.415    17.728    TW/y1i_r[12]_i_43_0
    SLICE_X23Y230        LUT3 (Prop_D5LUT_SLICEL_I1_O)
                                                      0.141    17.869 r  TW/y1i_r[0]_i_95/O
                         net (fo=7, routed)           0.835    18.704    TW/y1i_r[0]_i_95_n_0
    SLICE_X22Y238        LUT6 (Prop_D6LUT_SLICEL_I0_O)
                                                      0.081    18.785 f  TW/y1i_r[0]_i_77/O
                         net (fo=2, routed)           0.089    18.874    TW/y1i_r[0]_i_77_n_0
    SLICE_X22Y238        LUT6 (Prop_G6LUT_SLICEL_I3_O)
                                                      0.082    18.956 f  TW/y1i_r[0]_i_37/O
                         net (fo=5, routed)           0.087    19.043    TW/y1i_r[0]_i_37_n_0
    SLICE_X21Y238        LUT6 (Prop_F6LUT_SLICEM_I1_O)
                                                      0.047    19.090 r  TW/y1i_r[12]_i_160/O
                         net (fo=1, routed)           0.247    19.337    TW/y1i_r[12]_i_160_n_0
    SLICE_X21Y235        CARRY8 (Prop_CARRY8_SLICEM_DI[2]_O[7])
                                                      0.164    19.501 f  TW/y1i_r_reg[12]_i_108/O[7]
                         net (fo=7, routed)           0.452    19.953    TW/y1i_r_reg[12]_i_108_n_8
    SLICE_X20Y232        LUT6 (Prop_G6LUT_SLICEM_I0_O)
                                                      0.135    20.088 f  TW/y1i_r[12]_i_177/O
                         net (fo=4, routed)           0.087    20.175    TW/y1i_r[12]_i_177_n_0
    SLICE_X20Y232        LUT3 (Prop_D6LUT_SLICEM_I1_O)
                                                      0.047    20.222 f  TW/y1i_r[12]_i_125/O
                         net (fo=7, routed)           0.060    20.282    TW/y1i_r[12]_i_125_n_0
    SLICE_X20Y232        LUT5 (Prop_C5LUT_SLICEM_I1_O)
                                                      0.142    20.424 f  TW/y1i_r[12]_i_209/O
                         net (fo=1, routed)           0.171    20.595    TW/y1i_r[12]_i_209_n_0
    SLICE_X20Y232        LUT6 (Prop_H6LUT_SLICEM_I2_O)
                                                      0.115    20.710 r  TW/y1i_r[12]_i_172/O
                         net (fo=3, routed)           0.101    20.811    TW/y1i_r[12]_i_172_n_0
    SLICE_X20Y231        LUT6 (Prop_H6LUT_SLICEM_I0_O)
                                                      0.115    20.926 f  TW/y1i_r[12]_i_122/O
                         net (fo=4, routed)           0.362    21.288    TW/y1i_r[12]_i_122_n_0
    SLICE_X21Y228        LUT6 (Prop_G6LUT_SLICEM_I5_O)
                                                      0.135    21.423 r  TW/y1i_r[12]_i_120/O
                         net (fo=1, routed)           0.045    21.468    TW/y1i_r[12]_i_120_n_0
    SLICE_X21Y228        LUT6 (Prop_E6LUT_SLICEM_I3_O)
                                                      0.088    21.556 r  TW/y1i_r[12]_i_65/O
                         net (fo=11, routed)          0.162    21.718    TW/y1i_r[12]_i_65_n_0
    SLICE_X21Y225        LUT6 (Prop_G6LUT_SLICEM_I2_O)
                                                      0.114    21.832 f  TW/y1i_r[12]_i_70/O
                         net (fo=3, routed)           0.182    22.014    TW/y1i_r[12]_i_70_n_0
    SLICE_X21Y227        LUT4 (Prop_B6LUT_SLICEM_I1_O)
                                                      0.081    22.095 r  TW/y1i_r[12]_i_64/O
                         net (fo=2, routed)           0.146    22.241    TW/y1i_r[12]_i_64_n_0
    SLICE_X22Y227        LUT6 (Prop_C6LUT_SLICEL_I1_O)
                                                      0.113    22.354 r  TW/y1i_r[12]_i_28/O
                         net (fo=1, routed)           0.126    22.480    TW/y1i_r[12]_i_28_n_0
    SLICE_X22Y227        LUT6 (Prop_H6LUT_SLICEL_I4_O)
                                                      0.032    22.512 f  TW/y1i_r[12]_i_11/O
                         net (fo=23, routed)          0.509    23.021    TW/BF/sc_y1i[6]
    SLICE_X20Y220        LUT6 (Prop_G6LUT_SLICEM_I0_O)
                                                      0.135    23.156 r  TW/y1i_r[9]_i_8/O
                         net (fo=23, routed)          0.280    23.436    TW/y1i_r[9]_i_8_n_0
    SLICE_X22Y222        LUT4 (Prop_D5LUT_SLICEL_I2_O)
                                                      0.120    23.556 r  TW/y1i_r[12]_i_50/O
                         net (fo=2, routed)           0.561    24.117    TW/y1i_r[12]_i_50_n_0
    SLICE_X22Y222        LUT6 (Prop_B6LUT_SLICEL_I1_O)
                                                      0.082    24.199 r  TW/y1i_r[12]_i_57/O
                         net (fo=1, routed)           0.135    24.334    TW/y1i_r[12]_i_57_n_0
    SLICE_X22Y221        LUT6 (Prop_C6LUT_SLICEL_I0_O)
                                                      0.081    24.415 r  TW/y1i_r[12]_i_21/O
                         net (fo=1, routed)           0.144    24.559    TW/y1i_r[12]_i_21_n_0
    SLICE_X22Y222        LUT6 (Prop_G6LUT_SLICEL_I4_O)
                                                      0.134    24.693 r  TW/y1i_r[12]_i_9/O
                         net (fo=15, routed)          0.745    25.437    TW/BF/E1i/enc/rounded_p1__1
    SLICE_X22Y219        LUT6 (Prop_G6LUT_SLICEL_I4_O)
                                                      0.082    25.519 f  TW/y1i_r[8]_i_3/O
                         net (fo=4, routed)           0.755    26.275    TW/BF/E1i/data3[8]
    SLICE_X27Y217        LUT4 (Prop_C5LUT_SLICEL_I2_O)
                                                      0.063    26.338 r  TW/y1i_r[12]_i_4/O
                         net (fo=2, routed)           0.131    26.469    TW/y1i_r[12]_i_4_n_0
    SLICE_X27Y217        LUT6 (Prop_H6LUT_SLICEL_I1_O)
                                                      0.135    26.604 r  TW/y1i_r[11]_i_1/O
                         net (fo=1, routed)           0.050    26.654    y1i[11]
    SLICE_X27Y217        FDCE                                         r  y1i_r_reg[11]/D
  -------------------------------------------------------------------    -------------------

                         (clock sys_clk rise edge)  100.000   100.000 r  
    C3                                                0.000   100.000 r  clk (IN)
                         net (fo=0)                   0.000   100.000    clk_IBUF_inst/I
    C3                   INBUF (Prop_INBUF_HPIOB_M_PAD_O)
                                                      0.268   100.268 r  clk_IBUF_inst/INBUF_INST/O
                         net (fo=1, routed)           0.000   100.268    clk_IBUF_inst/OUT
    C3                   IBUFCTRL (Prop_IBUFCTRL_HPIOB_M_I_O)
                                                      0.000   100.268 r  clk_IBUF_inst/IBUFCTRL_INST/O
                         net (fo=1, routed)           0.288   100.556    clk_IBUF
    BUFGCE_X0Y90         BUFGCE (Prop_BUFCE_BUFGCE_I_O)
                                                      0.024   100.580 r  clk_IBUF_BUFG_inst/O
    X1Y3 (CLOCK_ROOT)    net (fo=171, routed)         0.577   101.157    clk_IBUF_BUFG
    SLICE_X27Y217        FDCE                                         r  y1i_r_reg[11]/C
                         clock pessimism              0.261   101.418    
                         clock uncertainty           -0.035   101.383    
    SLICE_X27Y217        FDCE (Setup_HFF_SLICEL_C_D)
                                                      0.023   101.406    y1i_r_reg[11]
  -------------------------------------------------------------------
                         required time                        101.406    
                         arrival time                         -26.654    
  -------------------------------------------------------------------
                         slack                                 74.752    





Min Delay Paths
--------------------------------------------------------------------------------------
Slack (MET) :             0.032ns  (arrival time - required time)
  Source:                 state_reg[2]/C
                            (rising edge-triggered cell FDCE clocked by sys_clk  {rise@0.000ns fall@5.000ns period=100.000ns})
  Destination:            stage_reg[5]/D
                            (rising edge-triggered cell FDCE clocked by sys_clk  {rise@0.000ns fall@5.000ns period=100.000ns})
  Path Group:             sys_clk
  Path Type:              Hold (Min at Fast Process Corner)
  Requirement:            0.000ns  (sys_clk rise@0.000ns - sys_clk rise@0.000ns)
  Data Path Delay:        0.135ns  (logic 0.060ns (44.294%)  route 0.075ns (55.706%))
  Logic Levels:           1  (LUT5=1)
  Clock Path Skew:        0.056ns (DCD - SCD - CPR)
    Destination Clock Delay (DCD):    1.061ns
    Source Clock Delay      (SCD):    0.769ns
    Clock Pessimism Removal (CPR):    0.236ns
  Clock Net Delay (Source):      0.429ns (routing 0.000ns, distribution 0.429ns)
  Clock Net Delay (Destination): 0.495ns (routing 0.001ns, distribution 0.494ns)

    Location             Delay type                Incr(ns)  Path(ns)    Netlist Resource(s)
  -------------------------------------------------------------------    -------------------
                         (clock sys_clk rise edge)    0.000     0.000 r  
    C3                                                0.000     0.000 r  clk (IN)
                         net (fo=0)                   0.000     0.000    clk_IBUF_inst/I
    C3                   INBUF (Prop_INBUF_HPIOB_M_PAD_O)
                                                      0.172     0.172 r  clk_IBUF_inst/INBUF_INST/O
                         net (fo=1, routed)           0.000     0.172    clk_IBUF_inst/OUT
    C3                   IBUFCTRL (Prop_IBUFCTRL_HPIOB_M_I_O)
                                                      0.000     0.172 r  clk_IBUF_inst/IBUFCTRL_INST/O
                         net (fo=1, routed)           0.151     0.323    clk_IBUF
    BUFGCE_X0Y90         BUFGCE (Prop_BUFCE_BUFGCE_I_O)
                                                      0.017     0.340 r  clk_IBUF_BUFG_inst/O
    X1Y3 (CLOCK_ROOT)    net (fo=171, routed)         0.429     0.769    clk_IBUF_BUFG
    SLICE_X28Y193        FDCE                                         r  state_reg[2]/C
  -------------------------------------------------------------------    -------------------
    SLICE_X28Y193        FDCE (Prop_DFF_SLICEM_C_Q)
                                                      0.039     0.808 r  state_reg[2]/Q
                         net (fo=42, routed)          0.068     0.876    state_reg_n_0_[2]
    SLICE_X29Y193        LUT5 (Prop_A5LUT_SLICEM_I3_O)
                                                      0.021     0.897 r  stage[5]_i_1/O
                         net (fo=1, routed)           0.007     0.904    stage[5]_i_1_n_0
    SLICE_X29Y193        FDCE                                         r  stage_reg[5]/D
  -------------------------------------------------------------------    -------------------

                         (clock sys_clk rise edge)    0.000     0.000 r  
    C3                                                0.000     0.000 r  clk (IN)
                         net (fo=0)                   0.000     0.000    clk_IBUF_inst/I
    C3                   INBUF (Prop_INBUF_HPIOB_M_PAD_O)
                                                      0.358     0.358 r  clk_IBUF_inst/INBUF_INST/O
                         net (fo=1, routed)           0.000     0.358    clk_IBUF_inst/OUT
    C3                   IBUFCTRL (Prop_IBUFCTRL_HPIOB_M_I_O)
                                                      0.000     0.358 r  clk_IBUF_inst/IBUFCTRL_INST/O
                         net (fo=1, routed)           0.189     0.547    clk_IBUF
    BUFGCE_X0Y90         BUFGCE (Prop_BUFCE_BUFGCE_I_O)
                                                      0.019     0.566 r  clk_IBUF_BUFG_inst/O
    X1Y3 (CLOCK_ROOT)    net (fo=171, routed)         0.495     1.061    clk_IBUF_BUFG
    SLICE_X29Y193        FDCE                                         r  stage_reg[5]/C
                         clock pessimism             -0.236     0.825    
    SLICE_X29Y193        FDCE (Hold_AFF2_SLICEM_C_D)
                                                      0.047     0.872    stage_reg[5]
  -------------------------------------------------------------------
                         required time                         -0.872    
                         arrival time                           0.904    
  -------------------------------------------------------------------
                         slack                                  0.032    





Pulse Width Checks
--------------------------------------------------------------------------------------
Clock Name:         sys_clk
Waveform(ns):       { 0.000 5.000 }
Period(ns):         100.000
Sources:            { clk }

Check Type        Corner  Lib Pin             Reference Pin  Required(ns)  Actual(ns)  Slack(ns)  Location      Pin
Min Period        n/a     RAMB18E2/CLKARDCLK  n/a            1.392         100.000     98.608     RAMB18_X0Y84  RAM/imag_mem_reg_bram_0/CLKARDCLK
Low Pulse Width   Slow    RAMB18E2/CLKARDCLK  n/a            0.495         95.000      94.505     RAMB18_X0Y84  RAM/imag_mem_reg_bram_0/CLKARDCLK
High Pulse Width  Slow    RAMB18E2/CLKARDCLK  n/a            0.495         5.000       4.505      RAMB18_X0Y84  RAM/imag_mem_reg_bram_0/CLKARDCLK



