Copyright 1986-2022 Xilinx, Inc. All Rights Reserved. Copyright 2022-2025 Advanced Micro Devices, Inc. All Rights Reserved.
--------------------------------------------------------------------------------------------------------------------------------------------------
| Tool Version      : Vivado v.2025.2 (win64) Build 6299465 Fri Nov 14 19:35:11 GMT 2025
| Date              : Fri Jun 12 02:23:19 2026
| Host              : LAPTOP-MHFLAL5K running 64-bit major release  (build 9200)
| Command           : report_timing_summary -file C:/SRIP/reports2/timing_summary_P15E1.rpt
| Design            : fft16_top_fused
| Device            : xczu5ev-sfvc784
| Speed File        : -3  PRODUCTION 1.30 05-15-2022
| Design State      : Routed
| Temperature Grade : E
--------------------------------------------------------------------------------------------------------------------------------------------------

Timing Summary Report

------------------------------------------------------------------------------------------------
| Timer Settings
| --------------
------------------------------------------------------------------------------------------------

  Enable Multi Corner Analysis               :  Yes
  Enable Pessimism Removal                   :  Yes
  Pessimism Removal Resolution               :  Nearest Common Node
  Enable Input Delay Default Clock           :  No
  Enable Preset / Clear Arcs                 :  No
  Disable Flight Delays                      :  No
  Ignore I/O Paths                           :  No
  Timing Early Launch at Borrowing Latches   :  No
  Borrow Time for Max Delay Exceptions       :  Yes
  Merge Timing Exceptions                    :  Yes
  Inter-SLR Compensation                     :  Conservative

  Corner  Analyze    Analyze    
  Name    Max Paths  Min Paths  
  ------  ---------  ---------  
  Slow    Yes        Yes        
  Fast    Yes        Yes        


------------------------------------------------------------------------------------------------
| Report Methodology
| ------------------
------------------------------------------------------------------------------------------------

Rule       Severity  Description                                 Violations  
---------  --------  ------------------------------------------  ----------  
SYNTH-6    Warning   Timing of a RAM block might be sub-optimal  2           
TIMING-18  Warning   Missing input or output delay               84          

Note: This report is based on the most recent report_methodology run and may not be up-to-date. Run report_methodology on the current design for the latest report.



check_timing report

Table of Contents
-----------------
1. checking no_clock (0)
2. checking constant_clock (0)
3. checking pulse_width_clock (0)
4. checking unconstrained_internal_endpoints (0)
5. checking no_input_delay (54)
6. checking no_output_delay (31)
7. checking multiple_clock (0)
8. checking generated_clocks (0)
9. checking loops (0)
10. checking partial_input_delay (0)
11. checking partial_output_delay (0)
12. checking latch_loops (0)

1. checking no_clock (0)
------------------------
 There are 0 register/latch pins with no clock.


2. checking constant_clock (0)
------------------------------
 There are 0 register/latch pins with constant_clock.


3. checking pulse_width_clock (0)
---------------------------------
 There are 0 register/latch pins which need pulse_width check


4. checking unconstrained_internal_endpoints (0)
------------------------------------------------
 There are 0 pins that are not constrained for maximum delay.

 There are 0 pins that are not constrained for maximum delay due to constant clock.


5. checking no_input_delay (54)
-------------------------------
 There are 53 input ports with no input delay specified. (HIGH)

 There is 1 input port with no input delay but user has a false path constraint. (MEDIUM)


6. checking no_output_delay (31)
--------------------------------
 There are 31 ports with no output delay specified. (HIGH)

 There are 0 ports with no output delay but user has a false path constraint

 There are 0 ports with no output delay but with a timing clock defined on it or propagating through it


7. checking multiple_clock (0)
------------------------------
 There are 0 register/latch pins with multiple clocks.


8. checking generated_clocks (0)
--------------------------------
 There are 0 generated clocks that are not connected to a clock source.


9. checking loops (0)
---------------------
 There are 0 combinational loops in the design.


10. checking partial_input_delay (0)
------------------------------------
 There are 0 input ports with partial input delay specified.


11. checking partial_output_delay (0)
-------------------------------------
 There are 0 ports with partial output delay specified.


12. checking latch_loops (0)
----------------------------
 There are 0 combinational latch loops in the design through latch input



------------------------------------------------------------------------------------------------
| Design Timing Summary
| ---------------------
------------------------------------------------------------------------------------------------

    WNS(ns)      TNS(ns)  TNS Failing Endpoints  TNS Total Endpoints      WHS(ns)      THS(ns)  THS Failing Endpoints  THS Total Endpoints     WPWS(ns)     TPWS(ns)  TPWS Failing Endpoints  TPWS Total Endpoints  
    -------      -------  ---------------------  -------------------      -------      -------  ---------------------  -------------------     --------     --------  ----------------------  --------------------  
     71.779        0.000                      0                  473        0.044        0.000                      0                  473        4.505        0.000                       0                   188  


All user specified timing constraints are met.


------------------------------------------------------------------------------------------------
| Clock Summary
| -------------
------------------------------------------------------------------------------------------------

Clock    Waveform(ns)         Period(ns)      Frequency(MHz)
-----    ------------         ----------      --------------
sys_clk  {0.000 5.000}        100.000         10.000          


------------------------------------------------------------------------------------------------
| Intra Clock Table
| -----------------
------------------------------------------------------------------------------------------------

Clock             WNS(ns)      TNS(ns)  TNS Failing Endpoints  TNS Total Endpoints      WHS(ns)      THS(ns)  THS Failing Endpoints  THS Total Endpoints     WPWS(ns)     TPWS(ns)  TPWS Failing Endpoints  TPWS Total Endpoints  
-----             -------      -------  ---------------------  -------------------      -------      -------  ---------------------  -------------------     --------     --------  ----------------------  --------------------  
sys_clk            71.779        0.000                      0                  473        0.044        0.000                      0                  473        4.505        0.000                       0                   188  


------------------------------------------------------------------------------------------------
| Inter Clock Table
| -----------------
------------------------------------------------------------------------------------------------

From Clock    To Clock          WNS(ns)      TNS(ns)  TNS Failing Endpoints  TNS Total Endpoints      WHS(ns)      THS(ns)  THS Failing Endpoints  THS Total Endpoints  
----------    --------          -------      -------  ---------------------  -------------------      -------      -------  ---------------------  -------------------  


------------------------------------------------------------------------------------------------
| Other Path Groups Table
| -----------------------
------------------------------------------------------------------------------------------------

Path Group    From Clock    To Clock          WNS(ns)      TNS(ns)  TNS Failing Endpoints  TNS Total Endpoints      WHS(ns)      THS(ns)  THS Failing Endpoints  THS Total Endpoints  
----------    ----------    --------          -------      -------  ---------------------  -------------------      -------      -------  ---------------------  -------------------  


------------------------------------------------------------------------------------------------
| Timing Details
| --------------
------------------------------------------------------------------------------------------------


---------------------------------------------------------------------------------------------------
From Clock:  sys_clk
  To Clock:  sys_clk

Setup :            0  Failing Endpoints,  Worst Slack       71.779ns,  Total Violation        0.000ns
Hold  :            0  Failing Endpoints,  Worst Slack        0.044ns,  Total Violation        0.000ns
PW    :            0  Failing Endpoints,  Worst Slack        4.505ns,  Total Violation        0.000ns
---------------------------------------------------------------------------------------------------


Max Delay Paths
--------------------------------------------------------------------------------------
Slack (MET) :             71.779ns  (required time - arrival time)
  Source:                 bi_r_reg[0]/C
                            (rising edge-triggered cell FDCE clocked by sys_clk  {rise@0.000ns fall@5.000ns period=100.000ns})
  Destination:            y0r_r_reg[13]/D
                            (rising edge-triggered cell FDCE clocked by sys_clk  {rise@0.000ns fall@5.000ns period=100.000ns})
  Path Group:             sys_clk
  Path Type:              Setup (Max at Slow Process Corner)
  Requirement:            100.000ns  (sys_clk rise@100.000ns - sys_clk rise@0.000ns)
  Data Path Delay:        28.064ns  (logic 7.119ns (25.367%)  route 20.945ns (74.633%))
  Logic Levels:           75  (CARRY8=11 LUT2=3 LUT3=7 LUT4=11 LUT5=18 LUT6=25)
  Clock Path Skew:        -0.145ns (DCD - SCD + CPR)
    Destination Clock Delay (DCD):    1.471ns = ( 101.471 - 100.000 ) 
    Source Clock Delay      (SCD):    1.930ns
    Clock Pessimism Removal (CPR):    0.313ns
  Clock Uncertainty:      0.035ns  ((TSJ^2 + TIJ^2)^1/2 + DJ) / 2 + PE
    Total System Jitter     (TSJ):    0.071ns
    Total Input Jitter      (TIJ):    0.000ns
    Discrete Jitter          (DJ):    0.000ns
    Phase Error              (PE):    0.000ns
  Clock Net Delay (Source):      1.105ns (routing 0.156ns, distribution 0.949ns)
  Clock Net Delay (Destination): 0.891ns (routing 0.141ns, distribution 0.750ns)

    Location             Delay type                Incr(ns)  Path(ns)    Netlist Resource(s)
  -------------------------------------------------------------------    -------------------
                         (clock sys_clk rise edge)    0.000     0.000 r  
    C3                                                0.000     0.000 r  clk (IN)
                         net (fo=0)                   0.000     0.000    clk_IBUF_inst/I
    C3                   INBUF (Prop_INBUF_HPIOB_M_PAD_O)
                                                      0.472     0.472 r  clk_IBUF_inst/INBUF_INST/O
                         net (fo=1, routed)           0.000     0.472    clk_IBUF_inst/OUT
    C3                   IBUFCTRL (Prop_IBUFCTRL_HPIOB_M_I_O)
                                                      0.000     0.472 r  clk_IBUF_inst/IBUFCTRL_INST/O
                         net (fo=1, routed)           0.325     0.797    clk_IBUF
    BUFGCE_X0Y90         BUFGCE (Prop_BUFCE_BUFGCE_I_O)
                                                      0.028     0.825 r  clk_IBUF_BUFG_inst/O
    X1Y3 (CLOCK_ROOT)    net (fo=187, routed)         1.105     1.930    clk_IBUF_BUFG
    SLICE_X22Y150        FDCE                                         r  bi_r_reg[0]/C
  -------------------------------------------------------------------    -------------------
    SLICE_X22Y150        FDCE (Prop_EFF_SLICEL_C_Q)
                                                      0.070     2.000 f  bi_r_reg[0]/Q
                         net (fo=27, routed)          0.498     2.498    BF/M2/y0r_r[14]_i_526[0]
    SLICE_X21Y144        LUT5 (Prop_H6LUT_SLICEM_I2_O)
                                                      0.082     2.580 f  BF/M2/y0r_r[14]_i_913/O
                         net (fo=14, routed)          0.235     2.815    BF/M2/bi_r_reg[4]_0
    SLICE_X22Y148        LUT5 (Prop_H6LUT_SLICEL_I4_O)
                                                      0.135     2.950 r  BF/M2/y0r_r[14]_i_1050/O
                         net (fo=6, routed)           0.261     3.211    BF/M2/y0r_r[14]_i_1050_n_0
    SLICE_X22Y144        LUT4 (Prop_C6LUT_SLICEL_I0_O)
                                                      0.113     3.324 r  BF/M2/y0r_r[14]_i_918/O
                         net (fo=5, routed)           0.103     3.427    BF/M2/bi_r_reg[10]
    SLICE_X22Y144        LUT4 (Prop_D5LUT_SLICEL_I2_O)
                                                      0.141     3.568 r  BF/M2/y0r_r[14]_i_834/O
                         net (fo=27, routed)          0.136     3.704    BF/M2/bi_r_reg[13]
    SLICE_X22Y145        LUT5 (Prop_D5LUT_SLICEL_I0_O)
                                                      0.098     3.802 r  BF/M2/y0r_r[14]_i_1061/O
                         net (fo=2, routed)           0.592     4.394    BF/M2/y0r_r[14]_i_1061_n_0
    SLICE_X22Y145        LUT6 (Prop_G6LUT_SLICEL_I0_O)
                                                      0.089     4.483 r  BF/M2/y0r_r[14]_i_826/O
                         net (fo=1, routed)           0.234     4.717    BF/M2/y0r_r[14]_i_826_n_0
    SLICE_X19Y145        LUT6 (Prop_G6LUT_SLICEL_I0_O)
                                                      0.082     4.799 r  BF/M2/y0r_r[14]_i_525/O
                         net (fo=25, routed)          0.049     4.848    BF/M2/bi_r_reg[14]
    SLICE_X19Y145        LUT6 (Prop_H6LUT_SLICEL_I5_O)
                                                      0.090     4.938 r  BF/M2/y0r_r[14]_i_1208/O
                         net (fo=16, routed)          0.156     5.093    BF/M2/bi_r_reg[0]_1
    SLICE_X19Y144        LUT5 (Prop_D5LUT_SLICEL_I2_O)
                                                      0.086     5.179 r  BF/M2/y0r_r[14]_i_1441/O
                         net (fo=2, routed)           0.264     5.443    BF/M2/y0r_r[14]_i_1441_n_0
    SLICE_X19Y144        LUT6 (Prop_H6LUT_SLICEL_I0_O)
                                                      0.082     5.525 r  BF/M2/y0r_r[14]_i_1249/O
                         net (fo=31, routed)          0.739     6.264    BF/M2/bi_r_reg[0]_7
    SLICE_X18Y127        LUT2 (Prop_B5LUT_SLICEM_I0_O)
                                                      0.148     6.412 f  BF/M2/y0r_r[14]_i_1543/O
                         net (fo=2, routed)           0.193     6.605    BF/M2/y0r_r[14]_i_1543_n_0
    SLICE_X18Y127        LUT5 (Prop_H6LUT_SLICEM_I0_O)
                                                      0.082     6.687 r  BF/M2/y0r_r[14]_i_1410/O
                         net (fo=2, routed)           0.297     6.984    BF/M2/y0r_r[14]_i_1410_n_0
    SLICE_X19Y128        LUT6 (Prop_G6LUT_SLICEL_I2_O)
                                                      0.082     7.066 r  BF/M2/y0r_r[14]_i_1418/O
                         net (fo=1, routed)           0.012     7.078    BF/M2/y0r_r[14]_i_1418_n_0
    SLICE_X19Y128        CARRY8 (Prop_CARRY8_SLICEL_S[6]_CO[7])
                                                      0.099     7.177 r  BF/M2/y0r_r_reg[14]_i_1206/CO[7]
                         net (fo=1, routed)           0.023     7.200    BF/M2/y0r_r_reg[14]_i_1206_n_0
    SLICE_X19Y129        CARRY8 (Prop_CARRY8_SLICEL_CI_O[0])
                                                      0.050     7.250 r  BF/M2/y0r_r_reg[14]_i_1333/O[0]
                         net (fo=2, routed)           0.229     7.479    BF/M2/y0r_r_reg[14]_i_1333_n_15
    SLICE_X17Y130        LUT2 (Prop_D6LUT_SLICEM_I0_O)
                                                      0.113     7.592 r  BF/M2/y0r_r[14]_i_1098/O
                         net (fo=2, routed)           0.259     7.851    BF/M2/y0r_r[14]_i_1098_n_0
    SLICE_X20Y131        LUT3 (Prop_B6LUT_SLICEM_I2_O)
                                                      0.089     7.940 r  BF/M2/y0r_r[14]_i_1106/O
                         net (fo=1, routed)           0.020     7.960    BF/M2/y0r_r[14]_i_1106_n_0
    SLICE_X20Y131        CARRY8 (Prop_CARRY8_SLICEM_S[1]_O[2])
                                                      0.104     8.064 r  BF/M2/y0r_r_reg[14]_i_848/O[2]
                         net (fo=2, routed)           0.394     8.458    BF/M2/y0r_r_reg[14]_i_848_n_13
    SLICE_X19Y132        LUT3 (Prop_C5LUT_SLICEL_I0_O)
                                                      0.088     8.546 r  BF/M2/y0r_r[14]_i_542/O
                         net (fo=2, routed)           0.215     8.761    BF/M2/y0r_r[14]_i_542_n_0
    SLICE_X19Y132        LUT4 (Prop_D6LUT_SLICEL_I3_O)
                                                      0.133     8.894 r  BF/M2/y0r_r[14]_i_550/O
                         net (fo=1, routed)           0.012     8.906    BF/M2/y0r_r[14]_i_550_n_0
    SLICE_X19Y132        CARRY8 (Prop_CARRY8_SLICEL_S[3]_CO[7])
                                                      0.137     9.043 r  BF/M2/y0r_r_reg[14]_i_286/CO[7]
                         net (fo=1, routed)           0.023     9.066    BF/M2/y0r_r_reg[14]_i_286_n_0
    SLICE_X19Y133        CARRY8 (Prop_CARRY8_SLICEL_CI_O[1])
                                                      0.067     9.133 f  BF/M2/y0r_r_reg[14]_i_297/O[1]
                         net (fo=11, routed)          0.684     9.816    BF/M2/scale_o1[1]
    SLICE_X23Y128        LUT2 (Prop_D5LUT_SLICEL_I1_O)
                                                      0.061     9.877 r  BF/M2/y0r_r[14]_i_268/O
                         net (fo=39, routed)          0.953    10.830    BF/M2/y0r_r[14]_i_268_n_0
    SLICE_X20Y133        LUT4 (Prop_C6LUT_SLICEM_I3_O)
                                                      0.081    10.911 r  BF/M2/y0r_r[14]_i_532/O
                         net (fo=6, routed)           1.059    11.970    BF/M2/y0r_r[14]_i_268_0[11]
    SLICE_X22Y128        LUT4 (Prop_F6LUT_SLICEL_I0_O)
                                                      0.047    12.017 r  BF/M2/y0r_r[14]_i_692/O
                         net (fo=1, routed)           0.014    12.031    BF/M2/y0r_r[14]_i_692_n_0
    SLICE_X22Y128        CARRY8 (Prop_CARRY8_SLICEL_S[5]_CO[7])
                                                      0.140    12.171 f  BF/M2/y0r_r_reg[14]_i_427/CO[7]
                         net (fo=1, routed)           0.382    12.553    TW/y0r_r[14]_i_476[0]
    SLICE_X18Y138        LUT5 (Prop_C5LUT_SLICEM_I4_O)
                                                      0.062    12.615 f  TW/y0r_r[14]_i_190/O
                         net (fo=9, routed)           0.206    12.821    TW/y0r_r_reg[14]_i_427
    SLICE_X18Y140        LUT5 (Prop_B6LUT_SLICEM_I4_O)
                                                      0.114    12.935 r  TW/y0r_r[14]_i_63/O
                         net (fo=59, routed)          0.676    13.612    BF/M2/y0r_r[14]_i_33_1
    SLICE_X22Y132        LUT5 (Prop_D6LUT_SLICEL_I1_O)
                                                      0.133    13.745 f  BF/M2/y0r_r[14]_i_291/O
                         net (fo=6, routed)           0.175    13.919    BF/M2/y0r_r_reg[14]_i_297_0
    SLICE_X21Y128        LUT5 (Prop_B6LUT_SLICEM_I1_O)
                                                      0.136    14.055 r  BF/M2/y0r_r[14]_i_479/O
                         net (fo=3, routed)           0.202    14.258    BF/M2/y0r_r[14]_i_479_n_0
    SLICE_X22Y131        LUT3 (Prop_H5LUT_SLICEL_I2_O)
                                                      0.142    14.400 r  BF/M2/y0r_r[14]_i_262/O
                         net (fo=6, routed)           0.250    14.650    BF/M2/y0r_r[14]_i_262_n_0
    SLICE_X21Y133        LUT5 (Prop_F6LUT_SLICEM_I4_O)
                                                      0.114    14.764 r  BF/M2/y0r_r[14]_i_103/O
                         net (fo=3, routed)           0.026    14.790    BF/M2/y1r_r[14]_i_137_n_0
    SLICE_X21Y133        CARRY8 (Prop_CARRY8_SLICEM_S[5]_CO[7])
                                                      0.137    14.927 r  BF/M2/y1r_r_reg[14]_i_101/CO[7]
                         net (fo=1, routed)           0.023    14.950    BF/M2/y1r_r_reg[14]_i_101_n_0
    SLICE_X21Y134        CARRY8 (Prop_CARRY8_SLICEM_CI_O[6])
                                                      0.091    15.041 r  BF/M2/y0r_r_reg[14]_i_354/O[6]
                         net (fo=44, routed)          0.465    15.505    BF/M2/O[0]
    SLICE_X20Y135        LUT5 (Prop_C6LUT_SLICEM_I2_O)
                                                      0.133    15.638 r  BF/M2/y0r_r[14]_i_921/O
                         net (fo=3, routed)           0.106    15.745    BF/M2/y0r_r[14]_i_921_n_0
    SLICE_X20Y135        LUT4 (Prop_E6LUT_SLICEM_I2_O)
                                                      0.114    15.859 r  BF/M2/y0r_r[14]_i_655/O
                         net (fo=10, routed)          0.050    15.909    BF/M2/y0r_r_reg[14]_i_354_2
    SLICE_X20Y135        LUT4 (Prop_D5LUT_SLICEM_I2_O)
                                                      0.085    15.994 r  BF/M2/y0r_r[14]_i_922/O
                         net (fo=2, routed)           0.181    16.175    BF/M2/y0r_r[14]_i_922_n_0
    SLICE_X20Y136        LUT6 (Prop_G6LUT_SLICEM_I2_O)
                                                      0.089    16.264 r  BF/M2/y0r_r[14]_i_919/O
                         net (fo=2, routed)           0.050    16.314    BF/M2/y0r_r[14]_i_919_n_0
    SLICE_X20Y136        LUT5 (Prop_E6LUT_SLICEM_I0_O)
                                                      0.088    16.402 r  BF/M2/y0r_r[14]_i_650/O
                         net (fo=8, routed)           0.382    16.784    BF/M2/y0r_r[14]_i_920_0
    SLICE_X20Y141        LUT6 (Prop_H6LUT_SLICEM_I1_O)
                                                      0.090    16.874 f  BF/M2/y0r_r[14]_i_923/O
                         net (fo=3, routed)           0.221    17.095    TW/y1r_r[14]_i_102_1
    SLICE_X21Y140        LUT4 (Prop_D5LUT_SLICEM_I2_O)
                                                      0.085    17.180 r  TW/y0r_r[14]_i_654/O
                         net (fo=3, routed)           0.198    17.378    TW/y0r_r[14]_i_654_n_0
    SLICE_X21Y140        LUT6 (Prop_C6LUT_SLICEM_I3_O)
                                                      0.088    17.466 r  TW/y0r_r[14]_i_370/O
                         net (fo=21, routed)          0.295    17.761    BF/M2/y0r_r[14]_i_606_1
    SLICE_X21Y136        LUT5 (Prop_B5LUT_SLICEM_I3_O)
                                                      0.067    17.828 f  BF/M2/y0r_r[14]_i_885/O
                         net (fo=2, routed)           0.606    18.434    BF/M2/y0r_r[14]_i_885_n_0
    SLICE_X22Y136        LUT3 (Prop_D5LUT_SLICEL_I2_O)
                                                      0.061    18.495 f  BF/M2/y0r_r[14]_i_616/O
                         net (fo=2, routed)           0.337    18.832    BF/M2/y0r_r[14]_i_616_n_0
    SLICE_X19Y135        LUT6 (Prop_D6LUT_SLICEL_I0_O)
                                                      0.114    18.946 r  BF/M2/y0r_r[14]_i_346/O
                         net (fo=9, routed)           0.519    19.466    BF/M2/y0r_r[14]_i_621
    SLICE_X23Y134        LUT6 (Prop_G6LUT_SLICEL_I4_O)
                                                      0.134    19.600 f  BF/M2/y0r_r[14]_i_399/O
                         net (fo=1, routed)           0.163    19.763    BF/M2/y0r_r[14]_i_399_n_0
    SLICE_X23Y135        CARRY8 (Prop_CARRY8_SLICEL_DI[5]_CO[6])
                                                      0.068    19.831 f  BF/M2/y0r_r_reg[14]_i_181/CO[6]
                         net (fo=1, routed)           0.275    20.106    TW/y0r_r[14]_i_20_0[0]
    SLICE_X23Y139        LUT6 (Prop_H6LUT_SLICEL_I0_O)
                                                      0.032    20.138 r  TW/y0r_r[14]_i_61/O
                         net (fo=1, routed)           0.586    20.724    TW/y0r_r[14]_i_61_n_0
    SLICE_X22Y139        LUT6 (Prop_H6LUT_SLICEL_I5_O)
                                                      0.114    20.838 r  TW/y0r_r[14]_i_20/O
                         net (fo=62, routed)          0.930    21.767    TW/y0r_r[14]_i_61_0
    SLICE_X23Y131        LUT3 (Prop_D5LUT_SLICEL_I2_O)
                                                      0.061    21.828 r  TW/y0r_r[14]_i_563/O
                         net (fo=13, routed)          0.358    22.187    TW/y0r_r[14]_i_563_n_0
    SLICE_X24Y133        LUT6 (Prop_G6LUT_SLICEM_I3_O)
                                                      0.031    22.218 r  TW/y0r_r[14]_i_298/O
                         net (fo=3, routed)           0.233    22.451    TW/y0r_r[14]_i_298_n_0
    SLICE_X23Y132        LUT6 (Prop_D6LUT_SLICEL_I1_O)
                                                      0.081    22.532 r  TW/y0r_r[14]_i_137/O
                         net (fo=5, routed)           0.253    22.785    TW/y0r_r[14]_i_137_n_0
    SLICE_X24Y133        LUT6 (Prop_H6LUT_SLICEM_I0_O)
                                                      0.115    22.900 r  TW/y0r_r[13]_i_59/O
                         net (fo=1, routed)           0.267    23.167    TW/y0r_r[13]_i_59_n_0
    SLICE_X26Y131        CARRY8 (Prop_CARRY8_SLICEL_DI[3]_CO[7])
                                                      0.087    23.254 r  TW/y0r_r_reg[13]_i_41/CO[7]
                         net (fo=1, routed)           0.023    23.277    TW/y0r_r_reg[13]_i_41_n_0
    SLICE_X26Y132        CARRY8 (Prop_CARRY8_SLICEL_CI_O[6])
                                                      0.091    23.368 f  TW/y0r_r_reg[13]_i_31/O[6]
                         net (fo=22, routed)          0.352    23.720    TW/BF/ADD_y0r/p_1_in
    SLICE_X27Y130        LUT5 (Prop_D6LUT_SLICEL_I2_O)
                                                      0.133    23.853 f  TW/y0r_r[1]_i_45/O
                         net (fo=3, routed)           0.145    23.998    TW/y0r_r[1]_i_45_n_0
    SLICE_X26Y130        LUT4 (Prop_C6LUT_SLICEL_I2_O)
                                                      0.133    24.131 f  TW/y0r_r[1]_i_29/O
                         net (fo=12, routed)          0.179    24.310    TW/y0r_r[1]_i_29_n_0
    SLICE_X27Y130        LUT5 (Prop_C5LUT_SLICEL_I2_O)
                                                      0.088    24.398 r  TW/y0r_r[1]_i_55/O
                         net (fo=1, routed)           0.199    24.597    TW/y0r_r[1]_i_55_n_0
    SLICE_X27Y130        LUT6 (Prop_F6LUT_SLICEL_I5_O)
                                                      0.047    24.644 r  TW/y0r_r[1]_i_44/O
                         net (fo=2, routed)           0.194    24.838    TW/y0r_r[1]_i_44_n_0
    SLICE_X27Y129        LUT5 (Prop_B6LUT_SLICEL_I4_O)
                                                      0.048    24.886 f  TW/y0r_r[1]_i_25/O
                         net (fo=8, routed)           0.321    25.207    TW/y0r_r[1]_i_25_n_0
    SLICE_X29Y132        LUT6 (Prop_C6LUT_SLICEM_I5_O)
                                                      0.133    25.340 r  TW/y0r_r[1]_i_48/O
                         net (fo=5, routed)           0.107    25.447    TW/y0r_r[1]_i_48_n_0
    SLICE_X29Y132        LUT3 (Prop_D6LUT_SLICEM_I0_O)
                                                      0.133    25.580 f  TW/y0r_r[1]_i_41/O
                         net (fo=1, routed)           0.037    25.617    TW/y0r_r[1]_i_41_n_0
    SLICE_X29Y132        LUT5 (Prop_F6LUT_SLICEM_I2_O)
                                                      0.031    25.648 r  TW/y0r_r[1]_i_22/O
                         net (fo=7, routed)           0.163    25.811    TW/y0r_r[1]_i_22_n_0
    SLICE_X28Y132        LUT5 (Prop_B6LUT_SLICEM_I2_O)
                                                      0.047    25.858 r  TW/y0r_r[13]_i_32/O
                         net (fo=10, routed)          0.381    26.239    TW/y0r_r[13]_i_32_n_0
    SLICE_X25Y133        LUT6 (Prop_E6LUT_SLICEM_I0_O)
                                                      0.047    26.286 r  TW/y0r_r[13]_i_20/O
                         net (fo=1, routed)           0.291    26.577    TW/y0r_r[13]_i_20_n_0
    SLICE_X28Y133        LUT6 (Prop_H6LUT_SLICEM_I1_O)
                                                      0.138    26.715 r  TW/y0r_r[13]_i_11/O
                         net (fo=34, routed)          0.831    27.546    TW/BF/sc_y0r[6]
    SLICE_X24Y158        LUT6 (Prop_H6LUT_SLICEM_I4_O)
                                                      0.082    27.628 r  TW/y0r_r[12]_i_10/O
                         net (fo=30, routed)          0.341    27.970    TW/y0r_r[12]_i_10_n_0
    SLICE_X27Y160        LUT3 (Prop_C5LUT_SLICEL_I1_O)
                                                      0.122    28.092 f  TW/y0r_r[10]_i_67/O
                         net (fo=1, routed)           0.206    28.298    TW/y0r_r[10]_i_67_n_0
    SLICE_X27Y160        LUT6 (Prop_G6LUT_SLICEL_I4_O)
                                                      0.114    28.412 r  TW/y0r_r[10]_i_38/O
                         net (fo=2, routed)           0.089    28.500    TW/y0r_r[10]_i_38_n_0
    SLICE_X27Y159        LUT6 (Prop_G6LUT_SLICEL_I5_O)
                                                      0.047    28.547 r  TW/y0r_r[10]_i_20/O
                         net (fo=1, routed)           0.139    28.686    TW/y0r_r[10]_i_20_n_0
    SLICE_X27Y159        LUT6 (Prop_F6LUT_SLICEL_I4_O)
                                                      0.114    28.800 r  TW/y0r_r[10]_i_7/O
                         net (fo=12, routed)          0.604    29.405    TW/y0r_r[10]_i_7_n_0
    SLICE_X23Y161        LUT6 (Prop_D6LUT_SLICEL_I4_O)
                                                      0.133    29.538 f  TW/y0r_r[10]_i_3/O
                         net (fo=2, routed)           0.085    29.623    TW/y0r_r[10]_i_3_n_0
    SLICE_X23Y160        LUT6 (Prop_F6LUT_SLICEL_I5_O)
                                                      0.088    29.711 f  TW/y0r_r[12]_i_2/O
                         net (fo=3, routed)           0.099    29.810    TW/y0r_r[12]_i_2_n_0
    SLICE_X23Y162        LUT4 (Prop_E6LUT_SLICEL_I1_O)
                                                      0.047    29.857 r  TW/y0r_r[13]_i_4/O
                         net (fo=1, routed)           0.040    29.897    TW/y0r_r[13]_i_4_n_0
    SLICE_X23Y162        LUT4 (Prop_B6LUT_SLICEL_I2_O)
                                                      0.048    29.945 r  TW/y0r_r[13]_i_1/O
                         net (fo=1, routed)           0.048    29.993    y0r[13]
    SLICE_X23Y162        FDCE                                         r  y0r_r_reg[13]/D
  -------------------------------------------------------------------    -------------------

                         (clock sys_clk rise edge)  100.000   100.000 r  
    C3                                                0.000   100.000 r  clk (IN)
                         net (fo=0)                   0.000   100.000    clk_IBUF_inst/I
    C3                   INBUF (Prop_INBUF_HPIOB_M_PAD_O)
                                                      0.268   100.268 r  clk_IBUF_inst/INBUF_INST/O
                         net (fo=1, routed)           0.000   100.268    clk_IBUF_inst/OUT
    C3                   IBUFCTRL (Prop_IBUFCTRL_HPIOB_M_I_O)
                                                      0.000   100.268 r  clk_IBUF_inst/IBUFCTRL_INST/O
                         net (fo=1, routed)           0.288   100.556    clk_IBUF
    BUFGCE_X0Y90         BUFGCE (Prop_BUFCE_BUFGCE_I_O)
                                                      0.024   100.580 r  clk_IBUF_BUFG_inst/O
    X1Y3 (CLOCK_ROOT)    net (fo=187, routed)         0.891   101.471    clk_IBUF_BUFG
    SLICE_X23Y162        FDCE                                         r  y0r_r_reg[13]/C
                         clock pessimism              0.313   101.785    
                         clock uncertainty           -0.035   101.749    
    SLICE_X23Y162        FDCE (Setup_BFF_SLICEL_C_D)
                                                      0.023   101.772    y0r_r_reg[13]
  -------------------------------------------------------------------
                         required time                        101.772    
                         arrival time                         -29.993    
  -------------------------------------------------------------------
                         slack                                 71.779    





Min Delay Paths
--------------------------------------------------------------------------------------
Slack (MET) :             0.044ns  (arrival time - required time)
  Source:                 y1r_r_reg[5]/C
                            (rising edge-triggered cell FDCE clocked by sys_clk  {rise@0.000ns fall@5.000ns period=100.000ns})
  Destination:            RAM/real_mem_reg_bram_0/DINADIN[5]
                            (rising edge-triggered cell RAMB18E2 clocked by sys_clk  {rise@0.000ns fall@5.000ns period=100.000ns})
  Path Group:             sys_clk
  Path Type:              Hold (Min at Fast Process Corner)
  Requirement:            0.000ns  (sys_clk rise@0.000ns - sys_clk rise@0.000ns)
  Data Path Delay:        0.141ns  (logic 0.038ns (26.950%)  route 0.103ns (73.050%))
  Logic Levels:           0  
  Clock Path Skew:        0.117ns (DCD - SCD - CPR)
    Destination Clock Delay (DCD):    1.370ns
    Source Clock Delay      (SCD):    0.981ns
    Clock Pessimism Removal (CPR):    0.272ns
  Clock Net Delay (Source):      0.641ns (routing 0.096ns, distribution 0.545ns)
  Clock Net Delay (Destination): 0.804ns (routing 0.108ns, distribution 0.696ns)

    Location             Delay type                Incr(ns)  Path(ns)    Netlist Resource(s)
  -------------------------------------------------------------------    -------------------
                         (clock sys_clk rise edge)    0.000     0.000 r  
    C3                                                0.000     0.000 r  clk (IN)
                         net (fo=0)                   0.000     0.000    clk_IBUF_inst/I
    C3                   INBUF (Prop_INBUF_HPIOB_M_PAD_O)
                                                      0.172     0.172 r  clk_IBUF_inst/INBUF_INST/O
                         net (fo=1, routed)           0.000     0.172    clk_IBUF_inst/OUT
    C3                   IBUFCTRL (Prop_IBUFCTRL_HPIOB_M_I_O)
                                                      0.000     0.172 r  clk_IBUF_inst/IBUFCTRL_INST/O
                         net (fo=1, routed)           0.151     0.323    clk_IBUF
    BUFGCE_X0Y90         BUFGCE (Prop_BUFCE_BUFGCE_I_O)
                                                      0.017     0.340 r  clk_IBUF_BUFG_inst/O
    X1Y3 (CLOCK_ROOT)    net (fo=187, routed)         0.641     0.981    clk_IBUF_BUFG
    SLICE_X28Y153        FDCE                                         r  y1r_r_reg[5]/C
  -------------------------------------------------------------------    -------------------
    SLICE_X28Y153        FDCE (Prop_BFF_SLICEM_C_Q)
                                                      0.038     1.019 r  y1r_r_reg[5]/Q
                         net (fo=1, routed)           0.103     1.122    RAM/real_mem_reg_bram_0_1[5]
    RAMB18_X0Y60         RAMB18E2                                     r  RAM/real_mem_reg_bram_0/DINADIN[5]
  -------------------------------------------------------------------    -------------------

                         (clock sys_clk rise edge)    0.000     0.000 r  
    C3                                                0.000     0.000 r  clk (IN)
                         net (fo=0)                   0.000     0.000    clk_IBUF_inst/I
    C3                   INBUF (Prop_INBUF_HPIOB_M_PAD_O)
                                                      0.358     0.358 r  clk_IBUF_inst/INBUF_INST/O
                         net (fo=1, routed)           0.000     0.358    clk_IBUF_inst/OUT
    C3                   IBUFCTRL (Prop_IBUFCTRL_HPIOB_M_I_O)
                                                      0.000     0.358 r  clk_IBUF_inst/IBUFCTRL_INST/O
                         net (fo=1, routed)           0.189     0.547    clk_IBUF
    BUFGCE_X0Y90         BUFGCE (Prop_BUFCE_BUFGCE_I_O)
                                                      0.019     0.566 r  clk_IBUF_BUFG_inst/O
    X1Y3 (CLOCK_ROOT)    net (fo=187, routed)         0.804     1.370    RAM/CLK
    RAMB18_X0Y60         RAMB18E2                                     r  RAM/real_mem_reg_bram_0/CLKARDCLK
                         clock pessimism             -0.272     1.098    
    RAMB18_X0Y60         RAMB18E2 (Hold_RAMB18E2_L_RAMB180_CLKARDCLK_DINADIN[5])
                                                     -0.020     1.078    RAM/real_mem_reg_bram_0
  -------------------------------------------------------------------
                         required time                         -1.078    
                         arrival time                           1.122    
  -------------------------------------------------------------------
                         slack                                  0.044    





Pulse Width Checks
--------------------------------------------------------------------------------------
Clock Name:         sys_clk
Waveform(ns):       { 0.000 5.000 }
Period(ns):         100.000
Sources:            { clk }

Check Type        Corner  Lib Pin             Reference Pin  Required(ns)  Actual(ns)  Slack(ns)  Location      Pin
Min Period        n/a     RAMB18E2/CLKARDCLK  n/a            1.392         100.000     98.608     RAMB18_X0Y62  RAM/imag_mem_reg_bram_0/CLKARDCLK
Low Pulse Width   Slow    RAMB18E2/CLKARDCLK  n/a            0.495         95.000      94.505     RAMB18_X0Y62  RAM/imag_mem_reg_bram_0/CLKARDCLK
High Pulse Width  Slow    RAMB18E2/CLKARDCLK  n/a            0.495         5.000       4.505      RAMB18_X0Y62  RAM/imag_mem_reg_bram_0/CLKARDCLK



