
X[0] r=7163 i=0000
X[1] r=021d i=0001
X[2] r=102c i=6aef
X[3] r=48fa i=60a6
X[4] r=70cf i=ccb8
X[5] r=0001 i=ffff
X[6] r=7ffe i=7fff
X[7] r=1b66 i=9528
X[8] r=6fec i=1d8a
X[9] r=7195 i=d436
X[10] r=7ffe i=7fff
X[11] r=6312 i=ffff
X[12] r=692a i=9ae3
X[13] r=8001 i=8001
X[14] r=60d6 i=8e89
X[15] r=7ffc i=7fff
X[16] r=71db i=8f41
X[17] r=7fff i=8002
X[18] r=0001 i=8c47
X[19] r=7fff i=ffff
X[20] r=7fff i=8002
X[21] r=95fa i=96df
X[22] r=7fff i=8002
X[23] r=8003 i=8001
X[24] r=93bc i=8e07
X[25] r=a60d i=9658
X[26] r=ffff i=0001
X[27] r=8001 i=7fff
X[28] r=bda9 i=64ac
X[29] r=8dc7 i=69b6
X[30] r=92aa i=63c3
X[31] r=6bf9 i=6d66
X[32] r=6cb5 i=6c98
X[33] r=71d7 i=0001
X[34] r=71c4 i=9749
X[35] r=69a0 i=91d6
X[36] r=7fff i=962c
X[37] r=8001 i=8001
X[38] r=9f79 i=8db7
X[39] r=3238 i=8ce9
X[40] r=a6e4 i=97ca
X[41] r=9b05 i=90b7
X[42] r=7ffe i=7fff
X[43] r=9567 i=6cf0
X[44] r=689a i=708d
X[45] r=7ffe i=7fff
X[46] r=8001 i=8001
X[47] r=6850 i=0001
X[48] r=7205 i=9b35
X[49] r=6a33 i=95e6
X[50] r=ffff i=8e7d
X[51] r=8001 i=0001
X[52] r=8ef2 i=ffff
X[53] r=8f7d i=0001
X[54] r=7ffe i=7fff
X[55] r=ffff i=683c
X[56] r=6c22 i=0001
X[57] r=6f1a i=8f03
X[58] r=7fff i=938e
X[59] r=ffff i=8002
X[60] r=90fa i=8ec9
X[61] r=8fb2 i=ffff
X[62] r=95f2 i=6b01
X[63] r=ffff i=68b6
X[64] r=6c64 i=70aa
X[65] r=7379 i=c26e
X[66] r=65a7 i=8f2a
X[67] r=5286 i=8001
X[68] r=9633 i=8ee4
X[69] r=7ffe i=ffff
X[70] r=ffff i=7fff
X[71] r=6d9e i=6de7
X[72] r=7243 i=9a59
X[73] r=6b4f i=0000
X[74] r=8001 i=7ffe
X[75] r=976b i=8f85
X[76] r=a424 i=9f86
X[77] r=7fff i=8001
X[78] r=6169 i=6bf4
X[79] r=0001 i=0000
X[80] r=70ab i=3092
X[81] r=69a8 i=94f3
X[82] r=ffff i=9766
X[83] r=8001 i=8001
X[84] r=0001 i=9ec8
X[85] r=6cc2 i=9b0a
X[86] r=7fff i=7ffe
X[87] r=ffff i=ffff
X[88] r=93ed i=977d
X[89] r=ffff i=35a9
X[90] r=6c52 i=6aa6
X[91] r=8001 i=8002
X[92] r=7091 i=92a4
X[93] r=ffff i=8fe1
X[94] r=9538 i=ffff
X[95] r=9221 i=6853
X[96] r=0001 i=717b
X[97] r=7149 i=8ff5
X[98] r=7088 i=9fee
X[99] r=9f7c i=8fb6
X[100] r=8f10 i=0001
X[101] r=7ffe i=8001
X[102] r=c686 i=9e9c
X[103] r=938e i=8ecc
X[104] r=8faf i=ffff
X[105] r=9056 i=6bb5
X[106] r=8002 i=7fff
X[107] r=6d0f i=8f62
X[108] r=8002 i=7fff
X[109] r=8001 i=ffff
X[110] r=ffff i=6ae5
X[111] r=8001 i=ffff
X[112] r=712c i=9e7f
X[113] r=8001 i=8001
X[114] r=8e5c i=ffff
X[115] r=7fff i=7fff
X[116] r=0001 i=9ffa
X[117] r=706d i=98d3
X[118] r=8001 i=68c0
X[119] r=ffff i=6be3
X[120] r=6f40 i=6a04
X[121] r=68c1 i=960c
X[122] r=7fff i=7ffe
X[123] r=ffff i=8001
X[124] r=70e6 i=6f30
X[125] r=70b2 i=94a0
X[126] r=9649 i=0001
X[127] r=ffff i=96fa
X[128] r=690a i=6e6a
X[129] r=71ac i=8e81
X[130] r=9f3a i=9534
X[131] r=ffff i=3295
X[132] r=7206 i=6d21
X[133] r=0001 i=7fff
X[134] r=8001 i=7ffe
X[135] r=ffff i=69a2
X[136] r=7231 i=ffff
X[137] r=381e i=8fd4
X[138] r=92c1 i=8001
X[139] r=653e i=6b3a
X[140] r=71de i=ffff
X[141] r=8001 i=0001
X[142] r=8e5c i=ffff
X[143] r=7fff i=7fff
X[144] r=70b8 i=ffff
X[145] r=5108 i=7fff
X[146] r=9740 i=72ea
X[147] r=0001 i=8001
X[148] r=7ffe i=7fff
X[149] r=9fc4 i=adbd
X[150] r=7ffe i=7fff
X[151] r=7026 i=ffff
X[152] r=ffff i=9256
X[153] r=b3f9 i=65a0
X[154] r=717e i=9bc6
X[155] r=8001 i=8001
X[156] r=8e96 i=6832
X[157] r=6c49 i=0001
X[158] r=0001 i=9aab
X[159] r=8f16 i=47ca
X[160] r=abc2 i=5306
X[161] r=6ddf i=8f67
X[162] r=8fbe i=9a9e
X[163] r=6995 i=7160
X[164] r=70ce i=8f36
X[165] r=7fff i=8001
X[166] r=9809 i=6cf4
X[167] r=70aa i=91a2
X[168] r=8dd0 i=9464
X[169] r=ffff i=72ee
X[170] r=8001 i=7ffe
X[171] r=55c8 i=8ee6
X[172] r=9a8a i=70ba
X[173] r=0001 i=8002
X[174] r=952c i=5a42
X[175] r=d280 i=6931
X[176] r=7018 i=645e
X[177] r=ffff i=ffff
X[178] r=500c i=7179
X[179] r=7fff i=a4cb
X[180] r=8fc1 i=9de6
X[181] r=0001 i=6042
X[182] r=7ffe i=8001
X[183] r=ffff i=64f0
X[184] r=0001 i=6cd1
X[185] r=9e9a i=8e4f
X[186] r=ffff i=7fff
X[187] r=7fff i=ffff
X[188] r=0001 i=ffff
X[189] r=5286 i=6928
X[190] r=6706 i=970a
X[191] r=8da4 i=8fda
X[192] r=99cb i=7020
X[193] r=0001 i=8de0
X[194] r=9ae0 i=6b42
X[195] r=6f61 i=97df
X[196] r=6287 i=925e
X[197] r=0001 i=7fff
X[198] r=8001 i=96d3
X[199] r=9140 i=cc40
X[200] r=6dd4 i=0001
X[201] r=9636 i=8e9d
X[202] r=7fff i=7ffe
X[203] r=6a26 i=9944
X[204] r=3f76 i=a830
X[205] r=8001 i=8001
X[206] r=692f i=8fef
X[207] r=93e0 i=6a17
X[208] r=70e8 i=9fe6
X[209] r=9458 i=6b7e
X[210] r=7fff i=8001
X[211] r=8002 i=7fff
X[212] r=0001 i=ffff
X[213] r=8001 i=8002
X[214] r=8002 i=7fff
X[215] r=715d i=ffff
X[216] r=ffff i=9673
X[217] r=6892 i=502e
X[218] r=ffff i=93d8
X[219] r=8001 i=8001
X[220] r=ffff i=62db
X[221] r=b70a i=9786
X[222] r=6970 i=c5ee
X[223] r=91ee i=8e96
X[224] r=9ef9 i=719d
X[225] r=23a6 i=9412
X[226] r=9e65 i=7024
X[227] r=702f i=9072
X[228] r=8f0c i=674f
X[229] r=7fff i=8001
X[230] r=8e83 i=ffff
X[231] r=71ab i=6428
X[232] r=9461 i=b22a
X[233] r=7fff i=7ffd
X[234] r=8001 i=8002
X[235] r=3c9e i=6b2d
X[236] r=8001 i=8002
X[237] r=8001 i=7fff
X[238] r=ffff i=9fa7
X[239] r=7ffe i=8001
X[240] r=1e9f i=c0b8
X[241] r=8001 i=8004
X[242] r=7018 i=6603
X[243] r=7fff i=8001
X[244] r=7095 i=d6e4
X[245] r=8c5b i=96cd
X[246] r=7fff i=7ffe
X[247] r=8fdb i=9021
X[248] r=0001 i=711e
X[249] r=8f8c i=8cbb
X[250] r=8002 i=7fff
X[251] r=7fff i=ffff
X[252] r=6a40 i=711f
X[253] r=9afe i=12e6
X[254] r=6afa i=0001
X[255] r=982a i=950b
X[256] r=46d8 i=0001
X[257] r=97f3 i=9530
X[258] r=6afa i=701e
X[259] r=9ae5 i=aa4a
X[260] r=6cea i=707a
X[261] r=8001 i=7fff
X[262] r=8002 i=8001
X[263] r=ffff i=ffff
X[264] r=720f i=6a0b
X[265] r=8d08 i=90de
X[266] r=8001 i=7ffe
X[267] r=ffff i=6801
X[268] r=733d i=d6e4
X[269] r=0001 i=0001
X[270] r=73a4 i=6603
X[271] r=7fff i=8004
X[272] r=e161 i=c0b8
X[273] r=8002 i=8001
X[274] r=71ae i=9fa7
X[275] r=ffff i=ffff
X[276] r=8001 i=7ffe
X[277] r=3c9e i=6a26
X[278] r=8001 i=7ffe
X[279] r=8001 i=7ffd
X[280] r=9401 i=cb30
X[281] r=71c1 i=ffff
X[282] r=8f01 i=7040
X[283] r=0001 i=8001
X[284] r=8f12 i=674f
X[285] r=702f i=0001
X[286] r=619b i=696a
X[287] r=a0a2 i=95fa
X[288] r=5a04 i=7026
X[289] r=91ee i=8e96
X[290] r=7049 i=c5ee
X[291] r=b70a i=687a
X[292] r=0001 i=972c
X[293] r=7fff i=0001
X[294] r=96d3 i=8ff1
X[295] r=698e i=502e
X[296] r=8f10 i=97df
X[297] r=715d i=0001
X[298] r=8002 i=8001
X[299] r=7fff i=8002
X[300] r=8f0f i=6967
X[301] r=7ffe i=ffff
X[302] r=7fff i=7fff
X[303] r=9544 i=979e
X[304] r=704c i=9ff4
X[305] r=ffff i=6a17
X[306] r=0001 i=ffff
X[307] r=7fff i=ffff
X[308] r=c08a i=a830
X[309] r=700e i=3443
X[310] r=8001 i=7ffe
X[311] r=69ca i=95fc
X[312] r=6dd4 i=6c02
X[313] r=908c i=33c0
X[314] r=8001 i=968c
X[315] r=7fff i=7fff
X[316] r=9d79 i=9258
X[317] r=6e2f i=622e
X[318] r=97ff i=6b42
X[319] r=0001 i=ffff
X[320] r=62e8 i=6dcf
X[321] r=ffff i=0001
X[322] r=62fa i=607b
X[323] r=5286 i=6928
X[324] r=93d1 i=8f92
X[325] r=8001 i=7fff
X[326] r=8ea5 i=8001
X[327] r=9e9a i=8e3f
X[328] r=70c3 i=6cd1
X[329] r=8cce i=9b10
X[330] r=8002 i=8001
X[331] r=70f9 i=6042
X[332] r=8df3 i=9597
X[333] r=8001 i=5b35
X[334] r=500c i=7265
X[335] r=9387 i=90bf
X[336] r=70ae i=ffff
X[337] r=8f4a i=6931
X[338] r=8f0c i=0001
X[339] r=7fff i=8002
X[340] r=9a8a i=0001
X[341] r=55c8 i=8cd3
X[342] r=8001 i=8002
X[343] r=ffff i=7021
X[344] r=ffff i=9464
X[345] r=6894 i=ffff
X[346] r=67f7 i=6cf4
X[347] r=7fff i=8001
X[348] r=70ce i=0001
X[349] r=966b i=7021
X[350] r=ffff i=9a9e
X[351] r=6ddf i=0001
X[352] r=543e i=6264
X[353] r=8f16 i=47ca
X[354] r=70f8 i=9a1b
X[355] r=ffff i=6551
X[356] r=8e96 i=0001
X[357] r=7fff i=7fff
X[358] r=7096 i=0001
X[359] r=2234 i=9ff0
X[360] r=8de0 i=9187
X[361] r=719e i=6c75
X[362] r=7ffe i=8001
X[363] r=603c i=adbd
X[364] r=7ffe i=8001
X[365] r=7fff i=7fff
X[366] r=9740 i=7129
X[367] r=5108 i=7fff
X[368] r=717e i=673e
X[369] r=8001 i=7fff
X[370] r=8f86 i=97eb
X[371] r=ffff i=8001
X[372] r=0001 i=0001
X[373] r=98b5 i=0001
X[374] r=92c1 i=8001
X[375] r=7222 i=ffff
X[376] r=0001 i=6998
X[377] r=8f61 i=6081
X[378] r=8001 i=8002
X[379] r=7fff i=7fff
X[380] r=ffff i=6d21
X[381] r=8e6d i=3295
X[382] r=9de0 i=9534
X[383] r=0001 i=0001
X[384] r=9384 i=6f54
X[385] r=8e49 i=ffff
X[386] r=20f2 i=92ba
X[387] r=7372 i=12bc
X[388] r=ffff i=6f30
X[389] r=8001 i=ffff
X[390] r=7fff i=8002
X[391] r=68c1 i=9edb
X[392] r=6f6f i=713a
X[393] r=8e21 i=6be3
X[394] r=7fff i=9740
X[395] r=24fc i=98d3
X[396] r=71a7 i=69f0
X[397] r=0001 i=ffff
X[398] r=8f86 i=989f
X[399] r=7fff i=8001
X[400] r=7236 i=67aa
X[401] r=7fff i=0001
X[402] r=8ff1 i=0001
X[403] r=8001 i=7fff
X[404] r=8002 i=8001
X[405] r=0001 i=723e
X[406] r=8002 i=8001
X[407] r=ffff i=ffff
X[408] r=ffff i=92d8
X[409] r=6afa i=960a
X[410] r=397a i=53f1
X[411] r=7ffe i=0001
X[412] r=8e1c i=9c68
X[413] r=9f7c i=925e
X[414] r=0001 i=9f5e
X[415] r=708b i=700b
X[416] r=95a2 i=712d
X[417] r=9221 i=6853
X[418] r=9538 i=8d8b
X[419] r=6db1 i=9109
X[420] r=70f3 i=68dc
X[421] r=ffff i=7ffe
X[422] r=ffff i=7014
X[423] r=8e82 i=9560
X[424] r=93ed i=8e99
X[425] r=70c1 i=0001
X[426] r=7fff i=8002
X[427] r=933e i=64f6
X[428] r=9022 i=0001
X[429] r=ffff i=8001
X[430] r=8fb8 i=95c7
X[431] r=69a8 i=94f3
X[432] r=70ab i=6606
X[433] r=ffff i=7fff
X[434] r=9748 i=6dec
X[435] r=7fff i=8001
X[436] r=5bdc i=9667
X[437] r=976b i=8f85
X[438] r=7fff i=7ffe
X[439] r=6b4f i=7fff
X[440] r=3d14 i=65a7
X[441] r=8f8e i=69be
X[442] r=8e10 i=8001
X[443] r=8002 i=7fff
X[444] r=69cd i=8e0e
X[445] r=5286 i=7fff
X[446] r=65a7 i=ffff
X[447] r=0001 i=7099
X[448] r=ffff i=7156
X[449] r=974b i=68b6
X[450] r=ffff i=8eff
X[451] r=8fb2 i=8ee4
X[452] r=0001 i=8ec7
X[453] r=8001 i=8002
X[454] r=7fff i=93d6
X[455] r=6f1a i=712a
X[456] r=6c22 i=71db
X[457] r=9140 i=70f1
X[458] r=8002 i=7fff
X[459] r=97ac i=9aef
X[460] r=8ef2 i=8f36
X[461] r=7fff i=7fff
X[462] r=6b11 i=8e7d
X[463] r=6a3c i=69fc
X[464] r=71e3 i=6822
X[465] r=6850 i=724a
X[466] r=8001 i=7fff
X[467] r=8002 i=ffff
X[468] r=8f1b i=683e
X[469] r=9567 i=9310
X[470] r=7ffe i=8001
X[471] r=64fb i=90b7
X[472] r=591c i=9413
X[473] r=3238 i=ffff
X[474] r=626c i=ffff
X[475] r=0001 i=0001
X[476] r=7fff i=60db
X[477] r=9341 i=6949
X[478] r=ffff i=6a7f
X[479] r=ffff i=707b
X[480] r=9208 i=6ac3
X[481] r=906a i=6b7e
X[482] r=91ce i=ffff
X[483] r=ffff i=ffff
X[484] r=4257 i=9781
X[485] r=ffff i=0001
X[486] r=ffff i=8fd8
X[487] r=59f3 i=8eee
X[488] r=ffff i=8cee
X[489] r=7ffd i=8001
X[490] r=7fff i=7ffe
X[491] r=6ed8 i=95d8
X[492] r=7fff i=7ffe
X[493] r=0001 i=8001
X[494] r=6fda i=0001
X[495] r=8001 i=8002
X[496] r=71db i=6a6b
X[497] r=8004 i=7fff
X[498] r=9f2a i=7177
X[499] r=ffff i=0001
X[500] r=96d6 i=651d
X[501] r=9cee i=7245
X[502] r=8002 i=7fff
X[503] r=ffff i=687f
X[504] r=9014 i=6aa2
X[505] r=e49a i=70c8
X[506] r=7ffe i=8001
X[507] r=8001 i=7fff
X[508] r=8f31 i=3348
X[509] r=b706 i=6776
X[510] r=efd4 i=cf1a
X[511] r=fde3 i=2004
X[512] r=8edf i=0000
X[513] r=fde3 i=dffc
X[514] r=efd4 i=30e6
X[515] r=b706 i=988a
X[516] r=8f31 i=ccb8
X[517] r=8001 i=8001
X[518] r=7ffe i=7fff
X[519] r=e49a i=8f38
X[520] r=9014 i=955e
X[521] r=ffff i=9781
X[522] r=8002 i=8001
X[523] r=9cee i=8dbb
X[524] r=96d6 i=9ae3
X[525] r=ffff i=ffff
X[526] r=9f2a i=8e89
X[527] r=8004 i=8001
X[528] r=71db i=9595
X[529] r=8001 i=7ffe
X[530] r=6fda i=ffff
X[531] r=0001 i=7fff
X[532] r=7fff i=8002
X[533] r=6ed8 i=6a28
X[534] r=7fff i=8002
X[535] r=7ffd i=7fff
X[536] r=ffff i=7312
X[537] r=59f3 i=7112
X[538] r=ffff i=7028
X[539] r=ffff i=ffff
X[540] r=4257 i=687f
X[541] r=ffff i=0001
X[542] r=91ce i=0001
X[543] r=906a i=9482
X[544] r=9208 i=953d
X[545] r=ffff i=8f85
X[546] r=ffff i=9581
X[547] r=9341 i=96b7
X[548] r=7fff i=9f25
X[549] r=0001 i=ffff
X[550] r=626c i=0001
X[551] r=3238 i=0001
X[552] r=591c i=6bed
X[553] r=64fb i=6f49
X[554] r=7ffe i=7fff
X[555] r=9567 i=6cf0
X[556] r=8f1b i=97c2
X[557] r=8002 i=0001
X[558] r=8001 i=8001
X[559] r=6850 i=8db6
X[560] r=71e3 i=97de
X[561] r=6a3c i=9604
X[562] r=6b11 i=7183
X[563] r=7fff i=8001
X[564] r=8ef2 i=70ca
X[565] r=97ac i=6511
X[566] r=8002 i=8001
X[567] r=9140 i=8f0f
X[568] r=6c22 i=8e25
X[569] r=6f1a i=8ed6
X[570] r=7fff i=6c2a
X[571] r=8001 i=7ffe
X[572] r=0001 i=7139
X[573] r=8fb2 i=711c
X[574] r=ffff i=7101
X[575] r=974b i=974a
X[576] r=ffff i=8eaa
X[577] r=0001 i=8f67
X[578] r=65a7 i=0001
X[579] r=5286 i=8001
X[580] r=69cd i=71f2
X[581] r=8002 i=8001
X[582] r=8e10 i=7fff
X[583] r=8f8e i=9642
X[584] r=3d14 i=9a59
X[585] r=6b4f i=8001
X[586] r=7fff i=8002
X[587] r=976b i=707b
X[588] r=5bdc i=6999
X[589] r=7fff i=7fff
X[590] r=9748 i=9214
X[591] r=ffff i=8001
X[592] r=70ab i=99fa
X[593] r=69a8 i=6b0d
X[594] r=8fb8 i=6a39
X[595] r=ffff i=7fff
X[596] r=9022 i=ffff
X[597] r=933e i=9b0a
X[598] r=7fff i=7ffe
X[599] r=70c1 i=ffff
X[600] r=93ed i=7167
X[601] r=8e82 i=6aa0
X[602] r=ffff i=8fec
X[603] r=ffff i=8002
X[604] r=70f3 i=9724
X[605] r=6db1 i=6ef7
X[606] r=9538 i=7275
X[607] r=9221 i=97ad
X[608] r=95a2 i=8ed3
X[609] r=708b i=8ff5
X[610] r=0001 i=60a2
X[611] r=9f7c i=6da2
X[612] r=8e1c i=6398
X[613] r=7ffe i=ffff
X[614] r=397a i=ac0f
X[615] r=6afa i=69f6
X[616] r=ffff i=6d28
X[617] r=ffff i=0001
X[618] r=8002 i=7fff
X[619] r=0001 i=8dc2
X[620] r=8002 i=7fff
X[621] r=8001 i=8001
X[622] r=8ff1 i=ffff
X[623] r=7fff i=ffff
X[624] r=7236 i=9856
X[625] r=7fff i=7fff
X[626] r=8f86 i=6761
X[627] r=0001 i=0001
X[628] r=71a7 i=9610
X[629] r=24fc i=672d
X[630] r=7fff i=68c0
X[631] r=8e21 i=941d
X[632] r=6f6f i=8ec6
X[633] r=68c1 i=6125
X[634] r=7fff i=7ffe
X[635] r=8001 i=0001
X[636] r=ffff i=90d0
X[637] r=7372 i=ed44
X[638] r=20f2 i=6d46
X[639] r=8e49 i=0001
X[640] r=9384 i=90ac
X[641] r=0001 i=ffff
X[642] r=9de0 i=6acc
X[643] r=8e6d i=cd6b
X[644] r=ffff i=92df
X[645] r=7fff i=8001
X[646] r=8001 i=7ffe
X[647] r=8f61 i=9f7f
X[648] r=0001 i=9668
X[649] r=7222 i=0001
X[650] r=92c1 i=7fff
X[651] r=98b5 i=ffff
X[652] r=0001 i=ffff
X[653] r=ffff i=7fff
X[654] r=8f86 i=6815
X[655] r=8001 i=8001
X[656] r=717e i=98c2
X[657] r=5108 i=8001
X[658] r=9740 i=8ed7
X[659] r=7fff i=8001
X[660] r=7ffe i=7fff
X[661] r=603c i=5243
X[662] r=7ffe i=7fff
X[663] r=719e i=938b
X[664] r=8de0 i=6e79
X[665] r=2234 i=6010
X[666] r=7096 i=ffff
X[667] r=7fff i=8001
X[668] r=8e96 i=ffff
X[669] r=ffff i=9aaf
X[670] r=70f8 i=65e5
X[671] r=8f16 i=b836
X[672] r=543e i=9d9c
X[673] r=6ddf i=ffff
X[674] r=ffff i=6562
X[675] r=966b i=8fdf
X[676] r=70ce i=ffff
X[677] r=7fff i=7fff
X[678] r=67f7 i=930c
X[679] r=6894 i=0001
X[680] r=ffff i=6b9c
X[681] r=ffff i=8fdf
X[682] r=8001 i=7ffe
X[683] r=55c8 i=732d
X[684] r=9a8a i=ffff
X[685] r=7fff i=7ffe
X[686] r=8f0c i=ffff
X[687] r=8f4a i=96cf
X[688] r=70ae i=0001
X[689] r=9387 i=6f41
X[690] r=500c i=8d9b
X[691] r=8001 i=a4cb
X[692] r=8df3 i=6a69
X[693] r=70f9 i=9fbe
X[694] r=8002 i=7fff
X[695] r=8cce i=64f0
X[696] r=70c3 i=932f
X[697] r=9e9a i=71c1
X[698] r=8ea5 i=7fff
X[699] r=8001 i=8001
X[700] r=93d1 i=706e
X[701] r=5286 i=96d8
X[702] r=62fa i=9f85
X[703] r=ffff i=ffff
X[704] r=62e8 i=9231
X[705] r=0001 i=0001
X[706] r=97ff i=94be
X[707] r=6e2f i=9dd2
X[708] r=9d79 i=6da8
X[709] r=7fff i=8001
X[710] r=8001 i=6974
X[711] r=908c i=cc40
X[712] r=6dd4 i=93fe
X[713] r=69ca i=6a04
X[714] r=8001 i=8002
X[715] r=700e i=cbbd
X[716] r=c08a i=57d0
X[717] r=7fff i=0001
X[718] r=0001 i=0001
X[719] r=ffff i=95e9
X[720] r=704c i=600c
X[721] r=9544 i=6862
X[722] r=7fff i=8001
X[723] r=7ffe i=0001
X[724] r=8f0f i=9699
X[725] r=7fff i=7ffe
X[726] r=8002 i=7fff
X[727] r=715d i=ffff
X[728] r=8f10 i=6821
X[729] r=698e i=afd2
X[730] r=96d3 i=700f
X[731] r=7fff i=ffff
X[732] r=0001 i=68d4
X[733] r=b70a i=9786
X[734] r=7049 i=3a12
X[735] r=91ee i=716a
X[736] r=5a04 i=8fda
X[737] r=a0a2 i=6a06
X[738] r=619b i=9696
X[739] r=702f i=ffff
X[740] r=8f12 i=98b1
X[741] r=0001 i=7fff
X[742] r=8f01 i=8fc0
X[743] r=71c1 i=0001
X[744] r=9401 i=34d0
X[745] r=8001 i=8003
X[746] r=8001 i=8002
X[747] r=3c9e i=95da
X[748] r=8001 i=8002
X[749] r=ffff i=0001
X[750] r=71ae i=6059
X[751] r=8002 i=7fff
X[752] r=e161 i=3f48
X[753] r=7fff i=7ffc
X[754] r=73a4 i=99fd
X[755] r=0001 i=ffff
X[756] r=733d i=291c
X[757] r=ffff i=97ff
X[758] r=8001 i=8002
X[759] r=8d08 i=6f22
X[760] r=720f i=95f5
X[761] r=ffff i=0001
X[762] r=8002 i=7fff
X[763] r=8001 i=8001
X[764] r=6cea i=8f86
X[765] r=9ae5 i=55b6
X[766] r=6afa i=8fe2
X[767] r=97f3 i=6ad0
X[768] r=46d8 i=ffff
X[769] r=982a i=6af5
X[770] r=6afa i=ffff
X[771] r=9afe i=ed1a
X[772] r=6a40 i=8ee1
X[773] r=7fff i=0001
X[774] r=8002 i=8001
X[775] r=8f8c i=7345
X[776] r=0001 i=8ee2
X[777] r=8fdb i=6fdf
X[778] r=7fff i=8002
X[779] r=8c5b i=6933
X[780] r=7095 i=291c
X[781] r=7fff i=7fff
X[782] r=7018 i=99fd
X[783] r=8001 i=7ffc
X[784] r=1e9f i=3f48
X[785] r=7ffe i=7fff
X[786] r=ffff i=6059
X[787] r=8001 i=8001
X[788] r=8001 i=7ffe
X[789] r=3c9e i=94d3
X[790] r=8001 i=7ffe
X[791] r=7fff i=8003
X[792] r=9461 i=4dd6
X[793] r=71ab i=9bd8
X[794] r=8e83 i=0001
X[795] r=7fff i=7fff
X[796] r=8f0c i=98b1
X[797] r=702f i=6f8e
X[798] r=9e65 i=8fdc
X[799] r=23a6 i=6bee
X[800] r=9ef9 i=8e63
X[801] r=91ee i=716a
X[802] r=6970 i=3a12
X[803] r=b70a i=687a
X[804] r=ffff i=9d25
X[805] r=8001 i=7fff
X[806] r=ffff i=6c28
X[807] r=6892 i=afd2
X[808] r=ffff i=698d
X[809] r=715d i=0001
X[810] r=8002 i=8001
X[811] r=8001 i=7ffe
X[812] r=0001 i=0001
X[813] r=8002 i=8001
X[814] r=7fff i=7fff
X[815] r=9458 i=9482
X[816] r=70e8 i=601a
X[817] r=93e0 i=95e9
X[818] r=692f i=7011
X[819] r=8001 i=7fff
X[820] r=3f76 i=57d0
X[821] r=6a26 i=66bc
X[822] r=7fff i=8002
X[823] r=9636 i=7163
X[824] r=6dd4 i=ffff
X[825] r=9140 i=33c0
X[826] r=8001 i=692d
X[827] r=0001 i=8001
X[828] r=6287 i=6da2
X[829] r=6f61 i=6821
X[830] r=9ae0 i=94be
X[831] r=0001 i=7220
X[832] r=99cb i=8fe0
X[833] r=8da4 i=7026
X[834] r=6706 i=68f6
X[835] r=5286 i=96d8
X[836] r=0001 i=0001
X[837] r=7fff i=0001
X[838] r=ffff i=8001
X[839] r=9e9a i=71b1
X[840] r=0001 i=932f
X[841] r=ffff i=9b10
X[842] r=7ffe i=7fff
X[843] r=0001 i=9fbe
X[844] r=8fc1 i=621a
X[845] r=7fff i=5b35
X[846] r=500c i=8e87
X[847] r=ffff i=0001
X[848] r=7018 i=9ba2
X[849] r=d280 i=96cf
X[850] r=952c i=a5be
X[851] r=0001 i=7ffe
X[852] r=9a8a i=8f46
X[853] r=55c8 i=711a
X[854] r=8001 i=8002
X[855] r=ffff i=8d12
X[856] r=8dd0 i=6b9c
X[857] r=70aa i=6e5e
X[858] r=9809 i=930c
X[859] r=7fff i=7fff
X[860] r=70ce i=70ca
X[861] r=6995 i=8ea0
X[862] r=8fbe i=6562
X[863] r=6ddf i=7099
X[864] r=abc2 i=acfa
X[865] r=8f16 i=b836
X[866] r=0001 i=6555
X[867] r=6c49 i=ffff
X[868] r=8e96 i=97ce
X[869] r=8001 i=7fff
X[870] r=717e i=643a
X[871] r=b3f9 i=9a60
X[872] r=ffff i=6daa
X[873] r=7026 i=0001
X[874] r=7ffe i=8001
X[875] r=9fc4 i=5243
X[876] r=7ffe i=8001
X[877] r=0001 i=7fff
X[878] r=9740 i=8d16
X[879] r=5108 i=8001
X[880] r=70b8 i=0001
X[881] r=7fff i=8001
X[882] r=8e5c i=0001
X[883] r=8001 i=ffff
X[884] r=71de i=0001
X[885] r=653e i=94c6
X[886] r=92c1 i=7fff
X[887] r=381e i=702c
X[888] r=7231 i=0001
X[889] r=ffff i=965e
X[890] r=8001 i=8002
X[891] r=0001 i=8001
X[892] r=7206 i=92df
X[893] r=ffff i=cd6b
X[894] r=9f3a i=6acc
X[895] r=71ac i=717f
X[896] r=690a i=9196
X[897] r=ffff i=6906
X[898] r=9649 i=ffff
X[899] r=70b2 i=6b60
X[900] r=70e6 i=90d0
X[901] r=ffff i=7fff
X[902] r=7fff i=8002
X[903] r=68c1 i=69f4
X[904] r=6f40 i=95fc
X[905] r=ffff i=941d
X[906] r=8001 i=9740
X[907] r=706d i=672d
X[908] r=0001 i=6006
X[909] r=7fff i=8001
X[910] r=8e5c i=0001
X[911] r=8001 i=7fff
X[912] r=712c i=6181
X[913] r=8001 i=0001
X[914] r=ffff i=951b
X[915] r=8001 i=0001
X[916] r=8002 i=8001
X[917] r=6d0f i=709e
X[918] r=8002 i=8001
X[919] r=9056 i=944b
X[920] r=8faf i=0001
X[921] r=938e i=7134
X[922] r=c686 i=6164
X[923] r=7ffe i=7fff
X[924] r=8f10 i=ffff
X[925] r=9f7c i=704a
X[926] r=7088 i=6012
X[927] r=7149 i=700b
X[928] r=0001 i=8e85
X[929] r=9221 i=97ad
X[930] r=9538 i=0001
X[931] r=ffff i=701f
X[932] r=7091 i=6d5c
X[933] r=8001 i=7ffe
X[934] r=6c52 i=955a
X[935] r=ffff i=ca57
X[936] r=93ed i=6883
X[937] r=ffff i=0001
X[938] r=7fff i=8002
X[939] r=6cc2 i=64f6
X[940] r=0001 i=6138
X[941] r=8001 i=7fff
X[942] r=ffff i=689a
X[943] r=69a8 i=6b0d
X[944] r=70ab i=cf6e
X[945] r=0001 i=0000
X[946] r=6169 i=940c
X[947] r=7fff i=7fff
X[948] r=a424 i=607a
X[949] r=976b i=707b
X[950] r=8001 i=8002
X[951] r=6b4f i=0000
X[952] r=7243 i=65a7
X[953] r=6d9e i=9219
X[954] r=ffff i=8001
X[955] r=7ffe i=0001
X[956] r=9633 i=711c
X[957] r=5286 i=7fff
X[958] r=65a7 i=70d6
X[959] r=7379 i=3d92
X[960] r=6c64 i=8f56
X[961] r=ffff i=974a
X[962] r=95f2 i=94ff
X[963] r=8fb2 i=0001
X[964] r=90fa i=7137
X[965] r=ffff i=7ffe
X[966] r=7fff i=6c72
X[967] r=6f1a i=70fd
X[968] r=6c22 i=ffff
X[969] r=ffff i=97c4
X[970] r=7ffe i=8001
X[971] r=8f7d i=ffff
X[972] r=8ef2 i=0001
X[973] r=8001 i=ffff
X[974] r=ffff i=7183
X[975] r=6a33 i=6a1a
X[976] r=7205 i=64cb
X[977] r=6850 i=ffff
X[978] r=8001 i=7fff
X[979] r=7ffe i=8001
X[980] r=689a i=8f73
X[981] r=9567 i=9310
X[982] r=7ffe i=8001
X[983] r=9b05 i=6f49
X[984] r=a6e4 i=6836
X[985] r=3238 i=7317
X[986] r=9f79 i=7249
X[987] r=8001 i=7fff
X[988] r=7fff i=69d4
X[989] r=69a0 i=6e2a
X[990] r=71c4 i=68b7
X[991] r=71d7 i=ffff
X[992] r=6cb5 i=9368
X[993] r=6bf9 i=929a
X[994] r=92aa i=9c3d
X[995] r=8dc7 i=964a
X[996] r=bda9 i=9b54
X[997] r=8001 i=8001
X[998] r=ffff i=ffff
X[999] r=a60d i=69a8
X[1000] r=93bc i=71f9
X[1001] r=8003 i=7fff
X[1002] r=7fff i=7ffe
X[1003] r=95fa i=6921
X[1004] r=7fff i=7ffe
X[1005] r=7fff i=0001
X[1006] r=0001 i=73b9
X[1007] r=7fff i=7ffe
X[1008] r=71db i=70bf
X[1009] r=7ffc i=8001
X[1010] r=60d6 i=7177
X[1011] r=8001 i=7fff
X[1012] r=692a i=651d
X[1013] r=6312 i=0001
X[1014] r=7ffe i=8001
X[1015] r=7195 i=2bca
X[1016] r=6fec i=e276
X[1017] r=1b66 i=6ad8
X[1018] r=7ffe i=8001
X[1019] r=0001 i=0001
X[1020] r=70cf i=3348
X[1021] r=48fa i=9f5a
X[1022] r=102c i=9511
X[1023] r=021d i=ffff


