#! /c/Source/iverilog-install/bin/vvp
:ivl_version "12.0 (devel)" "(s20150603-1110-g18392a46)";
:ivl_delay_selection "TYPICAL";
:vpi_time_precision - 12;
:vpi_module "C:\iverilog\lib\ivl\system.vpi";
:vpi_module "C:\iverilog\lib\ivl\vhdl_sys.vpi";
:vpi_module "C:\iverilog\lib\ivl\vhdl_textio.vpi";
:vpi_module "C:\iverilog\lib\ivl\v2005_math.vpi";
:vpi_module "C:\iverilog\lib\ivl\va_math.vpi";
S_000001f870eff130 .scope module, "tb_fp32_add" "tb_fp32_add" 2 3;
 .timescale -9 -12;
v000001f870f5c7e0_0 .var "a", 31 0;
v000001f870f5ba20_0 .var "b", 31 0;
v000001f870f5bd40_0 .net "out", 31 0, v000001f870f5cce0_0;  1 drivers
S_000001f870eff2c0 .scope module, "DUT" "fp32_add" 2 8, 3 3 0, S_000001f870eff130;
 .timescale -9 -12;
    .port_info 0 /INPUT 32 "a";
    .port_info 1 /INPUT 32 "b";
    .port_info 2 /OUTPUT 32 "out";
L_000001f870ef7160 .functor AND 1, L_000001f870f5d0a0, L_000001f870f5bc00, C4<1>, C4<1>;
L_000001f870ef70f0 .functor OR 1, L_000001f870f5d000, L_000001f870ef7160, C4<0>, C4<0>;
L_000001f870f5e100 .functor NOT 1, v000001f870f5d6e0_0, C4<0>, C4<0>, C4<0>;
L_000001f870f5dc30 .functor NOT 1, v000001f870f5bf20_0, C4<0>, C4<0>, C4<0>;
L_000001f870f5df40 .functor XOR 1, v000001f870f5cba0_0, v000001f870f5c9c0_0, C4<0>, C4<0>;
L_000001f870f5e020 .functor OR 1, L_000001f870f5d500, L_000001f870f5c600, C4<0>, C4<0>;
L_000001f870f5e3a0 .functor AND 1, L_000001f870f5c060, L_000001f870f5e020, C4<1>, C4<1>;
L_000001f871530088 .functor BUFT 1, C4<00000000>, C4<0>, C4<0>, C4<0>;
v000001f870eb7a90_0 .net/2u *"_ivl_12", 7 0, L_000001f871530088;  1 drivers
L_000001f8715300d0 .functor BUFT 1, C4<00000000>, C4<0>, C4<0>, C4<0>;
v000001f870eb6230_0 .net/2u *"_ivl_16", 7 0, L_000001f8715300d0;  1 drivers
v000001f870eb7770_0 .net *"_ivl_20", 0 0, L_000001f870f5d000;  1 drivers
v000001f870eb67d0_0 .net *"_ivl_22", 0 0, L_000001f870f5d0a0;  1 drivers
v000001f870eb6690_0 .net *"_ivl_24", 0 0, L_000001f870f5bc00;  1 drivers
v000001f870eb7f90_0 .net *"_ivl_27", 0 0, L_000001f870ef7160;  1 drivers
v000001f870eb62d0_0 .net *"_ivl_32", 0 0, L_000001f870f5e100;  1 drivers
v000001f870eb7b30_0 .net *"_ivl_36", 0 0, L_000001f870f5dc30;  1 drivers
L_000001f871530118 .functor BUFT 1, C4<00000000000000000000000000>, C4<0>, C4<0>, C4<0>;
v000001f870eb64b0_0 .net/2u *"_ivl_40", 25 0, L_000001f871530118;  1 drivers
L_000001f871530160 .functor BUFT 1, C4<00000000000000000000000000>, C4<0>, C4<0>, C4<0>;
v000001f870eb6370_0 .net/2u *"_ivl_44", 25 0, L_000001f871530160;  1 drivers
L_000001f8715301a8 .functor BUFT 1, C4<00110010>, C4<0>, C4<0>, C4<0>;
v000001f870eb7310_0 .net/2u *"_ivl_48", 7 0, L_000001f8715301a8;  1 drivers
v000001f870eb6a50_0 .net *"_ivl_50", 0 0, L_000001f870f5c4c0;  1 drivers
L_000001f8715301f0 .functor BUFT 1, C4<00000000000000000000000000000000000000000000000000>, C4<0>, C4<0>, C4<0>;
v000001f870eb71d0_0 .net/2u *"_ivl_52", 49 0, L_000001f8715301f0;  1 drivers
v000001f870eb73b0_0 .net *"_ivl_54", 49 0, L_000001f870f5bfc0;  1 drivers
v000001f870eb7bd0_0 .net *"_ivl_61", 0 0, L_000001f870f5c060;  1 drivers
v000001f870eb76d0_0 .net *"_ivl_63", 0 0, L_000001f870f5d500;  1 drivers
v000001f870eb7c70_0 .net *"_ivl_65", 24 0, L_000001f870f5c240;  1 drivers
v000001f870eb7590_0 .net *"_ivl_67", 0 0, L_000001f870f5c600;  1 drivers
v000001f870eb6e10_0 .net *"_ivl_69", 0 0, L_000001f870f5e020;  1 drivers
L_000001f871530238 .functor BUFT 1, C4<0>, C4<0>, C4<0>, C4<0>;
v000001f870eb7130_0 .net/2u *"_ivl_72", 0 0, L_000001f871530238;  1 drivers
v000001f870eb7d10_0 .net *"_ivl_74", 50 0, L_000001f870f5c560;  1 drivers
v000001f870eb7090_0 .net *"_ivl_76", 50 0, L_000001f870f5c740;  1 drivers
L_000001f871530280 .functor BUFT 1, C4<00000000000000000000000000000000000000000000000000>, C4<0>, C4<0>, C4<0>;
v000001f870eb6f50_0 .net *"_ivl_79", 49 0, L_000001f871530280;  1 drivers
v000001f870eb7450_0 .net *"_ivl_80", 50 0, L_000001f870f5c920;  1 drivers
v000001f870eb7db0_0 .net *"_ivl_82", 24 0, L_000001f870f5c880;  1 drivers
L_000001f8715302c8 .functor BUFT 1, C4<00000000000000000000000000>, C4<0>, C4<0>, C4<0>;
v000001f870eb6550_0 .net *"_ivl_84", 25 0, L_000001f8715302c8;  1 drivers
v000001f870eb7630_0 .net "a", 31 0, v000001f870f5c7e0_0;  1 drivers
v000001f870eb74f0_0 .net "a_greater", 0 0, L_000001f870ef70f0;  1 drivers
v000001f870eb6910_0 .net "b", 31 0, v000001f870f5ba20_0;  1 drivers
v000001f870eb7810_0 .net "exp_a", 7 0, L_000001f870f5bde0;  1 drivers
v000001f870eb78b0_0 .net "exp_b", 7 0, L_000001f870f5bac0;  1 drivers
v000001f870eb7e50_0 .net "exp_diff", 7 0, L_000001f870f5cc40;  1 drivers
v000001f870eb6870_0 .var "exp_l", 7 0;
v000001f870eb7950_0 .var "exp_s", 7 0;
v000001f870eb79f0_0 .var/s "final_exp", 8 0;
v000001f870eb69b0_0 .var/s "final_exp_r", 8 0;
v000001f870eb6af0_0 .net "frac_a", 22 0, L_000001f870f5bb60;  1 drivers
v000001f870eb7ef0_0 .net "frac_b", 22 0, L_000001f870f5c380;  1 drivers
v000001f870eb6b90_0 .var "frac_l", 22 0;
v000001f870eb6c30_0 .var "frac_out", 22 0;
v000001f870eb6d70_0 .var "frac_s", 22 0;
v000001f870f5c100_0 .net "mant_l", 23 0, L_000001f870f5d460;  1 drivers
v000001f870f5bca0_0 .net "mant_l_ext", 49 0, L_000001f870f5d140;  1 drivers
v000001f870f5d640_0 .net "mant_s", 23 0, L_000001f870f5cec0;  1 drivers
v000001f870f5c420_0 .net "mant_s_aligned", 49 0, L_000001f870f5d3c0;  1 drivers
v000001f870f5d780_0 .net "mant_s_ext", 49 0, L_000001f870f5d1e0;  1 drivers
v000001f870f5cd80_0 .var "norm_mant", 49 0;
v000001f870f5d5a0_0 .var "norm_shift", 5 0;
v000001f870f5b980_0 .net "op_sub", 0 0, L_000001f870f5df40;  1 drivers
v000001f870f5cce0_0 .var "out", 31 0;
v000001f870f5c6a0_0 .net "round_up", 0 0, L_000001f870f5e3a0;  1 drivers
v000001f870f5d280_0 .net "rounded_mant", 50 0, L_000001f870f6f3b0;  1 drivers
v000001f870f5cb00_0 .net "sign_a", 0 0, L_000001f870f5ca60;  1 drivers
v000001f870f5d820_0 .net "sign_b", 0 0, L_000001f870f5d320;  1 drivers
v000001f870f5cba0_0 .var "sign_l", 0 0;
v000001f870f5c9c0_0 .var "sign_s", 0 0;
v000001f870f5be80_0 .var "sum_mant", 50 0;
v000001f870f5ce20_0 .net "zero_a", 0 0, L_000001f870f5c1a0;  1 drivers
v000001f870f5c2e0_0 .net "zero_b", 0 0, L_000001f870f5cf60;  1 drivers
v000001f870f5d6e0_0 .var "zero_l", 0 0;
v000001f870f5bf20_0 .var "zero_s", 0 0;
E_000001f870f01110/0 .event anyedge, v000001f870f5d6e0_0, v000001f870f5cd80_0, v000001f870f5d280_0, v000001f870eb79f0_0;
E_000001f870f01110/1 .event anyedge, v000001f870eb69b0_0, v000001f870f5cba0_0, v000001f870eb6c30_0;
E_000001f870f01110 .event/or E_000001f870f01110/0, E_000001f870f01110/1;
E_000001f870f00710 .event anyedge, v000001f870f5d6e0_0, v000001f870f5be80_0, v000001f870eb6870_0, v000001f870f5d5a0_0;
E_000001f870f015d0 .event anyedge, v000001f870f5be80_0, v000001f870f5d5a0_0;
E_000001f870f00dd0 .event anyedge, v000001f870f5b980_0, v000001f870f5bca0_0, v000001f870f5c420_0;
E_000001f870f01350/0 .event anyedge, v000001f870eb74f0_0, v000001f870f5cb00_0, v000001f870f5d820_0, v000001f870eb7810_0;
E_000001f870f01350/1 .event anyedge, v000001f870eb78b0_0, v000001f870eb6af0_0, v000001f870eb7ef0_0, v000001f870f5ce20_0;
E_000001f870f01350/2 .event anyedge, v000001f870f5c2e0_0;
E_000001f870f01350 .event/or E_000001f870f01350/0, E_000001f870f01350/1, E_000001f870f01350/2;
L_000001f870f5ca60 .part v000001f870f5c7e0_0, 31, 1;
L_000001f870f5d320 .part v000001f870f5ba20_0, 31, 1;
L_000001f870f5bde0 .part v000001f870f5c7e0_0, 23, 8;
L_000001f870f5bac0 .part v000001f870f5ba20_0, 23, 8;
L_000001f870f5bb60 .part v000001f870f5c7e0_0, 0, 23;
L_000001f870f5c380 .part v000001f870f5ba20_0, 0, 23;
L_000001f870f5c1a0 .cmp/eq 8, L_000001f870f5bde0, L_000001f871530088;
L_000001f870f5cf60 .cmp/eq 8, L_000001f870f5bac0, L_000001f8715300d0;
L_000001f870f5d000 .cmp/gt 8, L_000001f870f5bde0, L_000001f870f5bac0;
L_000001f870f5d0a0 .cmp/eq 8, L_000001f870f5bde0, L_000001f870f5bac0;
L_000001f870f5bc00 .cmp/ge 23, L_000001f870f5bb60, L_000001f870f5c380;
L_000001f870f5cc40 .arith/sub 8, v000001f870eb6870_0, v000001f870eb7950_0;
L_000001f870f5d460 .concat [ 23 1 0 0], v000001f870eb6b90_0, L_000001f870f5e100;
L_000001f870f5cec0 .concat [ 23 1 0 0], v000001f870eb6d70_0, L_000001f870f5dc30;
L_000001f870f5d140 .concat [ 26 24 0 0], L_000001f871530118, L_000001f870f5d460;
L_000001f870f5d1e0 .concat [ 26 24 0 0], L_000001f871530160, L_000001f870f5cec0;
L_000001f870f5c4c0 .cmp/ge 8, L_000001f870f5cc40, L_000001f8715301a8;
L_000001f870f5bfc0 .shift/r 50, L_000001f870f5d1e0, L_000001f870f5cc40;
L_000001f870f5d3c0 .functor MUXZ 50, L_000001f870f5bfc0, L_000001f8715301f0, L_000001f870f5c4c0, C4<>;
L_000001f870f5c060 .part v000001f870f5cd80_0, 25, 1;
L_000001f870f5d500 .part v000001f870f5cd80_0, 26, 1;
L_000001f870f5c240 .part v000001f870f5cd80_0, 0, 25;
L_000001f870f5c600 .reduce/or L_000001f870f5c240;
L_000001f870f5c560 .concat [ 50 1 0 0], v000001f870f5cd80_0, L_000001f871530238;
L_000001f870f5c740 .concat [ 1 50 0 0], L_000001f870f5e3a0, L_000001f871530280;
L_000001f870f5c880 .part L_000001f870f5c740, 0, 25;
L_000001f870f5c920 .concat [ 26 25 0 0], L_000001f8715302c8, L_000001f870f5c880;
L_000001f870f6f3b0 .arith/sum 51, L_000001f870f5c560, L_000001f870f5c920;
    .scope S_000001f870eff2c0;
T_0 ;
    %wait E_000001f870f01350;
    %load/vec4 v000001f870eb74f0_0;
    %flag_set/vec4 8;
    %jmp/0xz  T_0.0, 8;
    %load/vec4 v000001f870f5cb00_0;
    %store/vec4 v000001f870f5cba0_0, 0, 1;
    %load/vec4 v000001f870f5d820_0;
    %store/vec4 v000001f870f5c9c0_0, 0, 1;
    %load/vec4 v000001f870eb7810_0;
    %store/vec4 v000001f870eb6870_0, 0, 8;
    %load/vec4 v000001f870eb78b0_0;
    %store/vec4 v000001f870eb7950_0, 0, 8;
    %load/vec4 v000001f870eb6af0_0;
    %store/vec4 v000001f870eb6b90_0, 0, 23;
    %load/vec4 v000001f870eb7ef0_0;
    %store/vec4 v000001f870eb6d70_0, 0, 23;
    %load/vec4 v000001f870f5ce20_0;
    %store/vec4 v000001f870f5d6e0_0, 0, 1;
    %load/vec4 v000001f870f5c2e0_0;
    %store/vec4 v000001f870f5bf20_0, 0, 1;
    %jmp T_0.1;
T_0.0 ;
    %load/vec4 v000001f870f5d820_0;
    %store/vec4 v000001f870f5cba0_0, 0, 1;
    %load/vec4 v000001f870f5cb00_0;
    %store/vec4 v000001f870f5c9c0_0, 0, 1;
    %load/vec4 v000001f870eb78b0_0;
    %store/vec4 v000001f870eb6870_0, 0, 8;
    %load/vec4 v000001f870eb7810_0;
    %store/vec4 v000001f870eb7950_0, 0, 8;
    %load/vec4 v000001f870eb7ef0_0;
    %store/vec4 v000001f870eb6b90_0, 0, 23;
    %load/vec4 v000001f870eb6af0_0;
    %store/vec4 v000001f870eb6d70_0, 0, 23;
    %load/vec4 v000001f870f5c2e0_0;
    %store/vec4 v000001f870f5d6e0_0, 0, 1;
    %load/vec4 v000001f870f5ce20_0;
    %store/vec4 v000001f870f5bf20_0, 0, 1;
T_0.1 ;
    %jmp T_0;
    .thread T_0, $push;
    .scope S_000001f870eff2c0;
T_1 ;
    %wait E_000001f870f00dd0;
    %load/vec4 v000001f870f5b980_0;
    %flag_set/vec4 8;
    %jmp/0xz  T_1.0, 8;
    %load/vec4 v000001f870f5bca0_0;
    %pad/u 51;
    %load/vec4 v000001f870f5c420_0;
    %pad/u 51;
    %sub;
    %store/vec4 v000001f870f5be80_0, 0, 51;
    %jmp T_1.1;
T_1.0 ;
    %load/vec4 v000001f870f5bca0_0;
    %pad/u 51;
    %load/vec4 v000001f870f5c420_0;
    %pad/u 51;
    %add;
    %store/vec4 v000001f870f5be80_0, 0, 51;
T_1.1 ;
    %jmp T_1;
    .thread T_1, $push;
    .scope S_000001f870eff2c0;
T_2 ;
    %wait E_000001f870f015d0;
    %load/vec4 v000001f870f5be80_0;
    %cmpi/e 0, 0, 51;
    %jmp/0xz  T_2.0, 4;
    %pushi/vec4 0, 0, 6;
    %store/vec4 v000001f870f5d5a0_0, 0, 6;
    %pushi/vec4 0, 0, 50;
    %store/vec4 v000001f870f5cd80_0, 0, 50;
    %jmp T_2.1;
T_2.0 ;
    %load/vec4 v000001f870f5be80_0;
    %parti/s 1, 50, 7;
    %flag_set/vec4 8;
    %jmp/0xz  T_2.2, 8;
    %pushi/vec4 0, 0, 6;
    %store/vec4 v000001f870f5d5a0_0, 0, 6;
    %load/vec4 v000001f870f5be80_0;
    %parti/s 50, 1, 2;
    %store/vec4 v000001f870f5cd80_0, 0, 50;
    %jmp T_2.3;
T_2.2 ;
    %load/vec4 v000001f870f5be80_0;
    %parti/s 1, 49, 7;
    %flag_set/vec4 8;
    %jmp/0xz  T_2.4, 8;
    %pushi/vec4 0, 0, 6;
    %store/vec4 v000001f870f5d5a0_0, 0, 6;
    %jmp T_2.5;
T_2.4 ;
    %load/vec4 v000001f870f5be80_0;
    %parti/s 1, 48, 7;
    %flag_set/vec4 8;
    %jmp/0xz  T_2.6, 8;
    %pushi/vec4 1, 0, 6;
    %store/vec4 v000001f870f5d5a0_0, 0, 6;
    %jmp T_2.7;
T_2.6 ;
    %load/vec4 v000001f870f5be80_0;
    %parti/s 1, 47, 7;
    %flag_set/vec4 8;
    %jmp/0xz  T_2.8, 8;
    %pushi/vec4 2, 0, 6;
    %store/vec4 v000001f870f5d5a0_0, 0, 6;
    %jmp T_2.9;
T_2.8 ;
    %load/vec4 v000001f870f5be80_0;
    %parti/s 1, 46, 7;
    %flag_set/vec4 8;
    %jmp/0xz  T_2.10, 8;
    %pushi/vec4 3, 0, 6;
    %store/vec4 v000001f870f5d5a0_0, 0, 6;
    %jmp T_2.11;
T_2.10 ;
    %load/vec4 v000001f870f5be80_0;
    %parti/s 1, 45, 7;
    %flag_set/vec4 8;
    %jmp/0xz  T_2.12, 8;
    %pushi/vec4 4, 0, 6;
    %store/vec4 v000001f870f5d5a0_0, 0, 6;
    %jmp T_2.13;
T_2.12 ;
    %load/vec4 v000001f870f5be80_0;
    %parti/s 1, 44, 7;
    %flag_set/vec4 8;
    %jmp/0xz  T_2.14, 8;
    %pushi/vec4 5, 0, 6;
    %store/vec4 v000001f870f5d5a0_0, 0, 6;
    %jmp T_2.15;
T_2.14 ;
    %load/vec4 v000001f870f5be80_0;
    %parti/s 1, 43, 7;
    %flag_set/vec4 8;
    %jmp/0xz  T_2.16, 8;
    %pushi/vec4 6, 0, 6;
    %store/vec4 v000001f870f5d5a0_0, 0, 6;
    %jmp T_2.17;
T_2.16 ;
    %load/vec4 v000001f870f5be80_0;
    %parti/s 1, 42, 7;
    %flag_set/vec4 8;
    %jmp/0xz  T_2.18, 8;
    %pushi/vec4 7, 0, 6;
    %store/vec4 v000001f870f5d5a0_0, 0, 6;
    %jmp T_2.19;
T_2.18 ;
    %load/vec4 v000001f870f5be80_0;
    %parti/s 1, 41, 7;
    %flag_set/vec4 8;
    %jmp/0xz  T_2.20, 8;
    %pushi/vec4 8, 0, 6;
    %store/vec4 v000001f870f5d5a0_0, 0, 6;
    %jmp T_2.21;
T_2.20 ;
    %load/vec4 v000001f870f5be80_0;
    %parti/s 1, 40, 7;
    %flag_set/vec4 8;
    %jmp/0xz  T_2.22, 8;
    %pushi/vec4 9, 0, 6;
    %store/vec4 v000001f870f5d5a0_0, 0, 6;
    %jmp T_2.23;
T_2.22 ;
    %load/vec4 v000001f870f5be80_0;
    %parti/s 1, 39, 7;
    %flag_set/vec4 8;
    %jmp/0xz  T_2.24, 8;
    %pushi/vec4 10, 0, 6;
    %store/vec4 v000001f870f5d5a0_0, 0, 6;
    %jmp T_2.25;
T_2.24 ;
    %load/vec4 v000001f870f5be80_0;
    %parti/s 1, 38, 7;
    %flag_set/vec4 8;
    %jmp/0xz  T_2.26, 8;
    %pushi/vec4 11, 0, 6;
    %store/vec4 v000001f870f5d5a0_0, 0, 6;
    %jmp T_2.27;
T_2.26 ;
    %load/vec4 v000001f870f5be80_0;
    %parti/s 1, 37, 7;
    %flag_set/vec4 8;
    %jmp/0xz  T_2.28, 8;
    %pushi/vec4 12, 0, 6;
    %store/vec4 v000001f870f5d5a0_0, 0, 6;
    %jmp T_2.29;
T_2.28 ;
    %load/vec4 v000001f870f5be80_0;
    %parti/s 1, 36, 7;
    %flag_set/vec4 8;
    %jmp/0xz  T_2.30, 8;
    %pushi/vec4 13, 0, 6;
    %store/vec4 v000001f870f5d5a0_0, 0, 6;
    %jmp T_2.31;
T_2.30 ;
    %load/vec4 v000001f870f5be80_0;
    %parti/s 1, 35, 7;
    %flag_set/vec4 8;
    %jmp/0xz  T_2.32, 8;
    %pushi/vec4 14, 0, 6;
    %store/vec4 v000001f870f5d5a0_0, 0, 6;
    %jmp T_2.33;
T_2.32 ;
    %load/vec4 v000001f870f5be80_0;
    %parti/s 1, 34, 7;
    %flag_set/vec4 8;
    %jmp/0xz  T_2.34, 8;
    %pushi/vec4 15, 0, 6;
    %store/vec4 v000001f870f5d5a0_0, 0, 6;
    %jmp T_2.35;
T_2.34 ;
    %load/vec4 v000001f870f5be80_0;
    %parti/s 1, 33, 7;
    %flag_set/vec4 8;
    %jmp/0xz  T_2.36, 8;
    %pushi/vec4 16, 0, 6;
    %store/vec4 v000001f870f5d5a0_0, 0, 6;
    %jmp T_2.37;
T_2.36 ;
    %load/vec4 v000001f870f5be80_0;
    %parti/s 1, 32, 7;
    %flag_set/vec4 8;
    %jmp/0xz  T_2.38, 8;
    %pushi/vec4 17, 0, 6;
    %store/vec4 v000001f870f5d5a0_0, 0, 6;
    %jmp T_2.39;
T_2.38 ;
    %load/vec4 v000001f870f5be80_0;
    %parti/s 1, 31, 6;
    %flag_set/vec4 8;
    %jmp/0xz  T_2.40, 8;
    %pushi/vec4 18, 0, 6;
    %store/vec4 v000001f870f5d5a0_0, 0, 6;
    %jmp T_2.41;
T_2.40 ;
    %load/vec4 v000001f870f5be80_0;
    %parti/s 1, 30, 6;
    %flag_set/vec4 8;
    %jmp/0xz  T_2.42, 8;
    %pushi/vec4 19, 0, 6;
    %store/vec4 v000001f870f5d5a0_0, 0, 6;
    %jmp T_2.43;
T_2.42 ;
    %load/vec4 v000001f870f5be80_0;
    %parti/s 1, 29, 6;
    %flag_set/vec4 8;
    %jmp/0xz  T_2.44, 8;
    %pushi/vec4 20, 0, 6;
    %store/vec4 v000001f870f5d5a0_0, 0, 6;
    %jmp T_2.45;
T_2.44 ;
    %load/vec4 v000001f870f5be80_0;
    %parti/s 1, 28, 6;
    %flag_set/vec4 8;
    %jmp/0xz  T_2.46, 8;
    %pushi/vec4 21, 0, 6;
    %store/vec4 v000001f870f5d5a0_0, 0, 6;
    %jmp T_2.47;
T_2.46 ;
    %load/vec4 v000001f870f5be80_0;
    %parti/s 1, 27, 6;
    %flag_set/vec4 8;
    %jmp/0xz  T_2.48, 8;
    %pushi/vec4 22, 0, 6;
    %store/vec4 v000001f870f5d5a0_0, 0, 6;
    %jmp T_2.49;
T_2.48 ;
    %load/vec4 v000001f870f5be80_0;
    %parti/s 1, 26, 6;
    %flag_set/vec4 8;
    %jmp/0xz  T_2.50, 8;
    %pushi/vec4 23, 0, 6;
    %store/vec4 v000001f870f5d5a0_0, 0, 6;
    %jmp T_2.51;
T_2.50 ;
    %load/vec4 v000001f870f5be80_0;
    %parti/s 1, 25, 6;
    %flag_set/vec4 8;
    %jmp/0xz  T_2.52, 8;
    %pushi/vec4 24, 0, 6;
    %store/vec4 v000001f870f5d5a0_0, 0, 6;
    %jmp T_2.53;
T_2.52 ;
    %load/vec4 v000001f870f5be80_0;
    %parti/s 1, 24, 6;
    %flag_set/vec4 8;
    %jmp/0xz  T_2.54, 8;
    %pushi/vec4 25, 0, 6;
    %store/vec4 v000001f870f5d5a0_0, 0, 6;
    %jmp T_2.55;
T_2.54 ;
    %load/vec4 v000001f870f5be80_0;
    %parti/s 1, 23, 6;
    %flag_set/vec4 8;
    %jmp/0xz  T_2.56, 8;
    %pushi/vec4 26, 0, 6;
    %store/vec4 v000001f870f5d5a0_0, 0, 6;
    %jmp T_2.57;
T_2.56 ;
    %load/vec4 v000001f870f5be80_0;
    %parti/s 1, 22, 6;
    %flag_set/vec4 8;
    %jmp/0xz  T_2.58, 8;
    %pushi/vec4 27, 0, 6;
    %store/vec4 v000001f870f5d5a0_0, 0, 6;
    %jmp T_2.59;
T_2.58 ;
    %load/vec4 v000001f870f5be80_0;
    %parti/s 1, 21, 6;
    %flag_set/vec4 8;
    %jmp/0xz  T_2.60, 8;
    %pushi/vec4 28, 0, 6;
    %store/vec4 v000001f870f5d5a0_0, 0, 6;
    %jmp T_2.61;
T_2.60 ;
    %load/vec4 v000001f870f5be80_0;
    %parti/s 1, 20, 6;
    %flag_set/vec4 8;
    %jmp/0xz  T_2.62, 8;
    %pushi/vec4 29, 0, 6;
    %store/vec4 v000001f870f5d5a0_0, 0, 6;
    %jmp T_2.63;
T_2.62 ;
    %load/vec4 v000001f870f5be80_0;
    %parti/s 1, 19, 6;
    %flag_set/vec4 8;
    %jmp/0xz  T_2.64, 8;
    %pushi/vec4 30, 0, 6;
    %store/vec4 v000001f870f5d5a0_0, 0, 6;
    %jmp T_2.65;
T_2.64 ;
    %load/vec4 v000001f870f5be80_0;
    %parti/s 1, 18, 6;
    %flag_set/vec4 8;
    %jmp/0xz  T_2.66, 8;
    %pushi/vec4 31, 0, 6;
    %store/vec4 v000001f870f5d5a0_0, 0, 6;
    %jmp T_2.67;
T_2.66 ;
    %load/vec4 v000001f870f5be80_0;
    %parti/s 1, 17, 6;
    %flag_set/vec4 8;
    %jmp/0xz  T_2.68, 8;
    %pushi/vec4 32, 0, 6;
    %store/vec4 v000001f870f5d5a0_0, 0, 6;
    %jmp T_2.69;
T_2.68 ;
    %load/vec4 v000001f870f5be80_0;
    %parti/s 1, 16, 6;
    %flag_set/vec4 8;
    %jmp/0xz  T_2.70, 8;
    %pushi/vec4 33, 0, 6;
    %store/vec4 v000001f870f5d5a0_0, 0, 6;
    %jmp T_2.71;
T_2.70 ;
    %load/vec4 v000001f870f5be80_0;
    %parti/s 1, 15, 5;
    %flag_set/vec4 8;
    %jmp/0xz  T_2.72, 8;
    %pushi/vec4 34, 0, 6;
    %store/vec4 v000001f870f5d5a0_0, 0, 6;
    %jmp T_2.73;
T_2.72 ;
    %load/vec4 v000001f870f5be80_0;
    %parti/s 1, 14, 5;
    %flag_set/vec4 8;
    %jmp/0xz  T_2.74, 8;
    %pushi/vec4 35, 0, 6;
    %store/vec4 v000001f870f5d5a0_0, 0, 6;
    %jmp T_2.75;
T_2.74 ;
    %load/vec4 v000001f870f5be80_0;
    %parti/s 1, 13, 5;
    %flag_set/vec4 8;
    %jmp/0xz  T_2.76, 8;
    %pushi/vec4 36, 0, 6;
    %store/vec4 v000001f870f5d5a0_0, 0, 6;
    %jmp T_2.77;
T_2.76 ;
    %load/vec4 v000001f870f5be80_0;
    %parti/s 1, 12, 5;
    %flag_set/vec4 8;
    %jmp/0xz  T_2.78, 8;
    %pushi/vec4 37, 0, 6;
    %store/vec4 v000001f870f5d5a0_0, 0, 6;
    %jmp T_2.79;
T_2.78 ;
    %load/vec4 v000001f870f5be80_0;
    %parti/s 1, 11, 5;
    %flag_set/vec4 8;
    %jmp/0xz  T_2.80, 8;
    %pushi/vec4 38, 0, 6;
    %store/vec4 v000001f870f5d5a0_0, 0, 6;
    %jmp T_2.81;
T_2.80 ;
    %load/vec4 v000001f870f5be80_0;
    %parti/s 1, 10, 5;
    %flag_set/vec4 8;
    %jmp/0xz  T_2.82, 8;
    %pushi/vec4 39, 0, 6;
    %store/vec4 v000001f870f5d5a0_0, 0, 6;
    %jmp T_2.83;
T_2.82 ;
    %load/vec4 v000001f870f5be80_0;
    %parti/s 1, 9, 5;
    %flag_set/vec4 8;
    %jmp/0xz  T_2.84, 8;
    %pushi/vec4 40, 0, 6;
    %store/vec4 v000001f870f5d5a0_0, 0, 6;
    %jmp T_2.85;
T_2.84 ;
    %load/vec4 v000001f870f5be80_0;
    %parti/s 1, 8, 5;
    %flag_set/vec4 8;
    %jmp/0xz  T_2.86, 8;
    %pushi/vec4 41, 0, 6;
    %store/vec4 v000001f870f5d5a0_0, 0, 6;
    %jmp T_2.87;
T_2.86 ;
    %load/vec4 v000001f870f5be80_0;
    %parti/s 1, 7, 4;
    %flag_set/vec4 8;
    %jmp/0xz  T_2.88, 8;
    %pushi/vec4 42, 0, 6;
    %store/vec4 v000001f870f5d5a0_0, 0, 6;
    %jmp T_2.89;
T_2.88 ;
    %load/vec4 v000001f870f5be80_0;
    %parti/s 1, 6, 4;
    %flag_set/vec4 8;
    %jmp/0xz  T_2.90, 8;
    %pushi/vec4 43, 0, 6;
    %store/vec4 v000001f870f5d5a0_0, 0, 6;
    %jmp T_2.91;
T_2.90 ;
    %load/vec4 v000001f870f5be80_0;
    %parti/s 1, 5, 4;
    %flag_set/vec4 8;
    %jmp/0xz  T_2.92, 8;
    %pushi/vec4 44, 0, 6;
    %store/vec4 v000001f870f5d5a0_0, 0, 6;
    %jmp T_2.93;
T_2.92 ;
    %load/vec4 v000001f870f5be80_0;
    %parti/s 1, 4, 4;
    %flag_set/vec4 8;
    %jmp/0xz  T_2.94, 8;
    %pushi/vec4 45, 0, 6;
    %store/vec4 v000001f870f5d5a0_0, 0, 6;
    %jmp T_2.95;
T_2.94 ;
    %load/vec4 v000001f870f5be80_0;
    %parti/s 1, 3, 3;
    %flag_set/vec4 8;
    %jmp/0xz  T_2.96, 8;
    %pushi/vec4 46, 0, 6;
    %store/vec4 v000001f870f5d5a0_0, 0, 6;
    %jmp T_2.97;
T_2.96 ;
    %load/vec4 v000001f870f5be80_0;
    %parti/s 1, 2, 3;
    %flag_set/vec4 8;
    %jmp/0xz  T_2.98, 8;
    %pushi/vec4 47, 0, 6;
    %store/vec4 v000001f870f5d5a0_0, 0, 6;
    %jmp T_2.99;
T_2.98 ;
    %load/vec4 v000001f870f5be80_0;
    %parti/s 1, 1, 2;
    %flag_set/vec4 8;
    %jmp/0xz  T_2.100, 8;
    %pushi/vec4 48, 0, 6;
    %store/vec4 v000001f870f5d5a0_0, 0, 6;
    %jmp T_2.101;
T_2.100 ;
    %load/vec4 v000001f870f5be80_0;
    %parti/s 1, 0, 2;
    %flag_set/vec4 8;
    %jmp/0xz  T_2.102, 8;
    %pushi/vec4 49, 0, 6;
    %store/vec4 v000001f870f5d5a0_0, 0, 6;
    %jmp T_2.103;
T_2.102 ;
    %pushi/vec4 49, 0, 6;
    %store/vec4 v000001f870f5d5a0_0, 0, 6;
T_2.103 ;
T_2.101 ;
T_2.99 ;
T_2.97 ;
T_2.95 ;
T_2.93 ;
T_2.91 ;
T_2.89 ;
T_2.87 ;
T_2.85 ;
T_2.83 ;
T_2.81 ;
T_2.79 ;
T_2.77 ;
T_2.75 ;
T_2.73 ;
T_2.71 ;
T_2.69 ;
T_2.67 ;
T_2.65 ;
T_2.63 ;
T_2.61 ;
T_2.59 ;
T_2.57 ;
T_2.55 ;
T_2.53 ;
T_2.51 ;
T_2.49 ;
T_2.47 ;
T_2.45 ;
T_2.43 ;
T_2.41 ;
T_2.39 ;
T_2.37 ;
T_2.35 ;
T_2.33 ;
T_2.31 ;
T_2.29 ;
T_2.27 ;
T_2.25 ;
T_2.23 ;
T_2.21 ;
T_2.19 ;
T_2.17 ;
T_2.15 ;
T_2.13 ;
T_2.11 ;
T_2.9 ;
T_2.7 ;
T_2.5 ;
    %load/vec4 v000001f870f5be80_0;
    %parti/s 50, 0, 2;
    %ix/getv 4, v000001f870f5d5a0_0;
    %shiftl 4;
    %store/vec4 v000001f870f5cd80_0, 0, 50;
T_2.3 ;
T_2.1 ;
    %jmp T_2;
    .thread T_2, $push;
    .scope S_000001f870eff2c0;
T_3 ;
    %wait E_000001f870f00710;
    %load/vec4 v000001f870f5d6e0_0;
    %flag_set/vec4 8;
    %jmp/0xz  T_3.0, 8;
    %pushi/vec4 0, 0, 9;
    %store/vec4 v000001f870eb79f0_0, 0, 9;
    %jmp T_3.1;
T_3.0 ;
    %load/vec4 v000001f870f5be80_0;
    %parti/s 1, 50, 7;
    %flag_set/vec4 8;
    %jmp/0xz  T_3.2, 8;
    %load/vec4 v000001f870eb6870_0;
    %pad/u 9;
    %addi 1, 0, 9;
    %store/vec4 v000001f870eb79f0_0, 0, 9;
    %jmp T_3.3;
T_3.2 ;
    %load/vec4 v000001f870eb6870_0;
    %pad/u 9;
    %load/vec4 v000001f870f5d5a0_0;
    %pad/u 9;
    %sub;
    %store/vec4 v000001f870eb79f0_0, 0, 9;
T_3.3 ;
T_3.1 ;
    %jmp T_3;
    .thread T_3, $push;
    .scope S_000001f870eff2c0;
T_4 ;
    %wait E_000001f870f01110;
    %load/vec4 v000001f870f5d6e0_0;
    %flag_set/vec4 8;
    %load/vec4 v000001f870f5cd80_0;
    %cmpi/e 0, 0, 50;
    %flag_or 4, 8;
    %jmp/0xz  T_4.0, 4;
    %pushi/vec4 0, 0, 32;
    %store/vec4 v000001f870f5cce0_0, 0, 32;
    %jmp T_4.1;
T_4.0 ;
    %load/vec4 v000001f870f5d280_0;
    %parti/s 1, 50, 7;
    %flag_set/vec4 8;
    %jmp/0xz  T_4.2, 8;
    %load/vec4 v000001f870f5d280_0;
    %parti/s 23, 27, 6;
    %store/vec4 v000001f870eb6c30_0, 0, 23;
    %load/vec4 v000001f870eb79f0_0;
    %addi 1, 0, 9;
    %store/vec4 v000001f870eb69b0_0, 0, 9;
    %jmp T_4.3;
T_4.2 ;
    %load/vec4 v000001f870f5d280_0;
    %parti/s 23, 26, 6;
    %store/vec4 v000001f870eb6c30_0, 0, 23;
    %load/vec4 v000001f870eb79f0_0;
    %store/vec4 v000001f870eb69b0_0, 0, 9;
T_4.3 ;
    %load/vec4 v000001f870eb69b0_0;
    %pad/s 32;
    %cmpi/s 255, 0, 32;
    %flag_inv 5; GE is !LT
    %jmp/0xz  T_4.4, 5;
    %load/vec4 v000001f870f5cba0_0;
    %concati/vec4 255, 0, 8;
    %concati/vec4 0, 0, 23;
    %store/vec4 v000001f870f5cce0_0, 0, 32;
    %jmp T_4.5;
T_4.4 ;
    %load/vec4 v000001f870eb69b0_0;
    %pad/s 32;
    %cmpi/s 0, 0, 32;
    %flag_or 5, 4;
    %jmp/0xz  T_4.6, 5;
    %load/vec4 v000001f870f5cba0_0;
    %concati/vec4 0, 0, 31;
    %store/vec4 v000001f870f5cce0_0, 0, 32;
    %jmp T_4.7;
T_4.6 ;
    %load/vec4 v000001f870f5cba0_0;
    %load/vec4 v000001f870eb69b0_0;
    %parti/s 8, 0, 2;
    %concat/vec4; draw_concat_vec4
    %load/vec4 v000001f870eb6c30_0;
    %concat/vec4; draw_concat_vec4
    %store/vec4 v000001f870f5cce0_0, 0, 32;
T_4.7 ;
T_4.5 ;
T_4.1 ;
    %jmp T_4;
    .thread T_4, $push;
    .scope S_000001f870eff130;
T_5 ;
    %pushi/vec4 1065353216, 0, 32;
    %store/vec4 v000001f870f5c7e0_0, 0, 32;
    %pushi/vec4 1065353216, 0, 32;
    %store/vec4 v000001f870f5ba20_0, 0, 32;
    %delay 10000, 0;
    %vpi_call 2 15 "$display", "1.0 + 1.0 = %h (expected 40000000)", v000001f870f5bd40_0 {0 0 0};
    %pushi/vec4 1065353216, 0, 32;
    %store/vec4 v000001f870f5c7e0_0, 0, 32;
    %pushi/vec4 0, 0, 32;
    %store/vec4 v000001f870f5ba20_0, 0, 32;
    %delay 10000, 0;
    %vpi_call 2 20 "$display", "1.0 + 0.0 = %h (expected 3F800000)", v000001f870f5bd40_0 {0 0 0};
    %pushi/vec4 1065353216, 0, 32;
    %store/vec4 v000001f870f5c7e0_0, 0, 32;
    %pushi/vec4 3212836864, 0, 32;
    %store/vec4 v000001f870f5ba20_0, 0, 32;
    %delay 10000, 0;
    %vpi_call 2 25 "$display", "1.0 + (-1.0) = %h (expected 00000000)", v000001f870f5bd40_0 {0 0 0};
    %pushi/vec4 1077936128, 0, 32;
    %store/vec4 v000001f870f5c7e0_0, 0, 32;
    %pushi/vec4 1082130432, 0, 32;
    %store/vec4 v000001f870f5ba20_0, 0, 32;
    %delay 10000, 0;
    %vpi_call 2 31 "$display", "3.0 + 4.0 = %h (expected 40E00000)", v000001f870f5bd40_0 {0 0 0};
    %pushi/vec4 1056964608, 0, 32;
    %store/vec4 v000001f870f5c7e0_0, 0, 32;
    %pushi/vec4 1048576000, 0, 32;
    %store/vec4 v000001f870f5ba20_0, 0, 32;
    %delay 10000, 0;
    %vpi_call 2 37 "$display", "0.5 + 0.25 = %h (expected 3F400000)", v000001f870f5bd40_0 {0 0 0};
    %pushi/vec4 1065353216, 0, 32;
    %store/vec4 v000001f870f5c7e0_0, 0, 32;
    %pushi/vec4 3204448256, 0, 32;
    %store/vec4 v000001f870f5ba20_0, 0, 32;
    %delay 10000, 0;
    %vpi_call 2 42 "$display", "1.0 - 0.5 = %h (expected 3F000000)", v000001f870f5bd40_0 {0 0 0};
    %pushi/vec4 3223322624, 0, 32;
    %store/vec4 v000001f870f5c7e0_0, 0, 32;
    %pushi/vec4 1069547520, 0, 32;
    %store/vec4 v000001f870f5ba20_0, 0, 32;
    %delay 10000, 0;
    %vpi_call 2 48 "$display", "-2.5 + 1.5 = %h (expected BF800000)", v000001f870f5bd40_0 {0 0 0};
    %vpi_call 2 50 "$finish" {0 0 0};
    %end;
    .thread T_5;
# The file index is used to find the file name in the following table.
:file_names 4;
    "N/A";
    "<interactive>";
    "tb_fp32_add.v";
    "fp32_add.v";
