#! /c/Source/iverilog-install/bin/vvp
:ivl_version "12.0 (devel)" "(s20150603-1110-g18392a46)";
:ivl_delay_selection "TYPICAL";
:vpi_time_precision - 12;
:vpi_module "C:\iverilog\lib\ivl\system.vpi";
:vpi_module "C:\iverilog\lib\ivl\vhdl_sys.vpi";
:vpi_module "C:\iverilog\lib\ivl\vhdl_textio.vpi";
:vpi_module "C:\iverilog\lib\ivl\v2005_math.vpi";
:vpi_module "C:\iverilog\lib\ivl\va_math.vpi";
S_000001fe408c2760 .scope module, "tb_fp32_mul" "tb_fp32_mul" 2 3;
 .timescale -9 -12;
v000001fe4092c450_0 .var "a", 31 0;
v000001fe4092c3b0_0 .var "b", 31 0;
v000001fe4092baf0_0 .net "out", 31 0, v000001fe4092d0d0_0;  1 drivers
S_000001fe408c28f0 .scope module, "DUT" "fp32_mul" 2 8, 3 3 0, S_000001fe408c2760;
 .timescale -9 -12;
    .port_info 0 /INPUT 32 "a";
    .port_info 1 /INPUT 32 "b";
    .port_info 2 /OUTPUT 32 "out";
L_000001fe408bc590 .functor XOR 1, L_000001fe4092bc30, L_000001fe4092cf90, C4<0>, C4<0>;
L_000001fe408bc050 .functor NOT 1, L_000001fe4092bf50, C4<0>, C4<0>, C4<0>;
L_000001fe408bb9c0 .functor NOT 1, L_000001fe4092c310, C4<0>, C4<0>, C4<0>;
L_000001fe4092d8d8 .functor BUFT 1, C4<00000000>, C4<0>, C4<0>, C4<0>;
v000001fe408b58b0_0 .net/2u *"_ivl_12", 7 0, L_000001fe4092d8d8;  1 drivers
L_000001fe4092d920 .functor BUFT 1, C4<00000000>, C4<0>, C4<0>, C4<0>;
v000001fe408b5950_0 .net/2u *"_ivl_16", 7 0, L_000001fe4092d920;  1 drivers
L_000001fe4092d968 .functor BUFT 1, C4<11111111>, C4<0>, C4<0>, C4<0>;
v000001fe408b4ff0_0 .net/2u *"_ivl_20", 7 0, L_000001fe4092d968;  1 drivers
L_000001fe4092d9b0 .functor BUFT 1, C4<11111111>, C4<0>, C4<0>, C4<0>;
v000001fe408b5270_0 .net/2u *"_ivl_24", 7 0, L_000001fe4092d9b0;  1 drivers
v000001fe408b5bd0_0 .net *"_ivl_30", 0 0, L_000001fe408bc050;  1 drivers
v000001fe408b5a90_0 .net *"_ivl_34", 0 0, L_000001fe408bb9c0;  1 drivers
v000001fe408b4cd0_0 .net *"_ivl_38", 47 0, L_000001fe4092d490;  1 drivers
L_000001fe4092d9f8 .functor BUFT 1, C4<000000000000000000000000>, C4<0>, C4<0>, C4<0>;
v000001fe4092c630_0 .net *"_ivl_41", 23 0, L_000001fe4092d9f8;  1 drivers
v000001fe4092d170_0 .net *"_ivl_42", 47 0, L_000001fe4092d5d0;  1 drivers
L_000001fe4092da40 .functor BUFT 1, C4<000000000000000000000000>, C4<0>, C4<0>, C4<0>;
v000001fe4092ca90_0 .net *"_ivl_45", 23 0, L_000001fe4092da40;  1 drivers
v000001fe4092c6d0_0 .net *"_ivl_48", 9 0, L_000001fe4092d7b0;  1 drivers
L_000001fe4092da88 .functor BUFT 1, C4<00>, C4<0>, C4<0>, C4<0>;
v000001fe4092c770_0 .net *"_ivl_51", 1 0, L_000001fe4092da88;  1 drivers
v000001fe4092c270_0 .net *"_ivl_52", 9 0, L_000001fe40977ee0;  1 drivers
L_000001fe4092dad0 .functor BUFT 1, C4<00>, C4<0>, C4<0>, C4<0>;
v000001fe4092d350_0 .net *"_ivl_55", 1 0, L_000001fe4092dad0;  1 drivers
v000001fe4092cd10_0 .net *"_ivl_56", 9 0, L_000001fe40977da0;  1 drivers
L_000001fe4092db18 .functor BUFT 1, C4<0001111111>, C4<0>, C4<0>, C4<0>;
v000001fe4092d530_0 .net/2u *"_ivl_58", 9 0, L_000001fe4092db18;  1 drivers
v000001fe4092cdb0_0 .net "a", 31 0, v000001fe4092c450_0;  1 drivers
v000001fe4092beb0_0 .net "b", 31 0, v000001fe4092c3b0_0;  1 drivers
v000001fe4092d3f0_0 .net "exp_a", 7 0, L_000001fe4092c950;  1 drivers
v000001fe4092b910_0 .net "exp_b", 7 0, L_000001fe4092bd70;  1 drivers
v000001fe4092bff0_0 .net/s "exp_calc", 9 0, L_000001fe409779e0;  1 drivers
v000001fe4092cb30_0 .var/s "exp_shift", 9 0;
v000001fe4092c090_0 .var/s "final_exp", 9 0;
v000001fe4092cc70_0 .net "frac_a", 22 0, L_000001fe4092d210;  1 drivers
v000001fe4092c590_0 .net "frac_b", 22 0, L_000001fe4092d030;  1 drivers
v000001fe4092c810_0 .var "frac_out", 22 0;
v000001fe4092c4f0_0 .net "inf_nan_a", 0 0, L_000001fe4092c9f0;  1 drivers
v000001fe4092c8b0_0 .net "inf_nan_b", 0 0, L_000001fe4092d670;  1 drivers
v000001fe4092ce50_0 .net "mant_a", 23 0, L_000001fe4092cbd0;  1 drivers
v000001fe4092cef0_0 .net "mant_b", 23 0, L_000001fe4092d2b0;  1 drivers
v000001fe4092d0d0_0 .var "out", 31 0;
v000001fe4092ba50_0 .net "prod", 47 0, L_000001fe4092d710;  1 drivers
v000001fe4092bb90_0 .var "shifted_prod", 47 0;
v000001fe4092c1d0_0 .net "sign_a", 0 0, L_000001fe4092bc30;  1 drivers
v000001fe4092b9b0_0 .net "sign_b", 0 0, L_000001fe4092cf90;  1 drivers
v000001fe4092c130_0 .net "sign_out", 0 0, L_000001fe408bc590;  1 drivers
v000001fe4092bcd0_0 .net "zero_a", 0 0, L_000001fe4092bf50;  1 drivers
v000001fe4092be10_0 .net "zero_b", 0 0, L_000001fe4092c310;  1 drivers
E_000001fe408bdb30/0 .event anyedge, v000001fe4092bcd0_0, v000001fe4092be10_0, v000001fe4092c130_0, v000001fe4092c4f0_0;
E_000001fe408bdb30/1 .event anyedge, v000001fe4092c8b0_0, v000001fe4092cc70_0, v000001fe4092c590_0, v000001fe4092ba50_0;
E_000001fe408bdb30/2 .event anyedge, v000001fe4092bff0_0, v000001fe4092bb90_0, v000001fe4092cb30_0, v000001fe4092c090_0;
E_000001fe408bdb30/3 .event anyedge, v000001fe4092c810_0;
E_000001fe408bdb30 .event/or E_000001fe408bdb30/0, E_000001fe408bdb30/1, E_000001fe408bdb30/2, E_000001fe408bdb30/3;
L_000001fe4092bc30 .part v000001fe4092c450_0, 31, 1;
L_000001fe4092cf90 .part v000001fe4092c3b0_0, 31, 1;
L_000001fe4092c950 .part v000001fe4092c450_0, 23, 8;
L_000001fe4092bd70 .part v000001fe4092c3b0_0, 23, 8;
L_000001fe4092d210 .part v000001fe4092c450_0, 0, 23;
L_000001fe4092d030 .part v000001fe4092c3b0_0, 0, 23;
L_000001fe4092bf50 .cmp/eq 8, L_000001fe4092c950, L_000001fe4092d8d8;
L_000001fe4092c310 .cmp/eq 8, L_000001fe4092bd70, L_000001fe4092d920;
L_000001fe4092c9f0 .cmp/eq 8, L_000001fe4092c950, L_000001fe4092d968;
L_000001fe4092d670 .cmp/eq 8, L_000001fe4092bd70, L_000001fe4092d9b0;
L_000001fe4092cbd0 .concat [ 23 1 0 0], L_000001fe4092d210, L_000001fe408bc050;
L_000001fe4092d2b0 .concat [ 23 1 0 0], L_000001fe4092d030, L_000001fe408bb9c0;
L_000001fe4092d490 .concat [ 24 24 0 0], L_000001fe4092cbd0, L_000001fe4092d9f8;
L_000001fe4092d5d0 .concat [ 24 24 0 0], L_000001fe4092d2b0, L_000001fe4092da40;
L_000001fe4092d710 .arith/mult 48, L_000001fe4092d490, L_000001fe4092d5d0;
L_000001fe4092d7b0 .concat [ 8 2 0 0], L_000001fe4092c950, L_000001fe4092da88;
L_000001fe40977ee0 .concat [ 8 2 0 0], L_000001fe4092bd70, L_000001fe4092dad0;
L_000001fe40977da0 .arith/sum 10, L_000001fe4092d7b0, L_000001fe40977ee0;
L_000001fe409779e0 .arith/sub 10, L_000001fe40977da0, L_000001fe4092db18;
    .scope S_000001fe408c28f0;
T_0 ;
    %wait E_000001fe408bdb30;
    %load/vec4 v000001fe4092bcd0_0;
    %flag_set/vec4 8;
    %load/vec4 v000001fe4092be10_0;
    %flag_set/vec4 9;
    %flag_or 9, 8;
    %jmp/0xz  T_0.0, 9;
    %load/vec4 v000001fe4092c130_0;
    %concati/vec4 0, 0, 31;
    %store/vec4 v000001fe4092d0d0_0, 0, 32;
    %jmp T_0.1;
T_0.0 ;
    %load/vec4 v000001fe4092c4f0_0;
    %flag_set/vec4 8;
    %load/vec4 v000001fe4092c8b0_0;
    %flag_set/vec4 9;
    %flag_or 9, 8;
    %jmp/0xz  T_0.2, 9;
    %load/vec4 v000001fe4092c4f0_0;
    %load/vec4 v000001fe4092be10_0;
    %and;
    %flag_set/vec4 8;
    %load/vec4 v000001fe4092c8b0_0;
    %load/vec4 v000001fe4092bcd0_0;
    %and;
    %flag_set/vec4 9;
    %flag_or 9, 8;
    %jmp/0xz  T_0.4, 9;
    %load/vec4 v000001fe4092c130_0;
    %concati/vec4 255, 0, 8;
    %concati/vec4 4194304, 0, 23;
    %store/vec4 v000001fe4092d0d0_0, 0, 32;
    %jmp T_0.5;
T_0.4 ;
    %load/vec4 v000001fe4092cc70_0;
    %cmpi/ne 0, 0, 23;
    %flag_mov 8, 4;
    %load/vec4 v000001fe4092c590_0;
    %cmpi/ne 0, 0, 23;
    %flag_or 4, 8;
    %jmp/0xz  T_0.6, 4;
    %load/vec4 v000001fe4092c130_0;
    %concati/vec4 255, 0, 8;
    %concati/vec4 4194304, 0, 23;
    %store/vec4 v000001fe4092d0d0_0, 0, 32;
    %jmp T_0.7;
T_0.6 ;
    %load/vec4 v000001fe4092c130_0;
    %concati/vec4 255, 0, 8;
    %concati/vec4 0, 0, 23;
    %store/vec4 v000001fe4092d0d0_0, 0, 32;
T_0.7 ;
T_0.5 ;
    %jmp T_0.3;
T_0.2 ;
    %load/vec4 v000001fe4092ba50_0;
    %parti/s 1, 47, 7;
    %flag_set/vec4 8;
    %jmp/0xz  T_0.8, 8;
    %load/vec4 v000001fe4092ba50_0;
    %store/vec4 v000001fe4092bb90_0, 0, 48;
    %load/vec4 v000001fe4092bff0_0;
    %addi 1, 0, 10;
    %store/vec4 v000001fe4092cb30_0, 0, 10;
    %jmp T_0.9;
T_0.8 ;
    %load/vec4 v000001fe4092ba50_0;
    %ix/load 4, 1, 0;
    %flag_set/imm 4, 0;
    %shiftl 4;
    %store/vec4 v000001fe4092bb90_0, 0, 48;
    %load/vec4 v000001fe4092bff0_0;
    %store/vec4 v000001fe4092cb30_0, 0, 10;
T_0.9 ;
    %load/vec4 v000001fe4092bb90_0;
    %parti/s 1, 23, 6;
    %load/vec4 v000001fe4092bb90_0;
    %parti/s 1, 24, 6;
    %load/vec4 v000001fe4092bb90_0;
    %parti/s 23, 0, 2;
    %or/r;
    %or;
    %and;
    %flag_set/vec4 8;
    %jmp/0xz  T_0.10, 8;
    %load/vec4 v000001fe4092bb90_0;
    %parti/s 24, 24, 6;
    %cmpi/e 16777215, 0, 24;
    %jmp/0xz  T_0.12, 4;
    %pushi/vec4 0, 0, 23;
    %store/vec4 v000001fe4092c810_0, 0, 23;
    %load/vec4 v000001fe4092cb30_0;
    %addi 1, 0, 10;
    %store/vec4 v000001fe4092c090_0, 0, 10;
    %jmp T_0.13;
T_0.12 ;
    %load/vec4 v000001fe4092bb90_0;
    %parti/s 23, 24, 6;
    %addi 1, 0, 23;
    %store/vec4 v000001fe4092c810_0, 0, 23;
    %load/vec4 v000001fe4092cb30_0;
    %store/vec4 v000001fe4092c090_0, 0, 10;
T_0.13 ;
    %jmp T_0.11;
T_0.10 ;
    %load/vec4 v000001fe4092bb90_0;
    %parti/s 23, 24, 6;
    %store/vec4 v000001fe4092c810_0, 0, 23;
    %load/vec4 v000001fe4092cb30_0;
    %store/vec4 v000001fe4092c090_0, 0, 10;
T_0.11 ;
    %load/vec4 v000001fe4092c090_0;
    %pad/s 32;
    %cmpi/s 255, 0, 32;
    %flag_inv 5; GE is !LT
    %jmp/0xz  T_0.14, 5;
    %load/vec4 v000001fe4092c130_0;
    %concati/vec4 255, 0, 8;
    %concati/vec4 0, 0, 23;
    %store/vec4 v000001fe4092d0d0_0, 0, 32;
    %jmp T_0.15;
T_0.14 ;
    %load/vec4 v000001fe4092c090_0;
    %pad/s 32;
    %cmpi/s 0, 0, 32;
    %flag_or 5, 4;
    %jmp/0xz  T_0.16, 5;
    %load/vec4 v000001fe4092c130_0;
    %concati/vec4 0, 0, 31;
    %store/vec4 v000001fe4092d0d0_0, 0, 32;
    %jmp T_0.17;
T_0.16 ;
    %load/vec4 v000001fe4092c130_0;
    %load/vec4 v000001fe4092c090_0;
    %parti/s 8, 0, 2;
    %concat/vec4; draw_concat_vec4
    %load/vec4 v000001fe4092c810_0;
    %concat/vec4; draw_concat_vec4
    %store/vec4 v000001fe4092d0d0_0, 0, 32;
T_0.17 ;
T_0.15 ;
T_0.3 ;
T_0.1 ;
    %jmp T_0;
    .thread T_0, $push;
    .scope S_000001fe408c2760;
T_1 ;
    %pushi/vec4 1073741824, 0, 32;
    %store/vec4 v000001fe4092c450_0, 0, 32;
    %pushi/vec4 1077936128, 0, 32;
    %store/vec4 v000001fe4092c3b0_0, 0, 32;
    %delay 10000, 0;
    %vpi_call 2 15 "$display", "2.0 * 3.0 = %h (expected 40C00000)", v000001fe4092baf0_0 {0 0 0};
    %pushi/vec4 1065353216, 0, 32;
    %store/vec4 v000001fe4092c450_0, 0, 32;
    %pushi/vec4 1065353216, 0, 32;
    %store/vec4 v000001fe4092c3b0_0, 0, 32;
    %delay 10000, 0;
    %vpi_call 2 20 "$display", "1.0 * 1.0 = %h (expected 3F800000)", v000001fe4092baf0_0 {0 0 0};
    %pushi/vec4 3212836864, 0, 32;
    %store/vec4 v000001fe4092c450_0, 0, 32;
    %pushi/vec4 1073741824, 0, 32;
    %store/vec4 v000001fe4092c3b0_0, 0, 32;
    %delay 10000, 0;
    %vpi_call 2 25 "$display", "-1.0 * 2.0 = %h (expected C0000000)", v000001fe4092baf0_0 {0 0 0};
    %pushi/vec4 1056964608, 0, 32;
    %store/vec4 v000001fe4092c450_0, 0, 32;
    %pushi/vec4 1056964608, 0, 32;
    %store/vec4 v000001fe4092c3b0_0, 0, 32;
    %delay 10000, 0;
    %vpi_call 2 31 "$display", "0.5 * 0.5 = %h (expected 3E800000)", v000001fe4092baf0_0 {0 0 0};
    %pushi/vec4 1069547520, 0, 32;
    %store/vec4 v000001fe4092c450_0, 0, 32;
    %pushi/vec4 1075838976, 0, 32;
    %store/vec4 v000001fe4092c3b0_0, 0, 32;
    %delay 10000, 0;
    %vpi_call 2 37 "$display", "1.5 * 2.5 = %h (expected 40700000)", v000001fe4092baf0_0 {0 0 0};
    %pushi/vec4 1060439283, 0, 32;
    %store/vec4 v000001fe4092c450_0, 0, 32;
    %pushi/vec4 1060439283, 0, 32;
    %store/vec4 v000001fe4092c3b0_0, 0, 32;
    %delay 10000, 0;
    %vpi_call 2 43 "$display", "0.707107^2 = %h (expected ~3F000000)", v000001fe4092baf0_0 {0 0 0};
    %pushi/vec4 0, 0, 32;
    %store/vec4 v000001fe4092c450_0, 0, 32;
    %pushi/vec4 1084227584, 0, 32;
    %store/vec4 v000001fe4092c3b0_0, 0, 32;
    %delay 10000, 0;
    %vpi_call 2 48 "$display", "0 * 5.0 = %h (expected 00000000)", v000001fe4092baf0_0 {0 0 0};
    %vpi_call 2 50 "$finish" {0 0 0};
    %end;
    .thread T_1;
# The file index is used to find the file name in the following table.
:file_names 4;
    "N/A";
    "<interactive>";
    "tb_fp32_mul.v";
    "fp32_mul.v";
