Copyright 1986-2022 Xilinx, Inc. All Rights Reserved. Copyright 2022-2025 Advanced Micro Devices, Inc. All Rights Reserved.
--------------------------------------------------------------------------------------------------------------------------------------------------
| Tool Version      : Vivado v.2025.2 (win64) Build 6299465 Fri Nov 14 19:35:11 GMT 2025
| Date              : Fri Jun 12 03:01:50 2026
| Host              : LAPTOP-MHFLAL5K running 64-bit major release  (build 9200)
| Command           : report_timing_summary -file C:/SRIP/reports2/timing_summary_P8E1.rpt
| Design            : fft16_top_fused
| Device            : xczu5ev-sfvc784
| Speed File        : -3  PRODUCTION 1.30 05-15-2022
| Design State      : Routed
| Temperature Grade : E
--------------------------------------------------------------------------------------------------------------------------------------------------

Timing Summary Report

------------------------------------------------------------------------------------------------
| Timer Settings
| --------------
------------------------------------------------------------------------------------------------

  Enable Multi Corner Analysis               :  Yes
  Enable Pessimism Removal                   :  Yes
  Pessimism Removal Resolution               :  Nearest Common Node
  Enable Input Delay Default Clock           :  No
  Enable Preset / Clear Arcs                 :  No
  Disable Flight Delays                      :  No
  Ignore I/O Paths                           :  No
  Timing Early Launch at Borrowing Latches   :  No
  Borrow Time for Max Delay Exceptions       :  Yes
  Merge Timing Exceptions                    :  Yes
  Inter-SLR Compensation                     :  Conservative

  Corner  Analyze    Analyze    
  Name    Max Paths  Min Paths  
  ------  ---------  ---------  
  Slow    Yes        Yes        
  Fast    Yes        Yes        


------------------------------------------------------------------------------------------------
| Report Methodology
| ------------------
------------------------------------------------------------------------------------------------

Rule       Severity  Description                                 Violations  
---------  --------  ------------------------------------------  ----------  
SYNTH-6    Warning   Timing of a RAM block might be sub-optimal  2           
TIMING-18  Warning   Missing input or output delay               56          

Note: This report is based on the most recent report_methodology run and may not be up-to-date. Run report_methodology on the current design for the latest report.



check_timing report

Table of Contents
-----------------
1. checking no_clock (0)
2. checking constant_clock (0)
3. checking pulse_width_clock (0)
4. checking unconstrained_internal_endpoints (0)
5. checking no_input_delay (40)
6. checking no_output_delay (17)
7. checking multiple_clock (0)
8. checking generated_clocks (0)
9. checking loops (0)
10. checking partial_input_delay (0)
11. checking partial_output_delay (0)
12. checking latch_loops (0)

1. checking no_clock (0)
------------------------
 There are 0 register/latch pins with no clock.


2. checking constant_clock (0)
------------------------------
 There are 0 register/latch pins with constant_clock.


3. checking pulse_width_clock (0)
---------------------------------
 There are 0 register/latch pins which need pulse_width check


4. checking unconstrained_internal_endpoints (0)
------------------------------------------------
 There are 0 pins that are not constrained for maximum delay.

 There are 0 pins that are not constrained for maximum delay due to constant clock.


5. checking no_input_delay (40)
-------------------------------
 There are 39 input ports with no input delay specified. (HIGH)

 There is 1 input port with no input delay but user has a false path constraint. (MEDIUM)


6. checking no_output_delay (17)
--------------------------------
 There are 17 ports with no output delay specified. (HIGH)

 There are 0 ports with no output delay but user has a false path constraint

 There are 0 ports with no output delay but with a timing clock defined on it or propagating through it


7. checking multiple_clock (0)
------------------------------
 There are 0 register/latch pins with multiple clocks.


8. checking generated_clocks (0)
--------------------------------
 There are 0 generated clocks that are not connected to a clock source.


9. checking loops (0)
---------------------
 There are 0 combinational loops in the design.


10. checking partial_input_delay (0)
------------------------------------
 There are 0 input ports with partial input delay specified.


11. checking partial_output_delay (0)
-------------------------------------
 There are 0 ports with partial output delay specified.


12. checking latch_loops (0)
----------------------------
 There are 0 combinational latch loops in the design through latch input



------------------------------------------------------------------------------------------------
| Design Timing Summary
| ---------------------
------------------------------------------------------------------------------------------------

    WNS(ns)      TNS(ns)  TNS Failing Endpoints  TNS Total Endpoints      WHS(ns)      THS(ns)  THS Failing Endpoints  THS Total Endpoints     WPWS(ns)     TPWS(ns)  TPWS Failing Endpoints  TPWS Total Endpoints  
    -------      -------  ---------------------  -------------------      -------      -------  ---------------------  -------------------     --------     --------  ----------------------  --------------------  
     82.977        0.000                      0                  333        0.057        0.000                      0                  333        4.505        0.000                       0                   132  


All user specified timing constraints are met.


------------------------------------------------------------------------------------------------
| Clock Summary
| -------------
------------------------------------------------------------------------------------------------

Clock    Waveform(ns)         Period(ns)      Frequency(MHz)
-----    ------------         ----------      --------------
sys_clk  {0.000 5.000}        100.000         10.000          


------------------------------------------------------------------------------------------------
| Intra Clock Table
| -----------------
------------------------------------------------------------------------------------------------

Clock             WNS(ns)      TNS(ns)  TNS Failing Endpoints  TNS Total Endpoints      WHS(ns)      THS(ns)  THS Failing Endpoints  THS Total Endpoints     WPWS(ns)     TPWS(ns)  TPWS Failing Endpoints  TPWS Total Endpoints  
-----             -------      -------  ---------------------  -------------------      -------      -------  ---------------------  -------------------     --------     --------  ----------------------  --------------------  
sys_clk            82.977        0.000                      0                  333        0.057        0.000                      0                  333        4.505        0.000                       0                   132  


------------------------------------------------------------------------------------------------
| Inter Clock Table
| -----------------
------------------------------------------------------------------------------------------------

From Clock    To Clock          WNS(ns)      TNS(ns)  TNS Failing Endpoints  TNS Total Endpoints      WHS(ns)      THS(ns)  THS Failing Endpoints  THS Total Endpoints  
----------    --------          -------      -------  ---------------------  -------------------      -------      -------  ---------------------  -------------------  


------------------------------------------------------------------------------------------------
| Other Path Groups Table
| -----------------------
------------------------------------------------------------------------------------------------

Path Group    From Clock    To Clock          WNS(ns)      TNS(ns)  TNS Failing Endpoints  TNS Total Endpoints      WHS(ns)      THS(ns)  THS Failing Endpoints  THS Total Endpoints  
----------    ----------    --------          -------      -------  ---------------------  -------------------      -------      -------  ---------------------  -------------------  


------------------------------------------------------------------------------------------------
| Timing Details
| --------------
------------------------------------------------------------------------------------------------


---------------------------------------------------------------------------------------------------
From Clock:  sys_clk
  To Clock:  sys_clk

Setup :            0  Failing Endpoints,  Worst Slack       82.977ns,  Total Violation        0.000ns
Hold  :            0  Failing Endpoints,  Worst Slack        0.057ns,  Total Violation        0.000ns
PW    :            0  Failing Endpoints,  Worst Slack        4.505ns,  Total Violation        0.000ns
---------------------------------------------------------------------------------------------------


Max Delay Paths
--------------------------------------------------------------------------------------
Slack (MET) :             82.977ns  (required time - arrival time)
  Source:                 tw_addr_r_reg_rep[6]/C
                            (rising edge-triggered cell FDCE clocked by sys_clk  {rise@0.000ns fall@5.000ns period=100.000ns})
  Destination:            y0i_r_reg[0]/D
                            (rising edge-triggered cell FDCE clocked by sys_clk  {rise@0.000ns fall@5.000ns period=100.000ns})
  Path Group:             sys_clk
  Path Type:              Setup (Max at Slow Process Corner)
  Requirement:            100.000ns  (sys_clk rise@100.000ns - sys_clk rise@0.000ns)
  Data Path Delay:        16.922ns  (logic 4.936ns (29.169%)  route 11.986ns (70.831%))
  Logic Levels:           49  (CARRY8=4 LUT2=3 LUT3=6 LUT4=8 LUT5=7 LUT6=20 MUXF7=1)
  Clock Path Skew:        -0.089ns (DCD - SCD + CPR)
    Destination Clock Delay (DCD):    1.117ns = ( 101.117 - 100.000 ) 
    Source Clock Delay      (SCD):    1.466ns
    Clock Pessimism Removal (CPR):    0.260ns
  Clock Uncertainty:      0.035ns  ((TSJ^2 + TIJ^2)^1/2 + DJ) / 2 + PE
    Total System Jitter     (TSJ):    0.071ns
    Total Input Jitter      (TIJ):    0.000ns
    Discrete Jitter          (DJ):    0.000ns
    Phase Error              (PE):    0.000ns
  Clock Net Delay (Source):      0.666ns (routing 0.001ns, distribution 0.665ns)
  Clock Net Delay (Destination): 0.560ns (routing 0.001ns, distribution 0.559ns)

    Location             Delay type                Incr(ns)  Path(ns)    Netlist Resource(s)
  -------------------------------------------------------------------    -------------------
                         (clock sys_clk rise edge)    0.000     0.000 r  
    E5                                                0.000     0.000 r  clk (IN)
                         net (fo=0)                   0.000     0.000    clk_IBUF_inst/I
    E5                   INBUF (Prop_INBUF_HPIOB_M_PAD_O)
                                                      0.458     0.458 r  clk_IBUF_inst/INBUF_INST/O
                         net (fo=1, routed)           0.000     0.458    clk_IBUF_inst/OUT
    E5                   IBUFCTRL (Prop_IBUFCTRL_HPIOB_M_I_O)
                                                      0.000     0.458 r  clk_IBUF_inst/IBUFCTRL_INST/O
                         net (fo=1, routed)           0.314     0.772    clk_IBUF
    BUFGCE_X0Y90         BUFGCE (Prop_BUFCE_BUFGCE_I_O)
                                                      0.028     0.800 r  clk_IBUF_BUFG_inst/O
    X1Y3 (CLOCK_ROOT)    net (fo=131, routed)         0.666     1.466    clk_IBUF_BUFG
    SLICE_X25Y189        FDCE                                         r  tw_addr_r_reg_rep[6]/C
  -------------------------------------------------------------------    -------------------
    SLICE_X25Y189        FDCE (Prop_EFF_SLICEM_C_Q)
                                                      0.066     1.532 r  tw_addr_r_reg_rep[6]/Q
                         net (fo=21, routed)          0.792     2.324    TW/y0r_r[7]_i_466_0[6]
    SLICE_X28Y187        MUXF7 (Prop_F7MUX_GH_SLICEM_S_O)
                                                      0.067     2.391 r  TW/y0r_r_reg[7]_i_168/O
                         net (fo=1, routed)           0.190     2.581    TW/y0r_r_reg[7]_i_168_n_0
    SLICE_X27Y187        LUT6 (Prop_G6LUT_SLICEL_I3_O)
                                                      0.134     2.715 r  TW/y0r_r[7]_i_68/O
                         net (fo=14, routed)          0.166     2.881    TW/wr[1]
    SLICE_X27Y190        LUT4 (Prop_B5LUT_SLICEL_I2_O)
                                                      0.126     3.007 f  TW/y0r_r[7]_i_569/O
                         net (fo=5, routed)           0.309     3.316    TW/y0r_r[7]_i_569_n_0
    SLICE_X27Y190        LUT6 (Prop_G6LUT_SLICEL_I0_O)
                                                      0.031     3.347 f  TW/y0i_r[7]_i_477/O
                         net (fo=1, routed)           0.041     3.388    TW/y0i_r[7]_i_477_n_0
    SLICE_X27Y190        LUT5 (Prop_F6LUT_SLICEL_I4_O)
                                                      0.088     3.476 f  TW/y0i_r[7]_i_416/O
                         net (fo=19, routed)          0.421     3.897    TW/BF/f_wr[4]
    SLICE_X28Y196        LUT2 (Prop_B6LUT_SLICEM_I1_O)
                                                      0.114     4.011 r  TW/y0i_r[7]_i_424/O
                         net (fo=3, routed)           0.096     4.107    TW/y0i_r[7]_i_424_n_0
    SLICE_X28Y196        LUT5 (Prop_D5LUT_SLICEM_I4_O)
                                                      0.061     4.168 r  TW/y0i_r[7]_i_414/O
                         net (fo=2, routed)           0.267     4.435    TW/y0i_r[7]_i_414_n_0
    SLICE_X28Y196        LUT3 (Prop_F6LUT_SLICEM_I0_O)
                                                      0.031     4.466 r  TW/y0i_r[7]_i_285/O
                         net (fo=1, routed)           0.303     4.769    TW/y0i_r[7]_i_285_n_0
    SLICE_X27Y196        CARRY8 (Prop_CARRY8_SLICEL_DI[5]_CO[7])
                                                      0.064     4.833 r  TW/y0i_r_reg[7]_i_140/CO[7]
                         net (fo=1, routed)           0.023     4.856    TW/y0i_r_reg[7]_i_140_n_0
    SLICE_X27Y197        CARRY8 (Prop_CARRY8_SLICEL_CI_CO[0])
                                                      0.046     4.902 r  TW/y0i_r_reg[7]_i_142/CO[0]
                         net (fo=9, routed)           0.191     5.093    TW/BF/M4/data3[11]
    SLICE_X27Y202        LUT5 (Prop_G6LUT_SLICEL_I0_O)
                                                      0.082     5.175 r  TW/y0i_r[7]_i_338/O
                         net (fo=7, routed)           0.089     5.264    TW/y0i_r[7]_i_338_n_0
    SLICE_X27Y201        LUT5 (Prop_G6LUT_SLICEL_I2_O)
                                                      0.047     5.311 r  TW/y0i_r[7]_i_238/O
                         net (fo=5, routed)           0.221     5.532    TW/y0i_r[7]_i_238_n_0
    SLICE_X28Y207        LUT4 (Prop_B5LUT_SLICEM_I2_O)
                                                      0.126     5.658 f  TW/y0i_r[7]_i_372/O
                         net (fo=4, routed)           0.138     5.796    TW/BF/scm4[4]
    SLICE_X28Y208        LUT4 (Prop_A5LUT_SLICEM_I1_O)
                                                      0.146     5.942 r  TW/y0i_r[7]_i_230/O
                         net (fo=1, routed)           0.188     6.130    TW/y0i_r[7]_i_230_n_0
    SLICE_X27Y208        CARRY8 (Prop_CARRY8_SLICEL_DI[2]_CO[3])
                                                      0.113     6.243 r  TW/y0i_r_reg[7]_i_115/CO[3]
                         net (fo=1, routed)           0.250     6.493    TW/BF/ADD_Ti/sign_l20_in
    SLICE_X27Y208        LUT6 (Prop_G6LUT_SLICEL_I0_O)
                                                      0.114     6.607 r  TW/y0i_r[7]_i_48/O
                         net (fo=34, routed)          0.202     6.808    TW/y0i_r[7]_i_48_n_0
    SLICE_X28Y207        LUT3 (Prop_D5LUT_SLICEM_I0_O)
                                                      0.061     6.869 r  TW/y0i_r[7]_i_310/O
                         net (fo=1, routed)           0.280     7.149    TW/y0i_r[7]_i_310_n_0
    SLICE_X28Y208        LUT6 (Prop_G6LUT_SLICEM_I0_O)
                                                      0.135     7.284 r  TW/y0i_r[7]_i_152/O
                         net (fo=1, routed)           0.043     7.327    TW/y0i_r[7]_i_152_n_0
    SLICE_X28Y208        LUT5 (Prop_F6LUT_SLICEM_I3_O)
                                                      0.088     7.415 r  TW/y0i_r[7]_i_58/O
                         net (fo=13, routed)          0.391     7.807    TW/y0i_r[7]_i_58_n_0
    SLICE_X26Y205        LUT6 (Prop_A6LUT_SLICEL_I3_O)
                                                      0.135     7.942 r  TW/y0i_r[7]_i_62/O
                         net (fo=10, routed)          0.312     8.253    TW/y0i_r[7]_i_62_n_0
    SLICE_X26Y208        LUT6 (Prop_H6LUT_SLICEL_I0_O)
                                                      0.114     8.367 f  TW/y0i_r[7]_i_187/O
                         net (fo=6, routed)           0.448     8.815    TW/y0i_r[7]_i_187_n_0
    SLICE_X24Y209        LUT2 (Prop_H6LUT_SLICEM_I0_O)
                                                      0.138     8.953 f  TW/y0i_r[7]_i_361/O
                         net (fo=2, routed)           0.194     9.147    TW/y0i_r[7]_i_361_n_0
    SLICE_X25Y209        LUT6 (Prop_C6LUT_SLICEM_I3_O)
                                                      0.133     9.280 f  TW/y0i_r[7]_i_208/O
                         net (fo=5, routed)           0.277     9.557    TW/y0i_r[7]_i_208_n_0
    SLICE_X27Y209        LUT4 (Prop_D5LUT_SLICEL_I2_O)
                                                      0.120     9.677 r  TW/y0i_r[7]_i_334/O
                         net (fo=7, routed)           0.306     9.983    TW/y0i_r[7]_i_334_n_0
    SLICE_X28Y210        LUT6 (Prop_H6LUT_SLICEM_I2_O)
                                                      0.138    10.121 r  TW/y0i_r[7]_i_184/O
                         net (fo=16, routed)          0.194    10.316    TW/y0i_r[7]_i_184_n_0
    SLICE_X28Y209        LUT3 (Prop_D6LUT_SLICEM_I1_O)
                                                      0.133    10.449 r  TW/y0i_r[7]_i_189/O
                         net (fo=7, routed)           0.386    10.835    TW/y0i_r[7]_i_189_n_0
    SLICE_X26Y210        LUT6 (Prop_E6LUT_SLICEL_I5_O)
                                                      0.134    10.969 r  TW/y0i_r[7]_i_82/O
                         net (fo=2, routed)           0.094    11.063    TW/y0i_r[7]_i_82_n_0
    SLICE_X26Y210        LUT6 (Prop_G6LUT_SLICEL_I2_O)
                                                      0.089    11.152 r  TW/y0i_r[7]_i_34/O
                         net (fo=14, routed)          0.582    11.733    TW/BF/m_ti[5]
    SLICE_X26Y222        LUT4 (Prop_B6LUT_SLICEL_I1_O)
                                                      0.082    11.815 r  TW/y0i_r[7]_i_276/O
                         net (fo=1, routed)           0.012    11.827    TW/y0i_r[7]_i_276_n_0
    SLICE_X26Y222        CARRY8 (Prop_CARRY8_SLICEL_S[1]_CO[2])
                                                      0.084    11.911 r  TW/y0i_r_reg[7]_i_136/CO[2]
                         net (fo=2, routed)           0.136    12.047    TW/BF/ADD_y0i/sign_l3
    SLICE_X26Y221        LUT6 (Prop_B6LUT_SLICEL_I3_O)
                                                      0.135    12.182 r  TW/y0i_r[7]_i_53/O
                         net (fo=7, routed)           0.315    12.498    TW/y0i_r[7]_i_53_n_0
    SLICE_X28Y221        LUT3 (Prop_H5LUT_SLICEM_I2_O)
                                                      0.060    12.558 r  TW/y0i_r[7]_i_21/O
                         net (fo=34, routed)          0.406    12.964    TW/y0i_r[7]_i_21_n_0
    SLICE_X28Y217        LUT6 (Prop_H6LUT_SLICEM_I3_O)
                                                      0.090    13.054 r  TW/y0i_r[7]_i_92/O
                         net (fo=3, routed)           0.248    13.302    TW/y0i_r[7]_i_92_n_0
    SLICE_X27Y220        LUT6 (Prop_B6LUT_SLICEL_I0_O)
                                                      0.114    13.416 f  TW/y0i_r[7]_i_40/O
                         net (fo=6, routed)           0.211    13.627    TW/y0i_r[7]_i_40_n_0
    SLICE_X27Y220        LUT2 (Prop_C5LUT_SLICEL_I0_O)
                                                      0.088    13.715 f  TW/y0i_r[1]_i_51/O
                         net (fo=1, routed)           0.221    13.936    TW/y0i_r[1]_i_51_n_0
    SLICE_X27Y220        LUT6 (Prop_H6LUT_SLICEL_I2_O)
                                                      0.135    14.071 r  TW/y0i_r[1]_i_34/O
                         net (fo=1, routed)           0.132    14.203    TW/y0i_r[1]_i_34_n_0
    SLICE_X28Y219        LUT6 (Prop_H6LUT_SLICEM_I2_O)
                                                      0.032    14.235 r  TW/y0i_r[1]_i_17/O
                         net (fo=18, routed)          0.354    14.589    TW/y0i_r[1]_i_17_n_0
    SLICE_X25Y219        LUT4 (Prop_D5LUT_SLICEM_I2_O)
                                                      0.119    14.708 f  TW/y0i_r[6]_i_46/O
                         net (fo=5, routed)           0.205    14.913    TW/y0i_r[6]_i_46_n_0
    SLICE_X24Y218        LUT5 (Prop_D5LUT_SLICEM_I4_O)
                                                      0.119    15.032 f  TW/y0i_r[6]_i_28/O
                         net (fo=6, routed)           0.364    15.396    TW/y0i_r[6]_i_28_n_0
    SLICE_X25Y216        LUT4 (Prop_C6LUT_SLICEM_I3_O)
                                                      0.081    15.477 r  TW/y0i_r[1]_i_40/O
                         net (fo=6, routed)           0.144    15.621    TW/y0i_r[1]_i_40_n_0
    SLICE_X25Y216        LUT6 (Prop_F6LUT_SLICEM_I2_O)
                                                      0.081    15.702 r  TW/y0i_r[6]_i_27/O
                         net (fo=12, routed)          0.206    15.908    TW/y0i_r[6]_i_27_n_0
    SLICE_X24Y217        LUT6 (Prop_F6LUT_SLICEM_I2_O)
                                                      0.081    15.989 r  TW/y0i_r[6]_i_18/O
                         net (fo=2, routed)           0.191    16.180    TW/y0i_r[6]_i_18_n_0
    SLICE_X26Y216        LUT6 (Prop_H6LUT_SLICEL_I3_O)
                                                      0.114    16.294 r  TW/y0i_r[6]_i_10/O
                         net (fo=12, routed)          0.277    16.571    TW/BF/sc_y0i[6]
    SLICE_X25Y215        LUT6 (Prop_H6LUT_SLICEM_I0_O)
                                                      0.138    16.709 r  TW/y0i_r[1]_i_2/O
                         net (fo=6, routed)           0.169    16.877    TW/y0i_r[1]_i_2_n_0
    SLICE_X25Y214        LUT4 (Prop_D6LUT_SLICEM_I3_O)
                                                      0.133    17.010 r  TW/y0i_r[4]_i_16/O
                         net (fo=5, routed)           0.221    17.231    TW/y0i_r[4]_i_16_n_0
    SLICE_X24Y217        LUT6 (Prop_C6LUT_SLICEM_I0_O)
                                                      0.133    17.364 r  TW/y0i_r[6]_i_23/O
                         net (fo=1, routed)           0.040    17.404    TW/y0i_r[6]_i_23_n_0
    SLICE_X24Y217        LUT5 (Prop_A6LUT_SLICEM_I4_O)
                                                      0.083    17.487 r  TW/y0i_r[6]_i_11/O
                         net (fo=9, routed)           0.222    17.710    TW/y0i_r[6]_i_11_n_0
    SLICE_X24Y214        LUT3 (Prop_C6LUT_SLICEM_I0_O)
                                                      0.113    17.823 r  TW/y0i_r[1]_i_3/O
                         net (fo=2, routed)           0.175    17.998    TW/y0i_r[1]_i_3_n_0
    SLICE_X24Y214        LUT3 (Prop_D6LUT_SLICEM_I1_O)
                                                      0.047    18.045 r  TW/y0i_r[0]_i_1/O
                         net (fo=1, routed)           0.343    18.388    y0i[0]
    SLICE_X23Y197        FDCE                                         r  y0i_r_reg[0]/D
  -------------------------------------------------------------------    -------------------

                         (clock sys_clk rise edge)  100.000   100.000 r  
    E5                                                0.000   100.000 r  clk (IN)
                         net (fo=0)                   0.000   100.000    clk_IBUF_inst/I
    E5                   INBUF (Prop_INBUF_HPIOB_M_PAD_O)
                                                      0.255   100.255 r  clk_IBUF_inst/INBUF_INST/O
                         net (fo=1, routed)           0.000   100.255    clk_IBUF_inst/OUT
    E5                   IBUFCTRL (Prop_IBUFCTRL_HPIOB_M_I_O)
                                                      0.000   100.255 r  clk_IBUF_inst/IBUFCTRL_INST/O
                         net (fo=1, routed)           0.278   100.533    clk_IBUF
    BUFGCE_X0Y90         BUFGCE (Prop_BUFCE_BUFGCE_I_O)
                                                      0.024   100.557 r  clk_IBUF_BUFG_inst/O
    X1Y3 (CLOCK_ROOT)    net (fo=131, routed)         0.560   101.117    clk_IBUF_BUFG
    SLICE_X23Y197        FDCE                                         r  y0i_r_reg[0]/C
                         clock pessimism              0.260   101.377    
                         clock uncertainty           -0.035   101.341    
    SLICE_X23Y197        FDCE (Setup_DFF2_SLICEL_C_D)
                                                      0.024   101.365    y0i_r_reg[0]
  -------------------------------------------------------------------
                         required time                        101.365    
                         arrival time                         -18.388    
  -------------------------------------------------------------------
                         slack                                 82.977    





Min Delay Paths
--------------------------------------------------------------------------------------
Slack (MET) :             0.057ns  (arrival time - required time)
  Source:                 state_reg[0]/C
                            (rising edge-triggered cell FDCE clocked by sys_clk  {rise@0.000ns fall@5.000ns period=100.000ns})
  Destination:            state_reg[1]/D
                            (rising edge-triggered cell FDCE clocked by sys_clk  {rise@0.000ns fall@5.000ns period=100.000ns})
  Path Group:             sys_clk
  Path Type:              Hold (Min at Fast Process Corner)
  Requirement:            0.000ns  (sys_clk rise@0.000ns - sys_clk rise@0.000ns)
  Data Path Delay:        0.109ns  (logic 0.062ns (56.769%)  route 0.047ns (43.231%))
  Logic Levels:           1  (LUT6=1)
  Clock Path Skew:        0.006ns (DCD - SCD - CPR)
    Destination Clock Delay (DCD):    1.009ns
    Source Clock Delay      (SCD):    0.727ns
    Clock Pessimism Removal (CPR):    0.276ns
  Clock Net Delay (Source):      0.407ns (routing 0.000ns, distribution 0.407ns)
  Clock Net Delay (Destination): 0.465ns (routing 0.001ns, distribution 0.464ns)

    Location             Delay type                Incr(ns)  Path(ns)    Netlist Resource(s)
  -------------------------------------------------------------------    -------------------
                         (clock sys_clk rise edge)    0.000     0.000 r  
    E5                                                0.000     0.000 r  clk (IN)
                         net (fo=0)                   0.000     0.000    clk_IBUF_inst/I
    E5                   INBUF (Prop_INBUF_HPIOB_M_PAD_O)
                                                      0.159     0.159 r  clk_IBUF_inst/INBUF_INST/O
                         net (fo=1, routed)           0.000     0.159    clk_IBUF_inst/OUT
    E5                   IBUFCTRL (Prop_IBUFCTRL_HPIOB_M_I_O)
                                                      0.000     0.159 r  clk_IBUF_inst/IBUFCTRL_INST/O
                         net (fo=1, routed)           0.144     0.303    clk_IBUF
    BUFGCE_X0Y90         BUFGCE (Prop_BUFCE_BUFGCE_I_O)
                                                      0.017     0.320 r  clk_IBUF_BUFG_inst/O
    X1Y3 (CLOCK_ROOT)    net (fo=131, routed)         0.407     0.727    clk_IBUF_BUFG
    SLICE_X23Y194        FDCE                                         r  state_reg[0]/C
  -------------------------------------------------------------------    -------------------
    SLICE_X23Y194        FDCE (Prop_DFF_SLICEL_C_Q)
                                                      0.039     0.766 r  state_reg[0]/Q
                         net (fo=23, routed)          0.032     0.798    state_reg_n_0_[0]
    SLICE_X23Y194        LUT6 (Prop_B6LUT_SLICEL_I4_O)
                                                      0.023     0.821 r  state[1]_i_1/O
                         net (fo=1, routed)           0.015     0.836    state[1]_i_1_n_0
    SLICE_X23Y194        FDCE                                         r  state_reg[1]/D
  -------------------------------------------------------------------    -------------------

                         (clock sys_clk rise edge)    0.000     0.000 r  
    E5                                                0.000     0.000 r  clk (IN)
                         net (fo=0)                   0.000     0.000    clk_IBUF_inst/I
    E5                   INBUF (Prop_INBUF_HPIOB_M_PAD_O)
                                                      0.344     0.344 r  clk_IBUF_inst/INBUF_INST/O
                         net (fo=1, routed)           0.000     0.344    clk_IBUF_inst/OUT
    E5                   IBUFCTRL (Prop_IBUFCTRL_HPIOB_M_I_O)
                                                      0.000     0.344 r  clk_IBUF_inst/IBUFCTRL_INST/O
                         net (fo=1, routed)           0.181     0.525    clk_IBUF
    BUFGCE_X0Y90         BUFGCE (Prop_BUFCE_BUFGCE_I_O)
                                                      0.019     0.544 r  clk_IBUF_BUFG_inst/O
    X1Y3 (CLOCK_ROOT)    net (fo=131, routed)         0.465     1.009    clk_IBUF_BUFG
    SLICE_X23Y194        FDCE                                         r  state_reg[1]/C
                         clock pessimism             -0.276     0.733    
    SLICE_X23Y194        FDCE (Hold_BFF_SLICEL_C_D)
                                                      0.046     0.779    state_reg[1]
  -------------------------------------------------------------------
                         required time                         -0.779    
                         arrival time                           0.836    
  -------------------------------------------------------------------
                         slack                                  0.057    





Pulse Width Checks
--------------------------------------------------------------------------------------
Clock Name:         sys_clk
Waveform(ns):       { 0.000 5.000 }
Period(ns):         100.000
Sources:            { clk }

Check Type        Corner  Lib Pin             Reference Pin  Required(ns)  Actual(ns)  Slack(ns)  Location      Pin
Min Period        n/a     RAMB18E2/CLKARDCLK  n/a            1.392         100.000     98.608     RAMB18_X0Y78  RAM/imag_mem_reg_bram_0/CLKARDCLK
Low Pulse Width   Slow    RAMB18E2/CLKARDCLK  n/a            0.495         95.000      94.505     RAMB18_X0Y78  RAM/imag_mem_reg_bram_0/CLKARDCLK
High Pulse Width  Slow    RAMB18E2/CLKARDCLK  n/a            0.495         5.000       4.505      RAMB18_X0Y78  RAM/imag_mem_reg_bram_0/CLKARDCLK



