Copyright 1986-2022 Xilinx, Inc. All Rights Reserved. Copyright 2022-2025 Advanced Micro Devices, Inc. All Rights Reserved.
--------------------------------------------------------------------------------------------------------------------------------------------------
| Tool Version      : Vivado v.2025.2 (win64) Build 6299465 Fri Nov 14 19:35:11 GMT 2025
| Date              : Fri Jun 12 03:17:13 2026
| Host              : LAPTOP-MHFLAL5K running 64-bit major release  (build 9200)
| Command           : report_timing_summary -file C:/SRIP/reports2/timing_summary_P4E1.rpt
| Design            : fft16_top_fused
| Device            : xczu5ev-sfvc784
| Speed File        : -3  PRODUCTION 1.30 05-15-2022
| Design State      : Routed
| Temperature Grade : E
--------------------------------------------------------------------------------------------------------------------------------------------------

Timing Summary Report

------------------------------------------------------------------------------------------------
| Timer Settings
| --------------
------------------------------------------------------------------------------------------------

  Enable Multi Corner Analysis               :  Yes
  Enable Pessimism Removal                   :  Yes
  Pessimism Removal Resolution               :  Nearest Common Node
  Enable Input Delay Default Clock           :  No
  Enable Preset / Clear Arcs                 :  No
  Disable Flight Delays                      :  No
  Ignore I/O Paths                           :  No
  Timing Early Launch at Borrowing Latches   :  No
  Borrow Time for Max Delay Exceptions       :  Yes
  Merge Timing Exceptions                    :  Yes
  Inter-SLR Compensation                     :  Conservative

  Corner  Analyze    Analyze    
  Name    Max Paths  Min Paths  
  ------  ---------  ---------  
  Slow    Yes        Yes        
  Fast    Yes        Yes        


------------------------------------------------------------------------------------------------
| Report Methodology
| ------------------
------------------------------------------------------------------------------------------------

Rule       Severity  Description                                 Violations  
---------  --------  ------------------------------------------  ----------  
SYNTH-6    Warning   Timing of a RAM block might be sub-optimal  2           
TIMING-18  Warning   Missing input or output delay               40          

Note: This report is based on the most recent report_methodology run and may not be up-to-date. Run report_methodology on the current design for the latest report.



check_timing report

Table of Contents
-----------------
1. checking no_clock (0)
2. checking constant_clock (0)
3. checking pulse_width_clock (0)
4. checking unconstrained_internal_endpoints (0)
5. checking no_input_delay (32)
6. checking no_output_delay (9)
7. checking multiple_clock (0)
8. checking generated_clocks (0)
9. checking loops (0)
10. checking partial_input_delay (0)
11. checking partial_output_delay (0)
12. checking latch_loops (0)

1. checking no_clock (0)
------------------------
 There are 0 register/latch pins with no clock.


2. checking constant_clock (0)
------------------------------
 There are 0 register/latch pins with constant_clock.


3. checking pulse_width_clock (0)
---------------------------------
 There are 0 register/latch pins which need pulse_width check


4. checking unconstrained_internal_endpoints (0)
------------------------------------------------
 There are 0 pins that are not constrained for maximum delay.

 There are 0 pins that are not constrained for maximum delay due to constant clock.


5. checking no_input_delay (32)
-------------------------------
 There are 31 input ports with no input delay specified. (HIGH)

 There is 1 input port with no input delay but user has a false path constraint. (MEDIUM)


6. checking no_output_delay (9)
-------------------------------
 There are 9 ports with no output delay specified. (HIGH)

 There are 0 ports with no output delay but user has a false path constraint

 There are 0 ports with no output delay but with a timing clock defined on it or propagating through it


7. checking multiple_clock (0)
------------------------------
 There are 0 register/latch pins with multiple clocks.


8. checking generated_clocks (0)
--------------------------------
 There are 0 generated clocks that are not connected to a clock source.


9. checking loops (0)
---------------------
 There are 0 combinational loops in the design.


10. checking partial_input_delay (0)
------------------------------------
 There are 0 input ports with partial input delay specified.


11. checking partial_output_delay (0)
-------------------------------------
 There are 0 ports with partial output delay specified.


12. checking latch_loops (0)
----------------------------
 There are 0 combinational latch loops in the design through latch input



------------------------------------------------------------------------------------------------
| Design Timing Summary
| ---------------------
------------------------------------------------------------------------------------------------

    WNS(ns)      TNS(ns)  TNS Failing Endpoints  TNS Total Endpoints      WHS(ns)      THS(ns)  THS Failing Endpoints  THS Total Endpoints     WPWS(ns)     TPWS(ns)  TPWS Failing Endpoints  TPWS Total Endpoints  
    -------      -------  ---------------------  -------------------      -------      -------  ---------------------  -------------------     --------     --------  ----------------------  --------------------  
     88.228        0.000                      0                  253        0.046        0.000                      0                  253        4.505        0.000                       0                   100  


All user specified timing constraints are met.


------------------------------------------------------------------------------------------------
| Clock Summary
| -------------
------------------------------------------------------------------------------------------------

Clock    Waveform(ns)         Period(ns)      Frequency(MHz)
-----    ------------         ----------      --------------
sys_clk  {0.000 5.000}        100.000         10.000          


------------------------------------------------------------------------------------------------
| Intra Clock Table
| -----------------
------------------------------------------------------------------------------------------------

Clock             WNS(ns)      TNS(ns)  TNS Failing Endpoints  TNS Total Endpoints      WHS(ns)      THS(ns)  THS Failing Endpoints  THS Total Endpoints     WPWS(ns)     TPWS(ns)  TPWS Failing Endpoints  TPWS Total Endpoints  
-----             -------      -------  ---------------------  -------------------      -------      -------  ---------------------  -------------------     --------     --------  ----------------------  --------------------  
sys_clk            88.228        0.000                      0                  253        0.046        0.000                      0                  253        4.505        0.000                       0                   100  


------------------------------------------------------------------------------------------------
| Inter Clock Table
| -----------------
------------------------------------------------------------------------------------------------

From Clock    To Clock          WNS(ns)      TNS(ns)  TNS Failing Endpoints  TNS Total Endpoints      WHS(ns)      THS(ns)  THS Failing Endpoints  THS Total Endpoints  
----------    --------          -------      -------  ---------------------  -------------------      -------      -------  ---------------------  -------------------  


------------------------------------------------------------------------------------------------
| Other Path Groups Table
| -----------------------
------------------------------------------------------------------------------------------------

Path Group    From Clock    To Clock          WNS(ns)      TNS(ns)  TNS Failing Endpoints  TNS Total Endpoints      WHS(ns)      THS(ns)  THS Failing Endpoints  THS Total Endpoints  
----------    ----------    --------          -------      -------  ---------------------  -------------------      -------      -------  ---------------------  -------------------  


------------------------------------------------------------------------------------------------
| Timing Details
| --------------
------------------------------------------------------------------------------------------------


---------------------------------------------------------------------------------------------------
From Clock:  sys_clk
  To Clock:  sys_clk

Setup :            0  Failing Endpoints,  Worst Slack       88.228ns,  Total Violation        0.000ns
Hold  :            0  Failing Endpoints,  Worst Slack        0.046ns,  Total Violation        0.000ns
PW    :            0  Failing Endpoints,  Worst Slack        4.505ns,  Total Violation        0.000ns
---------------------------------------------------------------------------------------------------


Max Delay Paths
--------------------------------------------------------------------------------------
Slack (MET) :             88.228ns  (required time - arrival time)
  Source:                 tw_addr_r_reg_rep[0]/C
                            (rising edge-triggered cell FDCE clocked by sys_clk  {rise@0.000ns fall@5.000ns period=100.000ns})
  Destination:            y1r_r_reg[0]/D
                            (rising edge-triggered cell FDCE clocked by sys_clk  {rise@0.000ns fall@5.000ns period=100.000ns})
  Path Group:             sys_clk
  Path Type:              Setup (Max at Slow Process Corner)
  Requirement:            100.000ns  (sys_clk rise@100.000ns - sys_clk rise@0.000ns)
  Data Path Delay:        11.685ns  (logic 3.400ns (29.096%)  route 8.285ns (70.904%))
  Logic Levels:           31  (CARRY8=2 LUT2=2 LUT3=3 LUT4=4 LUT5=5 LUT6=14 MUXF7=1)
  Clock Path Skew:        -0.074ns (DCD - SCD + CPR)
    Destination Clock Delay (DCD):    1.112ns = ( 101.112 - 100.000 ) 
    Source Clock Delay      (SCD):    1.444ns
    Clock Pessimism Removal (CPR):    0.258ns
  Clock Uncertainty:      0.035ns  ((TSJ^2 + TIJ^2)^1/2 + DJ) / 2 + PE
    Total System Jitter     (TSJ):    0.071ns
    Total Input Jitter      (TIJ):    0.000ns
    Discrete Jitter          (DJ):    0.000ns
    Phase Error              (PE):    0.000ns
  Clock Net Delay (Source):      0.644ns (routing 0.001ns, distribution 0.643ns)
  Clock Net Delay (Destination): 0.554ns (routing 0.001ns, distribution 0.553ns)

    Location             Delay type                Incr(ns)  Path(ns)    Netlist Resource(s)
  -------------------------------------------------------------------    -------------------
                         (clock sys_clk rise edge)    0.000     0.000 r  
    E5                                                0.000     0.000 r  clk (IN)
                         net (fo=0)                   0.000     0.000    clk_IBUF_inst/I
    E5                   INBUF (Prop_INBUF_HPIOB_M_PAD_O)
                                                      0.458     0.458 r  clk_IBUF_inst/INBUF_INST/O
                         net (fo=1, routed)           0.000     0.458    clk_IBUF_inst/OUT
    E5                   IBUFCTRL (Prop_IBUFCTRL_HPIOB_M_I_O)
                                                      0.000     0.458 r  clk_IBUF_inst/IBUFCTRL_INST/O
                         net (fo=1, routed)           0.314     0.772    clk_IBUF
    BUFGCE_X0Y86         BUFGCE (Prop_BUFCE_BUFGCE_I_O)
                                                      0.028     0.800 r  clk_IBUF_BUFG_inst/O
    X1Y3 (CLOCK_ROOT)    net (fo=99, routed)          0.644     1.444    clk_IBUF_BUFG
    SLICE_X24Y222        FDCE                                         r  tw_addr_r_reg_rep[0]/C
  -------------------------------------------------------------------    -------------------
    SLICE_X24Y222        FDCE (Prop_FFF2_SLICEM_C_Q)
                                                      0.069     1.513 r  tw_addr_r_reg_rep[0]/Q
                         net (fo=7, routed)           0.229     1.742    TW/y0r_r_reg[3]_i_24_0[0]
    SLICE_X25Y222        LUT6 (Prop_H6LUT_SLICEM_I1_O)
                                                      0.115     1.857 r  TW/y0r_r[3]_i_111/O
                         net (fo=1, routed)           0.289     2.146    TW/y0r_r[3]_i_111_n_0
    SLICE_X25Y222        LUT5 (Prop_D6LUT_SLICEM_I0_O)
                                                      0.088     2.234 r  TW/y0r_r[3]_i_56/O
                         net (fo=1, routed)           0.029     2.263    TW/y0r_r[3]_i_56_n_0
    SLICE_X25Y222        MUXF7 (Prop_F7MUX_CD_SLICEM_I0_O)
                                                      0.061     2.324 r  TW/y0r_r_reg[3]_i_24/O
                         net (fo=13, routed)          0.436     2.760    TW/wr[0]
    SLICE_X27Y215        LUT4 (Prop_D5LUT_SLICEL_I2_O)
                                                      0.120     2.880 f  TW/y0r_r[3]_i_202/O
                         net (fo=7, routed)           0.227     3.107    TW/BF/k_wr[0]
    SLICE_X28Y215        LUT5 (Prop_E6LUT_SLICEM_I2_O)
                                                      0.135     3.242 r  TW/y0r_r[3]_i_165/O
                         net (fo=5, routed)           0.191     3.433    TW/y0r_r[3]_i_165_n_0
    SLICE_X28Y212        LUT3 (Prop_D5LUT_SLICEM_I0_O)
                                                      0.119     3.552 r  TW/y0r_r[3]_i_195/O
                         net (fo=4, routed)           0.237     3.789    TW/BF/scm1[3]
    SLICE_X28Y212        LUT4 (Prop_B5LUT_SLICEM_I3_O)
                                                      0.148     3.937 r  TW/y0r_r[3]_i_170/O
                         net (fo=1, routed)           0.348     4.285    TW/y0r_r[3]_i_170_n_0
    SLICE_X28Y213        CARRY8 (Prop_CARRY8_SLICEM_DI[1]_CO[3])
                                                      0.126     4.411 r  TW/y0r_r_reg[3]_i_97/CO[3]
                         net (fo=1, routed)           0.181     4.592    TW/BF/SUB_Tr/sign_l20_in
    SLICE_X28Y213        LUT6 (Prop_H6LUT_SLICEM_I5_O)
                                                      0.138     4.730 r  TW/y0r_r[3]_i_48/O
                         net (fo=20, routed)          0.277     5.007    TW/y0r_r[3]_i_48_n_0
    SLICE_X27Y211        LUT3 (Prop_D5LUT_SLICEL_I1_O)
                                                      0.141     5.148 r  TW/y0r_r[3]_i_212/O
                         net (fo=7, routed)           0.525     5.674    TW/y0r_r[3]_i_212_n_0
    SLICE_X25Y211        LUT2 (Prop_B5LUT_SLICEM_I1_O)
                                                      0.148     5.822 r  TW/y0r_r[3]_i_230/O
                         net (fo=4, routed)           0.215     6.036    TW/y0r_r[3]_i_230_n_0
    SLICE_X25Y210        LUT3 (Prop_D5LUT_SLICEM_I1_O)
                                                      0.085     6.121 r  TW/y0r_r[3]_i_209/O
                         net (fo=1, routed)           0.236     6.357    TW/y0r_r[3]_i_209_n_0
    SLICE_X27Y210        LUT6 (Prop_H6LUT_SLICEL_I0_O)
                                                      0.135     6.492 r  TW/y0r_r[3]_i_141/O
                         net (fo=4, routed)           0.197     6.690    TW/y0r_r[3]_i_141_n_0
    SLICE_X26Y210        LUT6 (Prop_H6LUT_SLICEL_I5_O)
                                                      0.090     6.780 f  TW/y0r_r[3]_i_146/O
                         net (fo=11, routed)          0.150     6.929    TW/y0r_r[3]_i_146_n_0
    SLICE_X25Y211        LUT6 (Prop_H6LUT_SLICEM_I0_O)
                                                      0.115     7.044 r  TW/y0r_r[3]_i_190/O
                         net (fo=2, routed)           0.219     7.263    TW/y0r_r[3]_i_190_n_0
    SLICE_X25Y210        LUT6 (Prop_H6LUT_SLICEM_I3_O)
                                                      0.138     7.401 r  TW/y0r_r[3]_i_109/O
                         net (fo=12, routed)          0.590     7.991    TW/BF/sc_tr[5]
    SLICE_X23Y201        LUT5 (Prop_C6LUT_SLICEL_I4_O)
                                                      0.133     8.124 f  TW/y0r_r[3]_i_153/O
                         net (fo=4, routed)           0.208     8.333    TW/y0r_r[3]_i_153_n_0
    SLICE_X25Y200        LUT6 (Prop_C6LUT_SLICEM_I5_O)
                                                      0.088     8.421 r  TW/y1r_r[3]_i_41/O
                         net (fo=1, routed)           0.025     8.446    TW/y1r_r[3]_i_41_n_0
    SLICE_X25Y200        CARRY8 (Prop_CARRY8_SLICEM_S[2]_CO[3])
                                                      0.131     8.577 r  TW/y1r_r_reg[3]_i_21/CO[3]
                         net (fo=11, routed)          0.144     8.721    TW/BF/SUB_y1r/sign_l20_in
    SLICE_X25Y201        LUT6 (Prop_D6LUT_SLICEM_I0_O)
                                                      0.031     8.752 r  TW/y1r_r[3]_i_11/O
                         net (fo=30, routed)          0.414     9.166    TW/y1r_r[3]_i_11_n_0
    SLICE_X23Y200        LUT5 (Prop_E6LUT_SLICEL_I0_O)
                                                      0.114     9.280 f  TW/y1r_r[3]_i_26/O
                         net (fo=2, routed)           0.292     9.572    TW/y1r_r[3]_i_26_n_0
    SLICE_X25Y199        LUT6 (Prop_C6LUT_SLICEM_I0_O)
                                                      0.081     9.653 r  TW/y1r_r[3]_i_13/O
                         net (fo=11, routed)          0.321     9.974    TW/y1r_r[3]_i_13_n_0
    SLICE_X26Y200        LUT5 (Prop_H6LUT_SLICEL_I3_O)
                                                      0.049    10.023 r  TW/y1r_r[2]_i_69/O
                         net (fo=2, routed)           0.092    10.115    TW/y1r_r[2]_i_69_n_0
    SLICE_X26Y201        LUT6 (Prop_G6LUT_SLICEL_I1_O)
                                                      0.114    10.229 f  TW/y1r_r[2]_i_36/O
                         net (fo=12, routed)          0.331    10.561    TW/y1r_r[2]_i_36_n_0
    SLICE_X27Y203        LUT4 (Prop_D6LUT_SLICEL_I2_O)
                                                      0.089    10.650 f  TW/y1r_r[2]_i_37/O
                         net (fo=4, routed)           0.234    10.884    TW/y1r_r[2]_i_37_n_0
    SLICE_X26Y202        LUT6 (Prop_H6LUT_SLICEL_I4_O)
                                                      0.082    10.966 f  TW/y1r_r[2]_i_38/O
                         net (fo=11, routed)          0.483    11.449    TW/y1r_r[2]_i_38_n_0
    SLICE_X28Y205        LUT4 (Prop_D5LUT_SLICEM_I2_O)
                                                      0.085    11.534 r  TW/y1r_r[2]_i_46/O
                         net (fo=1, routed)           0.215    11.749    TW/y1r_r[2]_i_46_n_0
    SLICE_X28Y205        LUT6 (Prop_G6LUT_SLICEM_I4_O)
                                                      0.082    11.831 f  TW/y1r_r[2]_i_16/O
                         net (fo=2, routed)           0.200    12.031    TW/BF/sc_y1r[4]
    SLICE_X27Y206        LUT6 (Prop_H6LUT_SLICEL_I2_O)
                                                      0.082    12.113 r  TW/y1r_r[2]_i_10/O
                         net (fo=5, routed)           0.497    12.610    TW/y1r_r[2]_i_10_n_0
    SLICE_X24Y206        LUT6 (Prop_E6LUT_SLICEM_I5_O)
                                                      0.135    12.745 r  TW/y1r_r[1]_i_3/O
                         net (fo=2, routed)           0.202    12.947    TW/y1r_r[1]_i_3_n_0
    SLICE_X26Y207        LUT2 (Prop_D6LUT_SLICEL_I0_O)
                                                      0.133    13.080 r  TW/y1r_r[0]_i_1/O
                         net (fo=1, routed)           0.049    13.129    y1r[0]
    SLICE_X26Y207        FDCE                                         r  y1r_r_reg[0]/D
  -------------------------------------------------------------------    -------------------

                         (clock sys_clk rise edge)  100.000   100.000 r  
    E5                                                0.000   100.000 r  clk (IN)
                         net (fo=0)                   0.000   100.000    clk_IBUF_inst/I
    E5                   INBUF (Prop_INBUF_HPIOB_M_PAD_O)
                                                      0.255   100.255 r  clk_IBUF_inst/INBUF_INST/O
                         net (fo=1, routed)           0.000   100.255    clk_IBUF_inst/OUT
    E5                   IBUFCTRL (Prop_IBUFCTRL_HPIOB_M_I_O)
                                                      0.000   100.255 r  clk_IBUF_inst/IBUFCTRL_INST/O
                         net (fo=1, routed)           0.279   100.534    clk_IBUF
    BUFGCE_X0Y86         BUFGCE (Prop_BUFCE_BUFGCE_I_O)
                                                      0.024   100.558 r  clk_IBUF_BUFG_inst/O
    X1Y3 (CLOCK_ROOT)    net (fo=99, routed)          0.554   101.112    clk_IBUF_BUFG
    SLICE_X26Y207        FDCE                                         r  y1r_r_reg[0]/C
                         clock pessimism              0.258   101.370    
                         clock uncertainty           -0.035   101.334    
    SLICE_X26Y207        FDCE (Setup_DFF_SLICEL_C_D)
                                                      0.023   101.357    y1r_r_reg[0]
  -------------------------------------------------------------------
                         required time                        101.357    
                         arrival time                         -13.129    
  -------------------------------------------------------------------
                         slack                                 88.228    





Min Delay Paths
--------------------------------------------------------------------------------------
Slack (MET) :             0.046ns  (arrival time - required time)
  Source:                 stage_reg[4]/C
                            (rising edge-triggered cell FDCE clocked by sys_clk  {rise@0.000ns fall@5.000ns period=100.000ns})
  Destination:            stage_reg[4]/D
                            (rising edge-triggered cell FDCE clocked by sys_clk  {rise@0.000ns fall@5.000ns period=100.000ns})
  Path Group:             sys_clk
  Path Type:              Hold (Min at Fast Process Corner)
  Requirement:            0.000ns  (sys_clk rise@0.000ns - sys_clk rise@0.000ns)
  Data Path Delay:        0.098ns  (logic 0.054ns (55.367%)  route 0.044ns (44.633%))
  Logic Levels:           1  (LUT6=1)
  Clock Path Skew:        0.006ns (DCD - SCD - CPR)
    Destination Clock Delay (DCD):    1.012ns
    Source Clock Delay      (SCD):    0.728ns
    Clock Pessimism Removal (CPR):    0.278ns
  Clock Net Delay (Source):      0.409ns (routing 0.000ns, distribution 0.409ns)
  Clock Net Delay (Destination): 0.468ns (routing 0.001ns, distribution 0.467ns)

    Location             Delay type                Incr(ns)  Path(ns)    Netlist Resource(s)
  -------------------------------------------------------------------    -------------------
                         (clock sys_clk rise edge)    0.000     0.000 r  
    E5                                                0.000     0.000 r  clk (IN)
                         net (fo=0)                   0.000     0.000    clk_IBUF_inst/I
    E5                   INBUF (Prop_INBUF_HPIOB_M_PAD_O)
                                                      0.159     0.159 r  clk_IBUF_inst/INBUF_INST/O
                         net (fo=1, routed)           0.000     0.159    clk_IBUF_inst/OUT
    E5                   IBUFCTRL (Prop_IBUFCTRL_HPIOB_M_I_O)
                                                      0.000     0.159 r  clk_IBUF_inst/IBUFCTRL_INST/O
                         net (fo=1, routed)           0.144     0.303    clk_IBUF
    BUFGCE_X0Y86         BUFGCE (Prop_BUFCE_BUFGCE_I_O)
                                                      0.017     0.320 r  clk_IBUF_BUFG_inst/O
    X1Y3 (CLOCK_ROOT)    net (fo=99, routed)          0.409     0.728    clk_IBUF_BUFG
    SLICE_X23Y228        FDCE                                         r  stage_reg[4]/C
  -------------------------------------------------------------------    -------------------
    SLICE_X23Y228        FDCE (Prop_BFF_SLICEL_C_Q)
                                                      0.039     0.767 r  stage_reg[4]/Q
                         net (fo=5, routed)           0.029     0.796    stage_reg_n_0_[4]
    SLICE_X23Y228        LUT6 (Prop_B6LUT_SLICEL_I5_O)
                                                      0.015     0.811 r  stage[4]_i_1/O
                         net (fo=1, routed)           0.015     0.826    stage[4]_i_1_n_0
    SLICE_X23Y228        FDCE                                         r  stage_reg[4]/D
  -------------------------------------------------------------------    -------------------

                         (clock sys_clk rise edge)    0.000     0.000 r  
    E5                                                0.000     0.000 r  clk (IN)
                         net (fo=0)                   0.000     0.000    clk_IBUF_inst/I
    E5                   INBUF (Prop_INBUF_HPIOB_M_PAD_O)
                                                      0.344     0.344 r  clk_IBUF_inst/INBUF_INST/O
                         net (fo=1, routed)           0.000     0.344    clk_IBUF_inst/OUT
    E5                   IBUFCTRL (Prop_IBUFCTRL_HPIOB_M_I_O)
                                                      0.000     0.344 r  clk_IBUF_inst/IBUFCTRL_INST/O
                         net (fo=1, routed)           0.181     0.525    clk_IBUF
    BUFGCE_X0Y86         BUFGCE (Prop_BUFCE_BUFGCE_I_O)
                                                      0.019     0.544 r  clk_IBUF_BUFG_inst/O
    X1Y3 (CLOCK_ROOT)    net (fo=99, routed)          0.468     1.012    clk_IBUF_BUFG
    SLICE_X23Y228        FDCE                                         r  stage_reg[4]/C
                         clock pessimism             -0.278     0.734    
    SLICE_X23Y228        FDCE (Hold_BFF_SLICEL_C_D)
                                                      0.046     0.780    stage_reg[4]
  -------------------------------------------------------------------
                         required time                         -0.780    
                         arrival time                           0.826    
  -------------------------------------------------------------------
                         slack                                  0.046    





Pulse Width Checks
--------------------------------------------------------------------------------------
Clock Name:         sys_clk
Waveform(ns):       { 0.000 5.000 }
Period(ns):         100.000
Sources:            { clk }

Check Type        Corner  Lib Pin             Reference Pin  Required(ns)  Actual(ns)  Slack(ns)  Location      Pin
Min Period        n/a     RAMB18E2/CLKARDCLK  n/a            1.392         100.000     98.608     RAMB18_X0Y90  RAM/imag_mem_reg_bram_0/CLKARDCLK
Low Pulse Width   Slow    RAMB18E2/CLKARDCLK  n/a            0.495         95.000      94.505     RAMB18_X0Y90  RAM/imag_mem_reg_bram_0/CLKARDCLK
High Pulse Width  Slow    RAMB18E2/CLKARDCLK  n/a            0.495         5.000       4.505      RAMB18_X0Y90  RAM/imag_mem_reg_bram_0/CLKARDCLK



