Copyright 1986-2022 Xilinx, Inc. All Rights Reserved. Copyright 2022-2025 Advanced Micro Devices, Inc. All Rights Reserved.
--------------------------------------------------------------------------------------------------------------------------------------------------
| Tool Version      : Vivado v.2025.2 (win64) Build 6299465 Fri Nov 14 19:35:11 GMT 2025
| Date              : Fri Jun 12 01:47:16 2026
| Host              : LAPTOP-MHFLAL5K running 64-bit major release  (build 9200)
| Command           : report_timing_summary -file C:/SRIP/reports2/timing_summary_P10E1.rpt
| Design            : fft16_top_fused
| Device            : xczu5ev-sfvc784
| Speed File        : -3  PRODUCTION 1.30 05-15-2022
| Design State      : Routed
| Temperature Grade : E
--------------------------------------------------------------------------------------------------------------------------------------------------

Timing Summary Report

------------------------------------------------------------------------------------------------
| Timer Settings
| --------------
------------------------------------------------------------------------------------------------

  Enable Multi Corner Analysis               :  Yes
  Enable Pessimism Removal                   :  Yes
  Pessimism Removal Resolution               :  Nearest Common Node
  Enable Input Delay Default Clock           :  No
  Enable Preset / Clear Arcs                 :  No
  Disable Flight Delays                      :  No
  Ignore I/O Paths                           :  No
  Timing Early Launch at Borrowing Latches   :  No
  Borrow Time for Max Delay Exceptions       :  Yes
  Merge Timing Exceptions                    :  Yes
  Inter-SLR Compensation                     :  Conservative

  Corner  Analyze    Analyze    
  Name    Max Paths  Min Paths  
  ------  ---------  ---------  
  Slow    Yes        Yes        
  Fast    Yes        Yes        


------------------------------------------------------------------------------------------------
| Report Methodology
| ------------------
------------------------------------------------------------------------------------------------

Rule       Severity  Description                                 Violations  
---------  --------  ------------------------------------------  ----------  
SYNTH-6    Warning   Timing of a RAM block might be sub-optimal  2           
TIMING-18  Warning   Missing input or output delay               64          

Note: This report is based on the most recent report_methodology run and may not be up-to-date. Run report_methodology on the current design for the latest report.



check_timing report

Table of Contents
-----------------
1. checking no_clock (0)
2. checking constant_clock (0)
3. checking pulse_width_clock (0)
4. checking unconstrained_internal_endpoints (0)
5. checking no_input_delay (44)
6. checking no_output_delay (21)
7. checking multiple_clock (0)
8. checking generated_clocks (0)
9. checking loops (0)
10. checking partial_input_delay (0)
11. checking partial_output_delay (0)
12. checking latch_loops (0)

1. checking no_clock (0)
------------------------
 There are 0 register/latch pins with no clock.


2. checking constant_clock (0)
------------------------------
 There are 0 register/latch pins with constant_clock.


3. checking pulse_width_clock (0)
---------------------------------
 There are 0 register/latch pins which need pulse_width check


4. checking unconstrained_internal_endpoints (0)
------------------------------------------------
 There are 0 pins that are not constrained for maximum delay.

 There are 0 pins that are not constrained for maximum delay due to constant clock.


5. checking no_input_delay (44)
-------------------------------
 There are 43 input ports with no input delay specified. (HIGH)

 There is 1 input port with no input delay but user has a false path constraint. (MEDIUM)


6. checking no_output_delay (21)
--------------------------------
 There are 21 ports with no output delay specified. (HIGH)

 There are 0 ports with no output delay but user has a false path constraint

 There are 0 ports with no output delay but with a timing clock defined on it or propagating through it


7. checking multiple_clock (0)
------------------------------
 There are 0 register/latch pins with multiple clocks.


8. checking generated_clocks (0)
--------------------------------
 There are 0 generated clocks that are not connected to a clock source.


9. checking loops (0)
---------------------
 There are 0 combinational loops in the design.


10. checking partial_input_delay (0)
------------------------------------
 There are 0 input ports with partial input delay specified.


11. checking partial_output_delay (0)
-------------------------------------
 There are 0 ports with partial output delay specified.


12. checking latch_loops (0)
----------------------------
 There are 0 combinational latch loops in the design through latch input



------------------------------------------------------------------------------------------------
| Design Timing Summary
| ---------------------
------------------------------------------------------------------------------------------------

    WNS(ns)      TNS(ns)  TNS Failing Endpoints  TNS Total Endpoints      WHS(ns)      THS(ns)  THS Failing Endpoints  THS Total Endpoints     WPWS(ns)     TPWS(ns)  TPWS Failing Endpoints  TPWS Total Endpoints  
    -------      -------  ---------------------  -------------------      -------      -------  ---------------------  -------------------     --------     --------  ----------------------  --------------------  
     79.202        0.000                      0                  373        0.044        0.000                      0                  373        4.505        0.000                       0                   148  


All user specified timing constraints are met.


------------------------------------------------------------------------------------------------
| Clock Summary
| -------------
------------------------------------------------------------------------------------------------

Clock    Waveform(ns)         Period(ns)      Frequency(MHz)
-----    ------------         ----------      --------------
sys_clk  {0.000 5.000}        100.000         10.000          


------------------------------------------------------------------------------------------------
| Intra Clock Table
| -----------------
------------------------------------------------------------------------------------------------

Clock             WNS(ns)      TNS(ns)  TNS Failing Endpoints  TNS Total Endpoints      WHS(ns)      THS(ns)  THS Failing Endpoints  THS Total Endpoints     WPWS(ns)     TPWS(ns)  TPWS Failing Endpoints  TPWS Total Endpoints  
-----             -------      -------  ---------------------  -------------------      -------      -------  ---------------------  -------------------     --------     --------  ----------------------  --------------------  
sys_clk            79.202        0.000                      0                  373        0.044        0.000                      0                  373        4.505        0.000                       0                   148  


------------------------------------------------------------------------------------------------
| Inter Clock Table
| -----------------
------------------------------------------------------------------------------------------------

From Clock    To Clock          WNS(ns)      TNS(ns)  TNS Failing Endpoints  TNS Total Endpoints      WHS(ns)      THS(ns)  THS Failing Endpoints  THS Total Endpoints  
----------    --------          -------      -------  ---------------------  -------------------      -------      -------  ---------------------  -------------------  


------------------------------------------------------------------------------------------------
| Other Path Groups Table
| -----------------------
------------------------------------------------------------------------------------------------

Path Group    From Clock    To Clock          WNS(ns)      TNS(ns)  TNS Failing Endpoints  TNS Total Endpoints      WHS(ns)      THS(ns)  THS Failing Endpoints  THS Total Endpoints  
----------    ----------    --------          -------      -------  ---------------------  -------------------      -------      -------  ---------------------  -------------------  


------------------------------------------------------------------------------------------------
| Timing Details
| --------------
------------------------------------------------------------------------------------------------


---------------------------------------------------------------------------------------------------
From Clock:  sys_clk
  To Clock:  sys_clk

Setup :            0  Failing Endpoints,  Worst Slack       79.202ns,  Total Violation        0.000ns
Hold  :            0  Failing Endpoints,  Worst Slack        0.044ns,  Total Violation        0.000ns
PW    :            0  Failing Endpoints,  Worst Slack        4.505ns,  Total Violation        0.000ns
---------------------------------------------------------------------------------------------------


Max Delay Paths
--------------------------------------------------------------------------------------
Slack (MET) :             79.202ns  (required time - arrival time)
  Source:                 tw_addr_r_reg_rep[3]/C
                            (rising edge-triggered cell FDCE clocked by sys_clk  {rise@0.000ns fall@5.000ns period=100.000ns})
  Destination:            y1i_r_reg[7]/D
                            (rising edge-triggered cell FDCE clocked by sys_clk  {rise@0.000ns fall@5.000ns period=100.000ns})
  Path Group:             sys_clk
  Path Type:              Setup (Max at Slow Process Corner)
  Requirement:            100.000ns  (sys_clk rise@100.000ns - sys_clk rise@0.000ns)
  Data Path Delay:        20.831ns  (logic 6.102ns (29.293%)  route 14.729ns (70.707%))
  Logic Levels:           61  (CARRY8=8 LUT2=1 LUT3=9 LUT4=8 LUT5=10 LUT6=24 MUXF7=1)
  Clock Path Skew:        0.046ns (DCD - SCD + CPR)
    Destination Clock Delay (DCD):    1.237ns = ( 101.237 - 100.000 ) 
    Source Clock Delay      (SCD):    1.454ns
    Clock Pessimism Removal (CPR):    0.262ns
  Clock Uncertainty:      0.035ns  ((TSJ^2 + TIJ^2)^1/2 + DJ) / 2 + PE
    Total System Jitter     (TSJ):    0.071ns
    Total Input Jitter      (TIJ):    0.000ns
    Discrete Jitter          (DJ):    0.000ns
    Phase Error              (PE):    0.000ns
  Clock Net Delay (Source):      0.643ns (routing 0.001ns, distribution 0.642ns)
  Clock Net Delay (Destination): 0.670ns (routing 0.001ns, distribution 0.669ns)

    Location             Delay type                Incr(ns)  Path(ns)    Netlist Resource(s)
  -------------------------------------------------------------------    -------------------
                         (clock sys_clk rise edge)    0.000     0.000 r  
    D7                                                0.000     0.000 r  clk (IN)
                         net (fo=0)                   0.000     0.000    clk_IBUF_inst/I
    D7                   INBUF (Prop_INBUF_HPIOB_M_PAD_O)
                                                      0.469     0.469 r  clk_IBUF_inst/INBUF_INST/O
                         net (fo=1, routed)           0.000     0.469    clk_IBUF_inst/OUT
    D7                   IBUFCTRL (Prop_IBUFCTRL_HPIOB_M_I_O)
                                                      0.000     0.469 r  clk_IBUF_inst/IBUFCTRL_INST/O
                         net (fo=1, routed)           0.314     0.783    clk_IBUF
    BUFGCE_X0Y90         BUFGCE (Prop_BUFCE_BUFGCE_I_O)
                                                      0.028     0.811 r  clk_IBUF_BUFG_inst/O
    X1Y3 (CLOCK_ROOT)    net (fo=147, routed)         0.643     1.454    clk_IBUF_BUFG
    SLICE_X23Y200        FDCE                                         r  tw_addr_r_reg_rep[3]/C
  -------------------------------------------------------------------    -------------------
    SLICE_X23Y200        FDCE (Prop_EFF_SLICEL_C_Q)
                                                      0.070     1.524 r  tw_addr_r_reg_rep[3]/Q
                         net (fo=54, routed)          1.210     2.734    TW/y0r_r[9]_i_709_0[3]
    SLICE_X19Y200        LUT6 (Prop_C6LUT_SLICEL_I2_O)
                                                      0.133     2.867 r  TW/y0r_r[9]_i_628/O
                         net (fo=1, routed)           0.013     2.880    TW/y0r_r[9]_i_628_n_0
    SLICE_X19Y200        MUXF7 (Prop_F7MUX_CD_SLICEL_I1_O)
                                                      0.055     2.935 r  TW/y0r_r_reg[9]_i_376/O
                         net (fo=1, routed)           0.139     3.074    TW/y0r_r_reg[9]_i_376_n_0
    SLICE_X20Y200        LUT6 (Prop_F6LUT_SLICEM_I0_O)
                                                      0.134     3.208 r  TW/y0r_r[9]_i_161/O
                         net (fo=27, routed)          0.383     3.591    TW/wr[0]
    SLICE_X19Y204        LUT3 (Prop_D5LUT_SLICEL_I0_O)
                                                      0.086     3.677 r  TW/y0r_r[9]_i_876/O
                         net (fo=9, routed)           0.225     3.902    TW/y0r_r[9]_i_876_n_0
    SLICE_X20Y204        LUT6 (Prop_G6LUT_SLICEM_I2_O)
                                                      0.082     3.984 r  TW/y0r_r[9]_i_995/O
                         net (fo=1, routed)           0.101     4.085    TW/y0r_r[9]_i_995_n_0
    SLICE_X20Y204        LUT3 (Prop_D5LUT_SLICEM_I2_O)
                                                      0.140     4.225 r  TW/y0r_r[9]_i_976/O
                         net (fo=1, routed)           0.262     4.487    TW/y0r_r[9]_i_976_n_0
    SLICE_X20Y204        LUT5 (Prop_F6LUT_SLICEM_I4_O)
                                                      0.088     4.575 r  TW/y0r_r[9]_i_882/O
                         net (fo=18, routed)          0.593     5.168    TW/BF/f_wr[5]
    SLICE_X17Y211        LUT4 (Prop_A6LUT_SLICEM_I3_O)
                                                      0.136     5.304 f  TW/y0i_r[9]_i_609/O
                         net (fo=3, routed)           0.190     5.494    TW/y0i_r[9]_i_609_n_0
    SLICE_X16Y212        LUT5 (Prop_H6LUT_SLICEL_I4_O)
                                                      0.090     5.584 r  TW/y0i_r[9]_i_559/O
                         net (fo=2, routed)           0.151     5.735    TW/y0i_r[9]_i_559_n_0
    SLICE_X16Y211        LUT4 (Prop_E6LUT_SLICEL_I0_O)
                                                      0.114     5.849 r  TW/y0i_r[9]_i_566/O
                         net (fo=1, routed)           0.010     5.859    TW/y0i_r[9]_i_566_n_0
    SLICE_X16Y211        CARRY8 (Prop_CARRY8_SLICEL_S[4]_O[5])
                                                      0.080     5.939 r  TW/y0i_r_reg[9]_i_443/O[5]
                         net (fo=2, routed)           0.128     6.067    TW/y0i_r_reg[9]_i_443_n_10
    SLICE_X17Y211        LUT5 (Prop_D5LUT_SLICEM_I0_O)
                                                      0.097     6.164 r  TW/y0i_r[9]_i_448/O
                         net (fo=2, routed)           0.154     6.318    TW/y0i_r[9]_i_448_n_0
    SLICE_X17Y210        LUT6 (Prop_H6LUT_SLICEM_I4_O)
                                                      0.138     6.456 r  TW/y0i_r[9]_i_298/O
                         net (fo=2, routed)           0.176     6.632    TW/y0i_r[9]_i_298_n_0
    SLICE_X17Y212        LUT6 (Prop_F6LUT_SLICEM_I0_O)
                                                      0.134     6.766 r  TW/y0i_r[9]_i_305/O
                         net (fo=1, routed)           0.026     6.792    TW/y0i_r[9]_i_305_n_0
    SLICE_X17Y212        CARRY8 (Prop_CARRY8_SLICEM_S[5]_CO[7])
                                                      0.137     6.929 r  TW/y0i_r_reg[9]_i_122/CO[7]
                         net (fo=1, routed)           0.023     6.952    TW/y0i_r_reg[9]_i_122_n_0
    SLICE_X17Y213        CARRY8 (Prop_CARRY8_SLICEM_CI_O[3])
                                                      0.072     7.024 r  TW/y0i_r_reg[9]_i_123/O[3]
                         net (fo=17, routed)          0.244     7.268    TW/BF/M4/data3[15]
    SLICE_X18Y210        LUT5 (Prop_D5LUT_SLICEM_I0_O)
                                                      0.119     7.387 r  TW/y0i_r[9]_i_440/O
                         net (fo=5, routed)           0.302     7.689    TW/y0i_r[9]_i_440_n_0
    SLICE_X18Y210        LUT5 (Prop_F6LUT_SLICEM_I2_O)
                                                      0.088     7.777 r  TW/y0i_r[9]_i_275/O
                         net (fo=8, routed)           0.153     7.930    TW/y0i_r[9]_i_275_n_0
    SLICE_X18Y206        LUT6 (Prop_G6LUT_SLICEM_I2_O)
                                                      0.031     7.961 r  TW/y0i_r[9]_i_278/O
                         net (fo=7, routed)           0.449     8.410    TW/BF/scm4[5]
    SLICE_X18Y214        LUT6 (Prop_H6LUT_SLICEM_I4_O)
                                                      0.090     8.500 f  TW/y0i_r[9]_i_263/O
                         net (fo=1, routed)           0.251     8.751    TW/y0i_r[9]_i_263_n_0
    SLICE_X18Y214        CARRY8 (Prop_CARRY8_SLICEM_DI[2]_CO[3])
                                                      0.117     8.868 f  TW/y0i_r_reg[9]_i_111/CO[3]
                         net (fo=9, routed)           0.128     8.997    TW/BF/ADD_Ti/sign_l20_in
    SLICE_X18Y215        LUT6 (Prop_C6LUT_SLICEM_I0_O)
                                                      0.031     9.028 r  TW/y0i_r[9]_i_40/O
                         net (fo=61, routed)          0.468     9.495    TW/y0i_r[9]_i_40_n_0
    SLICE_X15Y216        LUT3 (Prop_H5LUT_SLICEL_I1_O)
                                                      0.119     9.614 r  TW/y0i_r[9]_i_295/O
                         net (fo=3, routed)           0.193     9.807    TW/y0i_r[9]_i_295_n_0
    SLICE_X17Y216        LUT6 (Prop_G6LUT_SLICEM_I5_O)
                                                      0.135     9.942 f  TW/y0i_r[9]_i_121/O
                         net (fo=6, routed)           0.290    10.232    TW/y0i_r[9]_i_121_n_0
    SLICE_X14Y218        LUT6 (Prop_H6LUT_SLICEL_I5_O)
                                                      0.114    10.346 r  TW/y0i_r[9]_i_44/O
                         net (fo=3, routed)           0.195    10.541    TW/BF/ADD_Ti/mant_s[3]
    SLICE_X16Y217        LUT4 (Prop_D6LUT_SLICEL_I0_O)
                                                      0.081    10.622 r  TW/y0i_r[9]_i_510/O
                         net (fo=1, routed)           0.012    10.634    TW/y0i_r[9]_i_510_n_0
    SLICE_X16Y217        CARRY8 (Prop_CARRY8_SLICEL_S[3]_O[7])
                                                      0.160    10.794 f  TW/y0i_r_reg[9]_i_361/O[7]
                         net (fo=7, routed)           0.473    11.267    TW/y0i_r_reg[9]_i_361_n_8
    SLICE_X16Y220        LUT4 (Prop_D5LUT_SLICEL_I3_O)
                                                      0.098    11.365 f  TW/y0i_r[9]_i_514/O
                         net (fo=3, routed)           0.206    11.571    TW/y0i_r[9]_i_514_n_0
    SLICE_X16Y220        LUT5 (Prop_E6LUT_SLICEL_I2_O)
                                                      0.031    11.602 r  TW/y0i_r[9]_i_363/O
                         net (fo=26, routed)          0.153    11.754    TW/y0i_r[9]_i_363_n_0
    SLICE_X17Y221        LUT3 (Prop_C5LUT_SLICEM_I0_O)
                                                      0.142    11.896 r  TW/y0i_r[9]_i_433/O
                         net (fo=2, routed)           0.178    12.075    TW/y0i_r[9]_i_433_n_0
    SLICE_X16Y220        LUT6 (Prop_H6LUT_SLICEL_I0_O)
                                                      0.114    12.189 r  TW/y0i_r[9]_i_243/O
                         net (fo=3, routed)           0.191    12.379    TW/y0i_r[9]_i_243_n_0
    SLICE_X17Y220        LUT6 (Prop_B6LUT_SLICEM_I3_O)
                                                      0.047    12.426 r  TW/y0i_r[9]_i_419/O
                         net (fo=2, routed)           0.151    12.577    TW/y0i_r[9]_i_419_n_0
    SLICE_X17Y220        LUT3 (Prop_D6LUT_SLICEM_I0_O)
                                                      0.113    12.690 r  TW/y0i_r[9]_i_412/O
                         net (fo=2, routed)           0.284    12.974    TW/y0i_r[9]_i_412_n_0
    SLICE_X17Y223        LUT3 (Prop_D5LUT_SLICEM_I2_O)
                                                      0.140    13.114 r  TW/y0i_r[9]_i_247/O
                         net (fo=17, routed)          0.267    13.380    TW/y0i_r[9]_i_247_n_0
    SLICE_X16Y221        LUT5 (Prop_D5LUT_SLICEL_I4_O)
                                                      0.141    13.521 f  TW/y0i_r[9]_i_365/O
                         net (fo=6, routed)           0.108    13.630    TW/y0i_r[9]_i_365_n_0
    SLICE_X15Y221        LUT4 (Prop_D6LUT_SLICEL_I2_O)
                                                      0.081    13.711 f  TW/y0i_r[9]_i_372/O
                         net (fo=2, routed)           0.184    13.895    TW/y0i_r[9]_i_372_n_0
    SLICE_X17Y220        LUT6 (Prop_C6LUT_SLICEM_I0_O)
                                                      0.088    13.983 r  TW/y0i_r[9]_i_172/O
                         net (fo=1, routed)           0.169    14.152    TW/y0i_r[9]_i_172_n_0
    SLICE_X15Y220        LUT6 (Prop_H6LUT_SLICEL_I0_O)
                                                      0.049    14.201 r  TW/y0i_r[9]_i_70/O
                         net (fo=11, routed)          0.457    14.658    TW/BF/m_ti[0]
    SLICE_X14Y231        LUT2 (Prop_A6LUT_SLICEL_I0_O)
                                                      0.047    14.705 f  TW/y0i_r[9]_i_253/O
                         net (fo=2, routed)           0.248    14.954    TW/y0i_r[9]_i_253_n_0
    SLICE_X15Y228        CARRY8 (Prop_CARRY8_SLICEL_CI_CO[3])
                                                      0.155    15.109 f  TW/y1i_r_reg[9]_i_38/CO[3]
                         net (fo=2, routed)           0.347    15.455    TW/BF/SUB_y1i/sign_l3
    SLICE_X18Y231        LUT3 (Prop_D5LUT_SLICEM_I2_O)
                                                      0.119    15.574 r  TW/y1i_r[9]_i_14/O
                         net (fo=1, routed)           0.261    15.835    TW/y1i_r[9]_i_14_n_0
    SLICE_X18Y231        LUT6 (Prop_F6LUT_SLICEM_I5_O)
                                                      0.031    15.866 r  TW/y1i_r[9]_i_6/O
                         net (fo=49, routed)          0.602    16.469    TW/y1i_r[9]_i_6_n_0
    SLICE_X16Y222        LUT6 (Prop_B6LUT_SLICEL_I5_O)
                                                      0.135    16.604 f  TW/y1i_r[9]_i_67/O
                         net (fo=2, routed)           0.402    17.005    TW/y1i_r[9]_i_67_n_0
    SLICE_X15Y231        LUT6 (Prop_D6LUT_SLICEL_I2_O)
                                                      0.081    17.086 r  TW/y1i_r[9]_i_24/O
                         net (fo=2, routed)           0.344    17.430    TW/y1i_r[9]_i_24_n_0
    SLICE_X14Y234        LUT5 (Prop_E6LUT_SLICEL_I3_O)
                                                      0.089    17.519 r  TW/y1i_r[9]_i_10/O
                         net (fo=3, routed)           0.010    17.529    TW/y1i_r[4]_i_43_n_0
    SLICE_X14Y234        CARRY8 (Prop_CARRY8_SLICEL_S[4]_CO[7])
                                                      0.133    17.662 r  TW/y1i_r_reg[4]_i_21/CO[7]
                         net (fo=1, routed)           0.023    17.685    TW/y1i_r_reg[4]_i_21_n_0
    SLICE_X14Y235        CARRY8 (Prop_CARRY8_SLICEL_CI_O[0])
                                                      0.050    17.735 r  TW/y1i_r_reg[8]_i_17/O[0]
                         net (fo=8, routed)           0.246    17.982    TW/y1i_r_reg[8]_i_17_n_15
    SLICE_X15Y236        LUT4 (Prop_D5LUT_SLICEL_I1_O)
                                                      0.141    18.123 r  TW/y1i_r[8]_i_22/O
                         net (fo=3, routed)           0.261    18.383    TW/y1i_r[8]_i_22_n_0
    SLICE_X15Y236        LUT5 (Prop_E6LUT_SLICEL_I2_O)
                                                      0.114    18.497 f  TW/y1i_r[8]_i_16/O
                         net (fo=15, routed)          0.151    18.648    TW/y1i_r[8]_i_16_n_0
    SLICE_X14Y236        LUT3 (Prop_F6LUT_SLICEL_I0_O)
                                                      0.081    18.729 f  TW/y1i_r[6]_i_22/O
                         net (fo=2, routed)           0.194    18.923    TW/y1i_r[6]_i_22_n_0
    SLICE_X15Y236        LUT6 (Prop_H6LUT_SLICEL_I0_O)
                                                      0.082    19.005 f  TW/y1i_r[6]_i_18/O
                         net (fo=5, routed)           0.152    19.157    TW/y1i_r[6]_i_18_n_0
    SLICE_X17Y234        LUT6 (Prop_F6LUT_SLICEM_I1_O)
                                                      0.081    19.238 r  TW/y1i_r[1]_i_26/O
                         net (fo=3, routed)           0.131    19.370    TW/y1i_r[1]_i_26_n_0
    SLICE_X16Y235        LUT6 (Prop_H6LUT_SLICEL_I4_O)
                                                      0.032    19.402 r  TW/y1i_r[1]_i_12/O
                         net (fo=12, routed)          0.179    19.581    TW/y1i_r[1]_i_12_n_0
    SLICE_X16Y234        LUT3 (Prop_D5LUT_SLICEL_I1_O)
                                                      0.141    19.722 f  TW/y1i_r[4]_i_22/O
                         net (fo=13, routed)          0.317    20.038    TW/y1i_r[4]_i_22_n_0
    SLICE_X13Y235        LUT6 (Prop_E6LUT_SLICEM_I5_O)
                                                      0.081    20.119 r  TW/y1i_r[5]_i_26/O
                         net (fo=1, routed)           0.090    20.209    TW/y1i_r[5]_i_26_n_0
    SLICE_X13Y235        LUT6 (Prop_G6LUT_SLICEM_I2_O)
                                                      0.089    20.298 r  TW/y1i_r[5]_i_20/O
                         net (fo=5, routed)           0.410    20.709    TW/BF/m_y1i[3]
    SLICE_X13Y222        LUT4 (Prop_D5LUT_SLICEM_I3_O)
                                                      0.140    20.849 r  TW/y1i_r[5]_i_15/O
                         net (fo=2, routed)           0.266    21.115    TW/y1i_r[5]_i_15_n_0
    SLICE_X13Y222        LUT6 (Prop_F6LUT_SLICEM_I3_O)
                                                      0.047    21.162 f  TW/y1i_r[5]_i_7/O
                         net (fo=9, routed)           0.300    21.462    TW/y1i_r[5]_i_7_n_0
    SLICE_X14Y219        LUT6 (Prop_H6LUT_SLICEL_I2_O)
                                                      0.135    21.597 r  TW/y1i_r[5]_i_3/O
                         net (fo=4, routed)           0.244    21.841    TW/y1i_r[5]_i_3_n_0
    SLICE_X14Y219        LUT4 (Prop_A5LUT_SLICEL_I1_O)
                                                      0.101    21.942 r  TW/y1i_r[8]_i_4/O
                         net (fo=2, routed)           0.211    22.153    TW/y1i_r[8]_i_4_n_0
    SLICE_X16Y215        LUT5 (Prop_H6LUT_SLICEL_I1_O)
                                                      0.082    22.235 r  TW/y1i_r[7]_i_1/O
                         net (fo=1, routed)           0.050    22.285    y1i[7]
    SLICE_X16Y215        FDCE                                         r  y1i_r_reg[7]/D
  -------------------------------------------------------------------    -------------------

                         (clock sys_clk rise edge)  100.000   100.000 r  
    D7                                                0.000   100.000 r  clk (IN)
                         net (fo=0)                   0.000   100.000    clk_IBUF_inst/I
    D7                   INBUF (Prop_INBUF_HPIOB_M_PAD_O)
                                                      0.266   100.266 r  clk_IBUF_inst/INBUF_INST/O
                         net (fo=1, routed)           0.000   100.266    clk_IBUF_inst/OUT
    D7                   IBUFCTRL (Prop_IBUFCTRL_HPIOB_M_I_O)
                                                      0.000   100.266 r  clk_IBUF_inst/IBUFCTRL_INST/O
                         net (fo=1, routed)           0.278   100.544    clk_IBUF
    BUFGCE_X0Y90         BUFGCE (Prop_BUFCE_BUFGCE_I_O)
                                                      0.024   100.568 r  clk_IBUF_BUFG_inst/O
    X1Y3 (CLOCK_ROOT)    net (fo=147, routed)         0.670   101.237    clk_IBUF_BUFG
    SLICE_X16Y215        FDCE                                         r  y1i_r_reg[7]/C
                         clock pessimism              0.262   101.500    
                         clock uncertainty           -0.035   101.464    
    SLICE_X16Y215        FDCE (Setup_HFF_SLICEL_C_D)
                                                      0.023   101.487    y1i_r_reg[7]
  -------------------------------------------------------------------
                         required time                        101.487    
                         arrival time                         -22.285    
  -------------------------------------------------------------------
                         slack                                 79.202    





Min Delay Paths
--------------------------------------------------------------------------------------
Slack (MET) :             0.044ns  (arrival time - required time)
  Source:                 stage_reg[9]/C
                            (rising edge-triggered cell FDCE clocked by sys_clk  {rise@0.000ns fall@5.000ns period=100.000ns})
  Destination:            stage_reg[9]/D
                            (rising edge-triggered cell FDCE clocked by sys_clk  {rise@0.000ns fall@5.000ns period=100.000ns})
  Path Group:             sys_clk
  Path Type:              Hold (Min at Fast Process Corner)
  Requirement:            0.000ns  (sys_clk rise@0.000ns - sys_clk rise@0.000ns)
  Data Path Delay:        0.096ns  (logic 0.054ns (56.436%)  route 0.042ns (43.564%))
  Logic Levels:           1  (LUT6=1)
  Clock Path Skew:        0.006ns (DCD - SCD - CPR)
    Destination Clock Delay (DCD):    1.023ns
    Source Clock Delay      (SCD):    0.741ns
    Clock Pessimism Removal (CPR):    0.276ns
  Clock Net Delay (Source):      0.410ns (routing 0.000ns, distribution 0.410ns)
  Clock Net Delay (Destination): 0.468ns (routing 0.001ns, distribution 0.467ns)

    Location             Delay type                Incr(ns)  Path(ns)    Netlist Resource(s)
  -------------------------------------------------------------------    -------------------
                         (clock sys_clk rise edge)    0.000     0.000 r  
    D7                                                0.000     0.000 r  clk (IN)
                         net (fo=0)                   0.000     0.000    clk_IBUF_inst/I
    D7                   INBUF (Prop_INBUF_HPIOB_M_PAD_O)
                                                      0.170     0.170 r  clk_IBUF_inst/INBUF_INST/O
                         net (fo=1, routed)           0.000     0.170    clk_IBUF_inst/OUT
    D7                   IBUFCTRL (Prop_IBUFCTRL_HPIOB_M_I_O)
                                                      0.000     0.170 r  clk_IBUF_inst/IBUFCTRL_INST/O
                         net (fo=1, routed)           0.144     0.314    clk_IBUF
    BUFGCE_X0Y90         BUFGCE (Prop_BUFCE_BUFGCE_I_O)
                                                      0.017     0.331 r  clk_IBUF_BUFG_inst/O
    X1Y3 (CLOCK_ROOT)    net (fo=147, routed)         0.410     0.741    clk_IBUF_BUFG
    SLICE_X26Y198        FDCE                                         r  stage_reg[9]/C
  -------------------------------------------------------------------    -------------------
    SLICE_X26Y198        FDCE (Prop_BFF_SLICEL_C_Q)
                                                      0.039     0.780 r  stage_reg[9]/Q
                         net (fo=2, routed)           0.027     0.806    stage_reg_n_0_[9]
    SLICE_X26Y198        LUT6 (Prop_B6LUT_SLICEL_I5_O)
                                                      0.015     0.821 r  stage[9]_i_2/O
                         net (fo=1, routed)           0.015     0.836    stage[9]_i_2_n_0
    SLICE_X26Y198        FDCE                                         r  stage_reg[9]/D
  -------------------------------------------------------------------    -------------------

                         (clock sys_clk rise edge)    0.000     0.000 r  
    D7                                                0.000     0.000 r  clk (IN)
                         net (fo=0)                   0.000     0.000    clk_IBUF_inst/I
    D7                   INBUF (Prop_INBUF_HPIOB_M_PAD_O)
                                                      0.355     0.355 r  clk_IBUF_inst/INBUF_INST/O
                         net (fo=1, routed)           0.000     0.355    clk_IBUF_inst/OUT
    D7                   IBUFCTRL (Prop_IBUFCTRL_HPIOB_M_I_O)
                                                      0.000     0.355 r  clk_IBUF_inst/IBUFCTRL_INST/O
                         net (fo=1, routed)           0.181     0.536    clk_IBUF
    BUFGCE_X0Y90         BUFGCE (Prop_BUFCE_BUFGCE_I_O)
                                                      0.019     0.555 r  clk_IBUF_BUFG_inst/O
    X1Y3 (CLOCK_ROOT)    net (fo=147, routed)         0.468     1.023    clk_IBUF_BUFG
    SLICE_X26Y198        FDCE                                         r  stage_reg[9]/C
                         clock pessimism             -0.276     0.747    
    SLICE_X26Y198        FDCE (Hold_BFF_SLICEL_C_D)
                                                      0.046     0.793    stage_reg[9]
  -------------------------------------------------------------------
                         required time                         -0.793    
                         arrival time                           0.836    
  -------------------------------------------------------------------
                         slack                                  0.044    





Pulse Width Checks
--------------------------------------------------------------------------------------
Clock Name:         sys_clk
Waveform(ns):       { 0.000 5.000 }
Period(ns):         100.000
Sources:            { clk }

Check Type        Corner  Lib Pin             Reference Pin  Required(ns)  Actual(ns)  Slack(ns)  Location      Pin
Min Period        n/a     RAMB18E2/CLKARDCLK  n/a            1.392         100.000     98.608     RAMB18_X0Y80  RAM/imag_mem_reg_bram_0/CLKARDCLK
Low Pulse Width   Slow    RAMB18E2/CLKARDCLK  n/a            0.495         95.000      94.505     RAMB18_X0Y80  RAM/imag_mem_reg_bram_0/CLKARDCLK
High Pulse Width  Slow    RAMB18E2/CLKARDCLK  n/a            0.495         5.000       4.505      RAMB18_X0Y80  RAM/imag_mem_reg_bram_0/CLKARDCLK



