Copyright 1986-2022 Xilinx, Inc. All Rights Reserved. Copyright 2022-2025 Advanced Micro Devices, Inc. All Rights Reserved.
--------------------------------------------------------------------------------------------------------------------------------------------------
| Tool Version      : Vivado v.2025.2 (win64) Build 6299465 Fri Nov 14 19:35:11 GMT 2025
| Date              : Thu Jun 11 22:40:56 2026
| Host              : LAPTOP-MHFLAL5K running 64-bit major release  (build 9200)
| Command           : report_timing_summary -file C:/SRIP/reports2/timing_summary_FPCustom32.rpt
| Design            : fp32_fft16_top
| Device            : xczu5ev-sfvc784
| Speed File        : -3  PRODUCTION 1.30 05-15-2022
| Design State      : Synthesized
| Temperature Grade : E
--------------------------------------------------------------------------------------------------------------------------------------------------

Timing Summary Report

------------------------------------------------------------------------------------------------
| Timer Settings
| --------------
------------------------------------------------------------------------------------------------

  Enable Multi Corner Analysis               :  Yes
  Enable Pessimism Removal                   :  Yes
  Pessimism Removal Resolution               :  Nearest Common Node
  Enable Input Delay Default Clock           :  No
  Enable Preset / Clear Arcs                 :  No
  Disable Flight Delays                      :  No
  Ignore I/O Paths                           :  No
  Timing Early Launch at Borrowing Latches   :  No
  Borrow Time for Max Delay Exceptions       :  Yes
  Merge Timing Exceptions                    :  Yes
  Inter-SLR Compensation                     :  Conservative

  Corner  Analyze    Analyze    
  Name    Max Paths  Min Paths  
  ------  ---------  ---------  
  Slow    Yes        Yes        
  Fast    Yes        Yes        


------------------------------------------------------------------------------------------------
| Report Methodology
| ------------------
------------------------------------------------------------------------------------------------

No report available as report_methodology has not been run prior. Run report_methodology on the current design for the summary of methodology violations.



check_timing report

Table of Contents
-----------------
1. checking no_clock (0)
2. checking constant_clock (0)
3. checking pulse_width_clock (0)
4. checking unconstrained_internal_endpoints (0)
5. checking no_input_delay (88)
6. checking no_output_delay (65)
7. checking multiple_clock (0)
8. checking generated_clocks (0)
9. checking loops (0)
10. checking partial_input_delay (0)
11. checking partial_output_delay (0)
12. checking latch_loops (0)

1. checking no_clock (0)
------------------------
 There are 0 register/latch pins with no clock.


2. checking constant_clock (0)
------------------------------
 There are 0 register/latch pins with constant_clock.


3. checking pulse_width_clock (0)
---------------------------------
 There are 0 register/latch pins which need pulse_width check


4. checking unconstrained_internal_endpoints (0)
------------------------------------------------
 There are 0 pins that are not constrained for maximum delay.

 There are 0 pins that are not constrained for maximum delay due to constant clock.


5. checking no_input_delay (88)
-------------------------------
 There are 87 input ports with no input delay specified. (HIGH)

 There is 1 input port with no input delay but user has a false path constraint. (MEDIUM)


6. checking no_output_delay (65)
--------------------------------
 There are 65 ports with no output delay specified. (HIGH)

 There are 0 ports with no output delay but user has a false path constraint

 There are 0 ports with no output delay but with a timing clock defined on it or propagating through it


7. checking multiple_clock (0)
------------------------------
 There are 0 register/latch pins with multiple clocks.


8. checking generated_clocks (0)
--------------------------------
 There are 0 generated clocks that are not connected to a clock source.


9. checking loops (0)
---------------------
 There are 0 combinational loops in the design.


10. checking partial_input_delay (0)
------------------------------------
 There are 0 input ports with partial input delay specified.


11. checking partial_output_delay (0)
-------------------------------------
 There are 0 ports with partial output delay specified.


12. checking latch_loops (0)
----------------------------
 There are 0 combinational latch loops in the design through latch input



------------------------------------------------------------------------------------------------
| Design Timing Summary
| ---------------------
------------------------------------------------------------------------------------------------

    WNS(ns)      TNS(ns)  TNS Failing Endpoints  TNS Total Endpoints      WHS(ns)      THS(ns)  THS Failing Endpoints  THS Total Endpoints     WPWS(ns)     TPWS(ns)  TPWS Failing Endpoints  TPWS Total Endpoints  
    -------      -------  ---------------------  -------------------      -------      -------  ---------------------  -------------------     --------     --------  ----------------------  --------------------  
     79.173        0.000                      0                  827       -0.068       -3.925                    143                  827        4.505        0.000                       0                   327  


Timing constraints are not met.


------------------------------------------------------------------------------------------------
| Clock Summary
| -------------
------------------------------------------------------------------------------------------------

Clock    Waveform(ns)         Period(ns)      Frequency(MHz)
-----    ------------         ----------      --------------
sys_clk  {0.000 5.000}        100.000         10.000          


------------------------------------------------------------------------------------------------
| Intra Clock Table
| -----------------
------------------------------------------------------------------------------------------------

Clock             WNS(ns)      TNS(ns)  TNS Failing Endpoints  TNS Total Endpoints      WHS(ns)      THS(ns)  THS Failing Endpoints  THS Total Endpoints     WPWS(ns)     TPWS(ns)  TPWS Failing Endpoints  TPWS Total Endpoints  
-----             -------      -------  ---------------------  -------------------      -------      -------  ---------------------  -------------------     --------     --------  ----------------------  --------------------  
sys_clk            79.173        0.000                      0                  827       -0.068       -3.925                    143                  827        4.505        0.000                       0                   327  


------------------------------------------------------------------------------------------------
| Inter Clock Table
| -----------------
------------------------------------------------------------------------------------------------

From Clock    To Clock          WNS(ns)      TNS(ns)  TNS Failing Endpoints  TNS Total Endpoints      WHS(ns)      THS(ns)  THS Failing Endpoints  THS Total Endpoints  
----------    --------          -------      -------  ---------------------  -------------------      -------      -------  ---------------------  -------------------  


------------------------------------------------------------------------------------------------
| Other Path Groups Table
| -----------------------
------------------------------------------------------------------------------------------------

Path Group    From Clock    To Clock          WNS(ns)      TNS(ns)  TNS Failing Endpoints  TNS Total Endpoints      WHS(ns)      THS(ns)  THS Failing Endpoints  THS Total Endpoints  
----------    ----------    --------          -------      -------  ---------------------  -------------------      -------      -------  ---------------------  -------------------  


------------------------------------------------------------------------------------------------
| Timing Details
| --------------
------------------------------------------------------------------------------------------------


---------------------------------------------------------------------------------------------------
From Clock:  sys_clk
  To Clock:  sys_clk

Setup :            0  Failing Endpoints,  Worst Slack       79.173ns,  Total Violation        0.000ns
Hold  :          143  Failing Endpoints,  Worst Slack       -0.068ns,  Total Violation       -3.925ns
PW    :            0  Failing Endpoints,  Worst Slack        4.505ns,  Total Violation        0.000ns
---------------------------------------------------------------------------------------------------


Max Delay Paths
--------------------------------------------------------------------------------------
Slack (MET) :             79.173ns  (required time - arrival time)
  Source:                 tw_addr_r_reg[0]/C
                            (rising edge-triggered cell FDCE clocked by sys_clk  {rise@0.000ns fall@5.000ns period=100.000ns})
  Destination:            y1r_r_reg[25]/D
                            (rising edge-triggered cell FDCE clocked by sys_clk  {rise@0.000ns fall@5.000ns period=100.000ns})
  Path Group:             sys_clk
  Path Type:              Setup (Max at Slow Process Corner)
  Requirement:            100.000ns  (sys_clk rise@100.000ns - sys_clk rise@0.000ns)
  Data Path Delay:        20.670ns  (logic 5.801ns (28.065%)  route 14.869ns (71.935%))
  Logic Levels:           98  (CARRY8=27 LUT2=7 LUT3=5 LUT4=18 LUT5=8 LUT6=33)
  Clock Path Skew:        -0.145ns (DCD - SCD + CPR)
    Destination Clock Delay (DCD):    2.871ns = ( 102.871 - 100.000 ) 
    Source Clock Delay      (SCD):    3.251ns
    Clock Pessimism Removal (CPR):    0.235ns
  Clock Uncertainty:      0.035ns  ((TSJ^2 + TIJ^2)^1/2 + DJ) / 2 + PE
    Total System Jitter     (TSJ):    0.071ns
    Total Input Jitter      (TIJ):    0.000ns
    Discrete Jitter          (DJ):    0.000ns
    Phase Error              (PE):    0.000ns

    Location             Delay type                Incr(ns)  Path(ns)    Netlist Resource(s)
  -------------------------------------------------------------------    -------------------
                         (clock sys_clk rise edge)    0.000     0.000 r  
                                                      0.000     0.000 r  clk (IN)
                         net (fo=0)                   0.000     0.000    clk_IBUF_inst/I
                         INBUF (Prop_INBUF_PAD_O)     0.484     0.484 r  clk_IBUF_inst/INBUF_INST/O
                         net (fo=1, unplaced)         0.000     0.484    clk_IBUF_inst/OUT
                         IBUFCTRL (Prop_IBUFCTRL_I_O)
                                                      0.000     0.484 r  clk_IBUF_inst/IBUFCTRL_INST/O
                         net (fo=1, unplaced)         0.155     0.639    clk_IBUF
                         BUFGCE (Prop_BUFGCE_I_O)     0.028     0.667 r  clk_IBUF_BUFG_inst/O
                         net (fo=326, unplaced)       2.584     3.251    clk_IBUF_BUFG
                         FDCE                                         r  tw_addr_r_reg[0]/C
  -------------------------------------------------------------------    -------------------
                         FDCE (Prop_FDCE_C_Q)         0.069     3.320 r  tw_addr_r_reg[0]/Q
                         net (fo=188, unplaced)       0.249     3.569    BF/S3/ADDER/y0r_r[31]_i_367[0]
                         LUT6 (Prop_LUT6_I0_O)        0.135     3.704 r  BF/S3/ADDER/g7_b23/O
                         net (fo=1, unplaced)         0.135     3.839    BF/S3/ADDER/g7_b23_n_0
                         LUT5 (Prop_LUT5_I0_O)        0.082     3.921 r  BF/S3/ADDER/y0r_r[31]_i_379/O
                         net (fo=1, unplaced)         0.175     4.096    BF/S3/ADDER/y0r_r[31]_i_379_n_0
                         LUT6 (Prop_LUT6_I0_O)        0.031     4.127 r  BF/S3/ADDER/y0r_r[31]_i_174/O
                         net (fo=33, unplaced)        0.235     4.362    BF/M3/wi[0]
                         LUT5 (Prop_LUT5_I3_O)        0.031     4.393 r  BF/M3/y0r_r[31]_i_1748/O
                         net (fo=92, unplaced)        0.259     4.652    BF/M2/A[0]
                         LUT4 (Prop_LUT4_I1_O)        0.067     4.719 r  BF/M2/y0r_r[31]_i_2267/O
                         net (fo=1, unplaced)         0.204     4.923    BF/M2/y0r_r[31]_i_2267_n_0
                         CARRY8 (Prop_CARRY8_DI[1]_O[4])
                                                      0.140     5.063 r  BF/M2/y0r_r_reg[31]_i_1747/O[4]
                         net (fo=3, unplaced)         0.179     5.242    BF/M2/y0r_r_reg[31]_i_1747_n_11
                         LUT2 (Prop_LUT2_I1_O)        0.067     5.309 r  BF/M2/y0r_r[31]_i_1663/O
                         net (fo=1, unplaced)         0.226     5.535    BF/M2/y0r_r[31]_i_1663_n_0
                         CARRY8 (Prop_CARRY8_DI[5]_CO[7])
                                                      0.089     5.624 r  BF/M2/y0r_r_reg[31]_i_1265/CO[7]
                         net (fo=1, unplaced)         0.005     5.629    BF/M2/y0r_r_reg[31]_i_1265_n_0
                         CARRY8 (Prop_CARRY8_CI_O[0])
                                                      0.050     5.679 r  BF/M2/y0r_r_reg[31]_i_1017/O[0]
                         net (fo=2, unplaced)         0.175     5.854    BF/M2/y0r_r_reg[31]_i_1017_n_15
                         LUT3 (Prop_LUT3_I1_O)        0.031     5.885 r  BF/M2/y0r_r[31]_i_987/O
                         net (fo=2, unplaced)         0.175     6.060    BF/M2/y0r_r[31]_i_987_n_0
                         LUT4 (Prop_LUT4_I3_O)        0.031     6.091 r  BF/M2/y0r_r[31]_i_995/O
                         net (fo=1, unplaced)         0.026     6.117    BF/M2/y0r_r[31]_i_995_n_0
                         CARRY8 (Prop_CARRY8_S[1]_O[5])
                                                      0.211     6.328 r  BF/M2/y0r_r_reg[31]_i_797/O[5]
                         net (fo=1, unplaced)         0.138     6.466    BF/M2/P[37]
                         CARRY8 (Prop_CARRY8_S[5]_CO[7])
                                                      0.143     6.609 r  BF/M2/y0r_r_reg[31]_i_581/CO[7]
                         net (fo=1, unplaced)         0.005     6.614    BF/M2/y0r_r_reg[31]_i_581_n_0
                         CARRY8 (Prop_CARRY8_CI_O[1])
                                                      0.067     6.681 r  BF/M2/y0r_r_reg[31]_i_371/O[1]
                         net (fo=2, unplaced)         0.173     6.854    BF/M2/PCIN[41]
                         LUT2 (Prop_LUT2_I0_O)        0.032     6.886 r  BF/M2/y0r_r[31]_i_378/O
                         net (fo=1, unplaced)         0.022     6.908    BF/M2/y0r_r[31]_i_378_n_0
                         CARRY8 (Prop_CARRY8_S[0]_O[6])
                                                      0.202     7.110 r  BF/M2/y0r_r_reg[31]_i_173/O[6]
                         net (fo=63, unplaced)        0.209     7.319    BF/M2/prod__1[47]
                         LUT3 (Prop_LUT3_I2_O)        0.064     7.383 r  BF/M2/y0r_r[31]_i_576/O
                         net (fo=3, unplaced)         0.181     7.564    BF/M2/y0r_r[31]_i_576_n_0
                         LUT5 (Prop_LUT5_I0_O)        0.031     7.595 f  BF/M2/y0r_r[31]_i_464/O
                         net (fo=5, unplaced)         0.193     7.788    BF/M2/exp_shift[3]
                         LUT6 (Prop_LUT6_I5_O)        0.031     7.819 f  BF/M2/y0r_r[31]_i_368/O
                         net (fo=4, unplaced)         0.187     8.006    BF/M2/y0r_r[31]_i_368_n_0
                         LUT4 (Prop_LUT4_I2_O)        0.064     8.070 r  BF/M2/y0r_r[31]_i_196/O
                         net (fo=6, unplaced)         0.197     8.267    BF/M2/y0r_r[31]_i_196_n_0
                         LUT2 (Prop_LUT2_I0_O)        0.031     8.298 r  BF/M2/y0r_r[31]_i_178/O
                         net (fo=1, unplaced)         0.131     8.429    BF/M2/y0r_r[31]_i_178_n_0
                         LUT6 (Prop_LUT6_I0_O)        0.047     8.476 r  BF/M2/y0r_r[31]_i_77/O
                         net (fo=16, unplaced)        0.175     8.651    BF/M2/y0r_r[31]_i_77_n_0
                         LUT3 (Prop_LUT3_I0_O)        0.089     8.740 r  BF/M2/y0r_r[31]_i_638/O
                         net (fo=18, unplaced)        0.222     8.962    BF/M2/y0r_r[31]_i_638_n_0
                         LUT2 (Prop_LUT2_I0_O)        0.064     9.026 r  BF/M2/y0r_r[31]_i_452/O
                         net (fo=7, unplaced)         0.156     9.182    BF/M2/y0r_r[31]_i_452_n_0
                         LUT6 (Prop_LUT6_I0_O)        0.047     9.229 r  BF/M2/y0r_r[31]_i_229/O
                         net (fo=4, unplaced)         0.187     9.416    BF/M2/m2[16]
                         LUT4 (Prop_LUT4_I3_O)        0.064     9.480 f  BF/M2/y0r_r[31]_i_89/O
                         net (fo=1, unplaced)         0.239     9.719    BF/S1/ADDER/y0r_r[31]_i_8[0]
                         CARRY8 (Prop_CARRY8_DI[0]_CO[3])
                                                      0.138     9.857 f  BF/S1/ADDER/y0r_r_reg[31]_i_23/CO[3]
                         net (fo=2, unplaced)         0.088     9.945    TW/CO[0]
                         LUT6 (Prop_LUT6_I4_O)        0.031     9.976 r  TW/y0r_r[31]_i_8/O
                         net (fo=65, unplaced)        0.251    10.227    BF/M2/y0r_r[31]_i_487_0
                         LUT5 (Prop_LUT5_I3_O)        0.031    10.258 f  BF/M2/y0r_r[31]_i_919/O
                         net (fo=2, unplaced)         0.175    10.433    BF/M2/y0r_r[31]_i_919_n_0
                         LUT6 (Prop_LUT6_I3_O)        0.031    10.464 f  BF/M2/y0r_r[31]_i_902/O
                         net (fo=3, unplaced)         0.181    10.645    BF/M2/y0r_r[31]_i_902_n_0
                         LUT6 (Prop_LUT6_I0_O)        0.031    10.676 f  BF/M2/y0r_r[31]_i_719/O
                         net (fo=3, unplaced)         0.181    10.857    BF/M2/y0r_r[31]_i_719_n_0
                         LUT6 (Prop_LUT6_I0_O)        0.031    10.888 r  BF/M2/y0r_r[31]_i_908/O
                         net (fo=1, unplaced)         0.175    11.063    BF/M2/y0r_r[31]_i_908_n_0
                         LUT6 (Prop_LUT6_I0_O)        0.031    11.094 f  BF/M2/y0r_r[31]_i_699/O
                         net (fo=26, unplaced)        0.230    11.324    BF/M2/y0r_r[31]_i_699_n_0
                         LUT4 (Prop_LUT4_I0_O)        0.064    11.388 f  BF/M2/y0r_r[31]_i_926/O
                         net (fo=4, unplaced)         0.148    11.536    BF/M2/y0r_r[31]_i_926_n_0
                         LUT6 (Prop_LUT6_I0_O)        0.089    11.625 f  BF/M2/y0r_r[31]_i_729/O
                         net (fo=5, unplaced)         0.193    11.818    BF/M2/y0r_r[31]_i_729_n_0
                         LUT4 (Prop_LUT4_I2_O)        0.064    11.882 f  BF/M2/y0r_r[31]_i_534/O
                         net (fo=1, unplaced)         0.135    12.017    BF/M2/y0r_r[31]_i_534_n_0
                         LUT5 (Prop_LUT5_I0_O)        0.083    12.100 r  BF/M2/y0r_r[31]_i_298/O
                         net (fo=1, unplaced)         0.022    12.122    BF/S1/ADDER/y0r_r[31]_i_2150_0[0]
                         CARRY8 (Prop_CARRY8_S[0]_CO[7])
                                                      0.179    12.301 r  BF/S1/ADDER/y0r_r_reg[31]_i_114/CO[7]
                         net (fo=1, unplaced)         0.005    12.306    BF/S1/ADDER/y0r_r_reg[31]_i_114_n_0
                         CARRY8 (Prop_CARRY8_CI_CO[7])
                                                      0.018    12.324 r  BF/S1/ADDER/y0r_r_reg[31]_i_110/CO[7]
                         net (fo=1, unplaced)         0.005    12.329    BF/S1/ADDER/y0r_r_reg[31]_i_110_n_0
                         CARRY8 (Prop_CARRY8_CI_CO[7])
                                                      0.018    12.347 r  BF/S1/ADDER/y0r_r_reg[31]_i_111/CO[7]
                         net (fo=1, unplaced)         0.005    12.352    BF/S1/ADDER/y0r_r_reg[31]_i_111_n_0
                         CARRY8 (Prop_CARRY8_CI_CO[7])
                                                      0.018    12.370 r  BF/S1/ADDER/y0r_r_reg[31]_i_252/CO[7]
                         net (fo=1, unplaced)         0.005    12.375    BF/S1/ADDER/y0r_r_reg[31]_i_252_n_0
                         CARRY8 (Prop_CARRY8_CI_CO[7])
                                                      0.018    12.393 r  BF/S1/ADDER/y0r_r_reg[31]_i_108/CO[7]
                         net (fo=1, unplaced)         0.005    12.398    BF/S1/ADDER/y0r_r_reg[31]_i_108_n_0
                         CARRY8 (Prop_CARRY8_CI_O[2])
                                                      0.061    12.459 r  BF/S1/ADDER/y0r_r_reg[31]_i_107/O[2]
                         net (fo=8, unplaced)         0.205    12.664    BF/S1/ADDER/sel0[41]
                         LUT4 (Prop_LUT4_I0_O)        0.090    12.754 r  BF/S1/ADDER/y0r_r[31]_i_106/O
                         net (fo=3, unplaced)         0.181    12.935    BF/S1/ADDER/y0r_r[31]_i_106_n_0
                         LUT5 (Prop_LUT5_I4_O)        0.032    12.967 r  BF/S1/ADDER/y0r_r[31]_i_760/O
                         net (fo=2, unplaced)         0.175    13.142    BF/S1/ADDER/y0r_r[31]_i_760_n_0
                         LUT6 (Prop_LUT6_I5_O)        0.031    13.173 f  BF/S1/ADDER/y0r_r[31]_i_756/O
                         net (fo=48, unplaced)        0.244    13.417    BF/S1/ADDER/y0r_r[31]_i_756_n_0
                         LUT2 (Prop_LUT2_I0_O)        0.031    13.448 f  BF/S1/ADDER/y0r_r[31]_i_549/O
                         net (fo=56, unplaced)        0.247    13.695    BF/S1/ADDER/y0r_r[31]_i_757_0
                         LUT4 (Prop_LUT4_I3_O)        0.064    13.759 r  BF/S1/ADDER/y0r_r[31]_i_2547/O
                         net (fo=2, unplaced)         0.175    13.934    BF/S1/ADDER/y0r_r[31]_i_2547_n_0
                         LUT4 (Prop_LUT4_I0_O)        0.064    13.998 r  BF/S1/ADDER/y0r_r[31]_i_2543/O
                         net (fo=1, unplaced)         0.175    14.173    BF/S1/ADDER/y0r_r[31]_i_2543_n_0
                         LUT6 (Prop_LUT6_I0_O)        0.031    14.204 f  BF/S1/ADDER/y0r_r[31]_i_2157/O
                         net (fo=2, unplaced)         0.175    14.379    BF/S1/ADDER/y0r_r[31]_i_2157_n_0
                         LUT3 (Prop_LUT3_I1_O)        0.064    14.443 r  BF/S1/ADDER/y0r_r[31]_i_2153/O
                         net (fo=2, unplaced)         0.175    14.618    BF/S1/ADDER/y0r_r[31]_i_2153_n_0
                         LUT6 (Prop_LUT6_I1_O)        0.031    14.649 r  BF/S1/ADDER/y0r_r[31]_i_1616/O
                         net (fo=1, unplaced)         0.175    14.824    BF/S1/ADDER/y0r_r[31]_i_1616_n_0
                         LUT6 (Prop_LUT6_I3_O)        0.031    14.855 f  BF/S1/ADDER/y0r_r[31]_i_1218/O
                         net (fo=1, unplaced)         0.136    14.991    BF/S1/ADDER/y0r_r[31]_i_1218_n_0
                         LUT6 (Prop_LUT6_I1_O)        0.089    15.080 f  BF/S1/ADDER/y0r_r[31]_i_942/O
                         net (fo=1, unplaced)         0.175    15.255    BF/S1/ADDER/y0r_r[31]_i_942_n_0
                         LUT6 (Prop_LUT6_I0_O)        0.031    15.286 r  BF/S1/ADDER/y0r_r[31]_i_746/O
                         net (fo=1, unplaced)         0.026    15.312    BF/S1/ADDER/y0r_r[31]_i_746_n_0
                         CARRY8 (Prop_CARRY8_S[1]_CO[7])
                                                      0.176    15.488 r  BF/S1/ADDER/y0r_r_reg[31]_i_537/CO[7]
                         net (fo=1, unplaced)         0.005    15.493    BF/S1/ADDER/y0r_r_reg[31]_i_537_n_0
                         CARRY8 (Prop_CARRY8_CI_CO[7])
                                                      0.018    15.511 r  BF/S1/ADDER/y0r_r_reg[31]_i_536/CO[7]
                         net (fo=1, unplaced)         0.005    15.516    BF/S1/ADDER/y0r_r_reg[31]_i_536_n_0
                         CARRY8 (Prop_CARRY8_CI_CO[7])
                                                      0.018    15.534 r  BF/S1/ADDER/y0r_r_reg[31]_i_321/CO[7]
                         net (fo=1, unplaced)         0.005    15.539    BF/S1/ADDER/y0r_r_reg[31]_i_321_n_0
                         CARRY8 (Prop_CARRY8_CI_CO[0])
                                                      0.046    15.585 r  BF/S1/ADDER/y0r_r_reg[31]_i_299/CO[0]
                         net (fo=31, unplaced)        0.234    15.819    BF/S1/ADDER/rounded_mant[50]
                         LUT6 (Prop_LUT6_I3_O)        0.031    15.850 r  BF/S1/ADDER/y0r_r[31]_i_300/O
                         net (fo=6, unplaced)         0.197    16.047    BF/S1/ADDER/y0r_r[31]_i_300_n_0
                         LUT4 (Prop_LUT4_I2_O)        0.032    16.079 r  BF/S1/ADDER/y0r_r[31]_i_121/O
                         net (fo=8, unplaced)         0.203    16.282    BF/S1/ADDER/y0r_r[31]_i_121_n_0
                         LUT4 (Prop_LUT4_I1_O)        0.032    16.314 f  BF/S1/ADDER/y0r_r[31]_i_548/O
                         net (fo=1, unplaced)         0.175    16.489    BF/S1/ADDER/y0r_r[31]_i_548_n_0
                         LUT6 (Prop_LUT6_I5_O)        0.031    16.520 f  BF/S1/ADDER/y0r_r[31]_i_322/O
                         net (fo=23, unplaced)        0.227    16.747    BF/S1/ADDER/y0r_r[31]_i_322_n_0
                         LUT4 (Prop_LUT4_I3_O)        0.064    16.811 r  BF/S1/ADDER/y0r_r[31]_i_320/O
                         net (fo=12, unplaced)        0.212    17.023    BF/S1/ADDER/Tr[0]
                         LUT4 (Prop_LUT4_I3_O)        0.064    17.087 f  BF/S1/ADDER/y1r_r[31]_i_61/O
                         net (fo=1, unplaced)         0.239    17.326    BF/S2/ADDER/y1r_r_reg[31]_i_9_0[0]
                         CARRY8 (Prop_CARRY8_DI[0]_CO[7])
                                                      0.120    17.446 f  BF/S2/ADDER/y1r_r_reg[31]_i_27/CO[7]
                         net (fo=1, unplaced)         0.005    17.451    BF/S2/ADDER/y1r_r_reg[31]_i_27_n_0
                         CARRY8 (Prop_CARRY8_CI_CO[3])
                                                      0.054    17.505 f  BF/S2/ADDER/y1r_r_reg[31]_i_9/CO[3]
                         net (fo=1, unplaced)         0.088    17.593    BF/S1/ADDER/y1r_r_reg[31]_4[0]
                         LUT6 (Prop_LUT6_I4_O)        0.031    17.624 r  BF/S1/ADDER/y1r_r[31]_i_2/O
                         net (fo=99, unplaced)        0.260    17.884    BF/S1/ADDER/ar_r_reg[28]
                         LUT6 (Prop_LUT6_I2_O)        0.031    17.915 r  BF/S1/ADDER/y1r_r[28]_i_92/O
                         net (fo=1, unplaced)         0.136    18.051    BF/S1/ADDER/y1r_r[28]_i_92_n_0
                         LUT6 (Prop_LUT6_I0_O)        0.089    18.140 r  BF/S1/ADDER/y1r_r[28]_i_81/O
                         net (fo=25, unplaced)        0.229    18.369    BF/S1/ADDER/y1r_r[28]_i_81_n_0
                         LUT6 (Prop_LUT6_I0_O)        0.031    18.400 r  BF/S1/ADDER/y1r_r[28]_i_58/O
                         net (fo=34, unplaced)        0.236    18.636    BF/S1/ADDER/y1r_r[28]_i_58_n_0
                         LUT6 (Prop_LUT6_I4_O)        0.031    18.667 r  BF/S1/ADDER/y1r_r[28]_i_60/O
                         net (fo=10, unplaced)        0.169    18.836    BF/S1/ADDER/y1r_r[28]_i_60_n_0
                         LUT6 (Prop_LUT6_I0_O)        0.089    18.925 r  BF/S1/ADDER/y1r_r[31]_i_136/O
                         net (fo=6, unplaced)         0.197    19.122    BF/S2/ADDER/y1r_r_reg[31]_i_43_10
                         LUT6 (Prop_LUT6_I5_O)        0.031    19.153 r  BF/S2/ADDER/y1r_r[31]_i_152/O
                         net (fo=1, unplaced)         0.173    19.326    BF/S2/ADDER/y1r_r[31]_i_152_n_0
                         CARRY8 (Prop_CARRY8_DI[2]_CO[7])
                                                      0.099    19.425 r  BF/S2/ADDER/y1r_r_reg[31]_i_87/CO[7]
                         net (fo=1, unplaced)         0.005    19.430    BF/S2/ADDER/y1r_r_reg[31]_i_87_n_0
                         CARRY8 (Prop_CARRY8_CI_CO[7])
                                                      0.018    19.448 r  BF/S2/ADDER/y1r_r_reg[31]_i_42/CO[7]
                         net (fo=1, unplaced)         0.005    19.453    BF/S2/ADDER/y1r_r_reg[31]_i_42_n_0
                         CARRY8 (Prop_CARRY8_CI_O[2])
                                                      0.061    19.514 r  BF/S2/ADDER/y1r_r_reg[31]_i_41/O[2]
                         net (fo=8, unplaced)         0.205    19.719    BF/S2/ADDER/sel0[41]
                         LUT4 (Prop_LUT4_I0_O)        0.123    19.842 r  BF/S2/ADDER/y1r_r[31]_i_40/O
                         net (fo=3, unplaced)         0.181    20.023    BF/S2/ADDER/y1r_r[31]_i_40_n_0
                         LUT5 (Prop_LUT5_I4_O)        0.032    20.055 r  BF/S2/ADDER/y1r_r[28]_i_40/O
                         net (fo=2, unplaced)         0.175    20.230    BF/S2/ADDER/y1r_r[28]_i_40_n_0
                         LUT6 (Prop_LUT6_I5_O)        0.031    20.261 f  BF/S2/ADDER/y1r_r[28]_i_36/O
                         net (fo=48, unplaced)        0.244    20.505    BF/S2/ADDER/y1r_r[28]_i_36_n_0
                         LUT2 (Prop_LUT2_I0_O)        0.031    20.536 f  BF/S2/ADDER/y1r_r[28]_i_26/O
                         net (fo=56, unplaced)        0.247    20.783    BF/S2/ADDER/y1r_r[28]_i_37_0
                         LUT4 (Prop_LUT4_I3_O)        0.064    20.847 r  BF/S2/ADDER/y1r_r[6]_i_108/O
                         net (fo=2, unplaced)         0.175    21.022    BF/S2/ADDER/y1r_r[6]_i_108_n_0
                         LUT4 (Prop_LUT4_I0_O)        0.032    21.054 r  BF/S2/ADDER/y1r_r[6]_i_104/O
                         net (fo=1, unplaced)         0.175    21.229    BF/S2/ADDER/y1r_r[6]_i_104_n_0
                         LUT6 (Prop_LUT6_I0_O)        0.031    21.260 f  BF/S2/ADDER/y1r_r[6]_i_91/O
                         net (fo=2, unplaced)         0.175    21.435    BF/S2/ADDER/y1r_r[6]_i_91_n_0
                         LUT3 (Prop_LUT3_I1_O)        0.064    21.499 r  BF/S2/ADDER/y1r_r[6]_i_87/O
                         net (fo=2, unplaced)         0.175    21.674    BF/S2/ADDER/y1r_r[6]_i_87_n_0
                         LUT6 (Prop_LUT6_I1_O)        0.031    21.705 r  BF/S2/ADDER/y1r_r[6]_i_56/O
                         net (fo=1, unplaced)         0.175    21.880    BF/S2/ADDER/y1r_r[6]_i_56_n_0
                         LUT6 (Prop_LUT6_I3_O)        0.031    21.911 f  BF/S2/ADDER/y1r_r[6]_i_34/O
                         net (fo=1, unplaced)         0.136    22.047    BF/S2/ADDER/y1r_r[6]_i_34_n_0
                         LUT6 (Prop_LUT6_I1_O)        0.089    22.136 f  BF/S2/ADDER/y1r_r[6]_i_20/O
                         net (fo=1, unplaced)         0.175    22.311    BF/S2/ADDER/y1r_r[6]_i_20_n_0
                         LUT6 (Prop_LUT6_I0_O)        0.031    22.342 r  BF/S2/ADDER/y1r_r[6]_i_11/O
                         net (fo=1, unplaced)         0.026    22.368    BF/S2/ADDER/y1r_r[6]_i_11_n_0
                         CARRY8 (Prop_CARRY8_S[1]_CO[7])
                                                      0.176    22.544 r  BF/S2/ADDER/y1r_r_reg[6]_i_3/CO[7]
                         net (fo=1, unplaced)         0.005    22.549    BF/S2/ADDER/y1r_r_reg[6]_i_3_n_0
                         CARRY8 (Prop_CARRY8_CI_CO[7])
                                                      0.018    22.567 r  BF/S2/ADDER/y1r_r_reg[14]_i_3/CO[7]
                         net (fo=1, unplaced)         0.005    22.572    BF/S2/ADDER/y1r_r_reg[14]_i_3_n_0
                         CARRY8 (Prop_CARRY8_CI_CO[7])
                                                      0.018    22.590 r  BF/S2/ADDER/y1r_r_reg[23]_i_3/CO[7]
                         net (fo=1, unplaced)         0.005    22.595    BF/S2/ADDER/y1r_r_reg[23]_i_3_n_0
                         CARRY8 (Prop_CARRY8_CI_CO[0])
                                                      0.046    22.641 r  BF/S2/ADDER/y1r_r_reg[23]_i_2/CO[0]
                         net (fo=31, unplaced)        0.234    22.875    BF/S2/ADDER/rounded_mant[50]
                         LUT6 (Prop_LUT6_I3_O)        0.031    22.906 r  BF/S2/ADDER/y1r_r[28]_i_20/O
                         net (fo=3, unplaced)         0.181    23.087    BF/S2/ADDER/y1r_r[28]_i_20_n_0
                         LUT2 (Prop_LUT2_I1_O)        0.031    23.118 r  BF/S2/ADDER/y1r_r[28]_i_3/O
                         net (fo=4, unplaced)         0.187    23.305    BF/S2/ADDER/y1r_r[28]_i_3_n_0
                         LUT5 (Prop_LUT5_I1_O)        0.064    23.369 r  BF/S2/ADDER/y1r_r[29]_i_4/O
                         net (fo=1, unplaced)         0.175    23.544    BF/S2/ADDER/y1r_r[29]_i_4_n_0
                         LUT4 (Prop_LUT4_I2_O)        0.031    23.575 r  BF/S2/ADDER/y1r_r[29]_i_2/O
                         net (fo=30, unplaced)        0.233    23.808    BF/S2/ADDER/y1r_r[29]_i_2_n_0
                         LUT4 (Prop_LUT4_I3_O)        0.064    23.872 r  BF/S2/ADDER/y1r_r[25]_i_1/O
                         net (fo=1, unplaced)         0.049    23.921    y1r[25]
                         FDCE                                         r  y1r_r_reg[25]/D
  -------------------------------------------------------------------    -------------------

                         (clock sys_clk rise edge)  100.000   100.000 r  
                                                      0.000   100.000 r  clk (IN)
                         net (fo=0)                   0.000   100.000    clk_IBUF_inst/I
                         INBUF (Prop_INBUF_PAD_O)     0.281   100.281 r  clk_IBUF_inst/INBUF_INST/O
                         net (fo=1, unplaced)         0.000   100.281    clk_IBUF_inst/OUT
                         IBUFCTRL (Prop_IBUFCTRL_I_O)
                                                      0.000   100.281 r  clk_IBUF_inst/IBUFCTRL_INST/O
                         net (fo=1, unplaced)         0.127   100.408    clk_IBUF
                         BUFGCE (Prop_BUFGCE_I_O)     0.024   100.432 r  clk_IBUF_BUFG_inst/O
                         net (fo=326, unplaced)       2.439   102.871    clk_IBUF_BUFG
                         FDCE                                         r  y1r_r_reg[25]/C
                         clock pessimism              0.235   103.106    
                         clock uncertainty           -0.035   103.070    
                         FDCE (Setup_FDCE_C_D)        0.023   103.093    y1r_r_reg[25]
  -------------------------------------------------------------------
                         required time                        103.093    
                         arrival time                         -23.921    
  -------------------------------------------------------------------
                         slack                                 79.173    





Min Delay Paths
--------------------------------------------------------------------------------------
Slack (VIOLATED) :        -0.068ns  (arrival time - required time)
  Source:                 stage_reg[9]/C
                            (rising edge-triggered cell FDCE clocked by sys_clk  {rise@0.000ns fall@5.000ns period=100.000ns})
  Destination:            stage_reg[9]/D
                            (rising edge-triggered cell FDCE clocked by sys_clk  {rise@0.000ns fall@5.000ns period=100.000ns})
  Path Group:             sys_clk
  Path Type:              Hold (Min at Fast Process Corner)
  Requirement:            0.000ns  (sys_clk rise@0.000ns - sys_clk rise@0.000ns)
  Data Path Delay:        0.123ns  (logic 0.061ns (49.594%)  route 0.062ns (50.407%))
  Logic Levels:           1  (LUT6=1)
  Clock Path Skew:        0.145ns (DCD - SCD - CPR)
    Destination Clock Delay (DCD):    1.731ns
    Source Clock Delay      (SCD):    1.382ns
    Clock Pessimism Removal (CPR):    0.204ns

    Location             Delay type                Incr(ns)  Path(ns)    Netlist Resource(s)
  -------------------------------------------------------------------    -------------------
                         (clock sys_clk rise edge)    0.000     0.000 r  
                                                      0.000     0.000 r  clk (IN)
                         net (fo=0)                   0.000     0.000    clk_IBUF_inst/I
                         INBUF (Prop_INBUF_PAD_O)     0.185     0.185 r  clk_IBUF_inst/INBUF_INST/O
                         net (fo=1, unplaced)         0.000     0.185    clk_IBUF_inst/OUT
                         IBUFCTRL (Prop_IBUFCTRL_I_O)
                                                      0.000     0.185 r  clk_IBUF_inst/IBUFCTRL_INST/O
                         net (fo=1, unplaced)         0.066     0.251    clk_IBUF
                         BUFGCE (Prop_BUFGCE_I_O)     0.017     0.268 r  clk_IBUF_BUFG_inst/O
                         net (fo=326, unplaced)       1.114     1.382    clk_IBUF_BUFG
                         FDCE                                         r  stage_reg[9]/C
  -------------------------------------------------------------------    -------------------
                         FDCE (Prop_FDCE_C_Q)         0.039     1.421 r  stage_reg[9]/Q
                         net (fo=2, unplaced)         0.046     1.467    stage_reg_n_0_[9]
                         LUT6 (Prop_LUT6_I5_O)        0.022     1.489 r  stage[9]_i_2/O
                         net (fo=1, unplaced)         0.016     1.505    stage[9]_i_2_n_0
                         FDCE                                         r  stage_reg[9]/D
  -------------------------------------------------------------------    -------------------

                         (clock sys_clk rise edge)    0.000     0.000 r  
                                                      0.000     0.000 r  clk (IN)
                         net (fo=0)                   0.000     0.000    clk_IBUF_inst/I
                         INBUF (Prop_INBUF_PAD_O)     0.370     0.370 r  clk_IBUF_inst/INBUF_INST/O
                         net (fo=1, unplaced)         0.000     0.370    clk_IBUF_inst/OUT
                         IBUFCTRL (Prop_IBUFCTRL_I_O)
                                                      0.000     0.370 r  clk_IBUF_inst/IBUFCTRL_INST/O
                         net (fo=1, unplaced)         0.083     0.453    clk_IBUF
                         BUFGCE (Prop_BUFGCE_I_O)     0.019     0.472 r  clk_IBUF_BUFG_inst/O
                         net (fo=326, unplaced)       1.259     1.731    clk_IBUF_BUFG
                         FDCE                                         r  stage_reg[9]/C
                         clock pessimism             -0.204     1.527    
                         FDCE (Hold_FDCE_C_D)         0.046     1.573    stage_reg[9]
  -------------------------------------------------------------------
                         required time                         -1.573    
                         arrival time                           1.505    
  -------------------------------------------------------------------
                         slack                                 -0.068    





Pulse Width Checks
--------------------------------------------------------------------------------------
Clock Name:         sys_clk
Waveform(ns):       { 0.000 5.000 }
Period(ns):         100.000
Sources:            { clk }

Check Type        Corner  Lib Pin             Reference Pin  Required(ns)  Actual(ns)  Slack(ns)  Location  Pin
Min Period        n/a     RAMB36E2/CLKARDCLK  n/a            1.392         100.000     98.608               RAM/imag_mem_reg_bram_0/CLKARDCLK
Low Pulse Width   Slow    RAMB36E2/CLKARDCLK  n/a            0.495         95.000      94.505               RAM/imag_mem_reg_bram_0/CLKARDCLK
High Pulse Width  Slow    RAMB36E2/CLKARDCLK  n/a            0.495         5.000       4.505                RAM/imag_mem_reg_bram_0/CLKARDCLK



